running develop
running egg_info
creating scripts.egg-info
writing scripts.egg-info/PKG-INFO
writing dependency_links to scripts.egg-info/dependency_links.txt
writing entry points to scripts.egg-info/entry_points.txt
writing requirements to scripts.egg-info/requires.txt
writing top-level names to scripts.egg-info/top_level.txt
writing manifest file 'scripts.egg-info/SOURCES.txt'
reading manifest file 'scripts.egg-info/SOURCES.txt'
writing manifest file 'scripts.egg-info/SOURCES.txt'
running build_ext
Creating /home/tong/Projects/SwarmCombat/install/scripts/lib/python3.10/site-packages/scripts.egg-link (link to .)

Installed /home/tong/Projects/SwarmCombat/build/scripts
running symlink_data
creating /home/tong/Projects/SwarmCombat/install/scripts/share/ament_index
creating /home/tong/Projects/SwarmCombat/install/scripts/share/ament_index/resource_index
creating /home/tong/Projects/SwarmCombat/install/scripts/share/ament_index/resource_index/packages
symbolically linking /home/tong/Projects/SwarmCombat/build/scripts/resource/scripts -> /home/tong/Projects/SwarmCombat/install/scripts/share/ament_index/resource_index/packages
symbolically linking /home/tong/Projects/SwarmCombat/build/scripts/package.xml -> /home/tong/Projects/SwarmCombat/install/scripts/share/scripts
creating /home/tong/Projects/SwarmCombat/install/scripts/share/scripts/launch
symbolically linking /home/tong/Projects/SwarmCombat/build/scripts/launch/multi_fw.launch.py -> /home/tong/Projects/SwarmCombat/install/scripts/share/scripts/launch
