[0.675s] Invoking command in '/home/tong/Projects/SwarmCombat/build/scripts': PYTHONPATH=/home/tong/Projects/SwarmCombat/build/scripts/prefix_override:/usr/lib/python3/dist-packages/colcon_core/task/python/colcon_distutils_commands:/home/tong/Projects/SwarmCombat/install/scripts/lib/python3.10/site-packages:${PYTHONPATH} /usr/bin/python3 -W ignore:setup.py install is deprecated -W ignore:easy_install command is deprecated setup.py develop --editable --build-directory /home/tong/Projects/SwarmCombat/build/scripts/build --no-deps symlink_data
[0.871s] running develop
[0.978s] running egg_info
[0.978s] creating scripts.egg-info
[0.979s] writing scripts.egg-info/PKG-INFO
[0.979s] writing dependency_links to scripts.egg-info/dependency_links.txt
[0.979s] writing entry points to scripts.egg-info/entry_points.txt
[0.979s] writing requirements to scripts.egg-info/requires.txt
[0.979s] writing top-level names to scripts.egg-info/top_level.txt
[0.979s] writing manifest file 'scripts.egg-info/SOURCES.txt'
[0.981s] reading manifest file 'scripts.egg-info/SOURCES.txt'
[0.981s] writing manifest file 'scripts.egg-info/SOURCES.txt'
[0.982s] running build_ext
[0.982s] Creating /home/tong/Projects/SwarmCombat/install/scripts/lib/python3.10/site-packages/scripts.egg-link (link to .)
[0.983s] 
[0.983s] Installed /home/tong/Projects/SwarmCombat/build/scripts
[0.983s] running symlink_data
[0.983s] creating /home/tong/Projects/SwarmCombat/install/scripts/share/ament_index
[0.983s] creating /home/tong/Projects/SwarmCombat/install/scripts/share/ament_index/resource_index
[0.984s] creating /home/tong/Projects/SwarmCombat/install/scripts/share/ament_index/resource_index/packages
[0.984s] symbolically linking /home/tong/Projects/SwarmCombat/build/scripts/resource/scripts -> /home/tong/Projects/SwarmCombat/install/scripts/share/ament_index/resource_index/packages
[0.984s] symbolically linking /home/tong/Projects/SwarmCombat/build/scripts/package.xml -> /home/tong/Projects/SwarmCombat/install/scripts/share/scripts
[0.984s] creating /home/tong/Projects/SwarmCombat/install/scripts/share/scripts/launch
[0.984s] symbolically linking /home/tong/Projects/SwarmCombat/build/scripts/launch/multi_fw.launch.py -> /home/tong/Projects/SwarmCombat/install/scripts/share/scripts/launch
[1.006s] Invoked command in '/home/tong/Projects/SwarmCombat/build/scripts' returned '0': PYTHONPATH=/home/tong/Projects/SwarmCombat/build/scripts/prefix_override:/usr/lib/python3/dist-packages/colcon_core/task/python/colcon_distutils_commands:/home/tong/Projects/SwarmCombat/install/scripts/lib/python3.10/site-packages:${PYTHONPATH} /usr/bin/python3 -W ignore:setup.py install is deprecated -W ignore:easy_install command is deprecated setup.py develop --editable --build-directory /home/tong/Projects/SwarmCombat/build/scripts/build --no-deps symlink_data
