-- The C compiler identification is GNU 11.4.0
-- The CXX compiler identification is GNU 11.4.0
-- Detecting C compiler ABI info
-- Detecting C compiler ABI info - done
-- Check for working C compiler: /usr/bin/cc - skipped
-- Detecting C compile features
-- Detecting C compile features - done
-- Detecting CXX compiler ABI info
-- Detecting CXX compiler ABI info - done
-- Check for working CXX compiler: /usr/bin/c++ - skipped
-- Detecting CXX compile features
-- Detecting CXX compile features - done
-- Found ament_cmake: 1.3.12 (/opt/ros/humble/share/ament_cmake/cmake)
-- Found Python3: /usr/bin/python3 (found version "3.10.12") found components: Interpreter 
-- Override CMake install command with custom implementation using symlinks instead of copying resources
-- Found rclcpp: 16.0.14 (/opt/ros/humble/share/rclcpp/cmake)
-- Found rosidl_generator_c: 3.1.7 (/opt/ros/humble/share/rosidl_generator_c/cmake)
-- Found rosidl_adapter: 3.1.7 (/opt/ros/humble/share/rosidl_adapter/cmake)
-- Found rosidl_generator_cpp: 3.1.7 (/opt/ros/humble/share/rosidl_generator_cpp/cmake)
-- Using all available rosidl_typesupport_c: rosidl_typesupport_fastrtps_c;rosidl_typesupport_introspection_c
-- Using all available rosidl_typesupport_cpp: rosidl_typesupport_fastrtps_cpp;rosidl_typesupport_introspection_cpp
-- Found rmw_implementation_cmake: 6.1.2 (/opt/ros/humble/share/rmw_implementation_cmake/cmake)
-- Found rmw_fastrtps_cpp: 6.2.8 (/opt/ros/humble/share/rmw_fastrtps_cpp/cmake)
-- Found OpenSSL: /usr/lib/x86_64-linux-gnu/libcrypto.so (found version "3.0.2")  
-- Found FastRTPS: /opt/ros/humble/include  
-- Using RMW implementation 'rmw_fastrtps_cpp' as default
-- Looking for pthread.h
-- Looking for pthread.h - found
-- Performing Test CMAKE_HAVE_LIBC_PTHREAD
-- Performing Test CMAKE_HAVE_LIBC_PTHREAD - Success
-- Found Threads: TRUE  
-- Found std_srvs: 4.9.0 (/opt/ros/humble/share/std_srvs/cmake)
-- Found rosidl_default_generators: 1.2.0 (/opt/ros/humble/share/rosidl_default_generators/cmake)
-- Found ament_cmake_ros: 0.10.0 (/opt/ros/humble/share/ament_cmake_ros/cmake)
-- Using all available rosidl_typesupport_c: rosidl_typesupport_fastrtps_c;rosidl_typesupport_introspection_c
-- Using all available rosidl_typesupport_cpp: rosidl_typesupport_fastrtps_cpp;rosidl_typesupport_introspection_cpp
-- Found PythonInterp: /usr/bin/python3 (found suitable version "3.10.12", minimum required is "3.6") 
-- Found python_cmake_module: 0.10.0 (/opt/ros/humble/share/python_cmake_module/cmake)
-- Found PythonLibs: /usr/lib/x86_64-linux-gnu/libpython3.10.so (found suitable version "3.10.12", minimum required is "3.5") 
-- Using PYTHON_EXECUTABLE: /usr/bin/python3
-- Using PYTHON_INCLUDE_DIRS: /usr/include/python3.10
-- Using PYTHON_LIBRARIES: /usr/lib/x86_64-linux-gnu/libpython3.10.so
-- Found PythonExtra: .so  
-- Configuring done
-- Generating done
-- Build files have been written to: /home/tong/Projects/SwarmCombat/build/sim_clock
[  3%] [34m[1mGenerating C code for ROS interfaces[0m
[  6%] [34m[1mGenerating C++ code for ROS interfaces[0m
[  6%] Built target ament_cmake_python_symlink_sim_clock
running egg_info
creating sim_clock.egg-info
writing sim_clock.egg-info/PKG-INFO
writing dependency_links to sim_clock.egg-info/dependency_links.txt
writing top-level names to sim_clock.egg-info/top_level.txt
writing manifest file 'sim_clock.egg-info/SOURCES.txt'
reading manifest file 'sim_clock.egg-info/SOURCES.txt'
writing manifest file 'sim_clock.egg-info/SOURCES.txt'
[  6%] Built target ament_cmake_python_build_sim_clock_egg
[  6%] Built target sim_clock__cpp
[  9%] [32mBuilding C object CMakeFiles/sim_clock__rosidl_generator_c.dir/rosidl_generator_c/sim_clock/srv/detail/set_rate__functions.c.o[0m
[ 12%] [34m[1mGenerating C++ type support for eProsima Fast-RTPS[0m
[ 15%] [34m[1mGenerating C++ type support dispatch for ROS interfaces[0m
[ 18%] [34m[1mGenerating C++ introspection for ROS interfaces[0m
[ 21%] [32m[1mLinking C shared library libsim_clock__rosidl_generator_c.so[0m
[ 21%] Built target sim_clock__rosidl_generator_c
[ 24%] [34m[1mGenerating C type support for eProsima Fast-RTPS[0m
[ 27%] [34m[1mGenerating C introspection for ROS interfaces[0m
[ 30%] [34m[1mGenerating C type support dispatch for ROS interfaces[0m
[ 33%] [32mBuilding CXX object CMakeFiles/sim_clock__rosidl_typesupport_cpp.dir/rosidl_typesupport_cpp/sim_clock/srv/set_rate__type_support.cpp.o[0m
[ 36%] [32mBuilding CXX object CMakeFiles/sim_clock__rosidl_typesupport_fastrtps_cpp.dir/rosidl_typesupport_fastrtps_cpp/sim_clock/srv/detail/dds_fastrtps/set_rate__type_support.cpp.o[0m
[ 39%] [32mBuilding CXX object CMakeFiles/sim_clock__rosidl_typesupport_introspection_cpp.dir/rosidl_typesupport_introspection_cpp/sim_clock/srv/detail/set_rate__type_support.cpp.o[0m
[ 42%] [32mBuilding CXX object CMakeFiles/sim_clock__rosidl_typesupport_c.dir/rosidl_typesupport_c/sim_clock/srv/set_rate__type_support.cpp.o[0m
[ 45%] [32mBuilding C object CMakeFiles/sim_clock__rosidl_typesupport_introspection_c.dir/rosidl_typesupport_introspection_c/sim_clock/srv/detail/set_rate__type_support.c.o[0m
[ 48%] [32mBuilding CXX object CMakeFiles/sim_clock__rosidl_typesupport_fastrtps_c.dir/rosidl_typesupport_fastrtps_c/sim_clock/srv/detail/set_rate__type_support_c.cpp.o[0m
[ 51%] [32m[1mLinking CXX shared library libsim_clock__rosidl_typesupport_c.so[0m
[ 54%] [32m[1mLinking CXX shared library libsim_clock__rosidl_typesupport_cpp.so[0m
[ 57%] [32m[1mLinking C shared library libsim_clock__rosidl_typesupport_introspection_c.so[0m
[ 57%] Built target sim_clock__rosidl_typesupport_introspection_c
[ 57%] Built target sim_clock__rosidl_typesupport_cpp
[ 57%] Built target sim_clock__rosidl_typesupport_c
[ 60%] [32m[1mLinking CXX shared library libsim_clock__rosidl_typesupport_introspection_cpp.so[0m
[ 63%] [32m[1mLinking CXX shared library libsim_clock__rosidl_typesupport_fastrtps_cpp.so[0m
[ 63%] Built target sim_clock__rosidl_typesupport_introspection_cpp
[ 66%] [32m[1mLinking CXX shared library libsim_clock__rosidl_typesupport_fastrtps_c.so[0m
[ 66%] Built target sim_clock__rosidl_typesupport_fastrtps_cpp
[ 66%] Built target sim_clock__rosidl_typesupport_fastrtps_c
[ 66%] Built target sim_clock
[ 69%] [34m[1mGenerating Python code for ROS interfaces[0m
[ 72%] [32mBuilding CXX object CMakeFiles/sim_clock_node.dir/src/sim_clock_node.cpp.o[0m
[ 72%] Built target sim_clock__py
[ 75%] [32mBuilding C object CMakeFiles/sim_clock__rosidl_generator_py.dir/rosidl_generator_py/sim_clock/srv/_set_rate_s.c.o[0m
[ 78%] [32m[1mLinking C shared library rosidl_generator_py/sim_clock/libsim_clock__rosidl_generator_py.so[0m
[ 78%] Built target sim_clock__rosidl_generator_py
[ 87%] [32mBuilding C object CMakeFiles/sim_clock__rosidl_typesupport_c__pyext.dir/rosidl_generator_py/sim_clock/_sim_clock_s.ep.rosidl_typesupport_c.c.o[0m
[ 87%] [32mBuilding C object CMakeFiles/sim_clock__rosidl_typesupport_fastrtps_c__pyext.dir/rosidl_generator_py/sim_clock/_sim_clock_s.ep.rosidl_typesupport_fastrtps_c.c.o[0m
[ 87%] [32mBuilding C object CMakeFiles/sim_clock__rosidl_typesupport_introspection_c__pyext.dir/rosidl_generator_py/sim_clock/_sim_clock_s.ep.rosidl_typesupport_introspection_c.c.o[0m
[ 93%] [32m[1mLinking C shared library rosidl_generator_py/sim_clock/sim_clock_s__rosidl_typesupport_introspection_c.cpython-310-x86_64-linux-gnu.so[0m
[ 93%] [32m[1mLinking C shared library rosidl_generator_py/sim_clock/sim_clock_s__rosidl_typesupport_c.cpython-310-x86_64-linux-gnu.so[0m
[ 96%] [32m[1mLinking C shared library rosidl_generator_py/sim_clock/sim_clock_s__rosidl_typesupport_fastrtps_c.cpython-310-x86_64-linux-gnu.so[0m
[ 96%] Built target sim_clock__rosidl_typesupport_c__pyext
[ 96%] Built target sim_clock__rosidl_typesupport_fastrtps_c__pyext
[ 96%] Built target sim_clock__rosidl_typesupport_introspection_c__pyext
[100%] [32m[1mLinking CXX executable sim_clock_node[0m
[100%] Built target sim_clock_node
-- Install configuration: ""
-- Execute custom install script
-- Symlinking: /home/tong/Projects/SwarmCombat/install/sim_clock/share/ament_index/resource_index/rosidl_interfaces/sim_clock
-- Symlinking: /home/tong/Projects/SwarmCombat/install/sim_clock/include/sim_clock/sim_clock/msg/rosidl_generator_c__visibility_control.h
-- Symlinking: /home/tong/Projects/SwarmCombat/install/sim_clock/include/sim_clock/sim_clock/srv/detail/set_rate__functions.h
-- Symlinking: /home/tong/Projects/SwarmCombat/install/sim_clock/include/sim_clock/sim_clock/srv/detail/set_rate__struct.h
-- Symlinking: /home/tong/Projects/SwarmCombat/install/sim_clock/include/sim_clock/sim_clock/srv/detail/set_rate__type_support.h
-- Symlinking: /home/tong/Projects/SwarmCombat/install/sim_clock/include/sim_clock/sim_clock/srv/set_rate.h
-- Symlinking: /home/tong/Projects/SwarmCombat/install/sim_clock/share/sim_clock/environment/library_path.sh
-- Symlinking: /home/tong/Projects/SwarmCombat/install/sim_clock/share/sim_clock/environment/library_path.dsv
-- Symlinking: /home/tong/Projects/SwarmCombat/install/sim_clock/include/sim_clock/sim_clock/msg/rosidl_typesupport_fastrtps_c__visibility_control.h
-- Symlinking: /home/tong/Projects/SwarmCombat/install/sim_clock/include/sim_clock/sim_clock/srv/detail/set_rate__rosidl_typesupport_fastrtps_c.h
-- Symlinking: /home/tong/Projects/SwarmCombat/install/sim_clock/include/sim_clock/sim_clock/msg/rosidl_generator_cpp__visibility_control.hpp
-- Symlinking: /home/tong/Projects/SwarmCombat/install/sim_clock/include/sim_clock/sim_clock/srv/detail/set_rate__builder.hpp
-- Symlinking: /home/tong/Projects/SwarmCombat/install/sim_clock/include/sim_clock/sim_clock/srv/detail/set_rate__struct.hpp
-- Symlinking: /home/tong/Projects/SwarmCombat/install/sim_clock/include/sim_clock/sim_clock/srv/detail/set_rate__traits.hpp
-- Symlinking: /home/tong/Projects/SwarmCombat/install/sim_clock/include/sim_clock/sim_clock/srv/detail/set_rate__type_support.hpp
-- Symlinking: /home/tong/Projects/SwarmCombat/install/sim_clock/include/sim_clock/sim_clock/srv/set_rate.hpp
-- Symlinking: /home/tong/Projects/SwarmCombat/install/sim_clock/include/sim_clock/sim_clock/msg/rosidl_typesupport_fastrtps_cpp__visibility_control.h
-- Symlinking: /home/tong/Projects/SwarmCombat/install/sim_clock/include/sim_clock/sim_clock/srv/detail/set_rate__rosidl_typesupport_fastrtps_cpp.hpp
-- Symlinking: /home/tong/Projects/SwarmCombat/install/sim_clock/include/sim_clock/sim_clock/msg/rosidl_typesupport_introspection_c__visibility_control.h
-- Symlinking: /home/tong/Projects/SwarmCombat/install/sim_clock/include/sim_clock/sim_clock/srv/detail/set_rate__rosidl_typesupport_introspection_c.h
-- Symlinking: /home/tong/Projects/SwarmCombat/install/sim_clock/include/sim_clock/sim_clock/srv/detail/set_rate__rosidl_typesupport_introspection_cpp.hpp
-- Symlinking: /home/tong/Projects/SwarmCombat/install/sim_clock/share/sim_clock/environment/pythonpath.sh
-- Symlinking: /home/tong/Projects/SwarmCombat/install/sim_clock/share/sim_clock/environment/pythonpath.dsv
-- Symlinking: /home/tong/Projects/SwarmCombat/install/sim_clock/local/lib/python3.10/dist-packages/sim_clock-0.1.0-py3.10.egg-info/PKG-INFO
-- Symlinking: /home/tong/Projects/SwarmCombat/install/sim_clock/local/lib/python3.10/dist-packages/sim_clock-0.1.0-py3.10.egg-info/SOURCES.txt
-- Symlinking: /home/tong/Projects/SwarmCombat/install/sim_clock/local/lib/python3.10/dist-packages/sim_clock-0.1.0-py3.10.egg-info/dependency_links.txt
-- Symlinking: /home/tong/Projects/SwarmCombat/install/sim_clock/local/lib/python3.10/dist-packages/sim_clock-0.1.0-py3.10.egg-info/top_level.txt
-- Symlinking: /home/tong/Projects/SwarmCombat/install/sim_clock/local/lib/python3.10/dist-packages/sim_clock/__init__.py
-- Symlinking: /home/tong/Projects/SwarmCombat/install/sim_clock/local/lib/python3.10/dist-packages/sim_clock/_sim_clock_s.ep.rosidl_typesupport_c.c
-- Symlinking: /home/tong/Projects/SwarmCombat/install/sim_clock/local/lib/python3.10/dist-packages/sim_clock/_sim_clock_s.ep.rosidl_typesupport_fastrtps_c.c
-- Symlinking: /home/tong/Projects/SwarmCombat/install/sim_clock/local/lib/python3.10/dist-packages/sim_clock/_sim_clock_s.ep.rosidl_typesupport_introspection_c.c
-- Symlinking: /home/tong/Projects/SwarmCombat/install/sim_clock/local/lib/python3.10/dist-packages/sim_clock/libsim_clock__rosidl_generator_py.so
-- Symlinking: /home/tong/Projects/SwarmCombat/install/sim_clock/local/lib/python3.10/dist-packages/sim_clock/sim_clock_s__rosidl_typesupport_c.cpython-310-x86_64-linux-gnu.so
-- Symlinking: /home/tong/Projects/SwarmCombat/install/sim_clock/local/lib/python3.10/dist-packages/sim_clock/sim_clock_s__rosidl_typesupport_fastrtps_c.cpython-310-x86_64-linux-gnu.so
-- Symlinking: /home/tong/Projects/SwarmCombat/install/sim_clock/local/lib/python3.10/dist-packages/sim_clock/sim_clock_s__rosidl_typesupport_introspection_c.cpython-310-x86_64-linux-gnu.so
-- Symlinking: /home/tong/Projects/SwarmCombat/install/sim_clock/local/lib/python3.10/dist-packages/sim_clock/srv/__init__.py
-- Symlinking: /home/tong/Projects/SwarmCombat/install/sim_clock/local/lib/python3.10/dist-packages/sim_clock/srv/_set_rate.py
-- Symlinking: /home/tong/Projects/SwarmCombat/install/sim_clock/local/lib/python3.10/dist-packages/sim_clock/srv/_set_rate_s.c
-- Up-to-date symlink: /home/tong/Projects/SwarmCombat/install/sim_clock/local/lib/python3.10/dist-packages/sim_clock/sim_clock_s__rosidl_typesupport_fastrtps_c.cpython-310-x86_64-linux-gnu.so
-- Up-to-date symlink: /home/tong/Projects/SwarmCombat/install/sim_clock/local/lib/python3.10/dist-packages/sim_clock/sim_clock_s__rosidl_typesupport_introspection_c.cpython-310-x86_64-linux-gnu.so
-- Up-to-date symlink: /home/tong/Projects/SwarmCombat/install/sim_clock/local/lib/python3.10/dist-packages/sim_clock/sim_clock_s__rosidl_typesupport_c.cpython-310-x86_64-linux-gnu.so
-- Symlinking: /home/tong/Projects/SwarmCombat/install/sim_clock/share/sim_clock/srv/SetRate.idl
-- Symlinking: /home/tong/Projects/SwarmCombat/install/sim_clock/share/sim_clock/srv/SetRate.srv
-- Symlinking: /home/tong/Projects/SwarmCombat/install/sim_clock/share/sim_clock/srv/SetRate_Request.msg
-- Symlinking: /home/tong/Projects/SwarmCombat/install/sim_clock/share/sim_clock/srv/SetRate_Response.msg
-- Symlinking: /home/tong/Projects/SwarmCombat/install/sim_clock/lib/sim_clock/sim_clock_node
-- Symlinking: /home/tong/Projects/SwarmCombat/install/sim_clock/share/sim_clock//launch/start_sim_clock.launch.py
-- Symlinking: /home/tong/Projects/SwarmCombat/install/sim_clock/share/ament_index/resource_index/package_run_dependencies/sim_clock
-- Symlinking: /home/tong/Projects/SwarmCombat/install/sim_clock/share/ament_index/resource_index/parent_prefix_path/sim_clock
-- Symlinking: /home/tong/Projects/SwarmCombat/install/sim_clock/share/sim_clock/environment/ament_prefix_path.sh
-- Symlinking: /home/tong/Projects/SwarmCombat/install/sim_clock/share/sim_clock/environment/ament_prefix_path.dsv
-- Symlinking: /home/tong/Projects/SwarmCombat/install/sim_clock/share/sim_clock/environment/path.sh
-- Symlinking: /home/tong/Projects/SwarmCombat/install/sim_clock/share/sim_clock/environment/path.dsv
-- Symlinking: /home/tong/Projects/SwarmCombat/install/sim_clock/share/sim_clock/local_setup.bash
-- Symlinking: /home/tong/Projects/SwarmCombat/install/sim_clock/share/sim_clock/local_setup.sh
-- Symlinking: /home/tong/Projects/SwarmCombat/install/sim_clock/share/sim_clock/local_setup.zsh
-- Symlinking: /home/tong/Projects/SwarmCombat/install/sim_clock/share/sim_clock/local_setup.dsv
-- Symlinking: /home/tong/Projects/SwarmCombat/install/sim_clock/share/sim_clock/package.dsv
-- Symlinking: /home/tong/Projects/SwarmCombat/install/sim_clock/share/ament_index/resource_index/packages/sim_clock
-- Symlinking: /home/tong/Projects/SwarmCombat/install/sim_clock/share/sim_clock/cmake/rosidl_cmake-extras.cmake
-- Symlinking: /home/tong/Projects/SwarmCombat/install/sim_clock/share/sim_clock/cmake/ament_cmake_export_include_directories-extras.cmake
-- Symlinking: /home/tong/Projects/SwarmCombat/install/sim_clock/share/sim_clock/cmake/ament_cmake_export_libraries-extras.cmake
-- Symlinking: /home/tong/Projects/SwarmCombat/install/sim_clock/share/sim_clock/cmake/ament_cmake_export_targets-extras.cmake
-- Symlinking: /home/tong/Projects/SwarmCombat/install/sim_clock/share/sim_clock/cmake/rosidl_cmake_export_typesupport_targets-extras.cmake
-- Symlinking: /home/tong/Projects/SwarmCombat/install/sim_clock/share/sim_clock/cmake/ament_cmake_export_dependencies-extras.cmake
-- Symlinking: /home/tong/Projects/SwarmCombat/install/sim_clock/share/sim_clock/cmake/rosidl_cmake_export_typesupport_libraries-extras.cmake
-- Symlinking: /home/tong/Projects/SwarmCombat/install/sim_clock/share/sim_clock/cmake/sim_clockConfig.cmake
-- Symlinking: /home/tong/Projects/SwarmCombat/install/sim_clock/share/sim_clock/cmake/sim_clockConfig-version.cmake
-- Symlinking: /home/tong/Projects/SwarmCombat/install/sim_clock/share/sim_clock/package.xml
-- Installing: /home/tong/Projects/SwarmCombat/install/sim_clock/lib/libsim_clock__rosidl_generator_c.so
-- Set runtime path of "/home/tong/Projects/SwarmCombat/install/sim_clock/lib/libsim_clock__rosidl_generator_c.so" to ""
-- Installing: /home/tong/Projects/SwarmCombat/install/sim_clock/lib/libsim_clock__rosidl_typesupport_fastrtps_c.so
-- Set runtime path of "/home/tong/Projects/SwarmCombat/install/sim_clock/lib/libsim_clock__rosidl_typesupport_fastrtps_c.so" to ""
-- Installing: /home/tong/Projects/SwarmCombat/install/sim_clock/lib/libsim_clock__rosidl_typesupport_fastrtps_cpp.so
-- Set runtime path of "/home/tong/Projects/SwarmCombat/install/sim_clock/lib/libsim_clock__rosidl_typesupport_fastrtps_cpp.so" to ""
-- Installing: /home/tong/Projects/SwarmCombat/install/sim_clock/lib/libsim_clock__rosidl_typesupport_introspection_c.so
-- Set runtime path of "/home/tong/Projects/SwarmCombat/install/sim_clock/lib/libsim_clock__rosidl_typesupport_introspection_c.so" to ""
-- Installing: /home/tong/Projects/SwarmCombat/install/sim_clock/lib/libsim_clock__rosidl_typesupport_c.so
-- Set runtime path of "/home/tong/Projects/SwarmCombat/install/sim_clock/lib/libsim_clock__rosidl_typesupport_c.so" to ""
-- Installing: /home/tong/Projects/SwarmCombat/install/sim_clock/lib/libsim_clock__rosidl_typesupport_introspection_cpp.so
-- Set runtime path of "/home/tong/Projects/SwarmCombat/install/sim_clock/lib/libsim_clock__rosidl_typesupport_introspection_cpp.so" to ""
-- Installing: /home/tong/Projects/SwarmCombat/install/sim_clock/lib/libsim_clock__rosidl_typesupport_cpp.so
-- Set runtime path of "/home/tong/Projects/SwarmCombat/install/sim_clock/lib/libsim_clock__rosidl_typesupport_cpp.so" to ""
Listing '/home/tong/Projects/SwarmCombat/install/sim_clock/local/lib/python3.10/dist-packages/sim_clock'...
Compiling '/home/tong/Projects/SwarmCombat/install/sim_clock/local/lib/python3.10/dist-packages/sim_clock/__init__.py'...
Listing '/home/tong/Projects/SwarmCombat/install/sim_clock/local/lib/python3.10/dist-packages/sim_clock/srv'...
Compiling '/home/tong/Projects/SwarmCombat/install/sim_clock/local/lib/python3.10/dist-packages/sim_clock/srv/__init__.py'...
Compiling '/home/tong/Projects/SwarmCombat/install/sim_clock/local/lib/python3.10/dist-packages/sim_clock/srv/_set_rate.py'...
-- Installing: /home/tong/Projects/SwarmCombat/install/sim_clock/lib/libsim_clock__rosidl_generator_py.so
-- Set runtime path of "/home/tong/Projects/SwarmCombat/install/sim_clock/lib/libsim_clock__rosidl_generator_py.so" to ""
-- Installing: /home/tong/Projects/SwarmCombat/install/sim_clock/share/sim_clock/cmake/export_sim_clock__rosidl_generator_cExport.cmake
-- Installing: /home/tong/Projects/SwarmCombat/install/sim_clock/share/sim_clock/cmake/export_sim_clock__rosidl_generator_cExport-noconfig.cmake
-- Installing: /home/tong/Projects/SwarmCombat/install/sim_clock/share/sim_clock/cmake/export_sim_clock__rosidl_typesupport_fastrtps_cExport.cmake
-- Installing: /home/tong/Projects/SwarmCombat/install/sim_clock/share/sim_clock/cmake/export_sim_clock__rosidl_typesupport_fastrtps_cExport-noconfig.cmake
-- Installing: /home/tong/Projects/SwarmCombat/install/sim_clock/share/sim_clock/cmake/export_sim_clock__rosidl_generator_cppExport.cmake
-- Installing: /home/tong/Projects/SwarmCombat/install/sim_clock/share/sim_clock/cmake/export_sim_clock__rosidl_typesupport_fastrtps_cppExport.cmake
-- Installing: /home/tong/Projects/SwarmCombat/install/sim_clock/share/sim_clock/cmake/export_sim_clock__rosidl_typesupport_fastrtps_cppExport-noconfig.cmake
-- Installing: /home/tong/Projects/SwarmCombat/install/sim_clock/share/sim_clock/cmake/sim_clock__rosidl_typesupport_introspection_cExport.cmake
-- Installing: /home/tong/Projects/SwarmCombat/install/sim_clock/share/sim_clock/cmake/sim_clock__rosidl_typesupport_introspection_cExport-noconfig.cmake
-- Installing: /home/tong/Projects/SwarmCombat/install/sim_clock/share/sim_clock/cmake/sim_clock__rosidl_typesupport_cExport.cmake
-- Installing: /home/tong/Projects/SwarmCombat/install/sim_clock/share/sim_clock/cmake/sim_clock__rosidl_typesupport_cExport-noconfig.cmake
-- Installing: /home/tong/Projects/SwarmCombat/install/sim_clock/share/sim_clock/cmake/sim_clock__rosidl_typesupport_introspection_cppExport.cmake
-- Installing: /home/tong/Projects/SwarmCombat/install/sim_clock/share/sim_clock/cmake/sim_clock__rosidl_typesupport_introspection_cppExport-noconfig.cmake
-- Installing: /home/tong/Projects/SwarmCombat/install/sim_clock/share/sim_clock/cmake/sim_clock__rosidl_typesupport_cppExport.cmake
-- Installing: /home/tong/Projects/SwarmCombat/install/sim_clock/share/sim_clock/cmake/sim_clock__rosidl_typesupport_cppExport-noconfig.cmake
-- Installing: /home/tong/Projects/SwarmCombat/install/sim_clock/share/sim_clock/cmake/export_sim_clock__rosidl_generator_pyExport.cmake
-- Installing: /home/tong/Projects/SwarmCombat/install/sim_clock/share/sim_clock/cmake/export_sim_clock__rosidl_generator_pyExport-noconfig.cmake
