[0.227s] Invoking command in '/home/tong/Projects/SwarmCombat/build/sim_clock': CMAKE_PREFIX_PATH=${CMAKE_PREFIX_PATH}:/home/tong/Projects/SwarmCombat/install/scripts:/opt/ros/humble /usr/bin/cmake /home/tong/Projects/SwarmCombat/src/utils/sim_clock -DAMENT_CMAKE_SYMLINK_INSTALL=1 -DCMAKE_INSTALL_PREFIX=/home/tong/Projects/SwarmCombat/install/sim_clock
[0.311s] -- The C compiler identification is GNU 11.4.0
[0.536s] -- The CXX compiler identification is GNU 11.4.0
[0.681s] -- Detecting C compiler ABI info
[0.776s] -- Detecting C compiler ABI info - done
[0.782s] -- Check for working C compiler: /usr/bin/cc - skipped
[0.782s] -- Detecting C compile features
[0.783s] -- Detecting C compile features - done
[0.785s] -- Detecting CXX compiler ABI info
[0.911s] -- Detecting CXX compiler ABI info - done
[0.917s] -- Check for working CXX compiler: /usr/bin/c++ - skipped
[0.917s] -- Detecting CXX compile features
[0.917s] -- Detecting CXX compile features - done
[0.919s] -- Found ament_cmake: 1.3.12 (/opt/ros/humble/share/ament_cmake/cmake)
[1.052s] -- Found Python3: /usr/bin/python3 (found version "3.10.12") found components: Interpreter 
[1.108s] -- Override CMake install command with custom implementation using symlinks instead of copying resources
[1.130s] -- Found rclcpp: 16.0.14 (/opt/ros/humble/share/rclcpp/cmake)
[1.242s] -- Found rosidl_generator_c: 3.1.7 (/opt/ros/humble/share/rosidl_generator_c/cmake)
[1.246s] -- Found rosidl_adapter: 3.1.7 (/opt/ros/humble/share/rosidl_adapter/cmake)
[1.252s] -- Found rosidl_generator_cpp: 3.1.7 (/opt/ros/humble/share/rosidl_generator_cpp/cmake)
[1.262s] -- Using all available rosidl_typesupport_c: rosidl_typesupport_fastrtps_c;rosidl_typesupport_introspection_c
[1.274s] -- Using all available rosidl_typesupport_cpp: rosidl_typesupport_fastrtps_cpp;rosidl_typesupport_introspection_cpp
[1.333s] -- Found rmw_implementation_cmake: 6.1.2 (/opt/ros/humble/share/rmw_implementation_cmake/cmake)
[1.337s] -- Found rmw_fastrtps_cpp: 6.2.8 (/opt/ros/humble/share/rmw_fastrtps_cpp/cmake)
[2.003s] -- Found OpenSSL: /usr/lib/x86_64-linux-gnu/libcrypto.so (found version "3.0.2")  
[2.857s] -- Found FastRTPS: /opt/ros/humble/include  
[5.109s] -- Using RMW implementation 'rmw_fastrtps_cpp' as default
[5.123s] -- Looking for pthread.h
[5.214s] -- Looking for pthread.h - found
[5.214s] -- Performing Test CMAKE_HAVE_LIBC_PTHREAD
[5.304s] -- Performing Test CMAKE_HAVE_LIBC_PTHREAD - Success
[5.306s] -- Found Threads: TRUE  
[5.378s] -- Found std_srvs: 4.9.0 (/opt/ros/humble/share/std_srvs/cmake)
[5.394s] -- Found rosidl_default_generators: 1.2.0 (/opt/ros/humble/share/rosidl_default_generators/cmake)
[5.622s] -- Found ament_cmake_ros: 0.10.0 (/opt/ros/humble/share/ament_cmake_ros/cmake)
[5.889s] -- Using all available rosidl_typesupport_c: rosidl_typesupport_fastrtps_c;rosidl_typesupport_introspection_c
[5.994s] -- Using all available rosidl_typesupport_cpp: rosidl_typesupport_fastrtps_cpp;rosidl_typesupport_introspection_cpp
[6.110s] -- Found PythonInterp: /usr/bin/python3 (found suitable version "3.10.12", minimum required is "3.6") 
[6.112s] -- Found python_cmake_module: 0.10.0 (/opt/ros/humble/share/python_cmake_module/cmake)
[6.408s] -- Found PythonLibs: /usr/lib/x86_64-linux-gnu/libpython3.10.so (found suitable version "3.10.12", minimum required is "3.5") 
[6.408s] -- Using PYTHON_EXECUTABLE: /usr/bin/python3
[6.408s] -- Using PYTHON_INCLUDE_DIRS: /usr/include/python3.10
[6.408s] -- Using PYTHON_LIBRARIES: /usr/lib/x86_64-linux-gnu/libpython3.10.so
[6.427s] -- Found PythonExtra: .so  
[6.466s] [0mCMake Deprecation Warning at /opt/ros/humble/share/rosidl_cmake/cmake/rosidl_target_interfaces.cmake:32 (message):
[6.466s]   Use rosidl_get_typesupport_target() and target_link_libraries() instead of
[6.466s]   rosidl_target_interfaces()
[6.466s] Call Stack (most recent call first):
[6.466s]   CMakeLists.txt:30 (rosidl_target_interfaces)
[6.466s] 
[6.466s] [0m
[6.475s] -- Configuring done
[6.510s] -- Generating done
[6.520s] -- Build files have been written to: /home/tong/Projects/SwarmCombat/build/sim_clock
[6.529s] Invoked command in '/home/tong/Projects/SwarmCombat/build/sim_clock' returned '0': CMAKE_PREFIX_PATH=${CMAKE_PREFIX_PATH}:/home/tong/Projects/SwarmCombat/install/scripts:/opt/ros/humble /usr/bin/cmake /home/tong/Projects/SwarmCombat/src/utils/sim_clock -DAMENT_CMAKE_SYMLINK_INSTALL=1 -DCMAKE_INSTALL_PREFIX=/home/tong/Projects/SwarmCombat/install/sim_clock
[6.530s] Invoking command in '/home/tong/Projects/SwarmCombat/build/sim_clock': CMAKE_PREFIX_PATH=${CMAKE_PREFIX_PATH}:/home/tong/Projects/SwarmCombat/install/scripts:/opt/ros/humble /usr/bin/cmake --build /home/tong/Projects/SwarmCombat/build/sim_clock -- -j32 -l32
[6.562s] [  3%] [34m[1mGenerating C code for ROS interfaces[0m
[6.570s] [  6%] [34m[1mGenerating C++ code for ROS interfaces[0m
[6.577s] [  6%] Built target ament_cmake_python_symlink_sim_clock
[6.759s] running egg_info
[6.759s] creating sim_clock.egg-info
[6.760s] writing sim_clock.egg-info/PKG-INFO
[6.760s] writing dependency_links to sim_clock.egg-info/dependency_links.txt
[6.760s] writing top-level names to sim_clock.egg-info/top_level.txt
[6.760s] writing manifest file 'sim_clock.egg-info/SOURCES.txt'
[6.762s] reading manifest file 'sim_clock.egg-info/SOURCES.txt'
[6.762s] writing manifest file 'sim_clock.egg-info/SOURCES.txt'
[6.783s] [  6%] Built target ament_cmake_python_build_sim_clock_egg
[6.792s] [  6%] Built target sim_clock__cpp
[6.794s] [  9%] [32mBuilding C object CMakeFiles/sim_clock__rosidl_generator_c.dir/rosidl_generator_c/sim_clock/srv/detail/set_rate__functions.c.o[0m
[6.801s] [ 12%] [34m[1mGenerating C++ type support for eProsima Fast-RTPS[0m
[6.801s] [ 15%] [34m[1mGenerating C++ type support dispatch for ROS interfaces[0m
[6.801s] [ 18%] [34m[1mGenerating C++ introspection for ROS interfaces[0m
[6.841s] [ 21%] [32m[1mLinking C shared library libsim_clock__rosidl_generator_c.so[0m
[6.942s] [ 21%] Built target sim_clock__rosidl_generator_c
[6.951s] [ 24%] [34m[1mGenerating C type support for eProsima Fast-RTPS[0m
[6.952s] [ 27%] [34m[1mGenerating C introspection for ROS interfaces[0m
[6.953s] [ 30%] [34m[1mGenerating C type support dispatch for ROS interfaces[0m
[7.007s] [ 33%] [32mBuilding CXX object CMakeFiles/sim_clock__rosidl_typesupport_cpp.dir/rosidl_typesupport_cpp/sim_clock/srv/set_rate__type_support.cpp.o[0m
[7.031s] [ 36%] [32mBuilding CXX object CMakeFiles/sim_clock__rosidl_typesupport_fastrtps_cpp.dir/rosidl_typesupport_fastrtps_cpp/sim_clock/srv/detail/dds_fastrtps/set_rate__type_support.cpp.o[0m
[7.033s] [ 39%] [32mBuilding CXX object CMakeFiles/sim_clock__rosidl_typesupport_introspection_cpp.dir/rosidl_typesupport_introspection_cpp/sim_clock/srv/detail/set_rate__type_support.cpp.o[0m
[7.171s] [ 42%] [32mBuilding CXX object CMakeFiles/sim_clock__rosidl_typesupport_c.dir/rosidl_typesupport_c/sim_clock/srv/set_rate__type_support.cpp.o[0m
[7.181s] [ 45%] [32mBuilding C object CMakeFiles/sim_clock__rosidl_typesupport_introspection_c.dir/rosidl_typesupport_introspection_c/sim_clock/srv/detail/set_rate__type_support.c.o[0m
[7.182s] [ 48%] [32mBuilding CXX object CMakeFiles/sim_clock__rosidl_typesupport_fastrtps_c.dir/rosidl_typesupport_fastrtps_c/sim_clock/srv/detail/set_rate__type_support_c.cpp.o[0m
[7.200s] [ 51%] [32m[1mLinking CXX shared library libsim_clock__rosidl_typesupport_c.so[0m
[7.210s] [ 54%] [32m[1mLinking CXX shared library libsim_clock__rosidl_typesupport_cpp.so[0m
[7.210s] [ 57%] [32m[1mLinking C shared library libsim_clock__rosidl_typesupport_introspection_c.so[0m
[7.271s] [ 57%] Built target sim_clock__rosidl_typesupport_introspection_c
[7.278s] [ 57%] Built target sim_clock__rosidl_typesupport_cpp
[7.283s] [ 57%] Built target sim_clock__rosidl_typesupport_c
[7.322s] [ 60%] [32m[1mLinking CXX shared library libsim_clock__rosidl_typesupport_introspection_cpp.so[0m
[7.346s] [ 63%] [32m[1mLinking CXX shared library libsim_clock__rosidl_typesupport_fastrtps_cpp.so[0m
[7.433s] [ 63%] Built target sim_clock__rosidl_typesupport_introspection_cpp
[7.440s] [ 66%] [32m[1mLinking CXX shared library libsim_clock__rosidl_typesupport_fastrtps_c.so[0m
[7.449s] [ 66%] Built target sim_clock__rosidl_typesupport_fastrtps_cpp
[7.585s] [ 66%] Built target sim_clock__rosidl_typesupport_fastrtps_c
[7.601s] [ 66%] Built target sim_clock
[7.617s] [ 69%] [34m[1mGenerating Python code for ROS interfaces[0m
[7.617s] [ 72%] [32mBuilding CXX object CMakeFiles/sim_clock_node.dir/src/sim_clock_node.cpp.o[0m
[7.910s] [ 72%] Built target sim_clock__py
[7.926s] [ 75%] [32mBuilding C object CMakeFiles/sim_clock__rosidl_generator_py.dir/rosidl_generator_py/sim_clock/srv/_set_rate_s.c.o[0m
[8.006s] [ 78%] [32m[1mLinking C shared library rosidl_generator_py/sim_clock/libsim_clock__rosidl_generator_py.so[0m
[8.067s] [ 78%] Built target sim_clock__rosidl_generator_py
[8.085s] [ 87%] [32mBuilding C object CMakeFiles/sim_clock__rosidl_typesupport_c__pyext.dir/rosidl_generator_py/sim_clock/_sim_clock_s.ep.rosidl_typesupport_c.c.o[0m
[8.085s] [ 87%] [32mBuilding C object CMakeFiles/sim_clock__rosidl_typesupport_fastrtps_c__pyext.dir/rosidl_generator_py/sim_clock/_sim_clock_s.ep.rosidl_typesupport_fastrtps_c.c.o[0m
[8.085s] [ 87%] [32mBuilding C object CMakeFiles/sim_clock__rosidl_typesupport_introspection_c__pyext.dir/rosidl_generator_py/sim_clock/_sim_clock_s.ep.rosidl_typesupport_introspection_c.c.o[0m
[8.170s] [ 93%] [32m[1mLinking C shared library rosidl_generator_py/sim_clock/sim_clock_s__rosidl_typesupport_introspection_c.cpython-310-x86_64-linux-gnu.so[0m
[8.170s] [ 93%] [32m[1mLinking C shared library rosidl_generator_py/sim_clock/sim_clock_s__rosidl_typesupport_c.cpython-310-x86_64-linux-gnu.so[0m
[8.171s] [ 96%] [32m[1mLinking C shared library rosidl_generator_py/sim_clock/sim_clock_s__rosidl_typesupport_fastrtps_c.cpython-310-x86_64-linux-gnu.so[0m
[8.245s] [ 96%] Built target sim_clock__rosidl_typesupport_c__pyext
[8.245s] [ 96%] Built target sim_clock__rosidl_typesupport_fastrtps_c__pyext
[8.246s] [ 96%] Built target sim_clock__rosidl_typesupport_introspection_c__pyext
[13.747s] [100%] [32m[1mLinking CXX executable sim_clock_node[0m
[14.050s] [100%] Built target sim_clock_node
[14.062s] Invoked command in '/home/tong/Projects/SwarmCombat/build/sim_clock' returned '0': CMAKE_PREFIX_PATH=${CMAKE_PREFIX_PATH}:/home/tong/Projects/SwarmCombat/install/scripts:/opt/ros/humble /usr/bin/cmake --build /home/tong/Projects/SwarmCombat/build/sim_clock -- -j32 -l32
[14.064s] Invoking command in '/home/tong/Projects/SwarmCombat/build/sim_clock': CMAKE_PREFIX_PATH=${CMAKE_PREFIX_PATH}:/home/tong/Projects/SwarmCombat/install/scripts:/opt/ros/humble /usr/bin/cmake --install /home/tong/Projects/SwarmCombat/build/sim_clock
[14.075s] -- Install configuration: ""
[14.075s] -- Execute custom install script
[14.076s] -- Symlinking: /home/tong/Projects/SwarmCombat/install/sim_clock/share/ament_index/resource_index/rosidl_interfaces/sim_clock
[14.086s] -- Symlinking: /home/tong/Projects/SwarmCombat/install/sim_clock/include/sim_clock/sim_clock/msg/rosidl_generator_c__visibility_control.h
[14.094s] -- Symlinking: /home/tong/Projects/SwarmCombat/install/sim_clock/include/sim_clock/sim_clock/srv/detail/set_rate__functions.h
[14.102s] -- Symlinking: /home/tong/Projects/SwarmCombat/install/sim_clock/include/sim_clock/sim_clock/srv/detail/set_rate__struct.h
[14.111s] -- Symlinking: /home/tong/Projects/SwarmCombat/install/sim_clock/include/sim_clock/sim_clock/srv/detail/set_rate__type_support.h
[14.120s] -- Symlinking: /home/tong/Projects/SwarmCombat/install/sim_clock/include/sim_clock/sim_clock/srv/set_rate.h
[14.133s] -- Symlinking: /home/tong/Projects/SwarmCombat/install/sim_clock/share/sim_clock/environment/library_path.sh
[14.141s] -- Symlinking: /home/tong/Projects/SwarmCombat/install/sim_clock/share/sim_clock/environment/library_path.dsv
[14.152s] -- Symlinking: /home/tong/Projects/SwarmCombat/install/sim_clock/include/sim_clock/sim_clock/msg/rosidl_typesupport_fastrtps_c__visibility_control.h
[14.161s] -- Symlinking: /home/tong/Projects/SwarmCombat/install/sim_clock/include/sim_clock/sim_clock/srv/detail/set_rate__rosidl_typesupport_fastrtps_c.h
[14.170s] -- Symlinking: /home/tong/Projects/SwarmCombat/install/sim_clock/include/sim_clock/sim_clock/msg/rosidl_generator_cpp__visibility_control.hpp
[14.184s] -- Symlinking: /home/tong/Projects/SwarmCombat/install/sim_clock/include/sim_clock/sim_clock/srv/detail/set_rate__builder.hpp
[14.194s] -- Symlinking: /home/tong/Projects/SwarmCombat/install/sim_clock/include/sim_clock/sim_clock/srv/detail/set_rate__struct.hpp
[14.203s] -- Symlinking: /home/tong/Projects/SwarmCombat/install/sim_clock/include/sim_clock/sim_clock/srv/detail/set_rate__traits.hpp
[14.217s] -- Symlinking: /home/tong/Projects/SwarmCombat/install/sim_clock/include/sim_clock/sim_clock/srv/detail/set_rate__type_support.hpp
[14.225s] -- Symlinking: /home/tong/Projects/SwarmCombat/install/sim_clock/include/sim_clock/sim_clock/srv/set_rate.hpp
[14.234s] -- Symlinking: /home/tong/Projects/SwarmCombat/install/sim_clock/include/sim_clock/sim_clock/msg/rosidl_typesupport_fastrtps_cpp__visibility_control.h
[14.242s] -- Symlinking: /home/tong/Projects/SwarmCombat/install/sim_clock/include/sim_clock/sim_clock/srv/detail/set_rate__rosidl_typesupport_fastrtps_cpp.hpp
[14.254s] -- Symlinking: /home/tong/Projects/SwarmCombat/install/sim_clock/include/sim_clock/sim_clock/msg/rosidl_typesupport_introspection_c__visibility_control.h
[14.262s] -- Symlinking: /home/tong/Projects/SwarmCombat/install/sim_clock/include/sim_clock/sim_clock/srv/detail/set_rate__rosidl_typesupport_introspection_c.h
[14.271s] -- Symlinking: /home/tong/Projects/SwarmCombat/install/sim_clock/include/sim_clock/sim_clock/srv/detail/set_rate__rosidl_typesupport_introspection_cpp.hpp
[14.280s] -- Symlinking: /home/tong/Projects/SwarmCombat/install/sim_clock/share/sim_clock/environment/pythonpath.sh
[14.288s] -- Symlinking: /home/tong/Projects/SwarmCombat/install/sim_clock/share/sim_clock/environment/pythonpath.dsv
[14.297s] -- Symlinking: /home/tong/Projects/SwarmCombat/install/sim_clock/local/lib/python3.10/dist-packages/sim_clock-0.1.0-py3.10.egg-info/PKG-INFO
[14.305s] -- Symlinking: /home/tong/Projects/SwarmCombat/install/sim_clock/local/lib/python3.10/dist-packages/sim_clock-0.1.0-py3.10.egg-info/SOURCES.txt
[14.313s] -- Symlinking: /home/tong/Projects/SwarmCombat/install/sim_clock/local/lib/python3.10/dist-packages/sim_clock-0.1.0-py3.10.egg-info/dependency_links.txt
[14.321s] -- Symlinking: /home/tong/Projects/SwarmCombat/install/sim_clock/local/lib/python3.10/dist-packages/sim_clock-0.1.0-py3.10.egg-info/top_level.txt
[14.329s] -- Symlinking: /home/tong/Projects/SwarmCombat/install/sim_clock/local/lib/python3.10/dist-packages/sim_clock/__init__.py
[14.337s] -- Symlinking: /home/tong/Projects/SwarmCombat/install/sim_clock/local/lib/python3.10/dist-packages/sim_clock/_sim_clock_s.ep.rosidl_typesupport_c.c
[14.344s] -- Symlinking: /home/tong/Projects/SwarmCombat/install/sim_clock/local/lib/python3.10/dist-packages/sim_clock/_sim_clock_s.ep.rosidl_typesupport_fastrtps_c.c
[14.353s] -- Symlinking: /home/tong/Projects/SwarmCombat/install/sim_clock/local/lib/python3.10/dist-packages/sim_clock/_sim_clock_s.ep.rosidl_typesupport_introspection_c.c
[14.360s] -- Symlinking: /home/tong/Projects/SwarmCombat/install/sim_clock/local/lib/python3.10/dist-packages/sim_clock/libsim_clock__rosidl_generator_py.so
[14.370s] -- Symlinking: /home/tong/Projects/SwarmCombat/install/sim_clock/local/lib/python3.10/dist-packages/sim_clock/sim_clock_s__rosidl_typesupport_c.cpython-310-x86_64-linux-gnu.so
[14.378s] -- Symlinking: /home/tong/Projects/SwarmCombat/install/sim_clock/local/lib/python3.10/dist-packages/sim_clock/sim_clock_s__rosidl_typesupport_fastrtps_c.cpython-310-x86_64-linux-gnu.so
[14.386s] -- Symlinking: /home/tong/Projects/SwarmCombat/install/sim_clock/local/lib/python3.10/dist-packages/sim_clock/sim_clock_s__rosidl_typesupport_introspection_c.cpython-310-x86_64-linux-gnu.so
[14.395s] -- Symlinking: /home/tong/Projects/SwarmCombat/install/sim_clock/local/lib/python3.10/dist-packages/sim_clock/srv/__init__.py
[14.403s] -- Symlinking: /home/tong/Projects/SwarmCombat/install/sim_clock/local/lib/python3.10/dist-packages/sim_clock/srv/_set_rate.py
[14.411s] -- Symlinking: /home/tong/Projects/SwarmCombat/install/sim_clock/local/lib/python3.10/dist-packages/sim_clock/srv/_set_rate_s.c
[14.419s] -- Up-to-date symlink: /home/tong/Projects/SwarmCombat/install/sim_clock/local/lib/python3.10/dist-packages/sim_clock/sim_clock_s__rosidl_typesupport_fastrtps_c.cpython-310-x86_64-linux-gnu.so
[14.420s] -- Up-to-date symlink: /home/tong/Projects/SwarmCombat/install/sim_clock/local/lib/python3.10/dist-packages/sim_clock/sim_clock_s__rosidl_typesupport_introspection_c.cpython-310-x86_64-linux-gnu.so
[14.420s] -- Up-to-date symlink: /home/tong/Projects/SwarmCombat/install/sim_clock/local/lib/python3.10/dist-packages/sim_clock/sim_clock_s__rosidl_typesupport_c.cpython-310-x86_64-linux-gnu.so
[14.420s] -- Symlinking: /home/tong/Projects/SwarmCombat/install/sim_clock/share/sim_clock/srv/SetRate.idl
[14.428s] -- Symlinking: /home/tong/Projects/SwarmCombat/install/sim_clock/share/sim_clock/srv/SetRate.srv
[14.442s] -- Symlinking: /home/tong/Projects/SwarmCombat/install/sim_clock/share/sim_clock/srv/SetRate_Request.msg
[14.451s] -- Symlinking: /home/tong/Projects/SwarmCombat/install/sim_clock/share/sim_clock/srv/SetRate_Response.msg
[14.460s] -- Symlinking: /home/tong/Projects/SwarmCombat/install/sim_clock/lib/sim_clock/sim_clock_node
[14.470s] -- Symlinking: /home/tong/Projects/SwarmCombat/install/sim_clock/share/sim_clock//launch/start_sim_clock.launch.py
[14.479s] -- Symlinking: /home/tong/Projects/SwarmCombat/install/sim_clock/share/ament_index/resource_index/package_run_dependencies/sim_clock
[14.488s] -- Symlinking: /home/tong/Projects/SwarmCombat/install/sim_clock/share/ament_index/resource_index/parent_prefix_path/sim_clock
[14.496s] -- Symlinking: /home/tong/Projects/SwarmCombat/install/sim_clock/share/sim_clock/environment/ament_prefix_path.sh
[14.505s] -- Symlinking: /home/tong/Projects/SwarmCombat/install/sim_clock/share/sim_clock/environment/ament_prefix_path.dsv
[14.514s] -- Symlinking: /home/tong/Projects/SwarmCombat/install/sim_clock/share/sim_clock/environment/path.sh
[14.522s] -- Symlinking: /home/tong/Projects/SwarmCombat/install/sim_clock/share/sim_clock/environment/path.dsv
[14.530s] -- Symlinking: /home/tong/Projects/SwarmCombat/install/sim_clock/share/sim_clock/local_setup.bash
[14.538s] -- Symlinking: /home/tong/Projects/SwarmCombat/install/sim_clock/share/sim_clock/local_setup.sh
[14.545s] -- Symlinking: /home/tong/Projects/SwarmCombat/install/sim_clock/share/sim_clock/local_setup.zsh
[14.555s] -- Symlinking: /home/tong/Projects/SwarmCombat/install/sim_clock/share/sim_clock/local_setup.dsv
[14.564s] -- Symlinking: /home/tong/Projects/SwarmCombat/install/sim_clock/share/sim_clock/package.dsv
[14.573s] -- Symlinking: /home/tong/Projects/SwarmCombat/install/sim_clock/share/ament_index/resource_index/packages/sim_clock
[14.583s] -- Symlinking: /home/tong/Projects/SwarmCombat/install/sim_clock/share/sim_clock/cmake/rosidl_cmake-extras.cmake
[14.591s] -- Symlinking: /home/tong/Projects/SwarmCombat/install/sim_clock/share/sim_clock/cmake/ament_cmake_export_include_directories-extras.cmake
[14.604s] -- Symlinking: /home/tong/Projects/SwarmCombat/install/sim_clock/share/sim_clock/cmake/ament_cmake_export_libraries-extras.cmake
[14.612s] -- Symlinking: /home/tong/Projects/SwarmCombat/install/sim_clock/share/sim_clock/cmake/ament_cmake_export_targets-extras.cmake
[14.619s] -- Symlinking: /home/tong/Projects/SwarmCombat/install/sim_clock/share/sim_clock/cmake/rosidl_cmake_export_typesupport_targets-extras.cmake
[14.627s] -- Symlinking: /home/tong/Projects/SwarmCombat/install/sim_clock/share/sim_clock/cmake/ament_cmake_export_dependencies-extras.cmake
[14.635s] -- Symlinking: /home/tong/Projects/SwarmCombat/install/sim_clock/share/sim_clock/cmake/rosidl_cmake_export_typesupport_libraries-extras.cmake
[14.647s] -- Symlinking: /home/tong/Projects/SwarmCombat/install/sim_clock/share/sim_clock/cmake/sim_clockConfig.cmake
[14.654s] -- Symlinking: /home/tong/Projects/SwarmCombat/install/sim_clock/share/sim_clock/cmake/sim_clockConfig-version.cmake
[14.662s] -- Symlinking: /home/tong/Projects/SwarmCombat/install/sim_clock/share/sim_clock/package.xml
[14.671s] -- Installing: /home/tong/Projects/SwarmCombat/install/sim_clock/lib/libsim_clock__rosidl_generator_c.so
[14.671s] -- Set runtime path of "/home/tong/Projects/SwarmCombat/install/sim_clock/lib/libsim_clock__rosidl_generator_c.so" to ""
[14.671s] -- Installing: /home/tong/Projects/SwarmCombat/install/sim_clock/lib/libsim_clock__rosidl_typesupport_fastrtps_c.so
[14.671s] -- Set runtime path of "/home/tong/Projects/SwarmCombat/install/sim_clock/lib/libsim_clock__rosidl_typesupport_fastrtps_c.so" to ""
[14.672s] -- Installing: /home/tong/Projects/SwarmCombat/install/sim_clock/lib/libsim_clock__rosidl_typesupport_fastrtps_cpp.so
[14.672s] -- Set runtime path of "/home/tong/Projects/SwarmCombat/install/sim_clock/lib/libsim_clock__rosidl_typesupport_fastrtps_cpp.so" to ""
[14.672s] -- Installing: /home/tong/Projects/SwarmCombat/install/sim_clock/lib/libsim_clock__rosidl_typesupport_introspection_c.so
[14.672s] -- Set runtime path of "/home/tong/Projects/SwarmCombat/install/sim_clock/lib/libsim_clock__rosidl_typesupport_introspection_c.so" to ""
[14.672s] -- Installing: /home/tong/Projects/SwarmCombat/install/sim_clock/lib/libsim_clock__rosidl_typesupport_c.so
[14.672s] -- Set runtime path of "/home/tong/Projects/SwarmCombat/install/sim_clock/lib/libsim_clock__rosidl_typesupport_c.so" to ""
[14.672s] -- Installing: /home/tong/Projects/SwarmCombat/install/sim_clock/lib/libsim_clock__rosidl_typesupport_introspection_cpp.so
[14.672s] -- Set runtime path of "/home/tong/Projects/SwarmCombat/install/sim_clock/lib/libsim_clock__rosidl_typesupport_introspection_cpp.so" to ""
[14.672s] -- Installing: /home/tong/Projects/SwarmCombat/install/sim_clock/lib/libsim_clock__rosidl_typesupport_cpp.so
[14.673s] -- Set runtime path of "/home/tong/Projects/SwarmCombat/install/sim_clock/lib/libsim_clock__rosidl_typesupport_cpp.so" to ""
[14.702s] Listing '/home/tong/Projects/SwarmCombat/install/sim_clock/local/lib/python3.10/dist-packages/sim_clock'...
[14.702s] Compiling '/home/tong/Projects/SwarmCombat/install/sim_clock/local/lib/python3.10/dist-packages/sim_clock/__init__.py'...
[14.702s] Listing '/home/tong/Projects/SwarmCombat/install/sim_clock/local/lib/python3.10/dist-packages/sim_clock/srv'...
[14.702s] Compiling '/home/tong/Projects/SwarmCombat/install/sim_clock/local/lib/python3.10/dist-packages/sim_clock/srv/__init__.py'...
[14.703s] Compiling '/home/tong/Projects/SwarmCombat/install/sim_clock/local/lib/python3.10/dist-packages/sim_clock/srv/_set_rate.py'...
[14.706s] -- Installing: /home/tong/Projects/SwarmCombat/install/sim_clock/lib/libsim_clock__rosidl_generator_py.so
[14.707s] -- Set runtime path of "/home/tong/Projects/SwarmCombat/install/sim_clock/lib/libsim_clock__rosidl_generator_py.so" to ""
[14.707s] -- Installing: /home/tong/Projects/SwarmCombat/install/sim_clock/share/sim_clock/cmake/export_sim_clock__rosidl_generator_cExport.cmake
[14.707s] -- Installing: /home/tong/Projects/SwarmCombat/install/sim_clock/share/sim_clock/cmake/export_sim_clock__rosidl_generator_cExport-noconfig.cmake
[14.708s] -- Installing: /home/tong/Projects/SwarmCombat/install/sim_clock/share/sim_clock/cmake/export_sim_clock__rosidl_typesupport_fastrtps_cExport.cmake
[14.708s] -- Installing: /home/tong/Projects/SwarmCombat/install/sim_clock/share/sim_clock/cmake/export_sim_clock__rosidl_typesupport_fastrtps_cExport-noconfig.cmake
[14.708s] -- Installing: /home/tong/Projects/SwarmCombat/install/sim_clock/share/sim_clock/cmake/export_sim_clock__rosidl_generator_cppExport.cmake
[14.708s] -- Installing: /home/tong/Projects/SwarmCombat/install/sim_clock/share/sim_clock/cmake/export_sim_clock__rosidl_typesupport_fastrtps_cppExport.cmake
[14.709s] -- Installing: /home/tong/Projects/SwarmCombat/install/sim_clock/share/sim_clock/cmake/export_sim_clock__rosidl_typesupport_fastrtps_cppExport-noconfig.cmake
[14.709s] -- Installing: /home/tong/Projects/SwarmCombat/install/sim_clock/share/sim_clock/cmake/sim_clock__rosidl_typesupport_introspection_cExport.cmake
[14.709s] -- Installing: /home/tong/Projects/SwarmCombat/install/sim_clock/share/sim_clock/cmake/sim_clock__rosidl_typesupport_introspection_cExport-noconfig.cmake
[14.710s] -- Installing: /home/tong/Projects/SwarmCombat/install/sim_clock/share/sim_clock/cmake/sim_clock__rosidl_typesupport_cExport.cmake
[14.710s] -- Installing: /home/tong/Projects/SwarmCombat/install/sim_clock/share/sim_clock/cmake/sim_clock__rosidl_typesupport_cExport-noconfig.cmake
[14.710s] -- Installing: /home/tong/Projects/SwarmCombat/install/sim_clock/share/sim_clock/cmake/sim_clock__rosidl_typesupport_introspection_cppExport.cmake
[14.710s] -- Installing: /home/tong/Projects/SwarmCombat/install/sim_clock/share/sim_clock/cmake/sim_clock__rosidl_typesupport_introspection_cppExport-noconfig.cmake
[14.710s] -- Installing: /home/tong/Projects/SwarmCombat/install/sim_clock/share/sim_clock/cmake/sim_clock__rosidl_typesupport_cppExport.cmake
[14.710s] -- Installing: /home/tong/Projects/SwarmCombat/install/sim_clock/share/sim_clock/cmake/sim_clock__rosidl_typesupport_cppExport-noconfig.cmake
[14.710s] -- Installing: /home/tong/Projects/SwarmCombat/install/sim_clock/share/sim_clock/cmake/export_sim_clock__rosidl_generator_pyExport.cmake
[14.710s] -- Installing: /home/tong/Projects/SwarmCombat/install/sim_clock/share/sim_clock/cmake/export_sim_clock__rosidl_generator_pyExport-noconfig.cmake
[14.713s] Invoked command in '/home/tong/Projects/SwarmCombat/build/sim_clock' returned '0': CMAKE_PREFIX_PATH=${CMAKE_PREFIX_PATH}:/home/tong/Projects/SwarmCombat/install/scripts:/opt/ros/humble /usr/bin/cmake --install /home/tong/Projects/SwarmCombat/build/sim_clock
