-- The C compiler identification is GNU 11.4.0
-- The CXX compiler identification is GNU 11.4.0
-- Detecting C compiler ABI info
-- Detecting C compiler ABI info - done
-- Check for working C compiler: /usr/bin/cc - skipped
-- Detecting C compile features
-- Detecting C compile features - done
-- Detecting CXX compiler ABI info
-- Detecting CXX compiler ABI info - done
-- Check for working CXX compiler: /usr/bin/c++ - skipped
-- Detecting CXX compile features
-- Detecting CXX compile features - done
-- Found ament_cmake: 1.3.12 (/opt/ros/humble/share/ament_cmake/cmake)
-- Found Python3: /usr/bin/python3 (found version "3.10.12") found components: Interpreter 
-- Override CMake install command with custom implementation using symlinks instead of copying resources
-- Found rclcpp: 16.0.14 (/opt/ros/humble/share/rclcpp/cmake)
-- Found rosidl_generator_c: 3.1.7 (/opt/ros/humble/share/rosidl_generator_c/cmake)
-- Found rosidl_adapter: 3.1.7 (/opt/ros/humble/share/rosidl_adapter/cmake)
-- Found rosidl_generator_cpp: 3.1.7 (/opt/ros/humble/share/rosidl_generator_cpp/cmake)
-- Using all available rosidl_typesupport_c: rosidl_typesupport_fastrtps_c;rosidl_typesupport_introspection_c
-- Using all available rosidl_typesupport_cpp: rosidl_typesupport_fastrtps_cpp;rosidl_typesupport_introspection_cpp
-- Found rmw_implementation_cmake: 6.1.2 (/opt/ros/humble/share/rmw_implementation_cmake/cmake)
-- Found rmw_fastrtps_cpp: 6.2.8 (/opt/ros/humble/share/rmw_fastrtps_cpp/cmake)
-- Found OpenSSL: /usr/lib/x86_64-linux-gnu/libcrypto.so (found version "3.0.2")  
-- Found FastRTPS: /opt/ros/humble/include  
-- Using RMW implementation 'rmw_fastrtps_cpp' as default
-- Looking for pthread.h
-- Looking for pthread.h - found
-- Performing Test CMAKE_HAVE_LIBC_PTHREAD
-- Performing Test CMAKE_HAVE_LIBC_PTHREAD - Success
-- Found Threads: TRUE  
-- Found nav_msgs: 4.9.0 (/opt/ros/humble/share/nav_msgs/cmake)
-- Found sensor_msgs: 4.9.0 (/opt/ros/humble/share/sensor_msgs/cmake)
-- Found sim_msgs: 0.1.0 (/home/tong/Projects/SwarmCombat/install/sim_msgs/share/sim_msgs/cmake)
-- Found visualization_msgs: 4.9.0 (/opt/ros/humble/share/visualization_msgs/cmake)
-- Found tf2: 0.25.15 (/opt/ros/humble/share/tf2/cmake)
-- Found tf2_ros: 0.25.15 (/opt/ros/humble/share/tf2_ros/cmake)
-- Found tf2_geometry_msgs: 0.25.15 (/opt/ros/humble/share/tf2_geometry_msgs/cmake)
-- Found eigen3_cmake_module: 0.1.1 (/opt/ros/humble/share/eigen3_cmake_module/cmake)
-- Found Eigen3: TRUE (found version "3.4.0") 
-- Ensuring Eigen3 include directory is part of orocos-kdl CMake target
-- Found Boost: /usr/lib/x86_64-linux-gnu/cmake/Boost-1.74.0/BoostConfig.cmake (found version "1.74.0") found components: system 
-- Configuring done
-- Generating done
-- Build files have been written to: /home/tong/Projects/SwarmCombat/build/fw_plane
[ 20%] [32mBuilding CXX object CMakeFiles/fw_visualizer_node.dir/src/fw_visualizer_node.cpp.o[0m
[ 40%] [32mBuilding CXX object CMakeFiles/fw_sim_node.dir/src/fw_sim_node.cpp.o[0m
[ 60%] [32mBuilding CXX object CMakeFiles/fw_sim_node.dir/src/fw_dynamics.cpp.o[0m
[ 80%] [32m[1mLinking CXX executable fw_visualizer_node[0m
[ 80%] Built target fw_visualizer_node
[100%] [32m[1mLinking CXX executable fw_sim_node[0m
[100%] Built target fw_sim_node
-- Install configuration: ""
-- Execute custom install script
-- Symlinking: /home/tong/Projects/SwarmCombat/install/fw_plane/lib/fw_plane/fw_sim_node
-- Symlinking: /home/tong/Projects/SwarmCombat/install/fw_plane/lib/fw_plane/fw_visualizer_node
-- Symlinking: /home/tong/Projects/SwarmCombat/install/fw_plane/include/fwp_simulator/fw_dynamics.hpp
-- Symlinking: /home/tong/Projects/SwarmCombat/install/fw_plane/share/fw_plane/launch/fw_plane_visualizer_single.launch
-- Symlinking: /home/tong/Projects/SwarmCombat/install/fw_plane/share/fw_plane/launch/fw_sim_single.launch
-- Symlinking: /home/tong/Projects/SwarmCombat/install/fw_plane/share/fw_plane/launch/single_fw_plane.rviz
-- Symlinking: /home/tong/Projects/SwarmCombat/install/fw_plane/share/fw_plane/launch/single_fw_sim.launch.py
-- Symlinking: /home/tong/Projects/SwarmCombat/install/fw_plane/share/fw_plane/launch/single_fw_sim_.launch.py
-- Symlinking: /home/tong/Projects/SwarmCombat/install/fw_plane/share/fw_plane/launch/single_fw_visual.launch.py
-- Symlinking: /home/tong/Projects/SwarmCombat/install/fw_plane/share/fw_plane/model/meshes/body.dae
-- Symlinking: /home/tong/Projects/SwarmCombat/install/fw_plane/share/fw_plane/model/meshes/body.stl
-- Symlinking: /home/tong/Projects/SwarmCombat/install/fw_plane/share/fw_plane/model/meshes/elevators.dae
-- Symlinking: /home/tong/Projects/SwarmCombat/install/fw_plane/share/fw_plane/model/meshes/elevators.stl
-- Symlinking: /home/tong/Projects/SwarmCombat/install/fw_plane/share/fw_plane/model/meshes/iris_prop_ccw.dae
-- Symlinking: /home/tong/Projects/SwarmCombat/install/fw_plane/share/fw_plane/model/meshes/iris_prop_ccw.stl
-- Symlinking: /home/tong/Projects/SwarmCombat/install/fw_plane/share/fw_plane/model/meshes/iris_prop_cw.dae
-- Symlinking: /home/tong/Projects/SwarmCombat/install/fw_plane/share/fw_plane/model/meshes/iris_prop_cw.stl
-- Symlinking: /home/tong/Projects/SwarmCombat/install/fw_plane/share/fw_plane/model/meshes/left_aileron.dae
-- Symlinking: /home/tong/Projects/SwarmCombat/install/fw_plane/share/fw_plane/model/meshes/left_aileron.stl
-- Symlinking: /home/tong/Projects/SwarmCombat/install/fw_plane/share/fw_plane/model/meshes/left_flap.dae
-- Symlinking: /home/tong/Projects/SwarmCombat/install/fw_plane/share/fw_plane/model/meshes/left_flap.stl
-- Symlinking: /home/tong/Projects/SwarmCombat/install/fw_plane/share/fw_plane/model/meshes/propeller_ccw.dae
-- Symlinking: /home/tong/Projects/SwarmCombat/install/fw_plane/share/fw_plane/model/meshes/propeller_cw.dae
-- Symlinking: /home/tong/Projects/SwarmCombat/install/fw_plane/share/fw_plane/model/meshes/right_aileron.dae
-- Symlinking: /home/tong/Projects/SwarmCombat/install/fw_plane/share/fw_plane/model/meshes/right_aileron.stl
-- Symlinking: /home/tong/Projects/SwarmCombat/install/fw_plane/share/fw_plane/model/meshes/right_flap.dae
-- Symlinking: /home/tong/Projects/SwarmCombat/install/fw_plane/share/fw_plane/model/meshes/right_flap.stl
-- Symlinking: /home/tong/Projects/SwarmCombat/install/fw_plane/share/fw_plane/model/meshes/rudder.dae
-- Symlinking: /home/tong/Projects/SwarmCombat/install/fw_plane/share/fw_plane/model/meshes/rudder.stl
-- Symlinking: /home/tong/Projects/SwarmCombat/install/fw_plane/share/fw_plane/model/plane.urdf
-- Symlinking: /home/tong/Projects/SwarmCombat/install/fw_plane/share/ament_index/resource_index/package_run_dependencies/fw_plane
-- Symlinking: /home/tong/Projects/SwarmCombat/install/fw_plane/share/ament_index/resource_index/parent_prefix_path/fw_plane
-- Symlinking: /home/tong/Projects/SwarmCombat/install/fw_plane/share/fw_plane/environment/ament_prefix_path.sh
-- Symlinking: /home/tong/Projects/SwarmCombat/install/fw_plane/share/fw_plane/environment/ament_prefix_path.dsv
-- Symlinking: /home/tong/Projects/SwarmCombat/install/fw_plane/share/fw_plane/environment/path.sh
-- Symlinking: /home/tong/Projects/SwarmCombat/install/fw_plane/share/fw_plane/environment/path.dsv
-- Symlinking: /home/tong/Projects/SwarmCombat/install/fw_plane/share/fw_plane/local_setup.bash
-- Symlinking: /home/tong/Projects/SwarmCombat/install/fw_plane/share/fw_plane/local_setup.sh
-- Symlinking: /home/tong/Projects/SwarmCombat/install/fw_plane/share/fw_plane/local_setup.zsh
-- Symlinking: /home/tong/Projects/SwarmCombat/install/fw_plane/share/fw_plane/local_setup.dsv
-- Symlinking: /home/tong/Projects/SwarmCombat/install/fw_plane/share/fw_plane/package.dsv
-- Symlinking: /home/tong/Projects/SwarmCombat/install/fw_plane/share/ament_index/resource_index/packages/fw_plane
-- Symlinking: /home/tong/Projects/SwarmCombat/install/fw_plane/share/fw_plane/cmake/fw_planeConfig.cmake
-- Symlinking: /home/tong/Projects/SwarmCombat/install/fw_plane/share/fw_plane/cmake/fw_planeConfig-version.cmake
-- Symlinking: /home/tong/Projects/SwarmCombat/install/fw_plane/share/fw_plane/package.xml
