-- The C compiler identification is GNU 11.4.0
-- The CXX compiler identification is GNU 11.4.0
-- Detecting C compiler ABI info
-- Detecting C compiler ABI info - done
-- Check for working C compiler: /usr/bin/cc - skipped
-- Detecting C compile features
-- Detecting C compile features - done
-- Detecting CXX compiler ABI info
-- Detecting CXX compiler ABI info - done
-- Check for working CXX compiler: /usr/bin/c++ - skipped
-- Detecting CXX compile features
-- Detecting CXX compile features - done
-- Found ament_cmake: 1.3.12 (/opt/ros/humble/share/ament_cmake/cmake)
-- Found Python3: /usr/bin/python3 (found version "3.10.12") found components: Interpreter 
-- Override CMake install command with custom implementation using symlinks instead of copying resources
-- Found rclcpp: 16.0.14 (/opt/ros/humble/share/rclcpp/cmake)
-- Found rosidl_generator_c: 3.1.7 (/opt/ros/humble/share/rosidl_generator_c/cmake)
-- Found rosidl_adapter: 3.1.7 (/opt/ros/humble/share/rosidl_adapter/cmake)
-- Found rosidl_generator_cpp: 3.1.7 (/opt/ros/humble/share/rosidl_generator_cpp/cmake)
-- Using all available rosidl_typesupport_c: rosidl_typesupport_fastrtps_c;rosidl_typesupport_introspection_c
-- Using all available rosidl_typesupport_cpp: rosidl_typesupport_fastrtps_cpp;rosidl_typesupport_introspection_cpp
-- Found rmw_implementation_cmake: 6.1.2 (/opt/ros/humble/share/rmw_implementation_cmake/cmake)
-- Found rmw_fastrtps_cpp: 6.2.8 (/opt/ros/humble/share/rmw_fastrtps_cpp/cmake)
-- Found OpenSSL: /usr/lib/x86_64-linux-gnu/libcrypto.so (found version "3.0.2")  
-- Found FastRTPS: /opt/ros/humble/include  
-- Using RMW implementation 'rmw_fastrtps_cpp' as default
-- Looking for pthread.h
-- Looking for pthread.h - found
-- Performing Test CMAKE_HAVE_LIBC_PTHREAD
-- Performing Test CMAKE_HAVE_LIBC_PTHREAD - Success
-- Found Threads: TRUE  
-- Found geometry_msgs: 4.9.0 (/opt/ros/humble/share/geometry_msgs/cmake)
-- Found nav_msgs: 4.9.0 (/opt/ros/humble/share/nav_msgs/cmake)
-- Found tf2: 0.25.15 (/opt/ros/humble/share/tf2/cmake)
-- Found tf2_geometry_msgs: 0.25.15 (/opt/ros/humble/share/tf2_geometry_msgs/cmake)
-- Found eigen3_cmake_module: 0.1.1 (/opt/ros/humble/share/eigen3_cmake_module/cmake)
-- Found Eigen3: TRUE (found version "3.4.0") 
-- Ensuring Eigen3 include directory is part of orocos-kdl CMake target
-- Found sim_msgs: 0.1.0 (/home/tong/Projects/SwarmCombat/install/sim_msgs/share/sim_msgs/cmake)
-- Found rosidl_default_generators: 1.2.0 (/opt/ros/humble/share/rosidl_default_generators/cmake)
-- Found ament_cmake_ros: 0.10.0 (/opt/ros/humble/share/ament_cmake_ros/cmake)
-- Using all available rosidl_typesupport_c: rosidl_typesupport_fastrtps_c;rosidl_typesupport_introspection_c
-- Using all available rosidl_typesupport_cpp: rosidl_typesupport_fastrtps_cpp;rosidl_typesupport_introspection_cpp
-- Found PythonInterp: /usr/bin/python3 (found suitable version "3.10.12", minimum required is "3.6") 
-- Found python_cmake_module: 0.10.0 (/opt/ros/humble/share/python_cmake_module/cmake)
-- Found PythonLibs: /usr/lib/x86_64-linux-gnu/libpython3.10.so (found suitable version "3.10.12", minimum required is "3.5") 
-- Using PYTHON_EXECUTABLE: /usr/bin/python3
-- Using PYTHON_INCLUDE_DIRS: /usr/include/python3.10
-- Using PYTHON_LIBRARIES: /usr/lib/x86_64-linux-gnu/libpython3.10.so
-- Found PythonExtra: .so  
-- Configuring done
-- Generating done
-- Build files have been written to: /home/tong/Projects/SwarmCombat/build/fwp_planner
[  1%] [34m[1mGenerating C code for ROS interfaces[0m
[  3%] [34m[1mGenerating C++ code for ROS interfaces[0m
[  3%] Built target ament_cmake_python_symlink_fwp_planner
running egg_info
creating fwp_planner.egg-info
writing fwp_planner.egg-info/PKG-INFO
writing dependency_links to fwp_planner.egg-info/dependency_links.txt
writing top-level names to fwp_planner.egg-info/top_level.txt
writing manifest file 'fwp_planner.egg-info/SOURCES.txt'
reading manifest file 'fwp_planner.egg-info/SOURCES.txt'
writing manifest file 'fwp_planner.egg-info/SOURCES.txt'
[  3%] Built target ament_cmake_python_build_fwp_planner_egg
[  4%] [32mBuilding C object CMakeFiles/fwp_planner__rosidl_generator_c.dir/rosidl_generator_c/fwp_planner/msg/detail/fused_enemy__functions.c.o[0m
[  6%] [32mBuilding C object CMakeFiles/fwp_planner__rosidl_generator_c.dir/rosidl_generator_c/fwp_planner/msg/detail/fused_teammate__functions.c.o[0m
[  7%] [32mBuilding C object CMakeFiles/fwp_planner__rosidl_generator_c.dir/rosidl_generator_c/fwp_planner/msg/detail/team_broadcast__functions.c.o[0m
[  9%] [32mBuilding C object CMakeFiles/fwp_planner__rosidl_generator_c.dir/rosidl_generator_c/fwp_planner/msg/detail/team_multicast__functions.c.o[0m
[ 10%] [32mBuilding C object CMakeFiles/fwp_planner__rosidl_generator_c.dir/rosidl_generator_c/fwp_planner/msg/detail/dynamic_state__functions.c.o[0m
[ 10%] Built target fwp_planner__cpp
[ 13%] [34m[1mGenerating C++ type support dispatch for ROS interfaces[0m
[ 13%] [34m[1mGenerating C++ type support for eProsima Fast-RTPS[0m
[ 15%] [34m[1mGenerating C++ introspection for ROS interfaces[0m
[ 16%] [32m[1mLinking C shared library libfwp_planner__rosidl_generator_c.so[0m
[ 16%] Built target fwp_planner__rosidl_generator_c
[ 18%] [34m[1mGenerating C type support dispatch for ROS interfaces[0m
[ 20%] [34m[1mGenerating C introspection for ROS interfaces[0m
[ 21%] [34m[1mGenerating C type support for eProsima Fast-RTPS[0m
[ 23%] [32mBuilding CXX object CMakeFiles/fwp_planner__rosidl_typesupport_introspection_cpp.dir/rosidl_typesupport_introspection_cpp/fwp_planner/msg/detail/dynamic_state__type_support.cpp.o[0m
[ 24%] [32mBuilding CXX object CMakeFiles/fwp_planner__rosidl_typesupport_introspection_cpp.dir/rosidl_typesupport_introspection_cpp/fwp_planner/msg/detail/fused_teammate__type_support.cpp.o[0m
[ 26%] [32mBuilding CXX object CMakeFiles/fwp_planner__rosidl_typesupport_introspection_cpp.dir/rosidl_typesupport_introspection_cpp/fwp_planner/msg/detail/team_broadcast__type_support.cpp.o[0m
[ 27%] [32mBuilding CXX object CMakeFiles/fwp_planner__rosidl_typesupport_introspection_cpp.dir/rosidl_typesupport_introspection_cpp/fwp_planner/msg/detail/fused_enemy__type_support.cpp.o[0m
[ 29%] [32mBuilding CXX object CMakeFiles/fwp_planner__rosidl_typesupport_introspection_cpp.dir/rosidl_typesupport_introspection_cpp/fwp_planner/msg/detail/team_multicast__type_support.cpp.o[0m
[ 30%] [32mBuilding CXX object CMakeFiles/fwp_planner__rosidl_typesupport_cpp.dir/rosidl_typesupport_cpp/fwp_planner/msg/fused_teammate__type_support.cpp.o[0m
[ 32%] [32mBuilding CXX object CMakeFiles/fwp_planner__rosidl_typesupport_cpp.dir/rosidl_typesupport_cpp/fwp_planner/msg/team_multicast__type_support.cpp.o[0m
[ 33%] [32mBuilding CXX object CMakeFiles/fwp_planner__rosidl_typesupport_cpp.dir/rosidl_typesupport_cpp/fwp_planner/msg/team_broadcast__type_support.cpp.o[0m
[ 35%] [32mBuilding CXX object CMakeFiles/fwp_planner__rosidl_typesupport_cpp.dir/rosidl_typesupport_cpp/fwp_planner/msg/dynamic_state__type_support.cpp.o[0m
[ 36%] [32mBuilding CXX object CMakeFiles/fwp_planner__rosidl_typesupport_cpp.dir/rosidl_typesupport_cpp/fwp_planner/msg/fused_enemy__type_support.cpp.o[0m
[ 40%] [32mBuilding CXX object CMakeFiles/fwp_planner__rosidl_typesupport_fastrtps_cpp.dir/rosidl_typesupport_fastrtps_cpp/fwp_planner/msg/detail/dds_fastrtps/fused_teammate__type_support.cpp.o[0m
[ 40%] [32mBuilding CXX object CMakeFiles/fwp_planner__rosidl_typesupport_fastrtps_cpp.dir/rosidl_typesupport_fastrtps_cpp/fwp_planner/msg/detail/dds_fastrtps/team_multicast__type_support.cpp.o[0m
[ 41%] [32mBuilding CXX object CMakeFiles/fwp_planner__rosidl_typesupport_fastrtps_cpp.dir/rosidl_typesupport_fastrtps_cpp/fwp_planner/msg/detail/dds_fastrtps/dynamic_state__type_support.cpp.o[0m
[ 43%] [32mBuilding CXX object CMakeFiles/fwp_planner__rosidl_typesupport_fastrtps_cpp.dir/rosidl_typesupport_fastrtps_cpp/fwp_planner/msg/detail/dds_fastrtps/team_broadcast__type_support.cpp.o[0m
[ 44%] [32mBuilding CXX object CMakeFiles/fwp_planner__rosidl_typesupport_fastrtps_cpp.dir/rosidl_typesupport_fastrtps_cpp/fwp_planner/msg/detail/dds_fastrtps/fused_enemy__type_support.cpp.o[0m
[ 46%] [32mBuilding CXX object CMakeFiles/fwp_planner__rosidl_typesupport_c.dir/rosidl_typesupport_c/fwp_planner/msg/dynamic_state__type_support.cpp.o[0m
[ 47%] [32mBuilding CXX object CMakeFiles/fwp_planner__rosidl_typesupport_c.dir/rosidl_typesupport_c/fwp_planner/msg/fused_teammate__type_support.cpp.o[0m
[ 49%] [32mBuilding CXX object CMakeFiles/fwp_planner__rosidl_typesupport_c.dir/rosidl_typesupport_c/fwp_planner/msg/team_multicast__type_support.cpp.o[0m
[ 50%] [32mBuilding CXX object CMakeFiles/fwp_planner__rosidl_typesupport_c.dir/rosidl_typesupport_c/fwp_planner/msg/fused_enemy__type_support.cpp.o[0m
[ 52%] [32mBuilding CXX object CMakeFiles/fwp_planner__rosidl_typesupport_c.dir/rosidl_typesupport_c/fwp_planner/msg/team_broadcast__type_support.cpp.o[0m
[ 53%] [32m[1mLinking CXX shared library libfwp_planner__rosidl_typesupport_c.so[0m
[ 56%] [32mBuilding C object CMakeFiles/fwp_planner__rosidl_typesupport_introspection_c.dir/rosidl_typesupport_introspection_c/fwp_planner/msg/detail/fused_enemy__type_support.c.o[0m
[ 56%] [32mBuilding C object CMakeFiles/fwp_planner__rosidl_typesupport_introspection_c.dir/rosidl_typesupport_introspection_c/fwp_planner/msg/detail/dynamic_state__type_support.c.o[0m
[ 58%] [32mBuilding C object CMakeFiles/fwp_planner__rosidl_typesupport_introspection_c.dir/rosidl_typesupport_introspection_c/fwp_planner/msg/detail/fused_teammate__type_support.c.o[0m
[ 60%] [32mBuilding C object CMakeFiles/fwp_planner__rosidl_typesupport_introspection_c.dir/rosidl_typesupport_introspection_c/fwp_planner/msg/detail/team_broadcast__type_support.c.o[0m
[ 61%] [32mBuilding C object CMakeFiles/fwp_planner__rosidl_typesupport_introspection_c.dir/rosidl_typesupport_introspection_c/fwp_planner/msg/detail/team_multicast__type_support.c.o[0m
[ 63%] [32mBuilding CXX object CMakeFiles/fwp_planner__rosidl_typesupport_fastrtps_c.dir/rosidl_typesupport_fastrtps_c/fwp_planner/msg/detail/fused_teammate__type_support_c.cpp.o[0m
[ 66%] [32mBuilding CXX object CMakeFiles/fwp_planner__rosidl_typesupport_fastrtps_c.dir/rosidl_typesupport_fastrtps_c/fwp_planner/msg/detail/team_multicast__type_support_c.cpp.o[0m
[ 66%] [32mBuilding CXX object CMakeFiles/fwp_planner__rosidl_typesupport_fastrtps_c.dir/rosidl_typesupport_fastrtps_c/fwp_planner/msg/detail/fused_enemy__type_support_c.cpp.o[0m
[ 67%] [32mBuilding CXX object CMakeFiles/fwp_planner__rosidl_typesupport_fastrtps_c.dir/rosidl_typesupport_fastrtps_c/fwp_planner/msg/detail/dynamic_state__type_support_c.cpp.o[0m
[ 69%] [32mBuilding CXX object CMakeFiles/fwp_planner__rosidl_typesupport_fastrtps_c.dir/rosidl_typesupport_fastrtps_c/fwp_planner/msg/detail/team_broadcast__type_support_c.cpp.o[0m
[ 70%] [32m[1mLinking C shared library libfwp_planner__rosidl_typesupport_introspection_c.so[0m
[ 70%] Built target fwp_planner__rosidl_typesupport_c
[ 72%] [32m[1mLinking CXX shared library libfwp_planner__rosidl_typesupport_cpp.so[0m
[ 72%] Built target fwp_planner__rosidl_typesupport_introspection_c
[ 72%] Built target fwp_planner__rosidl_typesupport_cpp
[ 73%] [32mBuilding CXX object CMakeFiles/fw_logic_node.dir/src/fw_logic_node.cpp.o[0m
[ 75%] [32m[1mLinking CXX shared library libfwp_planner__rosidl_typesupport_introspection_cpp.so[0m
[ 76%] [32m[1mLinking CXX shared library libfwp_planner__rosidl_typesupport_fastrtps_cpp.so[0m
[ 78%] [32m[1mLinking CXX shared library libfwp_planner__rosidl_typesupport_fastrtps_c.so[0m
[ 78%] Built target fwp_planner__rosidl_typesupport_introspection_cpp
[ 78%] Built target fwp_planner__rosidl_typesupport_fastrtps_cpp
[ 78%] Built target fwp_planner__rosidl_typesupport_fastrtps_c
[ 78%] Built target fwp_planner
[ 80%] [34m[1mGenerating Python code for ROS interfaces[0m
[ 80%] Built target fwp_planner__py
[ 81%] [32mBuilding C object CMakeFiles/fwp_planner__rosidl_generator_py.dir/rosidl_generator_py/fwp_planner/msg/_dynamic_state_s.c.o[0m
[ 83%] [32mBuilding C object CMakeFiles/fwp_planner__rosidl_generator_py.dir/rosidl_generator_py/fwp_planner/msg/_fused_enemy_s.c.o[0m
[ 84%] [32mBuilding C object CMakeFiles/fwp_planner__rosidl_generator_py.dir/rosidl_generator_py/fwp_planner/msg/_team_multicast_s.c.o[0m
[ 86%] [32mBuilding C object CMakeFiles/fwp_planner__rosidl_generator_py.dir/rosidl_generator_py/fwp_planner/msg/_fused_teammate_s.c.o[0m
[ 87%] [32mBuilding C object CMakeFiles/fwp_planner__rosidl_generator_py.dir/rosidl_generator_py/fwp_planner/msg/_team_broadcast_s.c.o[0m
[ 89%] [32m[1mLinking C shared library rosidl_generator_py/fwp_planner/libfwp_planner__rosidl_generator_py.so[0m
[ 89%] Built target fwp_planner__rosidl_generator_py
[ 92%] [32mBuilding C object CMakeFiles/fwp_planner__rosidl_typesupport_introspection_c__pyext.dir/rosidl_generator_py/fwp_planner/_fwp_planner_s.ep.rosidl_typesupport_introspection_c.c.o[0m
[ 92%] [32mBuilding C object CMakeFiles/fwp_planner__rosidl_typesupport_fastrtps_c__pyext.dir/rosidl_generator_py/fwp_planner/_fwp_planner_s.ep.rosidl_typesupport_fastrtps_c.c.o[0m
[ 93%] [32mBuilding C object CMakeFiles/fwp_planner__rosidl_typesupport_c__pyext.dir/rosidl_generator_py/fwp_planner/_fwp_planner_s.ep.rosidl_typesupport_c.c.o[0m
[ 95%] [32m[1mLinking C shared library rosidl_generator_py/fwp_planner/fwp_planner_s__rosidl_typesupport_introspection_c.cpython-310-x86_64-linux-gnu.so[0m
[ 96%] [32m[1mLinking C shared library rosidl_generator_py/fwp_planner/fwp_planner_s__rosidl_typesupport_c.cpython-310-x86_64-linux-gnu.so[0m
[ 98%] [32m[1mLinking C shared library rosidl_generator_py/fwp_planner/fwp_planner_s__rosidl_typesupport_fastrtps_c.cpython-310-x86_64-linux-gnu.so[0m
[ 98%] Built target fwp_planner__rosidl_typesupport_fastrtps_c__pyext
[ 98%] Built target fwp_planner__rosidl_typesupport_c__pyext
[ 98%] Built target fwp_planner__rosidl_typesupport_introspection_c__pyext
[100%] [32m[1mLinking CXX executable fw_logic_node[0m
[100%] Built target fw_logic_node
-- Install configuration: ""
-- Execute custom install script
-- Symlinking: /home/tong/Projects/SwarmCombat/install/fwp_planner/share/ament_index/resource_index/rosidl_interfaces/fwp_planner
-- Symlinking: /home/tong/Projects/SwarmCombat/install/fwp_planner/include/fwp_planner/fwp_planner/msg/detail/dynamic_state__functions.h
-- Symlinking: /home/tong/Projects/SwarmCombat/install/fwp_planner/include/fwp_planner/fwp_planner/msg/detail/dynamic_state__struct.h
-- Symlinking: /home/tong/Projects/SwarmCombat/install/fwp_planner/include/fwp_planner/fwp_planner/msg/detail/dynamic_state__type_support.h
-- Symlinking: /home/tong/Projects/SwarmCombat/install/fwp_planner/include/fwp_planner/fwp_planner/msg/detail/fused_enemy__functions.h
-- Symlinking: /home/tong/Projects/SwarmCombat/install/fwp_planner/include/fwp_planner/fwp_planner/msg/detail/fused_enemy__struct.h
-- Symlinking: /home/tong/Projects/SwarmCombat/install/fwp_planner/include/fwp_planner/fwp_planner/msg/detail/fused_enemy__type_support.h
-- Symlinking: /home/tong/Projects/SwarmCombat/install/fwp_planner/include/fwp_planner/fwp_planner/msg/detail/fused_teammate__functions.h
-- Symlinking: /home/tong/Projects/SwarmCombat/install/fwp_planner/include/fwp_planner/fwp_planner/msg/detail/fused_teammate__struct.h
-- Symlinking: /home/tong/Projects/SwarmCombat/install/fwp_planner/include/fwp_planner/fwp_planner/msg/detail/fused_teammate__type_support.h
-- Symlinking: /home/tong/Projects/SwarmCombat/install/fwp_planner/include/fwp_planner/fwp_planner/msg/detail/team_broadcast__functions.h
-- Symlinking: /home/tong/Projects/SwarmCombat/install/fwp_planner/include/fwp_planner/fwp_planner/msg/detail/team_broadcast__struct.h
-- Symlinking: /home/tong/Projects/SwarmCombat/install/fwp_planner/include/fwp_planner/fwp_planner/msg/detail/team_broadcast__type_support.h
-- Symlinking: /home/tong/Projects/SwarmCombat/install/fwp_planner/include/fwp_planner/fwp_planner/msg/detail/team_multicast__functions.h
-- Symlinking: /home/tong/Projects/SwarmCombat/install/fwp_planner/include/fwp_planner/fwp_planner/msg/detail/team_multicast__struct.h
-- Symlinking: /home/tong/Projects/SwarmCombat/install/fwp_planner/include/fwp_planner/fwp_planner/msg/detail/team_multicast__type_support.h
-- Symlinking: /home/tong/Projects/SwarmCombat/install/fwp_planner/include/fwp_planner/fwp_planner/msg/dynamic_state.h
-- Symlinking: /home/tong/Projects/SwarmCombat/install/fwp_planner/include/fwp_planner/fwp_planner/msg/fused_enemy.h
-- Symlinking: /home/tong/Projects/SwarmCombat/install/fwp_planner/include/fwp_planner/fwp_planner/msg/fused_teammate.h
-- Symlinking: /home/tong/Projects/SwarmCombat/install/fwp_planner/include/fwp_planner/fwp_planner/msg/rosidl_generator_c__visibility_control.h
-- Symlinking: /home/tong/Projects/SwarmCombat/install/fwp_planner/include/fwp_planner/fwp_planner/msg/team_broadcast.h
-- Symlinking: /home/tong/Projects/SwarmCombat/install/fwp_planner/include/fwp_planner/fwp_planner/msg/team_multicast.h
-- Symlinking: /home/tong/Projects/SwarmCombat/install/fwp_planner/share/fwp_planner/environment/library_path.sh
-- Symlinking: /home/tong/Projects/SwarmCombat/install/fwp_planner/share/fwp_planner/environment/library_path.dsv
-- Symlinking: /home/tong/Projects/SwarmCombat/install/fwp_planner/include/fwp_planner/fwp_planner/msg/detail/dynamic_state__rosidl_typesupport_fastrtps_c.h
-- Symlinking: /home/tong/Projects/SwarmCombat/install/fwp_planner/include/fwp_planner/fwp_planner/msg/detail/fused_enemy__rosidl_typesupport_fastrtps_c.h
-- Symlinking: /home/tong/Projects/SwarmCombat/install/fwp_planner/include/fwp_planner/fwp_planner/msg/detail/fused_teammate__rosidl_typesupport_fastrtps_c.h
-- Symlinking: /home/tong/Projects/SwarmCombat/install/fwp_planner/include/fwp_planner/fwp_planner/msg/detail/team_broadcast__rosidl_typesupport_fastrtps_c.h
-- Symlinking: /home/tong/Projects/SwarmCombat/install/fwp_planner/include/fwp_planner/fwp_planner/msg/detail/team_multicast__rosidl_typesupport_fastrtps_c.h
-- Symlinking: /home/tong/Projects/SwarmCombat/install/fwp_planner/include/fwp_planner/fwp_planner/msg/rosidl_typesupport_fastrtps_c__visibility_control.h
-- Symlinking: /home/tong/Projects/SwarmCombat/install/fwp_planner/include/fwp_planner/fwp_planner/msg/detail/dynamic_state__builder.hpp
-- Symlinking: /home/tong/Projects/SwarmCombat/install/fwp_planner/include/fwp_planner/fwp_planner/msg/detail/dynamic_state__struct.hpp
-- Symlinking: /home/tong/Projects/SwarmCombat/install/fwp_planner/include/fwp_planner/fwp_planner/msg/detail/dynamic_state__traits.hpp
-- Symlinking: /home/tong/Projects/SwarmCombat/install/fwp_planner/include/fwp_planner/fwp_planner/msg/detail/dynamic_state__type_support.hpp
-- Symlinking: /home/tong/Projects/SwarmCombat/install/fwp_planner/include/fwp_planner/fwp_planner/msg/detail/fused_enemy__builder.hpp
-- Symlinking: /home/tong/Projects/SwarmCombat/install/fwp_planner/include/fwp_planner/fwp_planner/msg/detail/fused_enemy__struct.hpp
-- Symlinking: /home/tong/Projects/SwarmCombat/install/fwp_planner/include/fwp_planner/fwp_planner/msg/detail/fused_enemy__traits.hpp
-- Symlinking: /home/tong/Projects/SwarmCombat/install/fwp_planner/include/fwp_planner/fwp_planner/msg/detail/fused_enemy__type_support.hpp
-- Symlinking: /home/tong/Projects/SwarmCombat/install/fwp_planner/include/fwp_planner/fwp_planner/msg/detail/fused_teammate__builder.hpp
-- Symlinking: /home/tong/Projects/SwarmCombat/install/fwp_planner/include/fwp_planner/fwp_planner/msg/detail/fused_teammate__struct.hpp
-- Symlinking: /home/tong/Projects/SwarmCombat/install/fwp_planner/include/fwp_planner/fwp_planner/msg/detail/fused_teammate__traits.hpp
-- Symlinking: /home/tong/Projects/SwarmCombat/install/fwp_planner/include/fwp_planner/fwp_planner/msg/detail/fused_teammate__type_support.hpp
-- Symlinking: /home/tong/Projects/SwarmCombat/install/fwp_planner/include/fwp_planner/fwp_planner/msg/detail/team_broadcast__builder.hpp
-- Symlinking: /home/tong/Projects/SwarmCombat/install/fwp_planner/include/fwp_planner/fwp_planner/msg/detail/team_broadcast__struct.hpp
-- Symlinking: /home/tong/Projects/SwarmCombat/install/fwp_planner/include/fwp_planner/fwp_planner/msg/detail/team_broadcast__traits.hpp
-- Symlinking: /home/tong/Projects/SwarmCombat/install/fwp_planner/include/fwp_planner/fwp_planner/msg/detail/team_broadcast__type_support.hpp
-- Symlinking: /home/tong/Projects/SwarmCombat/install/fwp_planner/include/fwp_planner/fwp_planner/msg/detail/team_multicast__builder.hpp
-- Symlinking: /home/tong/Projects/SwarmCombat/install/fwp_planner/include/fwp_planner/fwp_planner/msg/detail/team_multicast__struct.hpp
-- Symlinking: /home/tong/Projects/SwarmCombat/install/fwp_planner/include/fwp_planner/fwp_planner/msg/detail/team_multicast__traits.hpp
-- Symlinking: /home/tong/Projects/SwarmCombat/install/fwp_planner/include/fwp_planner/fwp_planner/msg/detail/team_multicast__type_support.hpp
-- Symlinking: /home/tong/Projects/SwarmCombat/install/fwp_planner/include/fwp_planner/fwp_planner/msg/dynamic_state.hpp
-- Symlinking: /home/tong/Projects/SwarmCombat/install/fwp_planner/include/fwp_planner/fwp_planner/msg/fused_enemy.hpp
-- Symlinking: /home/tong/Projects/SwarmCombat/install/fwp_planner/include/fwp_planner/fwp_planner/msg/fused_teammate.hpp
-- Symlinking: /home/tong/Projects/SwarmCombat/install/fwp_planner/include/fwp_planner/fwp_planner/msg/rosidl_generator_cpp__visibility_control.hpp
-- Symlinking: /home/tong/Projects/SwarmCombat/install/fwp_planner/include/fwp_planner/fwp_planner/msg/team_broadcast.hpp
-- Symlinking: /home/tong/Projects/SwarmCombat/install/fwp_planner/include/fwp_planner/fwp_planner/msg/team_multicast.hpp
-- Symlinking: /home/tong/Projects/SwarmCombat/install/fwp_planner/include/fwp_planner/fwp_planner/msg/detail/dynamic_state__rosidl_typesupport_fastrtps_cpp.hpp
-- Symlinking: /home/tong/Projects/SwarmCombat/install/fwp_planner/include/fwp_planner/fwp_planner/msg/detail/fused_enemy__rosidl_typesupport_fastrtps_cpp.hpp
-- Symlinking: /home/tong/Projects/SwarmCombat/install/fwp_planner/include/fwp_planner/fwp_planner/msg/detail/fused_teammate__rosidl_typesupport_fastrtps_cpp.hpp
-- Symlinking: /home/tong/Projects/SwarmCombat/install/fwp_planner/include/fwp_planner/fwp_planner/msg/detail/team_broadcast__rosidl_typesupport_fastrtps_cpp.hpp
-- Symlinking: /home/tong/Projects/SwarmCombat/install/fwp_planner/include/fwp_planner/fwp_planner/msg/detail/team_multicast__rosidl_typesupport_fastrtps_cpp.hpp
-- Symlinking: /home/tong/Projects/SwarmCombat/install/fwp_planner/include/fwp_planner/fwp_planner/msg/rosidl_typesupport_fastrtps_cpp__visibility_control.h
-- Symlinking: /home/tong/Projects/SwarmCombat/install/fwp_planner/include/fwp_planner/fwp_planner/msg/detail/dynamic_state__rosidl_typesupport_introspection_c.h
-- Symlinking: /home/tong/Projects/SwarmCombat/install/fwp_planner/include/fwp_planner/fwp_planner/msg/detail/fused_enemy__rosidl_typesupport_introspection_c.h
-- Symlinking: /home/tong/Projects/SwarmCombat/install/fwp_planner/include/fwp_planner/fwp_planner/msg/detail/fused_teammate__rosidl_typesupport_introspection_c.h
-- Symlinking: /home/tong/Projects/SwarmCombat/install/fwp_planner/include/fwp_planner/fwp_planner/msg/detail/team_broadcast__rosidl_typesupport_introspection_c.h
-- Symlinking: /home/tong/Projects/SwarmCombat/install/fwp_planner/include/fwp_planner/fwp_planner/msg/detail/team_multicast__rosidl_typesupport_introspection_c.h
-- Symlinking: /home/tong/Projects/SwarmCombat/install/fwp_planner/include/fwp_planner/fwp_planner/msg/rosidl_typesupport_introspection_c__visibility_control.h
-- Symlinking: /home/tong/Projects/SwarmCombat/install/fwp_planner/include/fwp_planner/fwp_planner/msg/detail/dynamic_state__rosidl_typesupport_introspection_cpp.hpp
-- Symlinking: /home/tong/Projects/SwarmCombat/install/fwp_planner/include/fwp_planner/fwp_planner/msg/detail/fused_enemy__rosidl_typesupport_introspection_cpp.hpp
-- Symlinking: /home/tong/Projects/SwarmCombat/install/fwp_planner/include/fwp_planner/fwp_planner/msg/detail/fused_teammate__rosidl_typesupport_introspection_cpp.hpp
-- Symlinking: /home/tong/Projects/SwarmCombat/install/fwp_planner/include/fwp_planner/fwp_planner/msg/detail/team_broadcast__rosidl_typesupport_introspection_cpp.hpp
-- Symlinking: /home/tong/Projects/SwarmCombat/install/fwp_planner/include/fwp_planner/fwp_planner/msg/detail/team_multicast__rosidl_typesupport_introspection_cpp.hpp
-- Symlinking: /home/tong/Projects/SwarmCombat/install/fwp_planner/share/fwp_planner/environment/pythonpath.sh
-- Symlinking: /home/tong/Projects/SwarmCombat/install/fwp_planner/share/fwp_planner/environment/pythonpath.dsv
-- Symlinking: /home/tong/Projects/SwarmCombat/install/fwp_planner/local/lib/python3.10/dist-packages/fwp_planner-0.1.0-py3.10.egg-info/PKG-INFO
-- Symlinking: /home/tong/Projects/SwarmCombat/install/fwp_planner/local/lib/python3.10/dist-packages/fwp_planner-0.1.0-py3.10.egg-info/SOURCES.txt
-- Symlinking: /home/tong/Projects/SwarmCombat/install/fwp_planner/local/lib/python3.10/dist-packages/fwp_planner-0.1.0-py3.10.egg-info/dependency_links.txt
-- Symlinking: /home/tong/Projects/SwarmCombat/install/fwp_planner/local/lib/python3.10/dist-packages/fwp_planner-0.1.0-py3.10.egg-info/top_level.txt
-- Symlinking: /home/tong/Projects/SwarmCombat/install/fwp_planner/local/lib/python3.10/dist-packages/fwp_planner/__init__.py
-- Symlinking: /home/tong/Projects/SwarmCombat/install/fwp_planner/local/lib/python3.10/dist-packages/fwp_planner/_fwp_planner_s.ep.rosidl_typesupport_c.c
-- Symlinking: /home/tong/Projects/SwarmCombat/install/fwp_planner/local/lib/python3.10/dist-packages/fwp_planner/_fwp_planner_s.ep.rosidl_typesupport_fastrtps_c.c
-- Symlinking: /home/tong/Projects/SwarmCombat/install/fwp_planner/local/lib/python3.10/dist-packages/fwp_planner/_fwp_planner_s.ep.rosidl_typesupport_introspection_c.c
-- Symlinking: /home/tong/Projects/SwarmCombat/install/fwp_planner/local/lib/python3.10/dist-packages/fwp_planner/fwp_planner_s__rosidl_typesupport_c.cpython-310-x86_64-linux-gnu.so
-- Symlinking: /home/tong/Projects/SwarmCombat/install/fwp_planner/local/lib/python3.10/dist-packages/fwp_planner/fwp_planner_s__rosidl_typesupport_fastrtps_c.cpython-310-x86_64-linux-gnu.so
-- Symlinking: /home/tong/Projects/SwarmCombat/install/fwp_planner/local/lib/python3.10/dist-packages/fwp_planner/fwp_planner_s__rosidl_typesupport_introspection_c.cpython-310-x86_64-linux-gnu.so
-- Symlinking: /home/tong/Projects/SwarmCombat/install/fwp_planner/local/lib/python3.10/dist-packages/fwp_planner/libfwp_planner__rosidl_generator_py.so
-- Symlinking: /home/tong/Projects/SwarmCombat/install/fwp_planner/local/lib/python3.10/dist-packages/fwp_planner/msg/__init__.py
-- Symlinking: /home/tong/Projects/SwarmCombat/install/fwp_planner/local/lib/python3.10/dist-packages/fwp_planner/msg/_dynamic_state.py
-- Symlinking: /home/tong/Projects/SwarmCombat/install/fwp_planner/local/lib/python3.10/dist-packages/fwp_planner/msg/_dynamic_state_s.c
-- Symlinking: /home/tong/Projects/SwarmCombat/install/fwp_planner/local/lib/python3.10/dist-packages/fwp_planner/msg/_fused_enemy.py
-- Symlinking: /home/tong/Projects/SwarmCombat/install/fwp_planner/local/lib/python3.10/dist-packages/fwp_planner/msg/_fused_enemy_s.c
-- Symlinking: /home/tong/Projects/SwarmCombat/install/fwp_planner/local/lib/python3.10/dist-packages/fwp_planner/msg/_fused_teammate.py
-- Symlinking: /home/tong/Projects/SwarmCombat/install/fwp_planner/local/lib/python3.10/dist-packages/fwp_planner/msg/_fused_teammate_s.c
-- Symlinking: /home/tong/Projects/SwarmCombat/install/fwp_planner/local/lib/python3.10/dist-packages/fwp_planner/msg/_team_broadcast.py
-- Symlinking: /home/tong/Projects/SwarmCombat/install/fwp_planner/local/lib/python3.10/dist-packages/fwp_planner/msg/_team_broadcast_s.c
-- Symlinking: /home/tong/Projects/SwarmCombat/install/fwp_planner/local/lib/python3.10/dist-packages/fwp_planner/msg/_team_multicast.py
-- Symlinking: /home/tong/Projects/SwarmCombat/install/fwp_planner/local/lib/python3.10/dist-packages/fwp_planner/msg/_team_multicast_s.c
-- Up-to-date symlink: /home/tong/Projects/SwarmCombat/install/fwp_planner/local/lib/python3.10/dist-packages/fwp_planner/fwp_planner_s__rosidl_typesupport_fastrtps_c.cpython-310-x86_64-linux-gnu.so
-- Up-to-date symlink: /home/tong/Projects/SwarmCombat/install/fwp_planner/local/lib/python3.10/dist-packages/fwp_planner/fwp_planner_s__rosidl_typesupport_introspection_c.cpython-310-x86_64-linux-gnu.so
-- Up-to-date symlink: /home/tong/Projects/SwarmCombat/install/fwp_planner/local/lib/python3.10/dist-packages/fwp_planner/fwp_planner_s__rosidl_typesupport_c.cpython-310-x86_64-linux-gnu.so
-- Symlinking: /home/tong/Projects/SwarmCombat/install/fwp_planner/share/fwp_planner/msg/DynamicState.idl
-- Symlinking: /home/tong/Projects/SwarmCombat/install/fwp_planner/share/fwp_planner/msg/FusedEnemy.idl
-- Symlinking: /home/tong/Projects/SwarmCombat/install/fwp_planner/share/fwp_planner/msg/FusedTeammate.idl
-- Symlinking: /home/tong/Projects/SwarmCombat/install/fwp_planner/share/fwp_planner/msg/TeamBroadcast.idl
-- Symlinking: /home/tong/Projects/SwarmCombat/install/fwp_planner/share/fwp_planner/msg/TeamMulticast.idl
-- Symlinking: /home/tong/Projects/SwarmCombat/install/fwp_planner/share/fwp_planner/msg/DynamicState.msg
-- Symlinking: /home/tong/Projects/SwarmCombat/install/fwp_planner/share/fwp_planner/msg/FusedEnemy.msg
-- Symlinking: /home/tong/Projects/SwarmCombat/install/fwp_planner/share/fwp_planner/msg/FusedTeammate.msg
-- Symlinking: /home/tong/Projects/SwarmCombat/install/fwp_planner/share/fwp_planner/msg/TeamBroadcast.msg
-- Symlinking: /home/tong/Projects/SwarmCombat/install/fwp_planner/share/fwp_planner/msg/TeamMulticast.msg
-- Symlinking: /home/tong/Projects/SwarmCombat/install/fwp_planner/lib/fwp_planner/fw_logic_node
-- Symlinking: /home/tong/Projects/SwarmCombat/install/fwp_planner/include/fw_plane_sim/fw_plane_visualizer.hpp
-- Symlinking: /home/tong/Projects/SwarmCombat/install/fwp_planner/include/fw_plane_sim/fw_sim/fw_driver_sim.hpp
-- Symlinking: /home/tong/Projects/SwarmCombat/install/fwp_planner/include/fw_plane_sim/fw_sim/fw_sim_node.hpp
-- Symlinking: /home/tong/Projects/SwarmCombat/install/fwp_planner/share/ament_index/resource_index/package_run_dependencies/fwp_planner
-- Symlinking: /home/tong/Projects/SwarmCombat/install/fwp_planner/share/ament_index/resource_index/parent_prefix_path/fwp_planner
-- Symlinking: /home/tong/Projects/SwarmCombat/install/fwp_planner/share/fwp_planner/environment/ament_prefix_path.sh
-- Symlinking: /home/tong/Projects/SwarmCombat/install/fwp_planner/share/fwp_planner/environment/ament_prefix_path.dsv
-- Symlinking: /home/tong/Projects/SwarmCombat/install/fwp_planner/share/fwp_planner/environment/path.sh
-- Symlinking: /home/tong/Projects/SwarmCombat/install/fwp_planner/share/fwp_planner/environment/path.dsv
-- Symlinking: /home/tong/Projects/SwarmCombat/install/fwp_planner/share/fwp_planner/local_setup.bash
-- Symlinking: /home/tong/Projects/SwarmCombat/install/fwp_planner/share/fwp_planner/local_setup.sh
-- Symlinking: /home/tong/Projects/SwarmCombat/install/fwp_planner/share/fwp_planner/local_setup.zsh
-- Symlinking: /home/tong/Projects/SwarmCombat/install/fwp_planner/share/fwp_planner/local_setup.dsv
-- Symlinking: /home/tong/Projects/SwarmCombat/install/fwp_planner/share/fwp_planner/package.dsv
-- Symlinking: /home/tong/Projects/SwarmCombat/install/fwp_planner/share/ament_index/resource_index/packages/fwp_planner
-- Symlinking: /home/tong/Projects/SwarmCombat/install/fwp_planner/share/fwp_planner/cmake/rosidl_cmake-extras.cmake
-- Symlinking: /home/tong/Projects/SwarmCombat/install/fwp_planner/share/fwp_planner/cmake/ament_cmake_export_dependencies-extras.cmake
-- Symlinking: /home/tong/Projects/SwarmCombat/install/fwp_planner/share/fwp_planner/cmake/ament_cmake_export_include_directories-extras.cmake
-- Symlinking: /home/tong/Projects/SwarmCombat/install/fwp_planner/share/fwp_planner/cmake/ament_cmake_export_libraries-extras.cmake
-- Symlinking: /home/tong/Projects/SwarmCombat/install/fwp_planner/share/fwp_planner/cmake/ament_cmake_export_targets-extras.cmake
-- Symlinking: /home/tong/Projects/SwarmCombat/install/fwp_planner/share/fwp_planner/cmake/rosidl_cmake_export_typesupport_targets-extras.cmake
-- Symlinking: /home/tong/Projects/SwarmCombat/install/fwp_planner/share/fwp_planner/cmake/rosidl_cmake_export_typesupport_libraries-extras.cmake
-- Symlinking: /home/tong/Projects/SwarmCombat/install/fwp_planner/share/fwp_planner/cmake/fwp_plannerConfig.cmake
-- Symlinking: /home/tong/Projects/SwarmCombat/install/fwp_planner/share/fwp_planner/cmake/fwp_plannerConfig-version.cmake
-- Symlinking: /home/tong/Projects/SwarmCombat/install/fwp_planner/share/fwp_planner/package.xml
-- Installing: /home/tong/Projects/SwarmCombat/install/fwp_planner/lib/libfwp_planner__rosidl_generator_c.so
-- Set runtime path of "/home/tong/Projects/SwarmCombat/install/fwp_planner/lib/libfwp_planner__rosidl_generator_c.so" to ""
-- Installing: /home/tong/Projects/SwarmCombat/install/fwp_planner/lib/libfwp_planner__rosidl_typesupport_fastrtps_c.so
-- Set runtime path of "/home/tong/Projects/SwarmCombat/install/fwp_planner/lib/libfwp_planner__rosidl_typesupport_fastrtps_c.so" to ""
-- Installing: /home/tong/Projects/SwarmCombat/install/fwp_planner/lib/libfwp_planner__rosidl_typesupport_fastrtps_cpp.so
-- Set runtime path of "/home/tong/Projects/SwarmCombat/install/fwp_planner/lib/libfwp_planner__rosidl_typesupport_fastrtps_cpp.so" to ""
-- Installing: /home/tong/Projects/SwarmCombat/install/fwp_planner/lib/libfwp_planner__rosidl_typesupport_introspection_c.so
-- Set runtime path of "/home/tong/Projects/SwarmCombat/install/fwp_planner/lib/libfwp_planner__rosidl_typesupport_introspection_c.so" to ""
-- Installing: /home/tong/Projects/SwarmCombat/install/fwp_planner/lib/libfwp_planner__rosidl_typesupport_c.so
-- Set runtime path of "/home/tong/Projects/SwarmCombat/install/fwp_planner/lib/libfwp_planner__rosidl_typesupport_c.so" to ""
-- Installing: /home/tong/Projects/SwarmCombat/install/fwp_planner/lib/libfwp_planner__rosidl_typesupport_introspection_cpp.so
-- Set runtime path of "/home/tong/Projects/SwarmCombat/install/fwp_planner/lib/libfwp_planner__rosidl_typesupport_introspection_cpp.so" to ""
-- Installing: /home/tong/Projects/SwarmCombat/install/fwp_planner/lib/libfwp_planner__rosidl_typesupport_cpp.so
-- Set runtime path of "/home/tong/Projects/SwarmCombat/install/fwp_planner/lib/libfwp_planner__rosidl_typesupport_cpp.so" to ""
Listing '/home/tong/Projects/SwarmCombat/install/fwp_planner/local/lib/python3.10/dist-packages/fwp_planner'...
Compiling '/home/tong/Projects/SwarmCombat/install/fwp_planner/local/lib/python3.10/dist-packages/fwp_planner/__init__.py'...
Listing '/home/tong/Projects/SwarmCombat/install/fwp_planner/local/lib/python3.10/dist-packages/fwp_planner/msg'...
Compiling '/home/tong/Projects/SwarmCombat/install/fwp_planner/local/lib/python3.10/dist-packages/fwp_planner/msg/__init__.py'...
Compiling '/home/tong/Projects/SwarmCombat/install/fwp_planner/local/lib/python3.10/dist-packages/fwp_planner/msg/_dynamic_state.py'...
Compiling '/home/tong/Projects/SwarmCombat/install/fwp_planner/local/lib/python3.10/dist-packages/fwp_planner/msg/_fused_enemy.py'...
Compiling '/home/tong/Projects/SwarmCombat/install/fwp_planner/local/lib/python3.10/dist-packages/fwp_planner/msg/_fused_teammate.py'...
Compiling '/home/tong/Projects/SwarmCombat/install/fwp_planner/local/lib/python3.10/dist-packages/fwp_planner/msg/_team_broadcast.py'...
Compiling '/home/tong/Projects/SwarmCombat/install/fwp_planner/local/lib/python3.10/dist-packages/fwp_planner/msg/_team_multicast.py'...
-- Installing: /home/tong/Projects/SwarmCombat/install/fwp_planner/lib/libfwp_planner__rosidl_generator_py.so
-- Set runtime path of "/home/tong/Projects/SwarmCombat/install/fwp_planner/lib/libfwp_planner__rosidl_generator_py.so" to ""
-- Installing: /home/tong/Projects/SwarmCombat/install/fwp_planner/share/fwp_planner/cmake/export_fwp_planner__rosidl_generator_cExport.cmake
-- Installing: /home/tong/Projects/SwarmCombat/install/fwp_planner/share/fwp_planner/cmake/export_fwp_planner__rosidl_generator_cExport-noconfig.cmake
-- Installing: /home/tong/Projects/SwarmCombat/install/fwp_planner/share/fwp_planner/cmake/export_fwp_planner__rosidl_typesupport_fastrtps_cExport.cmake
-- Installing: /home/tong/Projects/SwarmCombat/install/fwp_planner/share/fwp_planner/cmake/export_fwp_planner__rosidl_typesupport_fastrtps_cExport-noconfig.cmake
-- Installing: /home/tong/Projects/SwarmCombat/install/fwp_planner/share/fwp_planner/cmake/export_fwp_planner__rosidl_generator_cppExport.cmake
-- Installing: /home/tong/Projects/SwarmCombat/install/fwp_planner/share/fwp_planner/cmake/export_fwp_planner__rosidl_typesupport_fastrtps_cppExport.cmake
-- Installing: /home/tong/Projects/SwarmCombat/install/fwp_planner/share/fwp_planner/cmake/export_fwp_planner__rosidl_typesupport_fastrtps_cppExport-noconfig.cmake
-- Installing: /home/tong/Projects/SwarmCombat/install/fwp_planner/share/fwp_planner/cmake/fwp_planner__rosidl_typesupport_introspection_cExport.cmake
-- Installing: /home/tong/Projects/SwarmCombat/install/fwp_planner/share/fwp_planner/cmake/fwp_planner__rosidl_typesupport_introspection_cExport-noconfig.cmake
-- Installing: /home/tong/Projects/SwarmCombat/install/fwp_planner/share/fwp_planner/cmake/fwp_planner__rosidl_typesupport_cExport.cmake
-- Installing: /home/tong/Projects/SwarmCombat/install/fwp_planner/share/fwp_planner/cmake/fwp_planner__rosidl_typesupport_cExport-noconfig.cmake
-- Installing: /home/tong/Projects/SwarmCombat/install/fwp_planner/share/fwp_planner/cmake/fwp_planner__rosidl_typesupport_introspection_cppExport.cmake
-- Installing: /home/tong/Projects/SwarmCombat/install/fwp_planner/share/fwp_planner/cmake/fwp_planner__rosidl_typesupport_introspection_cppExport-noconfig.cmake
-- Installing: /home/tong/Projects/SwarmCombat/install/fwp_planner/share/fwp_planner/cmake/fwp_planner__rosidl_typesupport_cppExport.cmake
-- Installing: /home/tong/Projects/SwarmCombat/install/fwp_planner/share/fwp_planner/cmake/fwp_planner__rosidl_typesupport_cppExport-noconfig.cmake
-- Installing: /home/tong/Projects/SwarmCombat/install/fwp_planner/share/fwp_planner/cmake/export_fwp_planner__rosidl_generator_pyExport.cmake
-- Installing: /home/tong/Projects/SwarmCombat/install/fwp_planner/share/fwp_planner/cmake/export_fwp_planner__rosidl_generator_pyExport-noconfig.cmake
