[0.149s] Invoking command in '/home/tong/Projects/SwarmCombat/build/fwp_planner': AMENT_PREFIX_PATH=/home/tong/Projects/SwarmCombat/install/sim_msgs:${AMENT_PREFIX_PATH} CMAKE_PREFIX_PATH=/home/tong/Projects/SwarmCombat/install/sim_msgs:/home/tong/Projects/SwarmCombat/install/fwp_planner:/home/tong/Projects/SwarmCombat/install/fw_plane:/home/tong/Projects/SwarmCombat/install/sim_clock:/home/tong/Projects/SwarmCombat/install/scripts:/opt/ros/humble LD_LIBRARY_PATH=/home/tong/Projects/SwarmCombat/install/sim_msgs/lib:/home/tong/Projects/SwarmCombat/install/fwp_planner/lib:/home/tong/Projects/SwarmCombat/install/sim_clock/lib:/usr/local/cuda/lib64:/usr/local/cuda/lib64:/opt/ros/humble/opt/rviz_ogre_vendor/lib:/opt/ros/humble/lib/x86_64-linux-gnu:/opt/ros/humble/lib PYTHONPATH=/home/tong/Projects/SwarmCombat/install/sim_msgs/local/lib/python3.10/dist-packages:${PYTHONPATH} /usr/bin/cmake /home/tong/Projects/SwarmCombat/src/autopilot/fwp_planner -DAMENT_CMAKE_SYMLINK_INSTALL=1 -DCMAKE_INSTALL_PREFIX=/home/tong/Projects/SwarmCombat/install/fwp_planner
[0.247s] -- The C compiler identification is GNU 11.4.0
[0.420s] -- The CXX compiler identification is GNU 11.4.0
[0.569s] -- Detecting C compiler ABI info
[0.647s] -- Detecting C compiler ABI info - done
[0.653s] -- Check for working C compiler: /usr/bin/cc - skipped
[0.653s] -- Detecting C compile features
[0.653s] -- Detecting C compile features - done
[0.656s] -- Detecting CXX compiler ABI info
[0.809s] -- Detecting CXX compiler ABI info - done
[0.816s] -- Check for working CXX compiler: /usr/bin/c++ - skipped
[0.816s] -- Detecting CXX compile features
[0.816s] -- Detecting CXX compile features - done
[0.818s] -- Found ament_cmake: 1.3.12 (/opt/ros/humble/share/ament_cmake/cmake)
[0.960s] -- Found Python3: /usr/bin/python3 (found version "3.10.12") found components: Interpreter 
[1.017s] -- Override CMake install command with custom implementation using symlinks instead of copying resources
[1.040s] -- Found rclcpp: 16.0.14 (/opt/ros/humble/share/rclcpp/cmake)
[1.165s] -- Found rosidl_generator_c: 3.1.7 (/opt/ros/humble/share/rosidl_generator_c/cmake)
[1.169s] -- Found rosidl_adapter: 3.1.7 (/opt/ros/humble/share/rosidl_adapter/cmake)
[1.176s] -- Found rosidl_generator_cpp: 3.1.7 (/opt/ros/humble/share/rosidl_generator_cpp/cmake)
[1.186s] -- Using all available rosidl_typesupport_c: rosidl_typesupport_fastrtps_c;rosidl_typesupport_introspection_c
[1.200s] -- Using all available rosidl_typesupport_cpp: rosidl_typesupport_fastrtps_cpp;rosidl_typesupport_introspection_cpp
[1.237s] -- Found rmw_implementation_cmake: 6.1.2 (/opt/ros/humble/share/rmw_implementation_cmake/cmake)
[1.239s] -- Found rmw_fastrtps_cpp: 6.2.8 (/opt/ros/humble/share/rmw_fastrtps_cpp/cmake)
[1.712s] -- Found OpenSSL: /usr/lib/x86_64-linux-gnu/libcrypto.so (found version "3.0.2")  
[2.291s] -- Found FastRTPS: /opt/ros/humble/include  
[2.993s] -- Using RMW implementation 'rmw_fastrtps_cpp' as default
[3.000s] -- Looking for pthread.h
[3.122s] -- Looking for pthread.h - found
[3.122s] -- Performing Test CMAKE_HAVE_LIBC_PTHREAD
[3.247s] -- Performing Test CMAKE_HAVE_LIBC_PTHREAD - Success
[3.249s] -- Found Threads: TRUE  
[3.300s] -- Found geometry_msgs: 4.9.0 (/opt/ros/humble/share/geometry_msgs/cmake)
[3.313s] -- Found nav_msgs: 4.9.0 (/opt/ros/humble/share/nav_msgs/cmake)
[3.343s] -- Found tf2: 0.25.15 (/opt/ros/humble/share/tf2/cmake)
[3.357s] -- Found tf2_geometry_msgs: 0.25.15 (/opt/ros/humble/share/tf2_geometry_msgs/cmake)
[3.412s] -- Found eigen3_cmake_module: 0.1.1 (/opt/ros/humble/share/eigen3_cmake_module/cmake)
[3.414s] -- Found Eigen3: TRUE (found version "3.4.0") 
[3.414s] -- Ensuring Eigen3 include directory is part of orocos-kdl CMake target
[3.560s] -- Found sim_msgs: 0.1.0 (/home/tong/Projects/SwarmCombat/install/sim_msgs/share/sim_msgs/cmake)
[3.575s] -- Found rosidl_default_generators: 1.2.0 (/opt/ros/humble/share/rosidl_default_generators/cmake)
[3.907s] -- Found ament_cmake_ros: 0.10.0 (/opt/ros/humble/share/ament_cmake_ros/cmake)
[4.362s] -- Using all available rosidl_typesupport_c: rosidl_typesupport_fastrtps_c;rosidl_typesupport_introspection_c
[4.537s] -- Using all available rosidl_typesupport_cpp: rosidl_typesupport_fastrtps_cpp;rosidl_typesupport_introspection_cpp
[4.660s] -- Found PythonInterp: /usr/bin/python3 (found suitable version "3.10.12", minimum required is "3.6") 
[4.661s] -- Found python_cmake_module: 0.10.0 (/opt/ros/humble/share/python_cmake_module/cmake)
[5.004s] -- Found PythonLibs: /usr/lib/x86_64-linux-gnu/libpython3.10.so (found suitable version "3.10.12", minimum required is "3.5") 
[5.004s] -- Using PYTHON_EXECUTABLE: /usr/bin/python3
[5.004s] -- Using PYTHON_INCLUDE_DIRS: /usr/include/python3.10
[5.004s] -- Using PYTHON_LIBRARIES: /usr/lib/x86_64-linux-gnu/libpython3.10.so
[5.028s] -- Found PythonExtra: .so  
[5.144s] -- Configuring done
[5.213s] -- Generating done
[5.230s] -- Build files have been written to: /home/tong/Projects/SwarmCombat/build/fwp_planner
[5.243s] Invoked command in '/home/tong/Projects/SwarmCombat/build/fwp_planner' returned '0': AMENT_PREFIX_PATH=/home/tong/Projects/SwarmCombat/install/sim_msgs:${AMENT_PREFIX_PATH} CMAKE_PREFIX_PATH=/home/tong/Projects/SwarmCombat/install/sim_msgs:/home/tong/Projects/SwarmCombat/install/fwp_planner:/home/tong/Projects/SwarmCombat/install/fw_plane:/home/tong/Projects/SwarmCombat/install/sim_clock:/home/tong/Projects/SwarmCombat/install/scripts:/opt/ros/humble LD_LIBRARY_PATH=/home/tong/Projects/SwarmCombat/install/sim_msgs/lib:/home/tong/Projects/SwarmCombat/install/fwp_planner/lib:/home/tong/Projects/SwarmCombat/install/sim_clock/lib:/usr/local/cuda/lib64:/usr/local/cuda/lib64:/opt/ros/humble/opt/rviz_ogre_vendor/lib:/opt/ros/humble/lib/x86_64-linux-gnu:/opt/ros/humble/lib PYTHONPATH=/home/tong/Projects/SwarmCombat/install/sim_msgs/local/lib/python3.10/dist-packages:${PYTHONPATH} /usr/bin/cmake /home/tong/Projects/SwarmCombat/src/autopilot/fwp_planner -DAMENT_CMAKE_SYMLINK_INSTALL=1 -DCMAKE_INSTALL_PREFIX=/home/tong/Projects/SwarmCombat/install/fwp_planner
[5.244s] Invoking command in '/home/tong/Projects/SwarmCombat/build/fwp_planner': AMENT_PREFIX_PATH=/home/tong/Projects/SwarmCombat/install/sim_msgs:${AMENT_PREFIX_PATH} CMAKE_PREFIX_PATH=/home/tong/Projects/SwarmCombat/install/sim_msgs:/home/tong/Projects/SwarmCombat/install/fwp_planner:/home/tong/Projects/SwarmCombat/install/fw_plane:/home/tong/Projects/SwarmCombat/install/sim_clock:/home/tong/Projects/SwarmCombat/install/scripts:/opt/ros/humble LD_LIBRARY_PATH=/home/tong/Projects/SwarmCombat/install/sim_msgs/lib:/home/tong/Projects/SwarmCombat/install/fwp_planner/lib:/home/tong/Projects/SwarmCombat/install/sim_clock/lib:/usr/local/cuda/lib64:/usr/local/cuda/lib64:/opt/ros/humble/opt/rviz_ogre_vendor/lib:/opt/ros/humble/lib/x86_64-linux-gnu:/opt/ros/humble/lib PYTHONPATH=/home/tong/Projects/SwarmCombat/install/sim_msgs/local/lib/python3.10/dist-packages:${PYTHONPATH} /usr/bin/cmake --build /home/tong/Projects/SwarmCombat/build/fwp_planner -- -j32 -l32
[5.286s] [  1%] [34m[1mGenerating C code for ROS interfaces[0m
[5.297s] [  3%] [34m[1mGenerating C++ code for ROS interfaces[0m
[5.307s] [  3%] Built target ament_cmake_python_symlink_fwp_planner
[5.542s] running egg_info
[5.543s] creating fwp_planner.egg-info
[5.543s] writing fwp_planner.egg-info/PKG-INFO
[5.543s] writing dependency_links to fwp_planner.egg-info/dependency_links.txt
[5.544s] writing top-level names to fwp_planner.egg-info/top_level.txt
[5.544s] writing manifest file 'fwp_planner.egg-info/SOURCES.txt'
[5.545s] reading manifest file 'fwp_planner.egg-info/SOURCES.txt'
[5.546s] writing manifest file 'fwp_planner.egg-info/SOURCES.txt'
[5.570s] [  3%] Built target ament_cmake_python_build_fwp_planner_egg
[5.942s] [  4%] [32mBuilding C object CMakeFiles/fwp_planner__rosidl_generator_c.dir/rosidl_generator_c/fwp_planner/msg/detail/fused_enemy__functions.c.o[0m
[5.942s] [  6%] [32mBuilding C object CMakeFiles/fwp_planner__rosidl_generator_c.dir/rosidl_generator_c/fwp_planner/msg/detail/fused_teammate__functions.c.o[0m
[5.943s] [  7%] [32mBuilding C object CMakeFiles/fwp_planner__rosidl_generator_c.dir/rosidl_generator_c/fwp_planner/msg/detail/team_broadcast__functions.c.o[0m
[5.944s] [  9%] [32mBuilding C object CMakeFiles/fwp_planner__rosidl_generator_c.dir/rosidl_generator_c/fwp_planner/msg/detail/team_multicast__functions.c.o[0m
[5.944s] [ 10%] [32mBuilding C object CMakeFiles/fwp_planner__rosidl_generator_c.dir/rosidl_generator_c/fwp_planner/msg/detail/dynamic_state__functions.c.o[0m
[5.955s] [ 10%] Built target fwp_planner__cpp
[5.966s] [ 13%] [34m[1mGenerating C++ type support dispatch for ROS interfaces[0m
[5.966s] [ 13%] [34m[1mGenerating C++ type support for eProsima Fast-RTPS[0m
[5.967s] [ 15%] [34m[1mGenerating C++ introspection for ROS interfaces[0m
[6.010s] [ 16%] [32m[1mLinking C shared library libfwp_planner__rosidl_generator_c.so[0m
[6.122s] [ 16%] Built target fwp_planner__rosidl_generator_c
[6.133s] [ 18%] [34m[1mGenerating C type support dispatch for ROS interfaces[0m
[6.134s] [ 20%] [34m[1mGenerating C introspection for ROS interfaces[0m
[6.136s] [ 21%] [34m[1mGenerating C type support for eProsima Fast-RTPS[0m
[6.509s] [ 23%] [32mBuilding CXX object CMakeFiles/fwp_planner__rosidl_typesupport_introspection_cpp.dir/rosidl_typesupport_introspection_cpp/fwp_planner/msg/detail/dynamic_state__type_support.cpp.o[0m
[6.510s] [ 24%] [32mBuilding CXX object CMakeFiles/fwp_planner__rosidl_typesupport_introspection_cpp.dir/rosidl_typesupport_introspection_cpp/fwp_planner/msg/detail/fused_teammate__type_support.cpp.o[0m
[6.513s] [ 26%] [32mBuilding CXX object CMakeFiles/fwp_planner__rosidl_typesupport_introspection_cpp.dir/rosidl_typesupport_introspection_cpp/fwp_planner/msg/detail/team_broadcast__type_support.cpp.o[0m
[6.514s] [ 27%] [32mBuilding CXX object CMakeFiles/fwp_planner__rosidl_typesupport_introspection_cpp.dir/rosidl_typesupport_introspection_cpp/fwp_planner/msg/detail/fused_enemy__type_support.cpp.o[0m
[6.515s] [ 29%] [32mBuilding CXX object CMakeFiles/fwp_planner__rosidl_typesupport_introspection_cpp.dir/rosidl_typesupport_introspection_cpp/fwp_planner/msg/detail/team_multicast__type_support.cpp.o[0m
[6.521s] [ 30%] [32mBuilding CXX object CMakeFiles/fwp_planner__rosidl_typesupport_cpp.dir/rosidl_typesupport_cpp/fwp_planner/msg/fused_teammate__type_support.cpp.o[0m
[6.523s] [ 32%] [32mBuilding CXX object CMakeFiles/fwp_planner__rosidl_typesupport_cpp.dir/rosidl_typesupport_cpp/fwp_planner/msg/team_multicast__type_support.cpp.o[0m
[6.525s] [ 33%] [32mBuilding CXX object CMakeFiles/fwp_planner__rosidl_typesupport_cpp.dir/rosidl_typesupport_cpp/fwp_planner/msg/team_broadcast__type_support.cpp.o[0m
[6.526s] [ 35%] [32mBuilding CXX object CMakeFiles/fwp_planner__rosidl_typesupport_cpp.dir/rosidl_typesupport_cpp/fwp_planner/msg/dynamic_state__type_support.cpp.o[0m
[6.527s] [ 36%] [32mBuilding CXX object CMakeFiles/fwp_planner__rosidl_typesupport_cpp.dir/rosidl_typesupport_cpp/fwp_planner/msg/fused_enemy__type_support.cpp.o[0m
[6.682s] [ 40%] [32mBuilding CXX object CMakeFiles/fwp_planner__rosidl_typesupport_fastrtps_cpp.dir/rosidl_typesupport_fastrtps_cpp/fwp_planner/msg/detail/dds_fastrtps/fused_teammate__type_support.cpp.o[0m
[6.683s] [ 40%] [32mBuilding CXX object CMakeFiles/fwp_planner__rosidl_typesupport_fastrtps_cpp.dir/rosidl_typesupport_fastrtps_cpp/fwp_planner/msg/detail/dds_fastrtps/team_multicast__type_support.cpp.o[0m
[6.683s] [ 41%] [32mBuilding CXX object CMakeFiles/fwp_planner__rosidl_typesupport_fastrtps_cpp.dir/rosidl_typesupport_fastrtps_cpp/fwp_planner/msg/detail/dds_fastrtps/dynamic_state__type_support.cpp.o[0m
[6.683s] [ 43%] [32mBuilding CXX object CMakeFiles/fwp_planner__rosidl_typesupport_fastrtps_cpp.dir/rosidl_typesupport_fastrtps_cpp/fwp_planner/msg/detail/dds_fastrtps/team_broadcast__type_support.cpp.o[0m
[6.684s] [ 44%] [32mBuilding CXX object CMakeFiles/fwp_planner__rosidl_typesupport_fastrtps_cpp.dir/rosidl_typesupport_fastrtps_cpp/fwp_planner/msg/detail/dds_fastrtps/fused_enemy__type_support.cpp.o[0m
[6.772s] [ 46%] [32mBuilding CXX object CMakeFiles/fwp_planner__rosidl_typesupport_c.dir/rosidl_typesupport_c/fwp_planner/msg/dynamic_state__type_support.cpp.o[0m
[6.772s] [ 47%] [32mBuilding CXX object CMakeFiles/fwp_planner__rosidl_typesupport_c.dir/rosidl_typesupport_c/fwp_planner/msg/fused_teammate__type_support.cpp.o[0m
[6.772s] [ 49%] [32mBuilding CXX object CMakeFiles/fwp_planner__rosidl_typesupport_c.dir/rosidl_typesupport_c/fwp_planner/msg/team_multicast__type_support.cpp.o[0m
[6.773s] [ 50%] [32mBuilding CXX object CMakeFiles/fwp_planner__rosidl_typesupport_c.dir/rosidl_typesupport_c/fwp_planner/msg/fused_enemy__type_support.cpp.o[0m
[6.774s] [ 52%] [32mBuilding CXX object CMakeFiles/fwp_planner__rosidl_typesupport_c.dir/rosidl_typesupport_c/fwp_planner/msg/team_broadcast__type_support.cpp.o[0m
[6.824s] [ 53%] [32m[1mLinking CXX shared library libfwp_planner__rosidl_typesupport_c.so[0m
[6.848s] [ 56%] [32mBuilding C object CMakeFiles/fwp_planner__rosidl_typesupport_introspection_c.dir/rosidl_typesupport_introspection_c/fwp_planner/msg/detail/fused_enemy__type_support.c.o[0m
[6.848s] [ 56%] [32mBuilding C object CMakeFiles/fwp_planner__rosidl_typesupport_introspection_c.dir/rosidl_typesupport_introspection_c/fwp_planner/msg/detail/dynamic_state__type_support.c.o[0m
[6.849s] [ 58%] [32mBuilding C object CMakeFiles/fwp_planner__rosidl_typesupport_introspection_c.dir/rosidl_typesupport_introspection_c/fwp_planner/msg/detail/fused_teammate__type_support.c.o[0m
[6.850s] [ 60%] [32mBuilding C object CMakeFiles/fwp_planner__rosidl_typesupport_introspection_c.dir/rosidl_typesupport_introspection_c/fwp_planner/msg/detail/team_broadcast__type_support.c.o[0m
[6.852s] [ 61%] [32mBuilding C object CMakeFiles/fwp_planner__rosidl_typesupport_introspection_c.dir/rosidl_typesupport_introspection_c/fwp_planner/msg/detail/team_multicast__type_support.c.o[0m
[6.911s] [ 63%] [32mBuilding CXX object CMakeFiles/fwp_planner__rosidl_typesupport_fastrtps_c.dir/rosidl_typesupport_fastrtps_c/fwp_planner/msg/detail/fused_teammate__type_support_c.cpp.o[0m
[6.914s] [ 66%] [32mBuilding CXX object CMakeFiles/fwp_planner__rosidl_typesupport_fastrtps_c.dir/rosidl_typesupport_fastrtps_c/fwp_planner/msg/detail/team_multicast__type_support_c.cpp.o[0m
[6.914s] [ 66%] [32mBuilding CXX object CMakeFiles/fwp_planner__rosidl_typesupport_fastrtps_c.dir/rosidl_typesupport_fastrtps_c/fwp_planner/msg/detail/fused_enemy__type_support_c.cpp.o[0m
[6.914s] [ 67%] [32mBuilding CXX object CMakeFiles/fwp_planner__rosidl_typesupport_fastrtps_c.dir/rosidl_typesupport_fastrtps_c/fwp_planner/msg/detail/dynamic_state__type_support_c.cpp.o[0m
[6.915s] [ 69%] [32mBuilding CXX object CMakeFiles/fwp_planner__rosidl_typesupport_fastrtps_c.dir/rosidl_typesupport_fastrtps_c/fwp_planner/msg/detail/team_broadcast__type_support_c.cpp.o[0m
[6.917s] [ 70%] [32m[1mLinking C shared library libfwp_planner__rosidl_typesupport_introspection_c.so[0m
[6.948s] [ 70%] Built target fwp_planner__rosidl_typesupport_c
[6.960s] [ 72%] [32m[1mLinking CXX shared library libfwp_planner__rosidl_typesupport_cpp.so[0m
[7.002s] [ 72%] Built target fwp_planner__rosidl_typesupport_introspection_c
[7.054s] [ 72%] Built target fwp_planner__rosidl_typesupport_cpp
[7.089s] [ 73%] [32mBuilding CXX object CMakeFiles/fw_logic_node.dir/src/fw_logic_node.cpp.o[0m
[7.221s] [ 75%] [32m[1mLinking CXX shared library libfwp_planner__rosidl_typesupport_introspection_cpp.so[0m
[7.315s] [ 76%] [32m[1mLinking CXX shared library libfwp_planner__rosidl_typesupport_fastrtps_cpp.so[0m
[7.363s] [ 78%] [32m[1mLinking CXX shared library libfwp_planner__rosidl_typesupport_fastrtps_c.so[0m
[7.368s] [ 78%] Built target fwp_planner__rosidl_typesupport_introspection_cpp
[7.444s] [ 78%] Built target fwp_planner__rosidl_typesupport_fastrtps_cpp
[7.486s] [ 78%] Built target fwp_planner__rosidl_typesupport_fastrtps_c
[7.506s] [ 78%] Built target fwp_planner
[7.528s] [ 80%] [34m[1mGenerating Python code for ROS interfaces[0m
[8.578s] [ 80%] Built target fwp_planner__py
[8.596s] [ 81%] [32mBuilding C object CMakeFiles/fwp_planner__rosidl_generator_py.dir/rosidl_generator_py/fwp_planner/msg/_dynamic_state_s.c.o[0m
[8.597s] [ 83%] [32mBuilding C object CMakeFiles/fwp_planner__rosidl_generator_py.dir/rosidl_generator_py/fwp_planner/msg/_fused_enemy_s.c.o[0m
[8.597s] [ 84%] [32mBuilding C object CMakeFiles/fwp_planner__rosidl_generator_py.dir/rosidl_generator_py/fwp_planner/msg/_team_multicast_s.c.o[0m
[8.598s] [ 86%] [32mBuilding C object CMakeFiles/fwp_planner__rosidl_generator_py.dir/rosidl_generator_py/fwp_planner/msg/_fused_teammate_s.c.o[0m
[8.600s] [ 87%] [32mBuilding C object CMakeFiles/fwp_planner__rosidl_generator_py.dir/rosidl_generator_py/fwp_planner/msg/_team_broadcast_s.c.o[0m
[8.719s] [ 89%] [32m[1mLinking C shared library rosidl_generator_py/fwp_planner/libfwp_planner__rosidl_generator_py.so[0m
[8.818s] [ 89%] Built target fwp_planner__rosidl_generator_py
[8.837s] [ 92%] [32mBuilding C object CMakeFiles/fwp_planner__rosidl_typesupport_introspection_c__pyext.dir/rosidl_generator_py/fwp_planner/_fwp_planner_s.ep.rosidl_typesupport_introspection_c.c.o[0m
[8.837s] [ 92%] [32mBuilding C object CMakeFiles/fwp_planner__rosidl_typesupport_fastrtps_c__pyext.dir/rosidl_generator_py/fwp_planner/_fwp_planner_s.ep.rosidl_typesupport_fastrtps_c.c.o[0m
[8.837s] [ 93%] [32mBuilding C object CMakeFiles/fwp_planner__rosidl_typesupport_c__pyext.dir/rosidl_generator_py/fwp_planner/_fwp_planner_s.ep.rosidl_typesupport_c.c.o[0m
[8.939s] [ 95%] [32m[1mLinking C shared library rosidl_generator_py/fwp_planner/fwp_planner_s__rosidl_typesupport_introspection_c.cpython-310-x86_64-linux-gnu.so[0m
[8.942s] [ 96%] [32m[1mLinking C shared library rosidl_generator_py/fwp_planner/fwp_planner_s__rosidl_typesupport_c.cpython-310-x86_64-linux-gnu.so[0m
[8.942s] [ 98%] [32m[1mLinking C shared library rosidl_generator_py/fwp_planner/fwp_planner_s__rosidl_typesupport_fastrtps_c.cpython-310-x86_64-linux-gnu.so[0m
[9.011s] [ 98%] Built target fwp_planner__rosidl_typesupport_fastrtps_c__pyext
[9.012s] [ 98%] Built target fwp_planner__rosidl_typesupport_c__pyext
[9.013s] [ 98%] Built target fwp_planner__rosidl_typesupport_introspection_c__pyext
[25.891s] [100%] [32m[1mLinking CXX executable fw_logic_node[0m
[26.937s] [100%] Built target fw_logic_node
[26.949s] Invoked command in '/home/tong/Projects/SwarmCombat/build/fwp_planner' returned '0': AMENT_PREFIX_PATH=/home/tong/Projects/SwarmCombat/install/sim_msgs:${AMENT_PREFIX_PATH} CMAKE_PREFIX_PATH=/home/tong/Projects/SwarmCombat/install/sim_msgs:/home/tong/Projects/SwarmCombat/install/fwp_planner:/home/tong/Projects/SwarmCombat/install/fw_plane:/home/tong/Projects/SwarmCombat/install/sim_clock:/home/tong/Projects/SwarmCombat/install/scripts:/opt/ros/humble LD_LIBRARY_PATH=/home/tong/Projects/SwarmCombat/install/sim_msgs/lib:/home/tong/Projects/SwarmCombat/install/fwp_planner/lib:/home/tong/Projects/SwarmCombat/install/sim_clock/lib:/usr/local/cuda/lib64:/usr/local/cuda/lib64:/opt/ros/humble/opt/rviz_ogre_vendor/lib:/opt/ros/humble/lib/x86_64-linux-gnu:/opt/ros/humble/lib PYTHONPATH=/home/tong/Projects/SwarmCombat/install/sim_msgs/local/lib/python3.10/dist-packages:${PYTHONPATH} /usr/bin/cmake --build /home/tong/Projects/SwarmCombat/build/fwp_planner -- -j32 -l32
[26.951s] Invoking command in '/home/tong/Projects/SwarmCombat/build/fwp_planner': AMENT_PREFIX_PATH=/home/tong/Projects/SwarmCombat/install/sim_msgs:${AMENT_PREFIX_PATH} CMAKE_PREFIX_PATH=/home/tong/Projects/SwarmCombat/install/sim_msgs:/home/tong/Projects/SwarmCombat/install/fwp_planner:/home/tong/Projects/SwarmCombat/install/fw_plane:/home/tong/Projects/SwarmCombat/install/sim_clock:/home/tong/Projects/SwarmCombat/install/scripts:/opt/ros/humble LD_LIBRARY_PATH=/home/tong/Projects/SwarmCombat/install/sim_msgs/lib:/home/tong/Projects/SwarmCombat/install/fwp_planner/lib:/home/tong/Projects/SwarmCombat/install/sim_clock/lib:/usr/local/cuda/lib64:/usr/local/cuda/lib64:/opt/ros/humble/opt/rviz_ogre_vendor/lib:/opt/ros/humble/lib/x86_64-linux-gnu:/opt/ros/humble/lib PYTHONPATH=/home/tong/Projects/SwarmCombat/install/sim_msgs/local/lib/python3.10/dist-packages:${PYTHONPATH} /usr/bin/cmake --install /home/tong/Projects/SwarmCombat/build/fwp_planner
[26.957s] -- Install configuration: ""
[26.957s] -- Execute custom install script
[26.959s] -- Symlinking: /home/tong/Projects/SwarmCombat/install/fwp_planner/share/ament_index/resource_index/rosidl_interfaces/fwp_planner
[26.967s] -- Symlinking: /home/tong/Projects/SwarmCombat/install/fwp_planner/include/fwp_planner/fwp_planner/msg/detail/dynamic_state__functions.h
[26.974s] -- Symlinking: /home/tong/Projects/SwarmCombat/install/fwp_planner/include/fwp_planner/fwp_planner/msg/detail/dynamic_state__struct.h
[26.981s] -- Symlinking: /home/tong/Projects/SwarmCombat/install/fwp_planner/include/fwp_planner/fwp_planner/msg/detail/dynamic_state__type_support.h
[26.991s] -- Symlinking: /home/tong/Projects/SwarmCombat/install/fwp_planner/include/fwp_planner/fwp_planner/msg/detail/fused_enemy__functions.h
[27.000s] -- Symlinking: /home/tong/Projects/SwarmCombat/install/fwp_planner/include/fwp_planner/fwp_planner/msg/detail/fused_enemy__struct.h
[27.008s] -- Symlinking: /home/tong/Projects/SwarmCombat/install/fwp_planner/include/fwp_planner/fwp_planner/msg/detail/fused_enemy__type_support.h
[27.015s] -- Symlinking: /home/tong/Projects/SwarmCombat/install/fwp_planner/include/fwp_planner/fwp_planner/msg/detail/fused_teammate__functions.h
[27.022s] -- Symlinking: /home/tong/Projects/SwarmCombat/install/fwp_planner/include/fwp_planner/fwp_planner/msg/detail/fused_teammate__struct.h
[27.030s] -- Symlinking: /home/tong/Projects/SwarmCombat/install/fwp_planner/include/fwp_planner/fwp_planner/msg/detail/fused_teammate__type_support.h
[27.040s] -- Symlinking: /home/tong/Projects/SwarmCombat/install/fwp_planner/include/fwp_planner/fwp_planner/msg/detail/team_broadcast__functions.h
[27.048s] -- Symlinking: /home/tong/Projects/SwarmCombat/install/fwp_planner/include/fwp_planner/fwp_planner/msg/detail/team_broadcast__struct.h
[27.058s] -- Symlinking: /home/tong/Projects/SwarmCombat/install/fwp_planner/include/fwp_planner/fwp_planner/msg/detail/team_broadcast__type_support.h
[27.067s] -- Symlinking: /home/tong/Projects/SwarmCombat/install/fwp_planner/include/fwp_planner/fwp_planner/msg/detail/team_multicast__functions.h
[27.074s] -- Symlinking: /home/tong/Projects/SwarmCombat/install/fwp_planner/include/fwp_planner/fwp_planner/msg/detail/team_multicast__struct.h
[27.082s] -- Symlinking: /home/tong/Projects/SwarmCombat/install/fwp_planner/include/fwp_planner/fwp_planner/msg/detail/team_multicast__type_support.h
[27.090s] -- Symlinking: /home/tong/Projects/SwarmCombat/install/fwp_planner/include/fwp_planner/fwp_planner/msg/dynamic_state.h
[27.097s] -- Symlinking: /home/tong/Projects/SwarmCombat/install/fwp_planner/include/fwp_planner/fwp_planner/msg/fused_enemy.h
[27.104s] -- Symlinking: /home/tong/Projects/SwarmCombat/install/fwp_planner/include/fwp_planner/fwp_planner/msg/fused_teammate.h
[27.111s] -- Symlinking: /home/tong/Projects/SwarmCombat/install/fwp_planner/include/fwp_planner/fwp_planner/msg/rosidl_generator_c__visibility_control.h
[27.117s] -- Symlinking: /home/tong/Projects/SwarmCombat/install/fwp_planner/include/fwp_planner/fwp_planner/msg/team_broadcast.h
[27.130s] -- Symlinking: /home/tong/Projects/SwarmCombat/install/fwp_planner/include/fwp_planner/fwp_planner/msg/team_multicast.h
[27.145s] -- Symlinking: /home/tong/Projects/SwarmCombat/install/fwp_planner/share/fwp_planner/environment/library_path.sh
[27.154s] -- Symlinking: /home/tong/Projects/SwarmCombat/install/fwp_planner/share/fwp_planner/environment/library_path.dsv
[27.161s] -- Symlinking: /home/tong/Projects/SwarmCombat/install/fwp_planner/include/fwp_planner/fwp_planner/msg/detail/dynamic_state__rosidl_typesupport_fastrtps_c.h
[27.168s] -- Symlinking: /home/tong/Projects/SwarmCombat/install/fwp_planner/include/fwp_planner/fwp_planner/msg/detail/fused_enemy__rosidl_typesupport_fastrtps_c.h
[27.177s] -- Symlinking: /home/tong/Projects/SwarmCombat/install/fwp_planner/include/fwp_planner/fwp_planner/msg/detail/fused_teammate__rosidl_typesupport_fastrtps_c.h
[27.192s] -- Symlinking: /home/tong/Projects/SwarmCombat/install/fwp_planner/include/fwp_planner/fwp_planner/msg/detail/team_broadcast__rosidl_typesupport_fastrtps_c.h
[27.204s] -- Symlinking: /home/tong/Projects/SwarmCombat/install/fwp_planner/include/fwp_planner/fwp_planner/msg/detail/team_multicast__rosidl_typesupport_fastrtps_c.h
[27.211s] -- Symlinking: /home/tong/Projects/SwarmCombat/install/fwp_planner/include/fwp_planner/fwp_planner/msg/rosidl_typesupport_fastrtps_c__visibility_control.h
[27.219s] -- Symlinking: /home/tong/Projects/SwarmCombat/install/fwp_planner/include/fwp_planner/fwp_planner/msg/detail/dynamic_state__builder.hpp
[27.227s] -- Symlinking: /home/tong/Projects/SwarmCombat/install/fwp_planner/include/fwp_planner/fwp_planner/msg/detail/dynamic_state__struct.hpp
[27.234s] -- Symlinking: /home/tong/Projects/SwarmCombat/install/fwp_planner/include/fwp_planner/fwp_planner/msg/detail/dynamic_state__traits.hpp
[27.242s] -- Symlinking: /home/tong/Projects/SwarmCombat/install/fwp_planner/include/fwp_planner/fwp_planner/msg/detail/dynamic_state__type_support.hpp
[27.249s] -- Symlinking: /home/tong/Projects/SwarmCombat/install/fwp_planner/include/fwp_planner/fwp_planner/msg/detail/fused_enemy__builder.hpp
[27.256s] -- Symlinking: /home/tong/Projects/SwarmCombat/install/fwp_planner/include/fwp_planner/fwp_planner/msg/detail/fused_enemy__struct.hpp
[27.263s] -- Symlinking: /home/tong/Projects/SwarmCombat/install/fwp_planner/include/fwp_planner/fwp_planner/msg/detail/fused_enemy__traits.hpp
[27.270s] -- Symlinking: /home/tong/Projects/SwarmCombat/install/fwp_planner/include/fwp_planner/fwp_planner/msg/detail/fused_enemy__type_support.hpp
[27.277s] -- Symlinking: /home/tong/Projects/SwarmCombat/install/fwp_planner/include/fwp_planner/fwp_planner/msg/detail/fused_teammate__builder.hpp
[27.284s] -- Symlinking: /home/tong/Projects/SwarmCombat/install/fwp_planner/include/fwp_planner/fwp_planner/msg/detail/fused_teammate__struct.hpp
[27.291s] -- Symlinking: /home/tong/Projects/SwarmCombat/install/fwp_planner/include/fwp_planner/fwp_planner/msg/detail/fused_teammate__traits.hpp
[27.298s] -- Symlinking: /home/tong/Projects/SwarmCombat/install/fwp_planner/include/fwp_planner/fwp_planner/msg/detail/fused_teammate__type_support.hpp
[27.306s] -- Symlinking: /home/tong/Projects/SwarmCombat/install/fwp_planner/include/fwp_planner/fwp_planner/msg/detail/team_broadcast__builder.hpp
[27.314s] -- Symlinking: /home/tong/Projects/SwarmCombat/install/fwp_planner/include/fwp_planner/fwp_planner/msg/detail/team_broadcast__struct.hpp
[27.323s] -- Symlinking: /home/tong/Projects/SwarmCombat/install/fwp_planner/include/fwp_planner/fwp_planner/msg/detail/team_broadcast__traits.hpp
[27.331s] -- Symlinking: /home/tong/Projects/SwarmCombat/install/fwp_planner/include/fwp_planner/fwp_planner/msg/detail/team_broadcast__type_support.hpp
[27.339s] -- Symlinking: /home/tong/Projects/SwarmCombat/install/fwp_planner/include/fwp_planner/fwp_planner/msg/detail/team_multicast__builder.hpp
[27.348s] -- Symlinking: /home/tong/Projects/SwarmCombat/install/fwp_planner/include/fwp_planner/fwp_planner/msg/detail/team_multicast__struct.hpp
[27.355s] -- Symlinking: /home/tong/Projects/SwarmCombat/install/fwp_planner/include/fwp_planner/fwp_planner/msg/detail/team_multicast__traits.hpp
[27.362s] -- Symlinking: /home/tong/Projects/SwarmCombat/install/fwp_planner/include/fwp_planner/fwp_planner/msg/detail/team_multicast__type_support.hpp
[27.369s] -- Symlinking: /home/tong/Projects/SwarmCombat/install/fwp_planner/include/fwp_planner/fwp_planner/msg/dynamic_state.hpp
[27.376s] -- Symlinking: /home/tong/Projects/SwarmCombat/install/fwp_planner/include/fwp_planner/fwp_planner/msg/fused_enemy.hpp
[27.383s] -- Symlinking: /home/tong/Projects/SwarmCombat/install/fwp_planner/include/fwp_planner/fwp_planner/msg/fused_teammate.hpp
[27.391s] -- Symlinking: /home/tong/Projects/SwarmCombat/install/fwp_planner/include/fwp_planner/fwp_planner/msg/rosidl_generator_cpp__visibility_control.hpp
[27.399s] -- Symlinking: /home/tong/Projects/SwarmCombat/install/fwp_planner/include/fwp_planner/fwp_planner/msg/team_broadcast.hpp
[27.408s] -- Symlinking: /home/tong/Projects/SwarmCombat/install/fwp_planner/include/fwp_planner/fwp_planner/msg/team_multicast.hpp
[27.418s] -- Symlinking: /home/tong/Projects/SwarmCombat/install/fwp_planner/include/fwp_planner/fwp_planner/msg/detail/dynamic_state__rosidl_typesupport_fastrtps_cpp.hpp
[27.427s] -- Symlinking: /home/tong/Projects/SwarmCombat/install/fwp_planner/include/fwp_planner/fwp_planner/msg/detail/fused_enemy__rosidl_typesupport_fastrtps_cpp.hpp
[27.435s] -- Symlinking: /home/tong/Projects/SwarmCombat/install/fwp_planner/include/fwp_planner/fwp_planner/msg/detail/fused_teammate__rosidl_typesupport_fastrtps_cpp.hpp
[27.443s] -- Symlinking: /home/tong/Projects/SwarmCombat/install/fwp_planner/include/fwp_planner/fwp_planner/msg/detail/team_broadcast__rosidl_typesupport_fastrtps_cpp.hpp
[27.451s] -- Symlinking: /home/tong/Projects/SwarmCombat/install/fwp_planner/include/fwp_planner/fwp_planner/msg/detail/team_multicast__rosidl_typesupport_fastrtps_cpp.hpp
[27.459s] -- Symlinking: /home/tong/Projects/SwarmCombat/install/fwp_planner/include/fwp_planner/fwp_planner/msg/rosidl_typesupport_fastrtps_cpp__visibility_control.h
[27.467s] -- Symlinking: /home/tong/Projects/SwarmCombat/install/fwp_planner/include/fwp_planner/fwp_planner/msg/detail/dynamic_state__rosidl_typesupport_introspection_c.h
[27.475s] -- Symlinking: /home/tong/Projects/SwarmCombat/install/fwp_planner/include/fwp_planner/fwp_planner/msg/detail/fused_enemy__rosidl_typesupport_introspection_c.h
[27.483s] -- Symlinking: /home/tong/Projects/SwarmCombat/install/fwp_planner/include/fwp_planner/fwp_planner/msg/detail/fused_teammate__rosidl_typesupport_introspection_c.h
[27.490s] -- Symlinking: /home/tong/Projects/SwarmCombat/install/fwp_planner/include/fwp_planner/fwp_planner/msg/detail/team_broadcast__rosidl_typesupport_introspection_c.h
[27.497s] -- Symlinking: /home/tong/Projects/SwarmCombat/install/fwp_planner/include/fwp_planner/fwp_planner/msg/detail/team_multicast__rosidl_typesupport_introspection_c.h
[27.506s] -- Symlinking: /home/tong/Projects/SwarmCombat/install/fwp_planner/include/fwp_planner/fwp_planner/msg/rosidl_typesupport_introspection_c__visibility_control.h
[27.516s] -- Symlinking: /home/tong/Projects/SwarmCombat/install/fwp_planner/include/fwp_planner/fwp_planner/msg/detail/dynamic_state__rosidl_typesupport_introspection_cpp.hpp
[27.528s] -- Symlinking: /home/tong/Projects/SwarmCombat/install/fwp_planner/include/fwp_planner/fwp_planner/msg/detail/fused_enemy__rosidl_typesupport_introspection_cpp.hpp
[27.538s] -- Symlinking: /home/tong/Projects/SwarmCombat/install/fwp_planner/include/fwp_planner/fwp_planner/msg/detail/fused_teammate__rosidl_typesupport_introspection_cpp.hpp
[27.547s] -- Symlinking: /home/tong/Projects/SwarmCombat/install/fwp_planner/include/fwp_planner/fwp_planner/msg/detail/team_broadcast__rosidl_typesupport_introspection_cpp.hpp
[27.558s] -- Symlinking: /home/tong/Projects/SwarmCombat/install/fwp_planner/include/fwp_planner/fwp_planner/msg/detail/team_multicast__rosidl_typesupport_introspection_cpp.hpp
[27.570s] -- Symlinking: /home/tong/Projects/SwarmCombat/install/fwp_planner/share/fwp_planner/environment/pythonpath.sh
[27.583s] -- Symlinking: /home/tong/Projects/SwarmCombat/install/fwp_planner/share/fwp_planner/environment/pythonpath.dsv
[27.595s] -- Symlinking: /home/tong/Projects/SwarmCombat/install/fwp_planner/local/lib/python3.10/dist-packages/fwp_planner-0.1.0-py3.10.egg-info/PKG-INFO
[27.604s] -- Symlinking: /home/tong/Projects/SwarmCombat/install/fwp_planner/local/lib/python3.10/dist-packages/fwp_planner-0.1.0-py3.10.egg-info/SOURCES.txt
[27.615s] -- Symlinking: /home/tong/Projects/SwarmCombat/install/fwp_planner/local/lib/python3.10/dist-packages/fwp_planner-0.1.0-py3.10.egg-info/dependency_links.txt
[27.627s] -- Symlinking: /home/tong/Projects/SwarmCombat/install/fwp_planner/local/lib/python3.10/dist-packages/fwp_planner-0.1.0-py3.10.egg-info/top_level.txt
[27.638s] -- Symlinking: /home/tong/Projects/SwarmCombat/install/fwp_planner/local/lib/python3.10/dist-packages/fwp_planner/__init__.py
[27.649s] -- Symlinking: /home/tong/Projects/SwarmCombat/install/fwp_planner/local/lib/python3.10/dist-packages/fwp_planner/_fwp_planner_s.ep.rosidl_typesupport_c.c
[27.660s] -- Symlinking: /home/tong/Projects/SwarmCombat/install/fwp_planner/local/lib/python3.10/dist-packages/fwp_planner/_fwp_planner_s.ep.rosidl_typesupport_fastrtps_c.c
[27.668s] -- Symlinking: /home/tong/Projects/SwarmCombat/install/fwp_planner/local/lib/python3.10/dist-packages/fwp_planner/_fwp_planner_s.ep.rosidl_typesupport_introspection_c.c
[27.676s] -- Symlinking: /home/tong/Projects/SwarmCombat/install/fwp_planner/local/lib/python3.10/dist-packages/fwp_planner/fwp_planner_s__rosidl_typesupport_c.cpython-310-x86_64-linux-gnu.so
[27.684s] -- Symlinking: /home/tong/Projects/SwarmCombat/install/fwp_planner/local/lib/python3.10/dist-packages/fwp_planner/fwp_planner_s__rosidl_typesupport_fastrtps_c.cpython-310-x86_64-linux-gnu.so
[27.691s] -- Symlinking: /home/tong/Projects/SwarmCombat/install/fwp_planner/local/lib/python3.10/dist-packages/fwp_planner/fwp_planner_s__rosidl_typesupport_introspection_c.cpython-310-x86_64-linux-gnu.so
[27.700s] -- Symlinking: /home/tong/Projects/SwarmCombat/install/fwp_planner/local/lib/python3.10/dist-packages/fwp_planner/libfwp_planner__rosidl_generator_py.so
[27.710s] -- Symlinking: /home/tong/Projects/SwarmCombat/install/fwp_planner/local/lib/python3.10/dist-packages/fwp_planner/msg/__init__.py
[27.723s] -- Symlinking: /home/tong/Projects/SwarmCombat/install/fwp_planner/local/lib/python3.10/dist-packages/fwp_planner/msg/_dynamic_state.py
[27.733s] -- Symlinking: /home/tong/Projects/SwarmCombat/install/fwp_planner/local/lib/python3.10/dist-packages/fwp_planner/msg/_dynamic_state_s.c
[27.742s] -- Symlinking: /home/tong/Projects/SwarmCombat/install/fwp_planner/local/lib/python3.10/dist-packages/fwp_planner/msg/_fused_enemy.py
[27.750s] -- Symlinking: /home/tong/Projects/SwarmCombat/install/fwp_planner/local/lib/python3.10/dist-packages/fwp_planner/msg/_fused_enemy_s.c
[27.758s] -- Symlinking: /home/tong/Projects/SwarmCombat/install/fwp_planner/local/lib/python3.10/dist-packages/fwp_planner/msg/_fused_teammate.py
[27.768s] -- Symlinking: /home/tong/Projects/SwarmCombat/install/fwp_planner/local/lib/python3.10/dist-packages/fwp_planner/msg/_fused_teammate_s.c
[27.778s] -- Symlinking: /home/tong/Projects/SwarmCombat/install/fwp_planner/local/lib/python3.10/dist-packages/fwp_planner/msg/_team_broadcast.py
[27.791s] -- Symlinking: /home/tong/Projects/SwarmCombat/install/fwp_planner/local/lib/python3.10/dist-packages/fwp_planner/msg/_team_broadcast_s.c
[27.802s] -- Symlinking: /home/tong/Projects/SwarmCombat/install/fwp_planner/local/lib/python3.10/dist-packages/fwp_planner/msg/_team_multicast.py
[27.815s] -- Symlinking: /home/tong/Projects/SwarmCombat/install/fwp_planner/local/lib/python3.10/dist-packages/fwp_planner/msg/_team_multicast_s.c
[27.829s] -- Up-to-date symlink: /home/tong/Projects/SwarmCombat/install/fwp_planner/local/lib/python3.10/dist-packages/fwp_planner/fwp_planner_s__rosidl_typesupport_fastrtps_c.cpython-310-x86_64-linux-gnu.so
[27.829s] -- Up-to-date symlink: /home/tong/Projects/SwarmCombat/install/fwp_planner/local/lib/python3.10/dist-packages/fwp_planner/fwp_planner_s__rosidl_typesupport_introspection_c.cpython-310-x86_64-linux-gnu.so
[27.829s] -- Up-to-date symlink: /home/tong/Projects/SwarmCombat/install/fwp_planner/local/lib/python3.10/dist-packages/fwp_planner/fwp_planner_s__rosidl_typesupport_c.cpython-310-x86_64-linux-gnu.so
[27.830s] -- Symlinking: /home/tong/Projects/SwarmCombat/install/fwp_planner/share/fwp_planner/msg/DynamicState.idl
[27.843s] -- Symlinking: /home/tong/Projects/SwarmCombat/install/fwp_planner/share/fwp_planner/msg/FusedEnemy.idl
[27.854s] -- Symlinking: /home/tong/Projects/SwarmCombat/install/fwp_planner/share/fwp_planner/msg/FusedTeammate.idl
[27.866s] -- Symlinking: /home/tong/Projects/SwarmCombat/install/fwp_planner/share/fwp_planner/msg/TeamBroadcast.idl
[27.881s] -- Symlinking: /home/tong/Projects/SwarmCombat/install/fwp_planner/share/fwp_planner/msg/TeamMulticast.idl
[27.896s] -- Symlinking: /home/tong/Projects/SwarmCombat/install/fwp_planner/share/fwp_planner/msg/DynamicState.msg
[27.911s] -- Symlinking: /home/tong/Projects/SwarmCombat/install/fwp_planner/share/fwp_planner/msg/FusedEnemy.msg
[27.926s] -- Symlinking: /home/tong/Projects/SwarmCombat/install/fwp_planner/share/fwp_planner/msg/FusedTeammate.msg
[27.938s] -- Symlinking: /home/tong/Projects/SwarmCombat/install/fwp_planner/share/fwp_planner/msg/TeamBroadcast.msg
[27.948s] -- Symlinking: /home/tong/Projects/SwarmCombat/install/fwp_planner/share/fwp_planner/msg/TeamMulticast.msg
[27.956s] -- Symlinking: /home/tong/Projects/SwarmCombat/install/fwp_planner/lib/fwp_planner/fw_logic_node
[27.965s] -- Symlinking: /home/tong/Projects/SwarmCombat/install/fwp_planner/include/fw_plane_sim/fw_plane_visualizer.hpp
[27.973s] -- Symlinking: /home/tong/Projects/SwarmCombat/install/fwp_planner/include/fw_plane_sim/fw_sim/fw_driver_sim.hpp
[27.981s] -- Symlinking: /home/tong/Projects/SwarmCombat/install/fwp_planner/include/fw_plane_sim/fw_sim/fw_sim_node.hpp
[27.989s] -- Symlinking: /home/tong/Projects/SwarmCombat/install/fwp_planner/share/ament_index/resource_index/package_run_dependencies/fwp_planner
[27.997s] -- Symlinking: /home/tong/Projects/SwarmCombat/install/fwp_planner/share/ament_index/resource_index/parent_prefix_path/fwp_planner
[28.004s] -- Symlinking: /home/tong/Projects/SwarmCombat/install/fwp_planner/share/fwp_planner/environment/ament_prefix_path.sh
[28.018s] -- Symlinking: /home/tong/Projects/SwarmCombat/install/fwp_planner/share/fwp_planner/environment/ament_prefix_path.dsv
[28.026s] -- Symlinking: /home/tong/Projects/SwarmCombat/install/fwp_planner/share/fwp_planner/environment/path.sh
[28.034s] -- Symlinking: /home/tong/Projects/SwarmCombat/install/fwp_planner/share/fwp_planner/environment/path.dsv
[28.042s] -- Symlinking: /home/tong/Projects/SwarmCombat/install/fwp_planner/share/fwp_planner/local_setup.bash
[28.051s] -- Symlinking: /home/tong/Projects/SwarmCombat/install/fwp_planner/share/fwp_planner/local_setup.sh
[28.060s] -- Symlinking: /home/tong/Projects/SwarmCombat/install/fwp_planner/share/fwp_planner/local_setup.zsh
[28.071s] -- Symlinking: /home/tong/Projects/SwarmCombat/install/fwp_planner/share/fwp_planner/local_setup.dsv
[28.082s] -- Symlinking: /home/tong/Projects/SwarmCombat/install/fwp_planner/share/fwp_planner/package.dsv
[28.091s] -- Symlinking: /home/tong/Projects/SwarmCombat/install/fwp_planner/share/ament_index/resource_index/packages/fwp_planner
[28.102s] -- Symlinking: /home/tong/Projects/SwarmCombat/install/fwp_planner/share/fwp_planner/cmake/rosidl_cmake-extras.cmake
[28.114s] -- Symlinking: /home/tong/Projects/SwarmCombat/install/fwp_planner/share/fwp_planner/cmake/ament_cmake_export_dependencies-extras.cmake
[28.126s] -- Symlinking: /home/tong/Projects/SwarmCombat/install/fwp_planner/share/fwp_planner/cmake/ament_cmake_export_include_directories-extras.cmake
[28.137s] -- Symlinking: /home/tong/Projects/SwarmCombat/install/fwp_planner/share/fwp_planner/cmake/ament_cmake_export_libraries-extras.cmake
[28.150s] -- Symlinking: /home/tong/Projects/SwarmCombat/install/fwp_planner/share/fwp_planner/cmake/ament_cmake_export_targets-extras.cmake
[28.162s] -- Symlinking: /home/tong/Projects/SwarmCombat/install/fwp_planner/share/fwp_planner/cmake/rosidl_cmake_export_typesupport_targets-extras.cmake
[28.172s] -- Symlinking: /home/tong/Projects/SwarmCombat/install/fwp_planner/share/fwp_planner/cmake/rosidl_cmake_export_typesupport_libraries-extras.cmake
[28.182s] -- Symlinking: /home/tong/Projects/SwarmCombat/install/fwp_planner/share/fwp_planner/cmake/fwp_plannerConfig.cmake
[28.195s] -- Symlinking: /home/tong/Projects/SwarmCombat/install/fwp_planner/share/fwp_planner/cmake/fwp_plannerConfig-version.cmake
[28.205s] -- Symlinking: /home/tong/Projects/SwarmCombat/install/fwp_planner/share/fwp_planner/package.xml
[28.216s] -- Installing: /home/tong/Projects/SwarmCombat/install/fwp_planner/lib/libfwp_planner__rosidl_generator_c.so
[28.216s] -- Set runtime path of "/home/tong/Projects/SwarmCombat/install/fwp_planner/lib/libfwp_planner__rosidl_generator_c.so" to ""
[28.216s] -- Installing: /home/tong/Projects/SwarmCombat/install/fwp_planner/lib/libfwp_planner__rosidl_typesupport_fastrtps_c.so
[28.217s] -- Set runtime path of "/home/tong/Projects/SwarmCombat/install/fwp_planner/lib/libfwp_planner__rosidl_typesupport_fastrtps_c.so" to ""
[28.217s] -- Installing: /home/tong/Projects/SwarmCombat/install/fwp_planner/lib/libfwp_planner__rosidl_typesupport_fastrtps_cpp.so
[28.217s] -- Set runtime path of "/home/tong/Projects/SwarmCombat/install/fwp_planner/lib/libfwp_planner__rosidl_typesupport_fastrtps_cpp.so" to ""
[28.218s] -- Installing: /home/tong/Projects/SwarmCombat/install/fwp_planner/lib/libfwp_planner__rosidl_typesupport_introspection_c.so
[28.218s] -- Set runtime path of "/home/tong/Projects/SwarmCombat/install/fwp_planner/lib/libfwp_planner__rosidl_typesupport_introspection_c.so" to ""
[28.218s] -- Installing: /home/tong/Projects/SwarmCombat/install/fwp_planner/lib/libfwp_planner__rosidl_typesupport_c.so
[28.219s] -- Set runtime path of "/home/tong/Projects/SwarmCombat/install/fwp_planner/lib/libfwp_planner__rosidl_typesupport_c.so" to ""
[28.219s] -- Installing: /home/tong/Projects/SwarmCombat/install/fwp_planner/lib/libfwp_planner__rosidl_typesupport_introspection_cpp.so
[28.219s] -- Set runtime path of "/home/tong/Projects/SwarmCombat/install/fwp_planner/lib/libfwp_planner__rosidl_typesupport_introspection_cpp.so" to ""
[28.220s] -- Installing: /home/tong/Projects/SwarmCombat/install/fwp_planner/lib/libfwp_planner__rosidl_typesupport_cpp.so
[28.220s] -- Set runtime path of "/home/tong/Projects/SwarmCombat/install/fwp_planner/lib/libfwp_planner__rosidl_typesupport_cpp.so" to ""
[28.266s] Listing '/home/tong/Projects/SwarmCombat/install/fwp_planner/local/lib/python3.10/dist-packages/fwp_planner'...
[28.266s] Compiling '/home/tong/Projects/SwarmCombat/install/fwp_planner/local/lib/python3.10/dist-packages/fwp_planner/__init__.py'...
[28.266s] Listing '/home/tong/Projects/SwarmCombat/install/fwp_planner/local/lib/python3.10/dist-packages/fwp_planner/msg'...
[28.266s] Compiling '/home/tong/Projects/SwarmCombat/install/fwp_planner/local/lib/python3.10/dist-packages/fwp_planner/msg/__init__.py'...
[28.266s] Compiling '/home/tong/Projects/SwarmCombat/install/fwp_planner/local/lib/python3.10/dist-packages/fwp_planner/msg/_dynamic_state.py'...
[28.266s] Compiling '/home/tong/Projects/SwarmCombat/install/fwp_planner/local/lib/python3.10/dist-packages/fwp_planner/msg/_fused_enemy.py'...
[28.266s] Compiling '/home/tong/Projects/SwarmCombat/install/fwp_planner/local/lib/python3.10/dist-packages/fwp_planner/msg/_fused_teammate.py'...
[28.266s] Compiling '/home/tong/Projects/SwarmCombat/install/fwp_planner/local/lib/python3.10/dist-packages/fwp_planner/msg/_team_broadcast.py'...
[28.266s] Compiling '/home/tong/Projects/SwarmCombat/install/fwp_planner/local/lib/python3.10/dist-packages/fwp_planner/msg/_team_multicast.py'...
[28.271s] -- Installing: /home/tong/Projects/SwarmCombat/install/fwp_planner/lib/libfwp_planner__rosidl_generator_py.so
[28.271s] -- Set runtime path of "/home/tong/Projects/SwarmCombat/install/fwp_planner/lib/libfwp_planner__rosidl_generator_py.so" to ""
[28.271s] -- Installing: /home/tong/Projects/SwarmCombat/install/fwp_planner/share/fwp_planner/cmake/export_fwp_planner__rosidl_generator_cExport.cmake
[28.271s] -- Installing: /home/tong/Projects/SwarmCombat/install/fwp_planner/share/fwp_planner/cmake/export_fwp_planner__rosidl_generator_cExport-noconfig.cmake
[28.271s] -- Installing: /home/tong/Projects/SwarmCombat/install/fwp_planner/share/fwp_planner/cmake/export_fwp_planner__rosidl_typesupport_fastrtps_cExport.cmake
[28.271s] -- Installing: /home/tong/Projects/SwarmCombat/install/fwp_planner/share/fwp_planner/cmake/export_fwp_planner__rosidl_typesupport_fastrtps_cExport-noconfig.cmake
[28.272s] -- Installing: /home/tong/Projects/SwarmCombat/install/fwp_planner/share/fwp_planner/cmake/export_fwp_planner__rosidl_generator_cppExport.cmake
[28.272s] -- Installing: /home/tong/Projects/SwarmCombat/install/fwp_planner/share/fwp_planner/cmake/export_fwp_planner__rosidl_typesupport_fastrtps_cppExport.cmake
[28.272s] -- Installing: /home/tong/Projects/SwarmCombat/install/fwp_planner/share/fwp_planner/cmake/export_fwp_planner__rosidl_typesupport_fastrtps_cppExport-noconfig.cmake
[28.272s] -- Installing: /home/tong/Projects/SwarmCombat/install/fwp_planner/share/fwp_planner/cmake/fwp_planner__rosidl_typesupport_introspection_cExport.cmake
[28.272s] -- Installing: /home/tong/Projects/SwarmCombat/install/fwp_planner/share/fwp_planner/cmake/fwp_planner__rosidl_typesupport_introspection_cExport-noconfig.cmake
[28.272s] -- Installing: /home/tong/Projects/SwarmCombat/install/fwp_planner/share/fwp_planner/cmake/fwp_planner__rosidl_typesupport_cExport.cmake
[28.272s] -- Installing: /home/tong/Projects/SwarmCombat/install/fwp_planner/share/fwp_planner/cmake/fwp_planner__rosidl_typesupport_cExport-noconfig.cmake
[28.272s] -- Installing: /home/tong/Projects/SwarmCombat/install/fwp_planner/share/fwp_planner/cmake/fwp_planner__rosidl_typesupport_introspection_cppExport.cmake
[28.273s] -- Installing: /home/tong/Projects/SwarmCombat/install/fwp_planner/share/fwp_planner/cmake/fwp_planner__rosidl_typesupport_introspection_cppExport-noconfig.cmake
[28.273s] -- Installing: /home/tong/Projects/SwarmCombat/install/fwp_planner/share/fwp_planner/cmake/fwp_planner__rosidl_typesupport_cppExport.cmake
[28.273s] -- Installing: /home/tong/Projects/SwarmCombat/install/fwp_planner/share/fwp_planner/cmake/fwp_planner__rosidl_typesupport_cppExport-noconfig.cmake
[28.273s] -- Installing: /home/tong/Projects/SwarmCombat/install/fwp_planner/share/fwp_planner/cmake/export_fwp_planner__rosidl_generator_pyExport.cmake
[28.273s] -- Installing: /home/tong/Projects/SwarmCombat/install/fwp_planner/share/fwp_planner/cmake/export_fwp_planner__rosidl_generator_pyExport-noconfig.cmake
[28.276s] Invoked command in '/home/tong/Projects/SwarmCombat/build/fwp_planner' returned '0': AMENT_PREFIX_PATH=/home/tong/Projects/SwarmCombat/install/sim_msgs:${AMENT_PREFIX_PATH} CMAKE_PREFIX_PATH=/home/tong/Projects/SwarmCombat/install/sim_msgs:/home/tong/Projects/SwarmCombat/install/fwp_planner:/home/tong/Projects/SwarmCombat/install/fw_plane:/home/tong/Projects/SwarmCombat/install/sim_clock:/home/tong/Projects/SwarmCombat/install/scripts:/opt/ros/humble LD_LIBRARY_PATH=/home/tong/Projects/SwarmCombat/install/sim_msgs/lib:/home/tong/Projects/SwarmCombat/install/fwp_planner/lib:/home/tong/Projects/SwarmCombat/install/sim_clock/lib:/usr/local/cuda/lib64:/usr/local/cuda/lib64:/opt/ros/humble/opt/rviz_ogre_vendor/lib:/opt/ros/humble/lib/x86_64-linux-gnu:/opt/ros/humble/lib PYTHONPATH=/home/tong/Projects/SwarmCombat/install/sim_msgs/local/lib/python3.10/dist-packages:${PYTHONPATH} /usr/bin/cmake --install /home/tong/Projects/SwarmCombat/build/fwp_planner
