[0.390s] DEBUG:colcon:Command line arguments: ['/usr/bin/colcon', 'build', '--symlink-install']
[0.390s] DEBUG:colcon:Parsed command line arguments: Namespace(log_base=None, log_level=None, verb_name='build', build_base='build', install_base='install', merge_install=False, symlink_install=True, test_result_base=None, continue_on_error=False, executor='parallel', parallel_workers=32, event_handlers=None, ignore_user_meta=False, metas=['./colcon.meta'], base_paths=['.'], packages_ignore=None, packages_ignore_regex=None, paths=None, packages_up_to=None, packages_up_to_regex=None, packages_above=None, packages_above_and_dependencies=None, packages_above_depth=None, packages_select_by_dep=None, packages_skip_by_dep=None, packages_skip_up_to=None, packages_select_build_failed=False, packages_skip_build_finished=False, packages_select_test_failures=False, packages_skip_test_passed=False, packages_select=None, packages_skip=None, packages_select_regex=None, packages_skip_regex=None, packages_start=None, packages_end=None, allow_overriding=[], cmake_args=None, cmake_target=None, cmake_target_skip_unavailable=False, cmake_clean_cache=False, cmake_clean_first=False, cmake_force_configure=False, ament_cmake_args=None, catkin_cmake_args=None, catkin_skip_building_tests=False, verb_parser=<colcon_defaults.argument_parser.defaults.DefaultArgumentsDecorator object at 0x72a7772ebca0>, verb_extension=<colcon_core.verb.build.BuildVerb object at 0x72a7774cc400>, main=<bound method BuildVerb.main of <colcon_core.verb.build.BuildVerb object at 0x72a7774cc400>>)
[0.646s] Level 1:colcon.colcon_core.package_discovery:discover_packages(colcon_meta) check parameters
[0.647s] Level 1:colcon.colcon_core.package_discovery:discover_packages(recursive) check parameters
[0.647s] Level 1:colcon.colcon_core.package_discovery:discover_packages(ignore) check parameters
[0.647s] Level 1:colcon.colcon_core.package_discovery:discover_packages(path) check parameters
[0.647s] Level 1:colcon.colcon_core.package_discovery:discover_packages(colcon_meta) discover
[0.647s] Level 1:colcon.colcon_core.package_discovery:discover_packages(recursive) discover
[0.647s] INFO:colcon.colcon_core.package_discovery:Crawling recursively for packages in '/home/tong/Projects/SwarmCombat'
[0.647s] Level 1:colcon.colcon_core.package_identification:_identify(.) by extensions ['ignore', 'ignore_ament_install']
[0.647s] Level 1:colcon.colcon_core.package_identification:_identify(.) by extension 'ignore'
[0.647s] Level 1:colcon.colcon_core.package_identification:_identify(.) by extension 'ignore_ament_install'
[0.647s] Level 1:colcon.colcon_core.package_identification:_identify(.) by extensions ['colcon_pkg']
[0.647s] Level 1:colcon.colcon_core.package_identification:_identify(.) by extension 'colcon_pkg'
[0.647s] Level 1:colcon.colcon_core.package_identification:_identify(.) by extensions ['colcon_meta']
[0.647s] Level 1:colcon.colcon_core.package_identification:_identify(.) by extension 'colcon_meta'
[0.647s] Level 1:colcon.colcon_core.package_identification:_identify(.) by extensions ['ros']
[0.647s] Level 1:colcon.colcon_core.package_identification:_identify(.) by extension 'ros'
[0.664s] Level 1:colcon.colcon_core.package_identification:_identify(.) by extensions ['cmake', 'python']
[0.664s] Level 1:colcon.colcon_core.package_identification:_identify(.) by extension 'cmake'
[0.664s] Level 1:colcon.colcon_core.package_identification:_identify(.) by extension 'python'
[0.664s] Level 1:colcon.colcon_core.package_identification:_identify(.) by extensions ['python_setup_py']
[0.664s] Level 1:colcon.colcon_core.package_identification:_identify(.) by extension 'python_setup_py'
[0.664s] Level 1:colcon.colcon_core.package_identification:_identify(build) by extensions ['ignore', 'ignore_ament_install']
[0.664s] Level 1:colcon.colcon_core.package_identification:_identify(build) by extension 'ignore'
[0.664s] Level 1:colcon.colcon_core.package_identification:_identify(build) ignored
[0.664s] Level 1:colcon.colcon_core.package_identification:_identify(install) by extensions ['ignore', 'ignore_ament_install']
[0.665s] Level 1:colcon.colcon_core.package_identification:_identify(install) by extension 'ignore'
[0.665s] Level 1:colcon.colcon_core.package_identification:_identify(install) ignored
[0.665s] Level 1:colcon.colcon_core.package_identification:_identify(log) by extensions ['ignore', 'ignore_ament_install']
[0.665s] Level 1:colcon.colcon_core.package_identification:_identify(log) by extension 'ignore'
[0.665s] Level 1:colcon.colcon_core.package_identification:_identify(log) ignored
[0.665s] Level 1:colcon.colcon_core.package_identification:_identify(pictures) by extensions ['ignore', 'ignore_ament_install']
[0.665s] Level 1:colcon.colcon_core.package_identification:_identify(pictures) by extension 'ignore'
[0.665s] Level 1:colcon.colcon_core.package_identification:_identify(pictures) by extension 'ignore_ament_install'
[0.665s] Level 1:colcon.colcon_core.package_identification:_identify(pictures) by extensions ['colcon_pkg']
[0.665s] Level 1:colcon.colcon_core.package_identification:_identify(pictures) by extension 'colcon_pkg'
[0.665s] Level 1:colcon.colcon_core.package_identification:_identify(pictures) by extensions ['colcon_meta']
[0.665s] Level 1:colcon.colcon_core.package_identification:_identify(pictures) by extension 'colcon_meta'
[0.665s] Level 1:colcon.colcon_core.package_identification:_identify(pictures) by extensions ['ros']
[0.665s] Level 1:colcon.colcon_core.package_identification:_identify(pictures) by extension 'ros'
[0.665s] Level 1:colcon.colcon_core.package_identification:_identify(pictures) by extensions ['cmake', 'python']
[0.665s] Level 1:colcon.colcon_core.package_identification:_identify(pictures) by extension 'cmake'
[0.665s] Level 1:colcon.colcon_core.package_identification:_identify(pictures) by extension 'python'
[0.665s] Level 1:colcon.colcon_core.package_identification:_identify(pictures) by extensions ['python_setup_py']
[0.666s] Level 1:colcon.colcon_core.package_identification:_identify(pictures) by extension 'python_setup_py'
[0.666s] Level 1:colcon.colcon_core.package_identification:_identify(src) by extensions ['ignore', 'ignore_ament_install']
[0.666s] Level 1:colcon.colcon_core.package_identification:_identify(src) by extension 'ignore'
[0.666s] Level 1:colcon.colcon_core.package_identification:_identify(src) by extension 'ignore_ament_install'
[0.666s] Level 1:colcon.colcon_core.package_identification:_identify(src) by extensions ['colcon_pkg']
[0.666s] Level 1:colcon.colcon_core.package_identification:_identify(src) by extension 'colcon_pkg'
[0.666s] Level 1:colcon.colcon_core.package_identification:_identify(src) by extensions ['colcon_meta']
[0.666s] Level 1:colcon.colcon_core.package_identification:_identify(src) by extension 'colcon_meta'
[0.666s] Level 1:colcon.colcon_core.package_identification:_identify(src) by extensions ['ros']
[0.666s] Level 1:colcon.colcon_core.package_identification:_identify(src) by extension 'ros'
[0.666s] Level 1:colcon.colcon_core.package_identification:_identify(src) by extensions ['cmake', 'python']
[0.666s] Level 1:colcon.colcon_core.package_identification:_identify(src) by extension 'cmake'
[0.666s] Level 1:colcon.colcon_core.package_identification:_identify(src) by extension 'python'
[0.666s] Level 1:colcon.colcon_core.package_identification:_identify(src) by extensions ['python_setup_py']
[0.666s] Level 1:colcon.colcon_core.package_identification:_identify(src) by extension 'python_setup_py'
[0.666s] Level 1:colcon.colcon_core.package_identification:_identify(src/autopilot) by extensions ['ignore', 'ignore_ament_install']
[0.666s] Level 1:colcon.colcon_core.package_identification:_identify(src/autopilot) by extension 'ignore'
[0.666s] Level 1:colcon.colcon_core.package_identification:_identify(src/autopilot) by extension 'ignore_ament_install'
[0.666s] Level 1:colcon.colcon_core.package_identification:_identify(src/autopilot) by extensions ['colcon_pkg']
[0.666s] Level 1:colcon.colcon_core.package_identification:_identify(src/autopilot) by extension 'colcon_pkg'
[0.666s] Level 1:colcon.colcon_core.package_identification:_identify(src/autopilot) by extensions ['colcon_meta']
[0.667s] Level 1:colcon.colcon_core.package_identification:_identify(src/autopilot) by extension 'colcon_meta'
[0.667s] Level 1:colcon.colcon_core.package_identification:_identify(src/autopilot) by extensions ['ros']
[0.667s] Level 1:colcon.colcon_core.package_identification:_identify(src/autopilot) by extension 'ros'
[0.667s] Level 1:colcon.colcon_core.package_identification:_identify(src/autopilot) by extensions ['cmake', 'python']
[0.667s] Level 1:colcon.colcon_core.package_identification:_identify(src/autopilot) by extension 'cmake'
[0.667s] Level 1:colcon.colcon_core.package_identification:_identify(src/autopilot) by extension 'python'
[0.667s] Level 1:colcon.colcon_core.package_identification:_identify(src/autopilot) by extensions ['python_setup_py']
[0.667s] Level 1:colcon.colcon_core.package_identification:_identify(src/autopilot) by extension 'python_setup_py'
[0.667s] Level 1:colcon.colcon_core.package_identification:_identify(src/autopilot/fwp_planner) by extensions ['ignore', 'ignore_ament_install']
[0.667s] Level 1:colcon.colcon_core.package_identification:_identify(src/autopilot/fwp_planner) by extension 'ignore'
[0.667s] Level 1:colcon.colcon_core.package_identification:_identify(src/autopilot/fwp_planner) by extension 'ignore_ament_install'
[0.667s] Level 1:colcon.colcon_core.package_identification:_identify(src/autopilot/fwp_planner) by extensions ['colcon_pkg']
[0.667s] Level 1:colcon.colcon_core.package_identification:_identify(src/autopilot/fwp_planner) by extension 'colcon_pkg'
[0.667s] Level 1:colcon.colcon_core.package_identification:_identify(src/autopilot/fwp_planner) by extensions ['colcon_meta']
[0.667s] Level 1:colcon.colcon_core.package_identification:_identify(src/autopilot/fwp_planner) by extension 'colcon_meta'
[0.667s] Level 1:colcon.colcon_core.package_identification:_identify(src/autopilot/fwp_planner) by extensions ['ros']
[0.667s] Level 1:colcon.colcon_core.package_identification:_identify(src/autopilot/fwp_planner) by extension 'ros'
[0.672s] DEBUG:colcon.colcon_core.package_identification:Package 'src/autopilot/fwp_planner' with type 'ros.ament_cmake' and name 'fwp_planner'
[0.673s] Level 1:colcon.colcon_core.package_identification:_identify(src/autopilot/gcs_planner) by extensions ['ignore', 'ignore_ament_install']
[0.673s] Level 1:colcon.colcon_core.package_identification:_identify(src/autopilot/gcs_planner) by extension 'ignore'
[0.673s] Level 1:colcon.colcon_core.package_identification:_identify(src/autopilot/gcs_planner) by extension 'ignore_ament_install'
[0.673s] Level 1:colcon.colcon_core.package_identification:_identify(src/autopilot/gcs_planner) by extensions ['colcon_pkg']
[0.673s] Level 1:colcon.colcon_core.package_identification:_identify(src/autopilot/gcs_planner) by extension 'colcon_pkg'
[0.673s] Level 1:colcon.colcon_core.package_identification:_identify(src/autopilot/gcs_planner) by extensions ['colcon_meta']
[0.673s] Level 1:colcon.colcon_core.package_identification:_identify(src/autopilot/gcs_planner) by extension 'colcon_meta'
[0.673s] Level 1:colcon.colcon_core.package_identification:_identify(src/autopilot/gcs_planner) by extensions ['ros']
[0.673s] Level 1:colcon.colcon_core.package_identification:_identify(src/autopilot/gcs_planner) by extension 'ros'
[0.674s] DEBUG:colcon.colcon_core.package_identification:Failed to parse potential ROS package manifest in'src/autopilot/gcs_planner': Error(s) in package 'src/autopilot/gcs_planner/package.xml':
The manifest contains invalid XML:
no element found: line 1, column 0
[0.674s] Level 1:colcon.colcon_core.package_identification:_identify(src/autopilot/gcs_planner) by extensions ['cmake', 'python']
[0.674s] Level 1:colcon.colcon_core.package_identification:_identify(src/autopilot/gcs_planner) by extension 'cmake'
[0.675s] Level 1:colcon.colcon_core.package_identification:_identify(src/autopilot/gcs_planner) by extension 'python'
[0.675s] DEBUG:colcon.colcon_core.package_identification:Package 'src/autopilot/gcs_planner' with type 'cmake' and name 'gcs_planner'
[0.675s] Level 1:colcon.colcon_core.package_identification:_identify(src/scripts) by extensions ['ignore', 'ignore_ament_install']
[0.675s] Level 1:colcon.colcon_core.package_identification:_identify(src/scripts) by extension 'ignore'
[0.675s] Level 1:colcon.colcon_core.package_identification:_identify(src/scripts) by extension 'ignore_ament_install'
[0.676s] Level 1:colcon.colcon_core.package_identification:_identify(src/scripts) by extensions ['colcon_pkg']
[0.676s] Level 1:colcon.colcon_core.package_identification:_identify(src/scripts) by extension 'colcon_pkg'
[0.676s] Level 1:colcon.colcon_core.package_identification:_identify(src/scripts) by extensions ['colcon_meta']
[0.676s] Level 1:colcon.colcon_core.package_identification:_identify(src/scripts) by extension 'colcon_meta'
[0.676s] Level 1:colcon.colcon_core.package_identification:_identify(src/scripts) by extensions ['ros']
[0.676s] Level 1:colcon.colcon_core.package_identification:_identify(src/scripts) by extension 'ros'
[0.677s] DEBUG:colcon.colcon_core.package_identification:Package 'src/scripts' with type 'ros.ament_python' and name 'scripts'
[0.677s] Level 1:colcon.colcon_core.package_identification:_identify(src/simulator) by extensions ['ignore', 'ignore_ament_install']
[0.677s] Level 1:colcon.colcon_core.package_identification:_identify(src/simulator) by extension 'ignore'
[0.677s] Level 1:colcon.colcon_core.package_identification:_identify(src/simulator) by extension 'ignore_ament_install'
[0.677s] Level 1:colcon.colcon_core.package_identification:_identify(src/simulator) by extensions ['colcon_pkg']
[0.677s] Level 1:colcon.colcon_core.package_identification:_identify(src/simulator) by extension 'colcon_pkg'
[0.677s] Level 1:colcon.colcon_core.package_identification:_identify(src/simulator) by extensions ['colcon_meta']
[0.677s] Level 1:colcon.colcon_core.package_identification:_identify(src/simulator) by extension 'colcon_meta'
[0.677s] Level 1:colcon.colcon_core.package_identification:_identify(src/simulator) by extensions ['ros']
[0.677s] Level 1:colcon.colcon_core.package_identification:_identify(src/simulator) by extension 'ros'
[0.677s] Level 1:colcon.colcon_core.package_identification:_identify(src/simulator) by extensions ['cmake', 'python']
[0.677s] Level 1:colcon.colcon_core.package_identification:_identify(src/simulator) by extension 'cmake'
[0.677s] Level 1:colcon.colcon_core.package_identification:_identify(src/simulator) by extension 'python'
[0.677s] Level 1:colcon.colcon_core.package_identification:_identify(src/simulator) by extensions ['python_setup_py']
[0.677s] Level 1:colcon.colcon_core.package_identification:_identify(src/simulator) by extension 'python_setup_py'
[0.677s] Level 1:colcon.colcon_core.package_identification:_identify(src/simulator/fw_plane) by extensions ['ignore', 'ignore_ament_install']
[0.677s] Level 1:colcon.colcon_core.package_identification:_identify(src/simulator/fw_plane) by extension 'ignore'
[0.677s] Level 1:colcon.colcon_core.package_identification:_identify(src/simulator/fw_plane) by extension 'ignore_ament_install'
[0.677s] Level 1:colcon.colcon_core.package_identification:_identify(src/simulator/fw_plane) by extensions ['colcon_pkg']
[0.677s] Level 1:colcon.colcon_core.package_identification:_identify(src/simulator/fw_plane) by extension 'colcon_pkg'
[0.677s] Level 1:colcon.colcon_core.package_identification:_identify(src/simulator/fw_plane) by extensions ['colcon_meta']
[0.677s] Level 1:colcon.colcon_core.package_identification:_identify(src/simulator/fw_plane) by extension 'colcon_meta'
[0.678s] Level 1:colcon.colcon_core.package_identification:_identify(src/simulator/fw_plane) by extensions ['ros']
[0.678s] Level 1:colcon.colcon_core.package_identification:_identify(src/simulator/fw_plane) by extension 'ros'
[0.679s] DEBUG:colcon.colcon_core.package_identification:Package 'src/simulator/fw_plane' with type 'ros.ament_cmake' and name 'fw_plane'
[0.679s] Level 1:colcon.colcon_core.package_identification:_identify(src/simulator/sim_msgs) by extensions ['ignore', 'ignore_ament_install']
[0.679s] Level 1:colcon.colcon_core.package_identification:_identify(src/simulator/sim_msgs) by extension 'ignore'
[0.679s] Level 1:colcon.colcon_core.package_identification:_identify(src/simulator/sim_msgs) by extension 'ignore_ament_install'
[0.679s] Level 1:colcon.colcon_core.package_identification:_identify(src/simulator/sim_msgs) by extensions ['colcon_pkg']
[0.679s] Level 1:colcon.colcon_core.package_identification:_identify(src/simulator/sim_msgs) by extension 'colcon_pkg'
[0.679s] Level 1:colcon.colcon_core.package_identification:_identify(src/simulator/sim_msgs) by extensions ['colcon_meta']
[0.679s] Level 1:colcon.colcon_core.package_identification:_identify(src/simulator/sim_msgs) by extension 'colcon_meta'
[0.679s] Level 1:colcon.colcon_core.package_identification:_identify(src/simulator/sim_msgs) by extensions ['ros']
[0.679s] Level 1:colcon.colcon_core.package_identification:_identify(src/simulator/sim_msgs) by extension 'ros'
[0.680s] DEBUG:colcon.colcon_core.package_identification:Package 'src/simulator/sim_msgs' with type 'ros.ament_cmake' and name 'sim_msgs'
[0.680s] Level 1:colcon.colcon_core.package_identification:_identify(src/utils) by extensions ['ignore', 'ignore_ament_install']
[0.680s] Level 1:colcon.colcon_core.package_identification:_identify(src/utils) by extension 'ignore'
[0.680s] Level 1:colcon.colcon_core.package_identification:_identify(src/utils) by extension 'ignore_ament_install'
[0.681s] Level 1:colcon.colcon_core.package_identification:_identify(src/utils) by extensions ['colcon_pkg']
[0.681s] Level 1:colcon.colcon_core.package_identification:_identify(src/utils) by extension 'colcon_pkg'
[0.681s] Level 1:colcon.colcon_core.package_identification:_identify(src/utils) by extensions ['colcon_meta']
[0.681s] Level 1:colcon.colcon_core.package_identification:_identify(src/utils) by extension 'colcon_meta'
[0.681s] Level 1:colcon.colcon_core.package_identification:_identify(src/utils) by extensions ['ros']
[0.681s] Level 1:colcon.colcon_core.package_identification:_identify(src/utils) by extension 'ros'
[0.681s] Level 1:colcon.colcon_core.package_identification:_identify(src/utils) by extensions ['cmake', 'python']
[0.681s] Level 1:colcon.colcon_core.package_identification:_identify(src/utils) by extension 'cmake'
[0.681s] Level 1:colcon.colcon_core.package_identification:_identify(src/utils) by extension 'python'
[0.681s] Level 1:colcon.colcon_core.package_identification:_identify(src/utils) by extensions ['python_setup_py']
[0.681s] Level 1:colcon.colcon_core.package_identification:_identify(src/utils) by extension 'python_setup_py'
[0.681s] Level 1:colcon.colcon_core.package_identification:_identify(src/utils/sim_clock) by extensions ['ignore', 'ignore_ament_install']
[0.681s] Level 1:colcon.colcon_core.package_identification:_identify(src/utils/sim_clock) by extension 'ignore'
[0.681s] Level 1:colcon.colcon_core.package_identification:_identify(src/utils/sim_clock) by extension 'ignore_ament_install'
[0.681s] Level 1:colcon.colcon_core.package_identification:_identify(src/utils/sim_clock) by extensions ['colcon_pkg']
[0.681s] Level 1:colcon.colcon_core.package_identification:_identify(src/utils/sim_clock) by extension 'colcon_pkg'
[0.681s] Level 1:colcon.colcon_core.package_identification:_identify(src/utils/sim_clock) by extensions ['colcon_meta']
[0.681s] Level 1:colcon.colcon_core.package_identification:_identify(src/utils/sim_clock) by extension 'colcon_meta'
[0.681s] Level 1:colcon.colcon_core.package_identification:_identify(src/utils/sim_clock) by extensions ['ros']
[0.681s] Level 1:colcon.colcon_core.package_identification:_identify(src/utils/sim_clock) by extension 'ros'
[0.682s] DEBUG:colcon.colcon_core.package_identification:Package 'src/utils/sim_clock' with type 'ros.ament_cmake' and name 'sim_clock'
[0.682s] Level 1:colcon.colcon_core.package_identification:_identify(src/utils/util_msgs) by extensions ['ignore', 'ignore_ament_install']
[0.682s] Level 1:colcon.colcon_core.package_identification:_identify(src/utils/util_msgs) by extension 'ignore'
[0.682s] Level 1:colcon.colcon_core.package_identification:_identify(src/utils/util_msgs) by extension 'ignore_ament_install'
[0.682s] Level 1:colcon.colcon_core.package_identification:_identify(src/utils/util_msgs) by extensions ['colcon_pkg']
[0.682s] Level 1:colcon.colcon_core.package_identification:_identify(src/utils/util_msgs) by extension 'colcon_pkg'
[0.682s] Level 1:colcon.colcon_core.package_identification:_identify(src/utils/util_msgs) by extensions ['colcon_meta']
[0.682s] Level 1:colcon.colcon_core.package_identification:_identify(src/utils/util_msgs) by extension 'colcon_meta'
[0.682s] Level 1:colcon.colcon_core.package_identification:_identify(src/utils/util_msgs) by extensions ['ros']
[0.682s] Level 1:colcon.colcon_core.package_identification:_identify(src/utils/util_msgs) by extension 'ros'
[0.682s] Level 1:colcon.colcon_core.package_identification:_identify(src/utils/util_msgs) by extensions ['cmake', 'python']
[0.682s] Level 1:colcon.colcon_core.package_identification:_identify(src/utils/util_msgs) by extension 'cmake'
[0.682s] Level 1:colcon.colcon_core.package_identification:_identify(src/utils/util_msgs) by extension 'python'
[0.682s] Level 1:colcon.colcon_core.package_identification:_identify(src/utils/util_msgs) by extensions ['python_setup_py']
[0.682s] Level 1:colcon.colcon_core.package_identification:_identify(src/utils/util_msgs) by extension 'python_setup_py'
[0.683s] Level 1:colcon.colcon_core.package_identification:_identify(src/utils/util_msgs/include) by extensions ['ignore', 'ignore_ament_install']
[0.683s] Level 1:colcon.colcon_core.package_identification:_identify(src/utils/util_msgs/include) by extension 'ignore'
[0.683s] Level 1:colcon.colcon_core.package_identification:_identify(src/utils/util_msgs/include) by extension 'ignore_ament_install'
[0.683s] Level 1:colcon.colcon_core.package_identification:_identify(src/utils/util_msgs/include) by extensions ['colcon_pkg']
[0.683s] Level 1:colcon.colcon_core.package_identification:_identify(src/utils/util_msgs/include) by extension 'colcon_pkg'
[0.683s] Level 1:colcon.colcon_core.package_identification:_identify(src/utils/util_msgs/include) by extensions ['colcon_meta']
[0.683s] Level 1:colcon.colcon_core.package_identification:_identify(src/utils/util_msgs/include) by extension 'colcon_meta'
[0.683s] Level 1:colcon.colcon_core.package_identification:_identify(src/utils/util_msgs/include) by extensions ['ros']
[0.683s] Level 1:colcon.colcon_core.package_identification:_identify(src/utils/util_msgs/include) by extension 'ros'
[0.683s] Level 1:colcon.colcon_core.package_identification:_identify(src/utils/util_msgs/include) by extensions ['cmake', 'python']
[0.683s] Level 1:colcon.colcon_core.package_identification:_identify(src/utils/util_msgs/include) by extension 'cmake'
[0.683s] Level 1:colcon.colcon_core.package_identification:_identify(src/utils/util_msgs/include) by extension 'python'
[0.683s] Level 1:colcon.colcon_core.package_identification:_identify(src/utils/util_msgs/include) by extensions ['python_setup_py']
[0.683s] Level 1:colcon.colcon_core.package_identification:_identify(src/utils/util_msgs/include) by extension 'python_setup_py'
[0.683s] Level 1:colcon.colcon_core.package_identification:_identify(src/utils/util_msgs/msg) by extensions ['ignore', 'ignore_ament_install']
[0.683s] Level 1:colcon.colcon_core.package_identification:_identify(src/utils/util_msgs/msg) by extension 'ignore'
[0.683s] Level 1:colcon.colcon_core.package_identification:_identify(src/utils/util_msgs/msg) by extension 'ignore_ament_install'
[0.683s] Level 1:colcon.colcon_core.package_identification:_identify(src/utils/util_msgs/msg) by extensions ['colcon_pkg']
[0.683s] Level 1:colcon.colcon_core.package_identification:_identify(src/utils/util_msgs/msg) by extension 'colcon_pkg'
[0.683s] Level 1:colcon.colcon_core.package_identification:_identify(src/utils/util_msgs/msg) by extensions ['colcon_meta']
[0.683s] Level 1:colcon.colcon_core.package_identification:_identify(src/utils/util_msgs/msg) by extension 'colcon_meta'
[0.683s] Level 1:colcon.colcon_core.package_identification:_identify(src/utils/util_msgs/msg) by extensions ['ros']
[0.683s] Level 1:colcon.colcon_core.package_identification:_identify(src/utils/util_msgs/msg) by extension 'ros'
[0.683s] Level 1:colcon.colcon_core.package_identification:_identify(src/utils/util_msgs/msg) by extensions ['cmake', 'python']
[0.683s] Level 1:colcon.colcon_core.package_identification:_identify(src/utils/util_msgs/msg) by extension 'cmake'
[0.683s] Level 1:colcon.colcon_core.package_identification:_identify(src/utils/util_msgs/msg) by extension 'python'
[0.683s] Level 1:colcon.colcon_core.package_identification:_identify(src/utils/util_msgs/msg) by extensions ['python_setup_py']
[0.683s] Level 1:colcon.colcon_core.package_identification:_identify(src/utils/util_msgs/msg) by extension 'python_setup_py'
[0.684s] Level 1:colcon.colcon_core.package_identification:_identify(src/utils/util_msgs/src) by extensions ['ignore', 'ignore_ament_install']
[0.684s] Level 1:colcon.colcon_core.package_identification:_identify(src/utils/util_msgs/src) by extension 'ignore'
[0.684s] Level 1:colcon.colcon_core.package_identification:_identify(src/utils/util_msgs/src) by extension 'ignore_ament_install'
[0.684s] Level 1:colcon.colcon_core.package_identification:_identify(src/utils/util_msgs/src) by extensions ['colcon_pkg']
[0.684s] Level 1:colcon.colcon_core.package_identification:_identify(src/utils/util_msgs/src) by extension 'colcon_pkg'
[0.684s] Level 1:colcon.colcon_core.package_identification:_identify(src/utils/util_msgs/src) by extensions ['colcon_meta']
[0.684s] Level 1:colcon.colcon_core.package_identification:_identify(src/utils/util_msgs/src) by extension 'colcon_meta'
[0.684s] Level 1:colcon.colcon_core.package_identification:_identify(src/utils/util_msgs/src) by extensions ['ros']
[0.684s] Level 1:colcon.colcon_core.package_identification:_identify(src/utils/util_msgs/src) by extension 'ros'
[0.684s] Level 1:colcon.colcon_core.package_identification:_identify(src/utils/util_msgs/src) by extensions ['cmake', 'python']
[0.684s] Level 1:colcon.colcon_core.package_identification:_identify(src/utils/util_msgs/src) by extension 'cmake'
[0.684s] Level 1:colcon.colcon_core.package_identification:_identify(src/utils/util_msgs/src) by extension 'python'
[0.684s] Level 1:colcon.colcon_core.package_identification:_identify(src/utils/util_msgs/src) by extensions ['python_setup_py']
[0.684s] Level 1:colcon.colcon_core.package_identification:_identify(src/utils/util_msgs/src) by extension 'python_setup_py'
[0.684s] Level 1:colcon.colcon_core.package_discovery:discover_packages(recursive) using defaults
[0.684s] Level 1:colcon.colcon_core.package_discovery:discover_packages(ignore) discover
[0.684s] Level 1:colcon.colcon_core.package_discovery:discover_packages(ignore) using defaults
[0.684s] Level 1:colcon.colcon_core.package_discovery:discover_packages(path) discover
[0.684s] Level 1:colcon.colcon_core.package_discovery:discover_packages(path) using defaults
[0.715s] Level 1:colcon.colcon_core.package_discovery:discover_packages(prefix_path) check parameters
[0.715s] Level 1:colcon.colcon_core.package_discovery:discover_packages(prefix_path) discover
[0.717s] WARNING:colcon.colcon_ros.prefix_path.ament:The path '/home/tong/Projects/SwarmCombat/install/scripts' in the environment variable AMENT_PREFIX_PATH doesn't exist
[0.717s] WARNING:colcon.colcon_ros.prefix_path.catkin:The path '/home/tong/Projects/SwarmCombat/install/fwp_planner' in the environment variable CMAKE_PREFIX_PATH doesn't exist
[0.717s] WARNING:colcon.colcon_ros.prefix_path.catkin:The path '/home/tong/Projects/SwarmCombat/install/fw_plane' in the environment variable CMAKE_PREFIX_PATH doesn't exist
[0.717s] WARNING:colcon.colcon_ros.prefix_path.catkin:The path '/home/tong/Projects/SwarmCombat/install/sim_msgs' in the environment variable CMAKE_PREFIX_PATH doesn't exist
[0.717s] WARNING:colcon.colcon_ros.prefix_path.catkin:The path '/home/tong/Projects/SwarmCombat/install/sim_clock' in the environment variable CMAKE_PREFIX_PATH doesn't exist
[0.718s] DEBUG:colcon.colcon_installed_package_information.package_discovery:Found 0 installed packages in /home/tong/Projects/SwarmCombat/install
[0.719s] DEBUG:colcon.colcon_installed_package_information.package_discovery:Found 316 installed packages in /opt/ros/humble
[0.726s] Level 1:colcon.colcon_core.package_discovery:discover_packages(prefix_path) using defaults
[0.765s] Level 5:colcon.colcon_core.verb:set package 'gcs_planner' build argument 'cmake_args' from command line to 'None'
[0.766s] Level 5:colcon.colcon_core.verb:set package 'gcs_planner' build argument 'cmake_target' from command line to 'None'
[0.766s] Level 5:colcon.colcon_core.verb:set package 'gcs_planner' build argument 'cmake_target_skip_unavailable' from command line to 'False'
[0.766s] Level 5:colcon.colcon_core.verb:set package 'gcs_planner' build argument 'cmake_clean_cache' from command line to 'False'
[0.766s] Level 5:colcon.colcon_core.verb:set package 'gcs_planner' build argument 'cmake_clean_first' from command line to 'False'
[0.766s] Level 5:colcon.colcon_core.verb:set package 'gcs_planner' build argument 'cmake_force_configure' from command line to 'False'
[0.766s] Level 5:colcon.colcon_core.verb:set package 'gcs_planner' build argument 'ament_cmake_args' from command line to 'None'
[0.766s] Level 5:colcon.colcon_core.verb:set package 'gcs_planner' build argument 'catkin_cmake_args' from command line to 'None'
[0.766s] Level 5:colcon.colcon_core.verb:set package 'gcs_planner' build argument 'catkin_skip_building_tests' from command line to 'False'
[0.766s] DEBUG:colcon.colcon_core.verb:Building package 'gcs_planner' with the following arguments: {'ament_cmake_args': None, 'build_base': '/home/tong/Projects/SwarmCombat/build/gcs_planner', 'catkin_cmake_args': None, 'catkin_skip_building_tests': False, 'cmake_args': None, 'cmake_clean_cache': False, 'cmake_clean_first': False, 'cmake_force_configure': False, 'cmake_target': None, 'cmake_target_skip_unavailable': False, 'install_base': '/home/tong/Projects/SwarmCombat/install/gcs_planner', 'merge_install': False, 'path': '/home/tong/Projects/SwarmCombat/src/autopilot/gcs_planner', 'symlink_install': True, 'test_result_base': None}
[0.766s] Level 5:colcon.colcon_core.verb:set package 'scripts' build argument 'cmake_args' from command line to 'None'
[0.766s] Level 5:colcon.colcon_core.verb:set package 'scripts' build argument 'cmake_target' from command line to 'None'
[0.766s] Level 5:colcon.colcon_core.verb:set package 'scripts' build argument 'cmake_target_skip_unavailable' from command line to 'False'
[0.766s] Level 5:colcon.colcon_core.verb:set package 'scripts' build argument 'cmake_clean_cache' from command line to 'False'
[0.766s] Level 5:colcon.colcon_core.verb:set package 'scripts' build argument 'cmake_clean_first' from command line to 'False'
[0.766s] Level 5:colcon.colcon_core.verb:set package 'scripts' build argument 'cmake_force_configure' from command line to 'False'
[0.766s] Level 5:colcon.colcon_core.verb:set package 'scripts' build argument 'ament_cmake_args' from command line to 'None'
[0.766s] Level 5:colcon.colcon_core.verb:set package 'scripts' build argument 'catkin_cmake_args' from command line to 'None'
[0.767s] Level 5:colcon.colcon_core.verb:set package 'scripts' build argument 'catkin_skip_building_tests' from command line to 'False'
[0.767s] DEBUG:colcon.colcon_core.verb:Building package 'scripts' with the following arguments: {'ament_cmake_args': None, 'build_base': '/home/tong/Projects/SwarmCombat/build/scripts', 'catkin_cmake_args': None, 'catkin_skip_building_tests': False, 'cmake_args': None, 'cmake_clean_cache': False, 'cmake_clean_first': False, 'cmake_force_configure': False, 'cmake_target': None, 'cmake_target_skip_unavailable': False, 'install_base': '/home/tong/Projects/SwarmCombat/install/scripts', 'merge_install': False, 'path': '/home/tong/Projects/SwarmCombat/src/scripts', 'symlink_install': True, 'test_result_base': None}
[0.767s] Level 5:colcon.colcon_core.verb:set package 'sim_clock' build argument 'cmake_args' from command line to 'None'
[0.767s] Level 5:colcon.colcon_core.verb:set package 'sim_clock' build argument 'cmake_target' from command line to 'None'
[0.767s] Level 5:colcon.colcon_core.verb:set package 'sim_clock' build argument 'cmake_target_skip_unavailable' from command line to 'False'
[0.767s] Level 5:colcon.colcon_core.verb:set package 'sim_clock' build argument 'cmake_clean_cache' from command line to 'False'
[0.767s] Level 5:colcon.colcon_core.verb:set package 'sim_clock' build argument 'cmake_clean_first' from command line to 'False'
[0.767s] Level 5:colcon.colcon_core.verb:set package 'sim_clock' build argument 'cmake_force_configure' from command line to 'False'
[0.767s] Level 5:colcon.colcon_core.verb:set package 'sim_clock' build argument 'ament_cmake_args' from command line to 'None'
[0.767s] Level 5:colcon.colcon_core.verb:set package 'sim_clock' build argument 'catkin_cmake_args' from command line to 'None'
[0.767s] Level 5:colcon.colcon_core.verb:set package 'sim_clock' build argument 'catkin_skip_building_tests' from command line to 'False'
[0.767s] DEBUG:colcon.colcon_core.verb:Building package 'sim_clock' with the following arguments: {'ament_cmake_args': None, 'build_base': '/home/tong/Projects/SwarmCombat/build/sim_clock', 'catkin_cmake_args': None, 'catkin_skip_building_tests': False, 'cmake_args': None, 'cmake_clean_cache': False, 'cmake_clean_first': False, 'cmake_force_configure': False, 'cmake_target': None, 'cmake_target_skip_unavailable': False, 'install_base': '/home/tong/Projects/SwarmCombat/install/sim_clock', 'merge_install': False, 'path': '/home/tong/Projects/SwarmCombat/src/utils/sim_clock', 'symlink_install': True, 'test_result_base': None}
[0.767s] Level 5:colcon.colcon_core.verb:set package 'sim_msgs' build argument 'cmake_args' from command line to 'None'
[0.768s] Level 5:colcon.colcon_core.verb:set package 'sim_msgs' build argument 'cmake_target' from command line to 'None'
[0.768s] Level 5:colcon.colcon_core.verb:set package 'sim_msgs' build argument 'cmake_target_skip_unavailable' from command line to 'False'
[0.768s] Level 5:colcon.colcon_core.verb:set package 'sim_msgs' build argument 'cmake_clean_cache' from command line to 'False'
[0.768s] Level 5:colcon.colcon_core.verb:set package 'sim_msgs' build argument 'cmake_clean_first' from command line to 'False'
[0.768s] Level 5:colcon.colcon_core.verb:set package 'sim_msgs' build argument 'cmake_force_configure' from command line to 'False'
[0.768s] Level 5:colcon.colcon_core.verb:set package 'sim_msgs' build argument 'ament_cmake_args' from command line to 'None'
[0.768s] Level 5:colcon.colcon_core.verb:set package 'sim_msgs' build argument 'catkin_cmake_args' from command line to 'None'
[0.768s] Level 5:colcon.colcon_core.verb:set package 'sim_msgs' build argument 'catkin_skip_building_tests' from command line to 'False'
[0.768s] DEBUG:colcon.colcon_core.verb:Building package 'sim_msgs' with the following arguments: {'ament_cmake_args': None, 'build_base': '/home/tong/Projects/SwarmCombat/build/sim_msgs', 'catkin_cmake_args': None, 'catkin_skip_building_tests': False, 'cmake_args': None, 'cmake_clean_cache': False, 'cmake_clean_first': False, 'cmake_force_configure': False, 'cmake_target': None, 'cmake_target_skip_unavailable': False, 'install_base': '/home/tong/Projects/SwarmCombat/install/sim_msgs', 'merge_install': False, 'path': '/home/tong/Projects/SwarmCombat/src/simulator/sim_msgs', 'symlink_install': True, 'test_result_base': None}
[0.768s] Level 5:colcon.colcon_core.verb:set package 'fw_plane' build argument 'cmake_args' from command line to 'None'
[0.768s] Level 5:colcon.colcon_core.verb:set package 'fw_plane' build argument 'cmake_target' from command line to 'None'
[0.768s] Level 5:colcon.colcon_core.verb:set package 'fw_plane' build argument 'cmake_target_skip_unavailable' from command line to 'False'
[0.768s] Level 5:colcon.colcon_core.verb:set package 'fw_plane' build argument 'cmake_clean_cache' from command line to 'False'
[0.768s] Level 5:colcon.colcon_core.verb:set package 'fw_plane' build argument 'cmake_clean_first' from command line to 'False'
[0.768s] Level 5:colcon.colcon_core.verb:set package 'fw_plane' build argument 'cmake_force_configure' from command line to 'False'
[0.768s] Level 5:colcon.colcon_core.verb:set package 'fw_plane' build argument 'ament_cmake_args' from command line to 'None'
[0.768s] Level 5:colcon.colcon_core.verb:set package 'fw_plane' build argument 'catkin_cmake_args' from command line to 'None'
[0.768s] Level 5:colcon.colcon_core.verb:set package 'fw_plane' build argument 'catkin_skip_building_tests' from command line to 'False'
[0.768s] DEBUG:colcon.colcon_core.verb:Building package 'fw_plane' with the following arguments: {'ament_cmake_args': None, 'build_base': '/home/tong/Projects/SwarmCombat/build/fw_plane', 'catkin_cmake_args': None, 'catkin_skip_building_tests': False, 'cmake_args': None, 'cmake_clean_cache': False, 'cmake_clean_first': False, 'cmake_force_configure': False, 'cmake_target': None, 'cmake_target_skip_unavailable': False, 'install_base': '/home/tong/Projects/SwarmCombat/install/fw_plane', 'merge_install': False, 'path': '/home/tong/Projects/SwarmCombat/src/simulator/fw_plane', 'symlink_install': True, 'test_result_base': None}
[0.769s] Level 5:colcon.colcon_core.verb:set package 'fwp_planner' build argument 'cmake_args' from command line to 'None'
[0.769s] Level 5:colcon.colcon_core.verb:set package 'fwp_planner' build argument 'cmake_target' from command line to 'None'
[0.769s] Level 5:colcon.colcon_core.verb:set package 'fwp_planner' build argument 'cmake_target_skip_unavailable' from command line to 'False'
[0.769s] Level 5:colcon.colcon_core.verb:set package 'fwp_planner' build argument 'cmake_clean_cache' from command line to 'False'
[0.769s] Level 5:colcon.colcon_core.verb:set package 'fwp_planner' build argument 'cmake_clean_first' from command line to 'False'
[0.769s] Level 5:colcon.colcon_core.verb:set package 'fwp_planner' build argument 'cmake_force_configure' from command line to 'False'
[0.769s] Level 5:colcon.colcon_core.verb:set package 'fwp_planner' build argument 'ament_cmake_args' from command line to 'None'
[0.769s] Level 5:colcon.colcon_core.verb:set package 'fwp_planner' build argument 'catkin_cmake_args' from command line to 'None'
[0.769s] Level 5:colcon.colcon_core.verb:set package 'fwp_planner' build argument 'catkin_skip_building_tests' from command line to 'False'
[0.769s] DEBUG:colcon.colcon_core.verb:Building package 'fwp_planner' with the following arguments: {'ament_cmake_args': None, 'build_base': '/home/tong/Projects/SwarmCombat/build/fwp_planner', 'catkin_cmake_args': None, 'catkin_skip_building_tests': False, 'cmake_args': None, 'cmake_clean_cache': False, 'cmake_clean_first': False, 'cmake_force_configure': False, 'cmake_target': None, 'cmake_target_skip_unavailable': False, 'install_base': '/home/tong/Projects/SwarmCombat/install/fwp_planner', 'merge_install': False, 'path': '/home/tong/Projects/SwarmCombat/src/autopilot/fwp_planner', 'symlink_install': True, 'test_result_base': None}
[0.769s] INFO:colcon.colcon_core.executor:Executing jobs using 'parallel' executor
[0.772s] DEBUG:colcon.colcon_parallel_executor.executor.parallel:run_until_complete
[0.772s] INFO:colcon.colcon_ros.task.ament_cmake.build:Building ROS package in '/home/tong/Projects/SwarmCombat/src/simulator/sim_msgs' with build type 'ament_cmake'
[0.772s] INFO:colcon.colcon_cmake.task.cmake.build:Building CMake package in '/home/tong/Projects/SwarmCombat/src/simulator/sim_msgs'
[0.782s] INFO:colcon.colcon_core.plugin_system:Skipping extension 'colcon_core.shell.bat': Not used on non-Windows systems
[0.783s] INFO:colcon.colcon_core.shell:Skip shell extension 'powershell' for command environment: Not usable outside of PowerShell
[0.783s] DEBUG:colcon.colcon_core.shell:Skip shell extension 'dsv' for command environment
[0.788s] INFO:colcon.colcon_cmake.task.cmake.build:Building CMake package in '/home/tong/Projects/SwarmCombat/src/autopilot/gcs_planner'
[0.788s] INFO:colcon.colcon_core.shell:Skip shell extension 'powershell' for command environment: Not usable outside of PowerShell
[0.788s] DEBUG:colcon.colcon_core.shell:Skip shell extension 'dsv' for command environment
[0.793s] INFO:colcon.colcon_ros.task.ament_python.build:Building ROS package in '/home/tong/Projects/SwarmCombat/src/scripts' with build type 'ament_python'
[0.793s] Level 1:colcon.colcon_core.shell:create_environment_hook('scripts', 'ament_prefix_path')
[0.793s] INFO:colcon.colcon_core.shell:Creating environment hook '/home/tong/Projects/SwarmCombat/install/scripts/share/scripts/hook/ament_prefix_path.ps1'
[0.795s] INFO:colcon.colcon_core.shell:Creating environment descriptor '/home/tong/Projects/SwarmCombat/install/scripts/share/scripts/hook/ament_prefix_path.dsv'
[0.796s] INFO:colcon.colcon_core.shell:Creating environment hook '/home/tong/Projects/SwarmCombat/install/scripts/share/scripts/hook/ament_prefix_path.sh'
[0.798s] INFO:colcon.colcon_core.shell:Skip shell extension 'powershell' for command environment: Not usable outside of PowerShell
[0.798s] DEBUG:colcon.colcon_core.shell:Skip shell extension 'dsv' for command environment
[0.801s] INFO:colcon.colcon_ros.task.ament_cmake.build:Building ROS package in '/home/tong/Projects/SwarmCombat/src/utils/sim_clock' with build type 'ament_cmake'
[0.801s] INFO:colcon.colcon_cmake.task.cmake.build:Building CMake package in '/home/tong/Projects/SwarmCombat/src/utils/sim_clock'
[0.801s] INFO:colcon.colcon_core.shell:Skip shell extension 'powershell' for command environment: Not usable outside of PowerShell
[0.801s] DEBUG:colcon.colcon_core.shell:Skip shell extension 'dsv' for command environment
[0.808s] DEBUG:colcon.colcon_core.event_handler.log_command:Invoking command in '/home/tong/Projects/SwarmCombat/build/sim_msgs': CMAKE_PREFIX_PATH=${CMAKE_PREFIX_PATH}:/home/tong/Projects/SwarmCombat/install/scripts:/opt/ros/humble /usr/bin/cmake /home/tong/Projects/SwarmCombat/src/simulator/sim_msgs -DAMENT_CMAKE_SYMLINK_INSTALL=1 -DCMAKE_INSTALL_PREFIX=/home/tong/Projects/SwarmCombat/install/sim_msgs
[0.815s] DEBUG:colcon.colcon_core.event_handler.log_command:Invoking command in '/home/tong/Projects/SwarmCombat/build/gcs_planner': /usr/bin/cmake /home/tong/Projects/SwarmCombat/src/autopilot/gcs_planner -DCMAKE_INSTALL_PREFIX=/home/tong/Projects/SwarmCombat/install/gcs_planner
[1.015s] INFO:colcon.colcon_core.task.python.build:Building Python package in '/home/tong/Projects/SwarmCombat/src/scripts'
[1.016s] INFO:colcon.colcon_core.shell:Skip shell extension 'powershell' for command environment: Not usable outside of PowerShell
[1.016s] DEBUG:colcon.colcon_core.shell:Skip shell extension 'dsv' for command environment
[1.028s] DEBUG:colcon.colcon_core.event_handler.log_command:Invoking command in '/home/tong/Projects/SwarmCombat/build/sim_clock': CMAKE_PREFIX_PATH=${CMAKE_PREFIX_PATH}:/home/tong/Projects/SwarmCombat/install/scripts:/opt/ros/humble /usr/bin/cmake /home/tong/Projects/SwarmCombat/src/utils/sim_clock -DAMENT_CMAKE_SYMLINK_INSTALL=1 -DCMAKE_INSTALL_PREFIX=/home/tong/Projects/SwarmCombat/install/sim_clock
[1.467s] DEBUG:colcon.colcon_core.event_handler.log_command:Invoking command in '/home/tong/Projects/SwarmCombat/build/scripts': PYTHONPATH=/home/tong/Projects/SwarmCombat/build/scripts/prefix_override:/usr/lib/python3/dist-packages/colcon_core/task/python/colcon_distutils_commands:/home/tong/Projects/SwarmCombat/install/scripts/lib/python3.10/site-packages:${PYTHONPATH} /usr/bin/python3 -W ignore:setup.py install is deprecated -W ignore:easy_install command is deprecated setup.py develop --editable --build-directory /home/tong/Projects/SwarmCombat/build/scripts/build --no-deps symlink_data
[1.552s] DEBUG:colcon.colcon_core.event_handler.log_command:Invoked command in '/home/tong/Projects/SwarmCombat/build/gcs_planner' returned '0': /usr/bin/cmake /home/tong/Projects/SwarmCombat/src/autopilot/gcs_planner -DCMAKE_INSTALL_PREFIX=/home/tong/Projects/SwarmCombat/install/gcs_planner
[1.554s] DEBUG:colcon.colcon_core.event_handler.log_command:Invoking command in '/home/tong/Projects/SwarmCombat/build/gcs_planner': /usr/bin/cmake --build /home/tong/Projects/SwarmCombat/build/gcs_planner -- -j32 -l32
[1.582s] DEBUG:colcon.colcon_core.event_handler.log_command:Invoked command in '/home/tong/Projects/SwarmCombat/build/gcs_planner' returned '0': /usr/bin/cmake --build /home/tong/Projects/SwarmCombat/build/gcs_planner -- -j32 -l32
[1.583s] WARNING:colcon.colcon_cmake.task.cmake.build:Could not run installation step for package 'gcs_planner' because it has no 'install' target
[1.584s] Level 1:colcon.colcon_core.environment:create_environment_scripts_only(gcs_planner)
[1.592s] Level 1:colcon.colcon_core.environment:checking '/home/tong/Projects/SwarmCombat/install/gcs_planner' for CMake module files
[1.592s] Level 1:colcon.colcon_core.environment:checking '/home/tong/Projects/SwarmCombat/install/gcs_planner' for CMake config files
[1.593s] Level 1:colcon.colcon_core.environment:checking '/home/tong/Projects/SwarmCombat/install/gcs_planner/bin'
[1.593s] Level 1:colcon.colcon_core.environment:checking '/home/tong/Projects/SwarmCombat/install/gcs_planner/lib/pkgconfig/gcs_planner.pc'
[1.593s] Level 1:colcon.colcon_core.environment:checking '/home/tong/Projects/SwarmCombat/install/gcs_planner/lib/python3.10/site-packages'
[1.593s] Level 1:colcon.colcon_core.environment:checking '/home/tong/Projects/SwarmCombat/install/gcs_planner/bin'
[1.593s] INFO:colcon.colcon_core.shell:Creating package script '/home/tong/Projects/SwarmCombat/install/gcs_planner/share/gcs_planner/package.ps1'
[1.595s] INFO:colcon.colcon_core.shell:Creating package descriptor '/home/tong/Projects/SwarmCombat/install/gcs_planner/share/gcs_planner/package.dsv'
[1.596s] INFO:colcon.colcon_core.shell:Creating package script '/home/tong/Projects/SwarmCombat/install/gcs_planner/share/gcs_planner/package.sh'
[1.596s] INFO:colcon.colcon_core.shell:Creating package script '/home/tong/Projects/SwarmCombat/install/gcs_planner/share/gcs_planner/package.bash'
[1.598s] INFO:colcon.colcon_core.shell:Creating package script '/home/tong/Projects/SwarmCombat/install/gcs_planner/share/gcs_planner/package.zsh'
[1.599s] Level 1:colcon.colcon_core.environment:create_file_with_runtime_dependencies(/home/tong/Projects/SwarmCombat/install/gcs_planner/share/colcon-core/packages/gcs_planner)
[1.798s] Level 1:colcon.colcon_core.shell:create_environment_hook('scripts', 'pythonpath_develop')
[1.798s] INFO:colcon.colcon_core.shell:Creating environment hook '/home/tong/Projects/SwarmCombat/build/scripts/share/scripts/hook/pythonpath_develop.ps1'
[1.798s] DEBUG:colcon.colcon_core.event_handler.log_command:Invoked command in '/home/tong/Projects/SwarmCombat/build/scripts' returned '0': PYTHONPATH=/home/tong/Projects/SwarmCombat/build/scripts/prefix_override:/usr/lib/python3/dist-packages/colcon_core/task/python/colcon_distutils_commands:/home/tong/Projects/SwarmCombat/install/scripts/lib/python3.10/site-packages:${PYTHONPATH} /usr/bin/python3 -W ignore:setup.py install is deprecated -W ignore:easy_install command is deprecated setup.py develop --editable --build-directory /home/tong/Projects/SwarmCombat/build/scripts/build --no-deps symlink_data
[1.799s] INFO:colcon.colcon_core.shell:Creating environment descriptor '/home/tong/Projects/SwarmCombat/build/scripts/share/scripts/hook/pythonpath_develop.dsv'
[1.800s] INFO:colcon.colcon_core.shell:Creating environment hook '/home/tong/Projects/SwarmCombat/build/scripts/share/scripts/hook/pythonpath_develop.sh'
[1.800s] Level 1:colcon.colcon_core.environment:checking '/home/tong/Projects/SwarmCombat/install/scripts' for CMake module files
[1.800s] Level 1:colcon.colcon_core.environment:checking '/home/tong/Projects/SwarmCombat/install/scripts' for CMake config files
[1.801s] Level 1:colcon.colcon_core.environment:checking '/home/tong/Projects/SwarmCombat/install/scripts/lib'
[1.801s] Level 1:colcon.colcon_core.environment:checking '/home/tong/Projects/SwarmCombat/install/scripts/bin'
[1.801s] Level 1:colcon.colcon_core.environment:checking '/home/tong/Projects/SwarmCombat/install/scripts/lib/pkgconfig/scripts.pc'
[1.801s] Level 1:colcon.colcon_core.environment:checking '/home/tong/Projects/SwarmCombat/install/scripts/lib/python3.10/site-packages'
[1.801s] Level 1:colcon.colcon_core.shell:create_environment_hook('scripts', 'pythonpath')
[1.801s] INFO:colcon.colcon_core.shell:Creating environment hook '/home/tong/Projects/SwarmCombat/install/scripts/share/scripts/hook/pythonpath.ps1'
[1.802s] INFO:colcon.colcon_core.shell:Creating environment descriptor '/home/tong/Projects/SwarmCombat/install/scripts/share/scripts/hook/pythonpath.dsv'
[1.802s] INFO:colcon.colcon_core.shell:Creating environment hook '/home/tong/Projects/SwarmCombat/install/scripts/share/scripts/hook/pythonpath.sh'
[1.802s] Level 1:colcon.colcon_core.environment:checking '/home/tong/Projects/SwarmCombat/install/scripts/bin'
[1.802s] Level 1:colcon.colcon_core.environment:create_environment_scripts_only(scripts)
[1.803s] INFO:colcon.colcon_core.shell:Creating package script '/home/tong/Projects/SwarmCombat/install/scripts/share/scripts/package.ps1'
[1.803s] INFO:colcon.colcon_core.shell:Creating package descriptor '/home/tong/Projects/SwarmCombat/install/scripts/share/scripts/package.dsv'
[1.803s] INFO:colcon.colcon_core.shell:Creating package script '/home/tong/Projects/SwarmCombat/install/scripts/share/scripts/package.sh'
[1.804s] INFO:colcon.colcon_core.shell:Creating package script '/home/tong/Projects/SwarmCombat/install/scripts/share/scripts/package.bash'
[1.804s] INFO:colcon.colcon_core.shell:Creating package script '/home/tong/Projects/SwarmCombat/install/scripts/share/scripts/package.zsh'
[1.805s] Level 1:colcon.colcon_core.environment:create_file_with_runtime_dependencies(/home/tong/Projects/SwarmCombat/install/scripts/share/colcon-core/packages/scripts)
[3.299s] DEBUG:colcon.colcon_core.event_handler.log_command:Invoked command in '/home/tong/Projects/SwarmCombat/build/sim_msgs' returned '0': CMAKE_PREFIX_PATH=${CMAKE_PREFIX_PATH}:/home/tong/Projects/SwarmCombat/install/scripts:/opt/ros/humble /usr/bin/cmake /home/tong/Projects/SwarmCombat/src/simulator/sim_msgs -DAMENT_CMAKE_SYMLINK_INSTALL=1 -DCMAKE_INSTALL_PREFIX=/home/tong/Projects/SwarmCombat/install/sim_msgs
[3.300s] DEBUG:colcon.colcon_core.event_handler.log_command:Invoking command in '/home/tong/Projects/SwarmCombat/build/sim_msgs': CMAKE_PREFIX_PATH=${CMAKE_PREFIX_PATH}:/home/tong/Projects/SwarmCombat/install/scripts:/opt/ros/humble /usr/bin/cmake --build /home/tong/Projects/SwarmCombat/build/sim_msgs -- -j32 -l32
[5.972s] DEBUG:colcon.colcon_core.event_handler.log_command:Invoked command in '/home/tong/Projects/SwarmCombat/build/sim_msgs' returned '0': CMAKE_PREFIX_PATH=${CMAKE_PREFIX_PATH}:/home/tong/Projects/SwarmCombat/install/scripts:/opt/ros/humble /usr/bin/cmake --build /home/tong/Projects/SwarmCombat/build/sim_msgs -- -j32 -l32
[5.979s] DEBUG:colcon.colcon_core.event_handler.log_command:Invoking command in '/home/tong/Projects/SwarmCombat/build/sim_msgs': CMAKE_PREFIX_PATH=${CMAKE_PREFIX_PATH}:/home/tong/Projects/SwarmCombat/install/scripts:/opt/ros/humble /usr/bin/cmake --install /home/tong/Projects/SwarmCombat/build/sim_msgs
[6.857s] Level 1:colcon.colcon_core.environment:create_environment_scripts_only(sim_msgs)
[6.858s] DEBUG:colcon.colcon_core.event_handler.log_command:Invoked command in '/home/tong/Projects/SwarmCombat/build/sim_msgs' returned '0': CMAKE_PREFIX_PATH=${CMAKE_PREFIX_PATH}:/home/tong/Projects/SwarmCombat/install/scripts:/opt/ros/humble /usr/bin/cmake --install /home/tong/Projects/SwarmCombat/build/sim_msgs
[6.858s] Level 1:colcon.colcon_core.environment:checking '/home/tong/Projects/SwarmCombat/install/sim_msgs' for CMake module files
[6.859s] Level 1:colcon.colcon_core.environment:checking '/home/tong/Projects/SwarmCombat/install/sim_msgs' for CMake config files
[6.860s] Level 1:colcon.colcon_core.shell:create_environment_hook('sim_msgs', 'cmake_prefix_path')
[6.860s] INFO:colcon.colcon_core.shell:Creating environment hook '/home/tong/Projects/SwarmCombat/install/sim_msgs/share/sim_msgs/hook/cmake_prefix_path.ps1'
[6.861s] INFO:colcon.colcon_core.shell:Creating environment descriptor '/home/tong/Projects/SwarmCombat/install/sim_msgs/share/sim_msgs/hook/cmake_prefix_path.dsv'
[6.861s] INFO:colcon.colcon_core.shell:Creating environment hook '/home/tong/Projects/SwarmCombat/install/sim_msgs/share/sim_msgs/hook/cmake_prefix_path.sh'
[6.862s] Level 1:colcon.colcon_core.environment:checking '/home/tong/Projects/SwarmCombat/install/sim_msgs/lib'
[6.862s] Level 1:colcon.colcon_core.shell:create_environment_hook('sim_msgs', 'ld_library_path_lib')
[6.862s] INFO:colcon.colcon_core.shell:Creating environment hook '/home/tong/Projects/SwarmCombat/install/sim_msgs/share/sim_msgs/hook/ld_library_path_lib.ps1'
[6.863s] INFO:colcon.colcon_core.shell:Creating environment descriptor '/home/tong/Projects/SwarmCombat/install/sim_msgs/share/sim_msgs/hook/ld_library_path_lib.dsv'
[6.863s] INFO:colcon.colcon_core.shell:Creating environment hook '/home/tong/Projects/SwarmCombat/install/sim_msgs/share/sim_msgs/hook/ld_library_path_lib.sh'
[6.863s] Level 1:colcon.colcon_core.environment:checking '/home/tong/Projects/SwarmCombat/install/sim_msgs/bin'
[6.863s] Level 1:colcon.colcon_core.environment:checking '/home/tong/Projects/SwarmCombat/install/sim_msgs/lib/pkgconfig/sim_msgs.pc'
[6.864s] Level 1:colcon.colcon_core.environment:checking '/home/tong/Projects/SwarmCombat/install/sim_msgs/lib/python3.10/site-packages'
[6.864s] Level 1:colcon.colcon_core.environment:checking '/home/tong/Projects/SwarmCombat/install/sim_msgs/bin'
[6.864s] INFO:colcon.colcon_core.shell:Creating package script '/home/tong/Projects/SwarmCombat/install/sim_msgs/share/sim_msgs/package.ps1'
[6.865s] INFO:colcon.colcon_core.shell:Creating package descriptor '/home/tong/Projects/SwarmCombat/install/sim_msgs/share/sim_msgs/package.dsv'
[6.865s] INFO:colcon.colcon_core.shell:Creating package script '/home/tong/Projects/SwarmCombat/install/sim_msgs/share/sim_msgs/package.sh'
[6.865s] INFO:colcon.colcon_core.shell:Creating package script '/home/tong/Projects/SwarmCombat/install/sim_msgs/share/sim_msgs/package.bash'
[6.866s] INFO:colcon.colcon_core.shell:Creating package script '/home/tong/Projects/SwarmCombat/install/sim_msgs/share/sim_msgs/package.zsh'
[6.866s] Level 1:colcon.colcon_core.environment:create_file_with_runtime_dependencies(/home/tong/Projects/SwarmCombat/install/sim_msgs/share/colcon-core/packages/sim_msgs)
[6.867s] Level 1:colcon.colcon_core.environment:create_environment_scripts_only(sim_msgs)
[6.867s] Level 1:colcon.colcon_core.environment:checking '/home/tong/Projects/SwarmCombat/install/sim_msgs' for CMake module files
[6.868s] Level 1:colcon.colcon_core.environment:checking '/home/tong/Projects/SwarmCombat/install/sim_msgs' for CMake config files
[6.868s] Level 1:colcon.colcon_core.shell:create_environment_hook('sim_msgs', 'cmake_prefix_path')
[6.869s] INFO:colcon.colcon_core.shell:Creating environment hook '/home/tong/Projects/SwarmCombat/install/sim_msgs/share/sim_msgs/hook/cmake_prefix_path.ps1'
[6.869s] INFO:colcon.colcon_core.shell:Creating environment descriptor '/home/tong/Projects/SwarmCombat/install/sim_msgs/share/sim_msgs/hook/cmake_prefix_path.dsv'
[6.869s] INFO:colcon.colcon_core.shell:Creating environment hook '/home/tong/Projects/SwarmCombat/install/sim_msgs/share/sim_msgs/hook/cmake_prefix_path.sh'
[6.870s] Level 1:colcon.colcon_core.environment:checking '/home/tong/Projects/SwarmCombat/install/sim_msgs/lib'
[6.870s] Level 1:colcon.colcon_core.shell:create_environment_hook('sim_msgs', 'ld_library_path_lib')
[6.870s] INFO:colcon.colcon_core.shell:Creating environment hook '/home/tong/Projects/SwarmCombat/install/sim_msgs/share/sim_msgs/hook/ld_library_path_lib.ps1'
[6.870s] INFO:colcon.colcon_core.shell:Creating environment descriptor '/home/tong/Projects/SwarmCombat/install/sim_msgs/share/sim_msgs/hook/ld_library_path_lib.dsv'
[6.871s] INFO:colcon.colcon_core.shell:Creating environment hook '/home/tong/Projects/SwarmCombat/install/sim_msgs/share/sim_msgs/hook/ld_library_path_lib.sh'
[6.871s] Level 1:colcon.colcon_core.environment:checking '/home/tong/Projects/SwarmCombat/install/sim_msgs/bin'
[6.871s] Level 1:colcon.colcon_core.environment:checking '/home/tong/Projects/SwarmCombat/install/sim_msgs/lib/pkgconfig/sim_msgs.pc'
[6.871s] Level 1:colcon.colcon_core.environment:checking '/home/tong/Projects/SwarmCombat/install/sim_msgs/lib/python3.10/site-packages'
[6.871s] Level 1:colcon.colcon_core.environment:checking '/home/tong/Projects/SwarmCombat/install/sim_msgs/bin'
[6.872s] INFO:colcon.colcon_core.shell:Creating package script '/home/tong/Projects/SwarmCombat/install/sim_msgs/share/sim_msgs/package.ps1'
[6.872s] INFO:colcon.colcon_core.shell:Creating package descriptor '/home/tong/Projects/SwarmCombat/install/sim_msgs/share/sim_msgs/package.dsv'
[6.872s] INFO:colcon.colcon_core.shell:Creating package script '/home/tong/Projects/SwarmCombat/install/sim_msgs/share/sim_msgs/package.sh'
[6.873s] INFO:colcon.colcon_core.shell:Creating package script '/home/tong/Projects/SwarmCombat/install/sim_msgs/share/sim_msgs/package.bash'
[6.873s] INFO:colcon.colcon_core.shell:Creating package script '/home/tong/Projects/SwarmCombat/install/sim_msgs/share/sim_msgs/package.zsh'
[6.873s] Level 1:colcon.colcon_core.environment:create_file_with_runtime_dependencies(/home/tong/Projects/SwarmCombat/install/sim_msgs/share/colcon-core/packages/sim_msgs)
[6.874s] INFO:colcon.colcon_ros.task.ament_cmake.build:Building ROS package in '/home/tong/Projects/SwarmCombat/src/simulator/fw_plane' with build type 'ament_cmake'
[6.874s] INFO:colcon.colcon_cmake.task.cmake.build:Building CMake package in '/home/tong/Projects/SwarmCombat/src/simulator/fw_plane'
[6.874s] INFO:colcon.colcon_core.shell:Skip shell extension 'powershell' for command environment: Not usable outside of PowerShell
[6.874s] DEBUG:colcon.colcon_core.shell:Skip shell extension 'dsv' for command environment
[6.878s] INFO:colcon.colcon_ros.task.ament_cmake.build:Building ROS package in '/home/tong/Projects/SwarmCombat/src/autopilot/fwp_planner' with build type 'ament_cmake'
[6.878s] INFO:colcon.colcon_cmake.task.cmake.build:Building CMake package in '/home/tong/Projects/SwarmCombat/src/autopilot/fwp_planner'
[6.878s] INFO:colcon.colcon_core.shell:Skip shell extension 'powershell' for command environment: Not usable outside of PowerShell
[6.878s] DEBUG:colcon.colcon_core.shell:Skip shell extension 'dsv' for command environment
[7.022s] DEBUG:colcon.colcon_core.event_handler.log_command:Invoking command in '/home/tong/Projects/SwarmCombat/build/fw_plane': AMENT_PREFIX_PATH=/home/tong/Projects/SwarmCombat/install/sim_msgs:${AMENT_PREFIX_PATH} CMAKE_PREFIX_PATH=/home/tong/Projects/SwarmCombat/install/sim_msgs:/home/tong/Projects/SwarmCombat/install/fwp_planner:/home/tong/Projects/SwarmCombat/install/fw_plane:/home/tong/Projects/SwarmCombat/install/sim_clock:/home/tong/Projects/SwarmCombat/install/scripts:/opt/ros/humble LD_LIBRARY_PATH=/home/tong/Projects/SwarmCombat/install/sim_msgs/lib:/home/tong/Projects/SwarmCombat/install/fwp_planner/lib:/home/tong/Projects/SwarmCombat/install/sim_clock/lib:/usr/local/cuda/lib64:/usr/local/cuda/lib64:/opt/ros/humble/opt/rviz_ogre_vendor/lib:/opt/ros/humble/lib/x86_64-linux-gnu:/opt/ros/humble/lib PYTHONPATH=/home/tong/Projects/SwarmCombat/install/sim_msgs/local/lib/python3.10/dist-packages:${PYTHONPATH} /usr/bin/cmake /home/tong/Projects/SwarmCombat/src/simulator/fw_plane -DAMENT_CMAKE_SYMLINK_INSTALL=1 -DCMAKE_INSTALL_PREFIX=/home/tong/Projects/SwarmCombat/install/fw_plane
[7.028s] DEBUG:colcon.colcon_core.event_handler.log_command:Invoking command in '/home/tong/Projects/SwarmCombat/build/fwp_planner': AMENT_PREFIX_PATH=/home/tong/Projects/SwarmCombat/install/sim_msgs:${AMENT_PREFIX_PATH} CMAKE_PREFIX_PATH=/home/tong/Projects/SwarmCombat/install/sim_msgs:/home/tong/Projects/SwarmCombat/install/fwp_planner:/home/tong/Projects/SwarmCombat/install/fw_plane:/home/tong/Projects/SwarmCombat/install/sim_clock:/home/tong/Projects/SwarmCombat/install/scripts:/opt/ros/humble LD_LIBRARY_PATH=/home/tong/Projects/SwarmCombat/install/sim_msgs/lib:/home/tong/Projects/SwarmCombat/install/fwp_planner/lib:/home/tong/Projects/SwarmCombat/install/sim_clock/lib:/usr/local/cuda/lib64:/usr/local/cuda/lib64:/opt/ros/humble/opt/rviz_ogre_vendor/lib:/opt/ros/humble/lib/x86_64-linux-gnu:/opt/ros/humble/lib PYTHONPATH=/home/tong/Projects/SwarmCombat/install/sim_msgs/local/lib/python3.10/dist-packages:${PYTHONPATH} /usr/bin/cmake /home/tong/Projects/SwarmCombat/src/autopilot/fwp_planner -DAMENT_CMAKE_SYMLINK_INSTALL=1 -DCMAKE_INSTALL_PREFIX=/home/tong/Projects/SwarmCombat/install/fwp_planner
[7.330s] DEBUG:colcon.colcon_core.event_handler.log_command:Invoked command in '/home/tong/Projects/SwarmCombat/build/sim_clock' returned '0': CMAKE_PREFIX_PATH=${CMAKE_PREFIX_PATH}:/home/tong/Projects/SwarmCombat/install/scripts:/opt/ros/humble /usr/bin/cmake /home/tong/Projects/SwarmCombat/src/utils/sim_clock -DAMENT_CMAKE_SYMLINK_INSTALL=1 -DCMAKE_INSTALL_PREFIX=/home/tong/Projects/SwarmCombat/install/sim_clock
[7.331s] DEBUG:colcon.colcon_core.event_handler.log_command:Invoking command in '/home/tong/Projects/SwarmCombat/build/sim_clock': CMAKE_PREFIX_PATH=${CMAKE_PREFIX_PATH}:/home/tong/Projects/SwarmCombat/install/scripts:/opt/ros/humble /usr/bin/cmake --build /home/tong/Projects/SwarmCombat/build/sim_clock -- -j32 -l32
[10.632s] DEBUG:colcon.colcon_core.event_handler.log_command:Invoked command in '/home/tong/Projects/SwarmCombat/build/fw_plane' returned '0': AMENT_PREFIX_PATH=/home/tong/Projects/SwarmCombat/install/sim_msgs:${AMENT_PREFIX_PATH} CMAKE_PREFIX_PATH=/home/tong/Projects/SwarmCombat/install/sim_msgs:/home/tong/Projects/SwarmCombat/install/fwp_planner:/home/tong/Projects/SwarmCombat/install/fw_plane:/home/tong/Projects/SwarmCombat/install/sim_clock:/home/tong/Projects/SwarmCombat/install/scripts:/opt/ros/humble LD_LIBRARY_PATH=/home/tong/Projects/SwarmCombat/install/sim_msgs/lib:/home/tong/Projects/SwarmCombat/install/fwp_planner/lib:/home/tong/Projects/SwarmCombat/install/sim_clock/lib:/usr/local/cuda/lib64:/usr/local/cuda/lib64:/opt/ros/humble/opt/rviz_ogre_vendor/lib:/opt/ros/humble/lib/x86_64-linux-gnu:/opt/ros/humble/lib PYTHONPATH=/home/tong/Projects/SwarmCombat/install/sim_msgs/local/lib/python3.10/dist-packages:${PYTHONPATH} /usr/bin/cmake /home/tong/Projects/SwarmCombat/src/simulator/fw_plane -DAMENT_CMAKE_SYMLINK_INSTALL=1 -DCMAKE_INSTALL_PREFIX=/home/tong/Projects/SwarmCombat/install/fw_plane
[10.634s] DEBUG:colcon.colcon_core.event_handler.log_command:Invoking command in '/home/tong/Projects/SwarmCombat/build/fw_plane': AMENT_PREFIX_PATH=/home/tong/Projects/SwarmCombat/install/sim_msgs:${AMENT_PREFIX_PATH} CMAKE_PREFIX_PATH=/home/tong/Projects/SwarmCombat/install/sim_msgs:/home/tong/Projects/SwarmCombat/install/fwp_planner:/home/tong/Projects/SwarmCombat/install/fw_plane:/home/tong/Projects/SwarmCombat/install/sim_clock:/home/tong/Projects/SwarmCombat/install/scripts:/opt/ros/humble LD_LIBRARY_PATH=/home/tong/Projects/SwarmCombat/install/sim_msgs/lib:/home/tong/Projects/SwarmCombat/install/fwp_planner/lib:/home/tong/Projects/SwarmCombat/install/sim_clock/lib:/usr/local/cuda/lib64:/usr/local/cuda/lib64:/opt/ros/humble/opt/rviz_ogre_vendor/lib:/opt/ros/humble/lib/x86_64-linux-gnu:/opt/ros/humble/lib PYTHONPATH=/home/tong/Projects/SwarmCombat/install/sim_msgs/local/lib/python3.10/dist-packages:${PYTHONPATH} /usr/bin/cmake --build /home/tong/Projects/SwarmCombat/build/fw_plane -- -j32 -l32
[12.122s] DEBUG:colcon.colcon_core.event_handler.log_command:Invoked command in '/home/tong/Projects/SwarmCombat/build/fwp_planner' returned '0': AMENT_PREFIX_PATH=/home/tong/Projects/SwarmCombat/install/sim_msgs:${AMENT_PREFIX_PATH} CMAKE_PREFIX_PATH=/home/tong/Projects/SwarmCombat/install/sim_msgs:/home/tong/Projects/SwarmCombat/install/fwp_planner:/home/tong/Projects/SwarmCombat/install/fw_plane:/home/tong/Projects/SwarmCombat/install/sim_clock:/home/tong/Projects/SwarmCombat/install/scripts:/opt/ros/humble LD_LIBRARY_PATH=/home/tong/Projects/SwarmCombat/install/sim_msgs/lib:/home/tong/Projects/SwarmCombat/install/fwp_planner/lib:/home/tong/Projects/SwarmCombat/install/sim_clock/lib:/usr/local/cuda/lib64:/usr/local/cuda/lib64:/opt/ros/humble/opt/rviz_ogre_vendor/lib:/opt/ros/humble/lib/x86_64-linux-gnu:/opt/ros/humble/lib PYTHONPATH=/home/tong/Projects/SwarmCombat/install/sim_msgs/local/lib/python3.10/dist-packages:${PYTHONPATH} /usr/bin/cmake /home/tong/Projects/SwarmCombat/src/autopilot/fwp_planner -DAMENT_CMAKE_SYMLINK_INSTALL=1 -DCMAKE_INSTALL_PREFIX=/home/tong/Projects/SwarmCombat/install/fwp_planner
[12.123s] DEBUG:colcon.colcon_core.event_handler.log_command:Invoking command in '/home/tong/Projects/SwarmCombat/build/fwp_planner': AMENT_PREFIX_PATH=/home/tong/Projects/SwarmCombat/install/sim_msgs:${AMENT_PREFIX_PATH} CMAKE_PREFIX_PATH=/home/tong/Projects/SwarmCombat/install/sim_msgs:/home/tong/Projects/SwarmCombat/install/fwp_planner:/home/tong/Projects/SwarmCombat/install/fw_plane:/home/tong/Projects/SwarmCombat/install/sim_clock:/home/tong/Projects/SwarmCombat/install/scripts:/opt/ros/humble LD_LIBRARY_PATH=/home/tong/Projects/SwarmCombat/install/sim_msgs/lib:/home/tong/Projects/SwarmCombat/install/fwp_planner/lib:/home/tong/Projects/SwarmCombat/install/sim_clock/lib:/usr/local/cuda/lib64:/usr/local/cuda/lib64:/opt/ros/humble/opt/rviz_ogre_vendor/lib:/opt/ros/humble/lib/x86_64-linux-gnu:/opt/ros/humble/lib PYTHONPATH=/home/tong/Projects/SwarmCombat/install/sim_msgs/local/lib/python3.10/dist-packages:${PYTHONPATH} /usr/bin/cmake --build /home/tong/Projects/SwarmCombat/build/fwp_planner -- -j32 -l32
[14.862s] DEBUG:colcon.colcon_core.event_handler.log_command:Invoked command in '/home/tong/Projects/SwarmCombat/build/sim_clock' returned '0': CMAKE_PREFIX_PATH=${CMAKE_PREFIX_PATH}:/home/tong/Projects/SwarmCombat/install/scripts:/opt/ros/humble /usr/bin/cmake --build /home/tong/Projects/SwarmCombat/build/sim_clock -- -j32 -l32
[14.864s] DEBUG:colcon.colcon_core.event_handler.log_command:Invoking command in '/home/tong/Projects/SwarmCombat/build/sim_clock': CMAKE_PREFIX_PATH=${CMAKE_PREFIX_PATH}:/home/tong/Projects/SwarmCombat/install/scripts:/opt/ros/humble /usr/bin/cmake --install /home/tong/Projects/SwarmCombat/build/sim_clock
[15.513s] Level 1:colcon.colcon_core.environment:create_environment_scripts_only(sim_clock)
[15.513s] Level 1:colcon.colcon_core.environment:checking '/home/tong/Projects/SwarmCombat/install/sim_clock' for CMake module files
[15.514s] DEBUG:colcon.colcon_core.event_handler.log_command:Invoked command in '/home/tong/Projects/SwarmCombat/build/sim_clock' returned '0': CMAKE_PREFIX_PATH=${CMAKE_PREFIX_PATH}:/home/tong/Projects/SwarmCombat/install/scripts:/opt/ros/humble /usr/bin/cmake --install /home/tong/Projects/SwarmCombat/build/sim_clock
[15.515s] Level 1:colcon.colcon_core.environment:checking '/home/tong/Projects/SwarmCombat/install/sim_clock' for CMake config files
[15.516s] Level 1:colcon.colcon_core.shell:create_environment_hook('sim_clock', 'cmake_prefix_path')
[15.516s] INFO:colcon.colcon_core.shell:Creating environment hook '/home/tong/Projects/SwarmCombat/install/sim_clock/share/sim_clock/hook/cmake_prefix_path.ps1'
[15.517s] INFO:colcon.colcon_core.shell:Creating environment descriptor '/home/tong/Projects/SwarmCombat/install/sim_clock/share/sim_clock/hook/cmake_prefix_path.dsv'
[15.518s] INFO:colcon.colcon_core.shell:Creating environment hook '/home/tong/Projects/SwarmCombat/install/sim_clock/share/sim_clock/hook/cmake_prefix_path.sh'
[15.518s] Level 1:colcon.colcon_core.environment:checking '/home/tong/Projects/SwarmCombat/install/sim_clock/lib'
[15.519s] Level 1:colcon.colcon_core.shell:create_environment_hook('sim_clock', 'ld_library_path_lib')
[15.519s] INFO:colcon.colcon_core.shell:Creating environment hook '/home/tong/Projects/SwarmCombat/install/sim_clock/share/sim_clock/hook/ld_library_path_lib.ps1'
[15.519s] INFO:colcon.colcon_core.shell:Creating environment descriptor '/home/tong/Projects/SwarmCombat/install/sim_clock/share/sim_clock/hook/ld_library_path_lib.dsv'
[15.520s] INFO:colcon.colcon_core.shell:Creating environment hook '/home/tong/Projects/SwarmCombat/install/sim_clock/share/sim_clock/hook/ld_library_path_lib.sh'
[15.521s] Level 1:colcon.colcon_core.environment:checking '/home/tong/Projects/SwarmCombat/install/sim_clock/bin'
[15.521s] Level 1:colcon.colcon_core.environment:checking '/home/tong/Projects/SwarmCombat/install/sim_clock/lib/pkgconfig/sim_clock.pc'
[15.521s] Level 1:colcon.colcon_core.environment:checking '/home/tong/Projects/SwarmCombat/install/sim_clock/lib/python3.10/site-packages'
[15.521s] Level 1:colcon.colcon_core.environment:checking '/home/tong/Projects/SwarmCombat/install/sim_clock/bin'
[15.521s] INFO:colcon.colcon_core.shell:Creating package script '/home/tong/Projects/SwarmCombat/install/sim_clock/share/sim_clock/package.ps1'
[15.522s] INFO:colcon.colcon_core.shell:Creating package descriptor '/home/tong/Projects/SwarmCombat/install/sim_clock/share/sim_clock/package.dsv'
[15.522s] INFO:colcon.colcon_core.shell:Creating package script '/home/tong/Projects/SwarmCombat/install/sim_clock/share/sim_clock/package.sh'
[15.523s] INFO:colcon.colcon_core.shell:Creating package script '/home/tong/Projects/SwarmCombat/install/sim_clock/share/sim_clock/package.bash'
[15.523s] INFO:colcon.colcon_core.shell:Creating package script '/home/tong/Projects/SwarmCombat/install/sim_clock/share/sim_clock/package.zsh'
[15.523s] Level 1:colcon.colcon_core.environment:create_file_with_runtime_dependencies(/home/tong/Projects/SwarmCombat/install/sim_clock/share/colcon-core/packages/sim_clock)
[15.524s] Level 1:colcon.colcon_core.environment:create_environment_scripts_only(sim_clock)
[15.524s] Level 1:colcon.colcon_core.environment:checking '/home/tong/Projects/SwarmCombat/install/sim_clock' for CMake module files
[15.525s] Level 1:colcon.colcon_core.environment:checking '/home/tong/Projects/SwarmCombat/install/sim_clock' for CMake config files
[15.525s] Level 1:colcon.colcon_core.shell:create_environment_hook('sim_clock', 'cmake_prefix_path')
[15.525s] INFO:colcon.colcon_core.shell:Creating environment hook '/home/tong/Projects/SwarmCombat/install/sim_clock/share/sim_clock/hook/cmake_prefix_path.ps1'
[15.526s] INFO:colcon.colcon_core.shell:Creating environment descriptor '/home/tong/Projects/SwarmCombat/install/sim_clock/share/sim_clock/hook/cmake_prefix_path.dsv'
[15.526s] INFO:colcon.colcon_core.shell:Creating environment hook '/home/tong/Projects/SwarmCombat/install/sim_clock/share/sim_clock/hook/cmake_prefix_path.sh'
[15.526s] Level 1:colcon.colcon_core.environment:checking '/home/tong/Projects/SwarmCombat/install/sim_clock/lib'
[15.526s] Level 1:colcon.colcon_core.shell:create_environment_hook('sim_clock', 'ld_library_path_lib')
[15.527s] INFO:colcon.colcon_core.shell:Creating environment hook '/home/tong/Projects/SwarmCombat/install/sim_clock/share/sim_clock/hook/ld_library_path_lib.ps1'
[15.527s] INFO:colcon.colcon_core.shell:Creating environment descriptor '/home/tong/Projects/SwarmCombat/install/sim_clock/share/sim_clock/hook/ld_library_path_lib.dsv'
[15.527s] INFO:colcon.colcon_core.shell:Creating environment hook '/home/tong/Projects/SwarmCombat/install/sim_clock/share/sim_clock/hook/ld_library_path_lib.sh'
[15.527s] Level 1:colcon.colcon_core.environment:checking '/home/tong/Projects/SwarmCombat/install/sim_clock/bin'
[15.527s] Level 1:colcon.colcon_core.environment:checking '/home/tong/Projects/SwarmCombat/install/sim_clock/lib/pkgconfig/sim_clock.pc'
[15.528s] Level 1:colcon.colcon_core.environment:checking '/home/tong/Projects/SwarmCombat/install/sim_clock/lib/python3.10/site-packages'
[15.528s] Level 1:colcon.colcon_core.environment:checking '/home/tong/Projects/SwarmCombat/install/sim_clock/bin'
[15.528s] INFO:colcon.colcon_core.shell:Creating package script '/home/tong/Projects/SwarmCombat/install/sim_clock/share/sim_clock/package.ps1'
[15.528s] INFO:colcon.colcon_core.shell:Creating package descriptor '/home/tong/Projects/SwarmCombat/install/sim_clock/share/sim_clock/package.dsv'
[15.529s] INFO:colcon.colcon_core.shell:Creating package script '/home/tong/Projects/SwarmCombat/install/sim_clock/share/sim_clock/package.sh'
[15.529s] INFO:colcon.colcon_core.shell:Creating package script '/home/tong/Projects/SwarmCombat/install/sim_clock/share/sim_clock/package.bash'
[15.529s] INFO:colcon.colcon_core.shell:Creating package script '/home/tong/Projects/SwarmCombat/install/sim_clock/share/sim_clock/package.zsh'
[15.530s] Level 1:colcon.colcon_core.environment:create_file_with_runtime_dependencies(/home/tong/Projects/SwarmCombat/install/sim_clock/share/colcon-core/packages/sim_clock)
[26.046s] DEBUG:colcon.colcon_core.event_handler.log_command:Invoked command in '/home/tong/Projects/SwarmCombat/build/fw_plane' returned '0': AMENT_PREFIX_PATH=/home/tong/Projects/SwarmCombat/install/sim_msgs:${AMENT_PREFIX_PATH} CMAKE_PREFIX_PATH=/home/tong/Projects/SwarmCombat/install/sim_msgs:/home/tong/Projects/SwarmCombat/install/fwp_planner:/home/tong/Projects/SwarmCombat/install/fw_plane:/home/tong/Projects/SwarmCombat/install/sim_clock:/home/tong/Projects/SwarmCombat/install/scripts:/opt/ros/humble LD_LIBRARY_PATH=/home/tong/Projects/SwarmCombat/install/sim_msgs/lib:/home/tong/Projects/SwarmCombat/install/fwp_planner/lib:/home/tong/Projects/SwarmCombat/install/sim_clock/lib:/usr/local/cuda/lib64:/usr/local/cuda/lib64:/opt/ros/humble/opt/rviz_ogre_vendor/lib:/opt/ros/humble/lib/x86_64-linux-gnu:/opt/ros/humble/lib PYTHONPATH=/home/tong/Projects/SwarmCombat/install/sim_msgs/local/lib/python3.10/dist-packages:${PYTHONPATH} /usr/bin/cmake --build /home/tong/Projects/SwarmCombat/build/fw_plane -- -j32 -l32
[26.048s] DEBUG:colcon.colcon_core.event_handler.log_command:Invoking command in '/home/tong/Projects/SwarmCombat/build/fw_plane': AMENT_PREFIX_PATH=/home/tong/Projects/SwarmCombat/install/sim_msgs:${AMENT_PREFIX_PATH} CMAKE_PREFIX_PATH=/home/tong/Projects/SwarmCombat/install/sim_msgs:/home/tong/Projects/SwarmCombat/install/fwp_planner:/home/tong/Projects/SwarmCombat/install/fw_plane:/home/tong/Projects/SwarmCombat/install/sim_clock:/home/tong/Projects/SwarmCombat/install/scripts:/opt/ros/humble LD_LIBRARY_PATH=/home/tong/Projects/SwarmCombat/install/sim_msgs/lib:/home/tong/Projects/SwarmCombat/install/fwp_planner/lib:/home/tong/Projects/SwarmCombat/install/sim_clock/lib:/usr/local/cuda/lib64:/usr/local/cuda/lib64:/opt/ros/humble/opt/rviz_ogre_vendor/lib:/opt/ros/humble/lib/x86_64-linux-gnu:/opt/ros/humble/lib PYTHONPATH=/home/tong/Projects/SwarmCombat/install/sim_msgs/local/lib/python3.10/dist-packages:${PYTHONPATH} /usr/bin/cmake --install /home/tong/Projects/SwarmCombat/build/fw_plane
[26.388s] Level 1:colcon.colcon_core.environment:create_environment_scripts_only(fw_plane)
[26.388s] DEBUG:colcon.colcon_core.event_handler.log_command:Invoked command in '/home/tong/Projects/SwarmCombat/build/fw_plane' returned '0': AMENT_PREFIX_PATH=/home/tong/Projects/SwarmCombat/install/sim_msgs:${AMENT_PREFIX_PATH} CMAKE_PREFIX_PATH=/home/tong/Projects/SwarmCombat/install/sim_msgs:/home/tong/Projects/SwarmCombat/install/fwp_planner:/home/tong/Projects/SwarmCombat/install/fw_plane:/home/tong/Projects/SwarmCombat/install/sim_clock:/home/tong/Projects/SwarmCombat/install/scripts:/opt/ros/humble LD_LIBRARY_PATH=/home/tong/Projects/SwarmCombat/install/sim_msgs/lib:/home/tong/Projects/SwarmCombat/install/fwp_planner/lib:/home/tong/Projects/SwarmCombat/install/sim_clock/lib:/usr/local/cuda/lib64:/usr/local/cuda/lib64:/opt/ros/humble/opt/rviz_ogre_vendor/lib:/opt/ros/humble/lib/x86_64-linux-gnu:/opt/ros/humble/lib PYTHONPATH=/home/tong/Projects/SwarmCombat/install/sim_msgs/local/lib/python3.10/dist-packages:${PYTHONPATH} /usr/bin/cmake --install /home/tong/Projects/SwarmCombat/build/fw_plane
[26.388s] Level 1:colcon.colcon_core.environment:checking '/home/tong/Projects/SwarmCombat/install/fw_plane' for CMake module files
[26.389s] Level 1:colcon.colcon_core.environment:checking '/home/tong/Projects/SwarmCombat/install/fw_plane' for CMake config files
[26.389s] Level 1:colcon.colcon_core.shell:create_environment_hook('fw_plane', 'cmake_prefix_path')
[26.389s] INFO:colcon.colcon_core.shell:Creating environment hook '/home/tong/Projects/SwarmCombat/install/fw_plane/share/fw_plane/hook/cmake_prefix_path.ps1'
[26.390s] INFO:colcon.colcon_core.shell:Creating environment descriptor '/home/tong/Projects/SwarmCombat/install/fw_plane/share/fw_plane/hook/cmake_prefix_path.dsv'
[26.390s] INFO:colcon.colcon_core.shell:Creating environment hook '/home/tong/Projects/SwarmCombat/install/fw_plane/share/fw_plane/hook/cmake_prefix_path.sh'
[26.391s] Level 1:colcon.colcon_core.environment:checking '/home/tong/Projects/SwarmCombat/install/fw_plane/lib'
[26.391s] Level 1:colcon.colcon_core.environment:checking '/home/tong/Projects/SwarmCombat/install/fw_plane/bin'
[26.391s] Level 1:colcon.colcon_core.environment:checking '/home/tong/Projects/SwarmCombat/install/fw_plane/lib/pkgconfig/fw_plane.pc'
[26.391s] Level 1:colcon.colcon_core.environment:checking '/home/tong/Projects/SwarmCombat/install/fw_plane/lib/python3.10/site-packages'
[26.391s] Level 1:colcon.colcon_core.environment:checking '/home/tong/Projects/SwarmCombat/install/fw_plane/bin'
[26.391s] INFO:colcon.colcon_core.shell:Creating package script '/home/tong/Projects/SwarmCombat/install/fw_plane/share/fw_plane/package.ps1'
[26.392s] INFO:colcon.colcon_core.shell:Creating package descriptor '/home/tong/Projects/SwarmCombat/install/fw_plane/share/fw_plane/package.dsv'
[26.392s] INFO:colcon.colcon_core.shell:Creating package script '/home/tong/Projects/SwarmCombat/install/fw_plane/share/fw_plane/package.sh'
[26.392s] INFO:colcon.colcon_core.shell:Creating package script '/home/tong/Projects/SwarmCombat/install/fw_plane/share/fw_plane/package.bash'
[26.393s] INFO:colcon.colcon_core.shell:Creating package script '/home/tong/Projects/SwarmCombat/install/fw_plane/share/fw_plane/package.zsh'
[26.393s] Level 1:colcon.colcon_core.environment:create_file_with_runtime_dependencies(/home/tong/Projects/SwarmCombat/install/fw_plane/share/colcon-core/packages/fw_plane)
[26.394s] Level 1:colcon.colcon_core.environment:create_environment_scripts_only(fw_plane)
[26.394s] Level 1:colcon.colcon_core.environment:checking '/home/tong/Projects/SwarmCombat/install/fw_plane' for CMake module files
[26.394s] Level 1:colcon.colcon_core.environment:checking '/home/tong/Projects/SwarmCombat/install/fw_plane' for CMake config files
[26.394s] Level 1:colcon.colcon_core.shell:create_environment_hook('fw_plane', 'cmake_prefix_path')
[26.395s] INFO:colcon.colcon_core.shell:Creating environment hook '/home/tong/Projects/SwarmCombat/install/fw_plane/share/fw_plane/hook/cmake_prefix_path.ps1'
[26.395s] INFO:colcon.colcon_core.shell:Creating environment descriptor '/home/tong/Projects/SwarmCombat/install/fw_plane/share/fw_plane/hook/cmake_prefix_path.dsv'
[26.395s] INFO:colcon.colcon_core.shell:Creating environment hook '/home/tong/Projects/SwarmCombat/install/fw_plane/share/fw_plane/hook/cmake_prefix_path.sh'
[26.396s] Level 1:colcon.colcon_core.environment:checking '/home/tong/Projects/SwarmCombat/install/fw_plane/lib'
[26.396s] Level 1:colcon.colcon_core.environment:checking '/home/tong/Projects/SwarmCombat/install/fw_plane/bin'
[26.396s] Level 1:colcon.colcon_core.environment:checking '/home/tong/Projects/SwarmCombat/install/fw_plane/lib/pkgconfig/fw_plane.pc'
[26.396s] Level 1:colcon.colcon_core.environment:checking '/home/tong/Projects/SwarmCombat/install/fw_plane/lib/python3.10/site-packages'
[26.396s] Level 1:colcon.colcon_core.environment:checking '/home/tong/Projects/SwarmCombat/install/fw_plane/bin'
[26.396s] INFO:colcon.colcon_core.shell:Creating package script '/home/tong/Projects/SwarmCombat/install/fw_plane/share/fw_plane/package.ps1'
[26.397s] INFO:colcon.colcon_core.shell:Creating package descriptor '/home/tong/Projects/SwarmCombat/install/fw_plane/share/fw_plane/package.dsv'
[26.397s] INFO:colcon.colcon_core.shell:Creating package script '/home/tong/Projects/SwarmCombat/install/fw_plane/share/fw_plane/package.sh'
[26.397s] INFO:colcon.colcon_core.shell:Creating package script '/home/tong/Projects/SwarmCombat/install/fw_plane/share/fw_plane/package.bash'
[26.398s] INFO:colcon.colcon_core.shell:Creating package script '/home/tong/Projects/SwarmCombat/install/fw_plane/share/fw_plane/package.zsh'
[26.398s] Level 1:colcon.colcon_core.environment:create_file_with_runtime_dependencies(/home/tong/Projects/SwarmCombat/install/fw_plane/share/colcon-core/packages/fw_plane)
[32.840s] DEBUG:colcon.colcon_core.event_handler.log_command:Invoked command in '/home/tong/Projects/SwarmCombat/build/fwp_planner' returned '0': AMENT_PREFIX_PATH=/home/tong/Projects/SwarmCombat/install/sim_msgs:${AMENT_PREFIX_PATH} CMAKE_PREFIX_PATH=/home/tong/Projects/SwarmCombat/install/sim_msgs:/home/tong/Projects/SwarmCombat/install/fwp_planner:/home/tong/Projects/SwarmCombat/install/fw_plane:/home/tong/Projects/SwarmCombat/install/sim_clock:/home/tong/Projects/SwarmCombat/install/scripts:/opt/ros/humble LD_LIBRARY_PATH=/home/tong/Projects/SwarmCombat/install/sim_msgs/lib:/home/tong/Projects/SwarmCombat/install/fwp_planner/lib:/home/tong/Projects/SwarmCombat/install/sim_clock/lib:/usr/local/cuda/lib64:/usr/local/cuda/lib64:/opt/ros/humble/opt/rviz_ogre_vendor/lib:/opt/ros/humble/lib/x86_64-linux-gnu:/opt/ros/humble/lib PYTHONPATH=/home/tong/Projects/SwarmCombat/install/sim_msgs/local/lib/python3.10/dist-packages:${PYTHONPATH} /usr/bin/cmake --build /home/tong/Projects/SwarmCombat/build/fwp_planner -- -j32 -l32
[32.842s] DEBUG:colcon.colcon_core.event_handler.log_command:Invoking command in '/home/tong/Projects/SwarmCombat/build/fwp_planner': AMENT_PREFIX_PATH=/home/tong/Projects/SwarmCombat/install/sim_msgs:${AMENT_PREFIX_PATH} CMAKE_PREFIX_PATH=/home/tong/Projects/SwarmCombat/install/sim_msgs:/home/tong/Projects/SwarmCombat/install/fwp_planner:/home/tong/Projects/SwarmCombat/install/fw_plane:/home/tong/Projects/SwarmCombat/install/sim_clock:/home/tong/Projects/SwarmCombat/install/scripts:/opt/ros/humble LD_LIBRARY_PATH=/home/tong/Projects/SwarmCombat/install/sim_msgs/lib:/home/tong/Projects/SwarmCombat/install/fwp_planner/lib:/home/tong/Projects/SwarmCombat/install/sim_clock/lib:/usr/local/cuda/lib64:/usr/local/cuda/lib64:/opt/ros/humble/opt/rviz_ogre_vendor/lib:/opt/ros/humble/lib/x86_64-linux-gnu:/opt/ros/humble/lib PYTHONPATH=/home/tong/Projects/SwarmCombat/install/sim_msgs/local/lib/python3.10/dist-packages:${PYTHONPATH} /usr/bin/cmake --install /home/tong/Projects/SwarmCombat/build/fwp_planner
[34.166s] Level 1:colcon.colcon_core.environment:create_environment_scripts_only(fwp_planner)
[34.166s] Level 1:colcon.colcon_core.environment:checking '/home/tong/Projects/SwarmCombat/install/fwp_planner' for CMake module files
[34.167s] DEBUG:colcon.colcon_core.event_handler.log_command:Invoked command in '/home/tong/Projects/SwarmCombat/build/fwp_planner' returned '0': AMENT_PREFIX_PATH=/home/tong/Projects/SwarmCombat/install/sim_msgs:${AMENT_PREFIX_PATH} CMAKE_PREFIX_PATH=/home/tong/Projects/SwarmCombat/install/sim_msgs:/home/tong/Projects/SwarmCombat/install/fwp_planner:/home/tong/Projects/SwarmCombat/install/fw_plane:/home/tong/Projects/SwarmCombat/install/sim_clock:/home/tong/Projects/SwarmCombat/install/scripts:/opt/ros/humble LD_LIBRARY_PATH=/home/tong/Projects/SwarmCombat/install/sim_msgs/lib:/home/tong/Projects/SwarmCombat/install/fwp_planner/lib:/home/tong/Projects/SwarmCombat/install/sim_clock/lib:/usr/local/cuda/lib64:/usr/local/cuda/lib64:/opt/ros/humble/opt/rviz_ogre_vendor/lib:/opt/ros/humble/lib/x86_64-linux-gnu:/opt/ros/humble/lib PYTHONPATH=/home/tong/Projects/SwarmCombat/install/sim_msgs/local/lib/python3.10/dist-packages:${PYTHONPATH} /usr/bin/cmake --install /home/tong/Projects/SwarmCombat/build/fwp_planner
[34.167s] Level 1:colcon.colcon_core.environment:checking '/home/tong/Projects/SwarmCombat/install/fwp_planner' for CMake config files
[34.168s] Level 1:colcon.colcon_core.shell:create_environment_hook('fwp_planner', 'cmake_prefix_path')
[34.169s] INFO:colcon.colcon_core.shell:Creating environment hook '/home/tong/Projects/SwarmCombat/install/fwp_planner/share/fwp_planner/hook/cmake_prefix_path.ps1'
[34.169s] INFO:colcon.colcon_core.shell:Creating environment descriptor '/home/tong/Projects/SwarmCombat/install/fwp_planner/share/fwp_planner/hook/cmake_prefix_path.dsv'
[34.170s] INFO:colcon.colcon_core.shell:Creating environment hook '/home/tong/Projects/SwarmCombat/install/fwp_planner/share/fwp_planner/hook/cmake_prefix_path.sh'
[34.170s] Level 1:colcon.colcon_core.environment:checking '/home/tong/Projects/SwarmCombat/install/fwp_planner/lib'
[34.170s] Level 1:colcon.colcon_core.shell:create_environment_hook('fwp_planner', 'ld_library_path_lib')
[34.170s] INFO:colcon.colcon_core.shell:Creating environment hook '/home/tong/Projects/SwarmCombat/install/fwp_planner/share/fwp_planner/hook/ld_library_path_lib.ps1'
[34.171s] INFO:colcon.colcon_core.shell:Creating environment descriptor '/home/tong/Projects/SwarmCombat/install/fwp_planner/share/fwp_planner/hook/ld_library_path_lib.dsv'
[34.171s] INFO:colcon.colcon_core.shell:Creating environment hook '/home/tong/Projects/SwarmCombat/install/fwp_planner/share/fwp_planner/hook/ld_library_path_lib.sh'
[34.171s] Level 1:colcon.colcon_core.environment:checking '/home/tong/Projects/SwarmCombat/install/fwp_planner/bin'
[34.171s] Level 1:colcon.colcon_core.environment:checking '/home/tong/Projects/SwarmCombat/install/fwp_planner/lib/pkgconfig/fwp_planner.pc'
[34.172s] Level 1:colcon.colcon_core.environment:checking '/home/tong/Projects/SwarmCombat/install/fwp_planner/lib/python3.10/site-packages'
[34.172s] Level 1:colcon.colcon_core.environment:checking '/home/tong/Projects/SwarmCombat/install/fwp_planner/bin'
[34.172s] INFO:colcon.colcon_core.shell:Creating package script '/home/tong/Projects/SwarmCombat/install/fwp_planner/share/fwp_planner/package.ps1'
[34.172s] INFO:colcon.colcon_core.shell:Creating package descriptor '/home/tong/Projects/SwarmCombat/install/fwp_planner/share/fwp_planner/package.dsv'
[34.173s] INFO:colcon.colcon_core.shell:Creating package script '/home/tong/Projects/SwarmCombat/install/fwp_planner/share/fwp_planner/package.sh'
[34.173s] INFO:colcon.colcon_core.shell:Creating package script '/home/tong/Projects/SwarmCombat/install/fwp_planner/share/fwp_planner/package.bash'
[34.173s] INFO:colcon.colcon_core.shell:Creating package script '/home/tong/Projects/SwarmCombat/install/fwp_planner/share/fwp_planner/package.zsh'
[34.174s] Level 1:colcon.colcon_core.environment:create_file_with_runtime_dependencies(/home/tong/Projects/SwarmCombat/install/fwp_planner/share/colcon-core/packages/fwp_planner)
[34.174s] Level 1:colcon.colcon_core.environment:create_environment_scripts_only(fwp_planner)
[34.175s] Level 1:colcon.colcon_core.environment:checking '/home/tong/Projects/SwarmCombat/install/fwp_planner' for CMake module files
[34.175s] Level 1:colcon.colcon_core.environment:checking '/home/tong/Projects/SwarmCombat/install/fwp_planner' for CMake config files
[34.176s] Level 1:colcon.colcon_core.shell:create_environment_hook('fwp_planner', 'cmake_prefix_path')
[34.176s] INFO:colcon.colcon_core.shell:Creating environment hook '/home/tong/Projects/SwarmCombat/install/fwp_planner/share/fwp_planner/hook/cmake_prefix_path.ps1'
[34.176s] INFO:colcon.colcon_core.shell:Creating environment descriptor '/home/tong/Projects/SwarmCombat/install/fwp_planner/share/fwp_planner/hook/cmake_prefix_path.dsv'
[34.177s] INFO:colcon.colcon_core.shell:Creating environment hook '/home/tong/Projects/SwarmCombat/install/fwp_planner/share/fwp_planner/hook/cmake_prefix_path.sh'
[34.177s] Level 1:colcon.colcon_core.environment:checking '/home/tong/Projects/SwarmCombat/install/fwp_planner/lib'
[34.177s] Level 1:colcon.colcon_core.shell:create_environment_hook('fwp_planner', 'ld_library_path_lib')
[34.177s] INFO:colcon.colcon_core.shell:Creating environment hook '/home/tong/Projects/SwarmCombat/install/fwp_planner/share/fwp_planner/hook/ld_library_path_lib.ps1'
[34.178s] INFO:colcon.colcon_core.shell:Creating environment descriptor '/home/tong/Projects/SwarmCombat/install/fwp_planner/share/fwp_planner/hook/ld_library_path_lib.dsv'
[34.178s] INFO:colcon.colcon_core.shell:Creating environment hook '/home/tong/Projects/SwarmCombat/install/fwp_planner/share/fwp_planner/hook/ld_library_path_lib.sh'
[34.178s] Level 1:colcon.colcon_core.environment:checking '/home/tong/Projects/SwarmCombat/install/fwp_planner/bin'
[34.178s] Level 1:colcon.colcon_core.environment:checking '/home/tong/Projects/SwarmCombat/install/fwp_planner/lib/pkgconfig/fwp_planner.pc'
[34.179s] Level 1:colcon.colcon_core.environment:checking '/home/tong/Projects/SwarmCombat/install/fwp_planner/lib/python3.10/site-packages'
[34.179s] Level 1:colcon.colcon_core.environment:checking '/home/tong/Projects/SwarmCombat/install/fwp_planner/bin'
[34.179s] INFO:colcon.colcon_core.shell:Creating package script '/home/tong/Projects/SwarmCombat/install/fwp_planner/share/fwp_planner/package.ps1'
[34.179s] INFO:colcon.colcon_core.shell:Creating package descriptor '/home/tong/Projects/SwarmCombat/install/fwp_planner/share/fwp_planner/package.dsv'
[34.180s] INFO:colcon.colcon_core.shell:Creating package script '/home/tong/Projects/SwarmCombat/install/fwp_planner/share/fwp_planner/package.sh'
[34.180s] INFO:colcon.colcon_core.shell:Creating package script '/home/tong/Projects/SwarmCombat/install/fwp_planner/share/fwp_planner/package.bash'
[34.180s] INFO:colcon.colcon_core.shell:Creating package script '/home/tong/Projects/SwarmCombat/install/fwp_planner/share/fwp_planner/package.zsh'
[34.181s] Level 1:colcon.colcon_core.environment:create_file_with_runtime_dependencies(/home/tong/Projects/SwarmCombat/install/fwp_planner/share/colcon-core/packages/fwp_planner)
[34.181s] DEBUG:colcon.colcon_parallel_executor.executor.parallel:closing loop
[34.181s] DEBUG:colcon.colcon_parallel_executor.executor.parallel:loop closed
[34.182s] DEBUG:colcon.colcon_parallel_executor.executor.parallel:run_until_complete finished with '0'
[34.182s] DEBUG:colcon.colcon_core.event_reactor:joining thread
[34.242s] INFO:colcon.colcon_core.plugin_system:Skipping extension 'colcon_notification.desktop_notification.notify_send': Could not find 'notify-send'
[34.243s] INFO:colcon.colcon_core.plugin_system:Skipping extension 'colcon_notification.desktop_notification.terminal_notifier': Not used on non-Darwin systems
[34.243s] INFO:colcon.colcon_core.plugin_system:Skipping extension 'colcon_notification.desktop_notification.win32': Not used on non-Windows systems
[34.243s] INFO:colcon.colcon_notification.desktop_notification:Sending desktop notification using 'notify2'
[34.243s] DEBUG:colcon.colcon_notification.desktop_notification.notify2:Failed to initialize notify2: org.freedesktop.DBus.Error.FileNotFound: Failed to connect to socket /run/user/1000/bus: No such file or directory
[34.243s] DEBUG:colcon.colcon_core.event_reactor:joined thread
[34.244s] INFO:colcon.colcon_core.shell:Creating prefix script '/home/tong/Projects/SwarmCombat/install/local_setup.ps1'
[34.246s] INFO:colcon.colcon_core.shell:Creating prefix util module '/home/tong/Projects/SwarmCombat/install/_local_setup_util_ps1.py'
[34.249s] INFO:colcon.colcon_core.shell:Creating prefix chain script '/home/tong/Projects/SwarmCombat/install/setup.ps1'
[34.251s] INFO:colcon.colcon_core.shell:Creating prefix script '/home/tong/Projects/SwarmCombat/install/local_setup.sh'
[34.253s] INFO:colcon.colcon_core.shell:Creating prefix util module '/home/tong/Projects/SwarmCombat/install/_local_setup_util_sh.py'
[34.254s] INFO:colcon.colcon_core.shell:Creating prefix chain script '/home/tong/Projects/SwarmCombat/install/setup.sh'
[34.256s] INFO:colcon.colcon_core.shell:Creating prefix script '/home/tong/Projects/SwarmCombat/install/local_setup.bash'
[34.257s] INFO:colcon.colcon_core.shell:Creating prefix chain script '/home/tong/Projects/SwarmCombat/install/setup.bash'
[34.259s] INFO:colcon.colcon_core.shell:Creating prefix script '/home/tong/Projects/SwarmCombat/install/local_setup.zsh'
[34.261s] INFO:colcon.colcon_core.shell:Creating prefix chain script '/home/tong/Projects/SwarmCombat/install/setup.zsh'
