[35m[1mConsolidate compiler generated dependencies of target sim_msgs__rosidl_generator_c[0m
[  1%] Built target sim_msgs__cpp
[ 12%] Built target sim_msgs__rosidl_generator_c
[ 12%] Built target ament_cmake_python_symlink_sim_msgs
[35m[1mConsolidate compiler generated dependencies of target sim_msgs__rosidl_typesupport_cpp[0m
[35m[1mConsolidate compiler generated dependencies of target sim_msgs__rosidl_typesupport_fastrtps_cpp[0m
[35m[1mConsolidate compiler generated dependencies of target sim_msgs__rosidl_typesupport_introspection_c[0m
[35m[1mConsolidate compiler generated dependencies of target sim_msgs__rosidl_typesupport_fastrtps_c[0m
[35m[1mConsolidate compiler generated dependencies of target sim_msgs__rosidl_typesupport_c[0m
[35m[1mConsolidate compiler generated dependencies of target sim_msgs__rosidl_typesupport_introspection_cpp[0m
[ 23%] Built target sim_msgs__rosidl_typesupport_c
[ 34%] Built target sim_msgs__rosidl_typesupport_cpp
[ 56%] Built target sim_msgs__rosidl_typesupport_fastrtps_cpp
[ 56%] Built target sim_msgs__rosidl_typesupport_introspection_c
[ 67%] Built target sim_msgs__rosidl_typesupport_introspection_cpp
[ 78%] Built target sim_msgs__rosidl_typesupport_fastrtps_c
[ 78%] Built target sim_msgs
[ 80%] Built target sim_msgs__py
[35m[1mConsolidate compiler generated dependencies of target sim_msgs__rosidl_generator_py[0m
[ 89%] Built target sim_msgs__rosidl_generator_py
[35m[1mConsolidate compiler generated dependencies of target sim_msgs__rosidl_typesupport_c__pyext[0m
[35m[1mConsolidate compiler generated dependencies of target sim_msgs__rosidl_typesupport_introspection_c__pyext[0m
[35m[1mConsolidate compiler generated dependencies of target sim_msgs__rosidl_typesupport_fastrtps_c__pyext[0m
[ 92%] Built target sim_msgs__rosidl_typesupport_c__pyext
[ 96%] Built target sim_msgs__rosidl_typesupport_introspection_c__pyext
[100%] Built target sim_msgs__rosidl_typesupport_fastrtps_c__pyext
running egg_info
writing sim_msgs.egg-info/PKG-INFO
writing dependency_links to sim_msgs.egg-info/dependency_links.txt
writing top-level names to sim_msgs.egg-info/top_level.txt
reading manifest file 'sim_msgs.egg-info/SOURCES.txt'
writing manifest file 'sim_msgs.egg-info/SOURCES.txt'
[100%] Built target ament_cmake_python_build_sim_msgs_egg
-- Install configuration: ""
-- Execute custom install script
-- Up-to-date symlink: /home/tong/Projects/SwarmCombat/install/sim_msgs/share/ament_index/resource_index/rosidl_interfaces/sim_msgs
-- Up-to-date symlink: /home/tong/Projects/SwarmCombat/install/sim_msgs/include/sim_msgs/sim_msgs/msg/death_notice.h
-- Up-to-date symlink: /home/tong/Projects/SwarmCombat/install/sim_msgs/include/sim_msgs/sim_msgs/msg/detail/death_notice__functions.h
-- Up-to-date symlink: /home/tong/Projects/SwarmCombat/install/sim_msgs/include/sim_msgs/sim_msgs/msg/detail/death_notice__struct.h
-- Up-to-date symlink: /home/tong/Projects/SwarmCombat/install/sim_msgs/include/sim_msgs/sim_msgs/msg/detail/death_notice__type_support.h
-- Up-to-date symlink: /home/tong/Projects/SwarmCombat/install/sim_msgs/include/sim_msgs/sim_msgs/msg/detail/explosion_report__functions.h
-- Up-to-date symlink: /home/tong/Projects/SwarmCombat/install/sim_msgs/include/sim_msgs/sim_msgs/msg/detail/explosion_report__struct.h
-- Up-to-date symlink: /home/tong/Projects/SwarmCombat/install/sim_msgs/include/sim_msgs/sim_msgs/msg/detail/explosion_report__type_support.h
-- Up-to-date symlink: /home/tong/Projects/SwarmCombat/install/sim_msgs/include/sim_msgs/sim_msgs/msg/detail/fw_control__functions.h
-- Up-to-date symlink: /home/tong/Projects/SwarmCombat/install/sim_msgs/include/sim_msgs/sim_msgs/msg/detail/fw_control__struct.h
-- Up-to-date symlink: /home/tong/Projects/SwarmCombat/install/sim_msgs/include/sim_msgs/sim_msgs/msg/detail/fw_control__type_support.h
-- Up-to-date symlink: /home/tong/Projects/SwarmCombat/install/sim_msgs/include/sim_msgs/sim_msgs/msg/detail/perceived_state__functions.h
-- Up-to-date symlink: /home/tong/Projects/SwarmCombat/install/sim_msgs/include/sim_msgs/sim_msgs/msg/detail/perceived_state__struct.h
-- Up-to-date symlink: /home/tong/Projects/SwarmCombat/install/sim_msgs/include/sim_msgs/sim_msgs/msg/detail/perceived_state__type_support.h
-- Up-to-date symlink: /home/tong/Projects/SwarmCombat/install/sim_msgs/include/sim_msgs/sim_msgs/msg/explosion_report.h
-- Up-to-date symlink: /home/tong/Projects/SwarmCombat/install/sim_msgs/include/sim_msgs/sim_msgs/msg/fw_control.h
-- Up-to-date symlink: /home/tong/Projects/SwarmCombat/install/sim_msgs/include/sim_msgs/sim_msgs/msg/perceived_state.h
-- Up-to-date symlink: /home/tong/Projects/SwarmCombat/install/sim_msgs/include/sim_msgs/sim_msgs/msg/rosidl_generator_c__visibility_control.h
-- Up-to-date symlink: /home/tong/Projects/SwarmCombat/install/sim_msgs/share/sim_msgs/environment/library_path.sh
-- Up-to-date symlink: /home/tong/Projects/SwarmCombat/install/sim_msgs/share/sim_msgs/environment/library_path.dsv
-- Up-to-date symlink: /home/tong/Projects/SwarmCombat/install/sim_msgs/include/sim_msgs/sim_msgs/msg/detail/death_notice__rosidl_typesupport_fastrtps_c.h
-- Up-to-date symlink: /home/tong/Projects/SwarmCombat/install/sim_msgs/include/sim_msgs/sim_msgs/msg/detail/explosion_report__rosidl_typesupport_fastrtps_c.h
-- Up-to-date symlink: /home/tong/Projects/SwarmCombat/install/sim_msgs/include/sim_msgs/sim_msgs/msg/detail/fw_control__rosidl_typesupport_fastrtps_c.h
-- Up-to-date symlink: /home/tong/Projects/SwarmCombat/install/sim_msgs/include/sim_msgs/sim_msgs/msg/detail/perceived_state__rosidl_typesupport_fastrtps_c.h
-- Up-to-date symlink: /home/tong/Projects/SwarmCombat/install/sim_msgs/include/sim_msgs/sim_msgs/msg/rosidl_typesupport_fastrtps_c__visibility_control.h
-- Up-to-date symlink: /home/tong/Projects/SwarmCombat/install/sim_msgs/include/sim_msgs/sim_msgs/msg/detail/death_notice__rosidl_typesupport_introspection_c.h
-- Up-to-date symlink: /home/tong/Projects/SwarmCombat/install/sim_msgs/include/sim_msgs/sim_msgs/msg/detail/explosion_report__rosidl_typesupport_introspection_c.h
-- Up-to-date symlink: /home/tong/Projects/SwarmCombat/install/sim_msgs/include/sim_msgs/sim_msgs/msg/detail/fw_control__rosidl_typesupport_introspection_c.h
-- Up-to-date symlink: /home/tong/Projects/SwarmCombat/install/sim_msgs/include/sim_msgs/sim_msgs/msg/detail/perceived_state__rosidl_typesupport_introspection_c.h
-- Up-to-date symlink: /home/tong/Projects/SwarmCombat/install/sim_msgs/include/sim_msgs/sim_msgs/msg/rosidl_typesupport_introspection_c__visibility_control.h
-- Up-to-date symlink: /home/tong/Projects/SwarmCombat/install/sim_msgs/include/sim_msgs/sim_msgs/msg/death_notice.hpp
-- Up-to-date symlink: /home/tong/Projects/SwarmCombat/install/sim_msgs/include/sim_msgs/sim_msgs/msg/detail/death_notice__builder.hpp
-- Up-to-date symlink: /home/tong/Projects/SwarmCombat/install/sim_msgs/include/sim_msgs/sim_msgs/msg/detail/death_notice__struct.hpp
-- Up-to-date symlink: /home/tong/Projects/SwarmCombat/install/sim_msgs/include/sim_msgs/sim_msgs/msg/detail/death_notice__traits.hpp
-- Up-to-date symlink: /home/tong/Projects/SwarmCombat/install/sim_msgs/include/sim_msgs/sim_msgs/msg/detail/death_notice__type_support.hpp
-- Up-to-date symlink: /home/tong/Projects/SwarmCombat/install/sim_msgs/include/sim_msgs/sim_msgs/msg/detail/explosion_report__builder.hpp
-- Up-to-date symlink: /home/tong/Projects/SwarmCombat/install/sim_msgs/include/sim_msgs/sim_msgs/msg/detail/explosion_report__struct.hpp
-- Up-to-date symlink: /home/tong/Projects/SwarmCombat/install/sim_msgs/include/sim_msgs/sim_msgs/msg/detail/explosion_report__traits.hpp
-- Up-to-date symlink: /home/tong/Projects/SwarmCombat/install/sim_msgs/include/sim_msgs/sim_msgs/msg/detail/explosion_report__type_support.hpp
-- Up-to-date symlink: /home/tong/Projects/SwarmCombat/install/sim_msgs/include/sim_msgs/sim_msgs/msg/detail/fw_control__builder.hpp
-- Up-to-date symlink: /home/tong/Projects/SwarmCombat/install/sim_msgs/include/sim_msgs/sim_msgs/msg/detail/fw_control__struct.hpp
-- Up-to-date symlink: /home/tong/Projects/SwarmCombat/install/sim_msgs/include/sim_msgs/sim_msgs/msg/detail/fw_control__traits.hpp
-- Up-to-date symlink: /home/tong/Projects/SwarmCombat/install/sim_msgs/include/sim_msgs/sim_msgs/msg/detail/fw_control__type_support.hpp
-- Up-to-date symlink: /home/tong/Projects/SwarmCombat/install/sim_msgs/include/sim_msgs/sim_msgs/msg/detail/perceived_state__builder.hpp
-- Up-to-date symlink: /home/tong/Projects/SwarmCombat/install/sim_msgs/include/sim_msgs/sim_msgs/msg/detail/perceived_state__struct.hpp
-- Up-to-date symlink: /home/tong/Projects/SwarmCombat/install/sim_msgs/include/sim_msgs/sim_msgs/msg/detail/perceived_state__traits.hpp
-- Up-to-date symlink: /home/tong/Projects/SwarmCombat/install/sim_msgs/include/sim_msgs/sim_msgs/msg/detail/perceived_state__type_support.hpp
-- Up-to-date symlink: /home/tong/Projects/SwarmCombat/install/sim_msgs/include/sim_msgs/sim_msgs/msg/explosion_report.hpp
-- Up-to-date symlink: /home/tong/Projects/SwarmCombat/install/sim_msgs/include/sim_msgs/sim_msgs/msg/fw_control.hpp
-- Up-to-date symlink: /home/tong/Projects/SwarmCombat/install/sim_msgs/include/sim_msgs/sim_msgs/msg/perceived_state.hpp
-- Up-to-date symlink: /home/tong/Projects/SwarmCombat/install/sim_msgs/include/sim_msgs/sim_msgs/msg/rosidl_generator_cpp__visibility_control.hpp
-- Up-to-date symlink: /home/tong/Projects/SwarmCombat/install/sim_msgs/include/sim_msgs/sim_msgs/msg/detail/death_notice__rosidl_typesupport_fastrtps_cpp.hpp
-- Up-to-date symlink: /home/tong/Projects/SwarmCombat/install/sim_msgs/include/sim_msgs/sim_msgs/msg/detail/explosion_report__rosidl_typesupport_fastrtps_cpp.hpp
-- Up-to-date symlink: /home/tong/Projects/SwarmCombat/install/sim_msgs/include/sim_msgs/sim_msgs/msg/detail/fw_control__rosidl_typesupport_fastrtps_cpp.hpp
-- Up-to-date symlink: /home/tong/Projects/SwarmCombat/install/sim_msgs/include/sim_msgs/sim_msgs/msg/detail/perceived_state__rosidl_typesupport_fastrtps_cpp.hpp
-- Up-to-date symlink: /home/tong/Projects/SwarmCombat/install/sim_msgs/include/sim_msgs/sim_msgs/msg/rosidl_typesupport_fastrtps_cpp__visibility_control.h
-- Up-to-date symlink: /home/tong/Projects/SwarmCombat/install/sim_msgs/include/sim_msgs/sim_msgs/msg/detail/death_notice__rosidl_typesupport_introspection_cpp.hpp
-- Up-to-date symlink: /home/tong/Projects/SwarmCombat/install/sim_msgs/include/sim_msgs/sim_msgs/msg/detail/explosion_report__rosidl_typesupport_introspection_cpp.hpp
-- Up-to-date symlink: /home/tong/Projects/SwarmCombat/install/sim_msgs/include/sim_msgs/sim_msgs/msg/detail/fw_control__rosidl_typesupport_introspection_cpp.hpp
-- Up-to-date symlink: /home/tong/Projects/SwarmCombat/install/sim_msgs/include/sim_msgs/sim_msgs/msg/detail/perceived_state__rosidl_typesupport_introspection_cpp.hpp
-- Up-to-date symlink: /home/tong/Projects/SwarmCombat/install/sim_msgs/share/sim_msgs/environment/pythonpath.sh
-- Up-to-date symlink: /home/tong/Projects/SwarmCombat/install/sim_msgs/share/sim_msgs/environment/pythonpath.dsv
-- Up-to-date symlink: /home/tong/Projects/SwarmCombat/install/sim_msgs/local/lib/python3.10/dist-packages/sim_msgs-0.1.0-py3.10.egg-info/PKG-INFO
-- Up-to-date symlink: /home/tong/Projects/SwarmCombat/install/sim_msgs/local/lib/python3.10/dist-packages/sim_msgs-0.1.0-py3.10.egg-info/SOURCES.txt
-- Up-to-date symlink: /home/tong/Projects/SwarmCombat/install/sim_msgs/local/lib/python3.10/dist-packages/sim_msgs-0.1.0-py3.10.egg-info/dependency_links.txt
-- Up-to-date symlink: /home/tong/Projects/SwarmCombat/install/sim_msgs/local/lib/python3.10/dist-packages/sim_msgs-0.1.0-py3.10.egg-info/top_level.txt
-- Up-to-date symlink: /home/tong/Projects/SwarmCombat/install/sim_msgs/local/lib/python3.10/dist-packages/sim_msgs/__init__.py
-- Up-to-date symlink: /home/tong/Projects/SwarmCombat/install/sim_msgs/local/lib/python3.10/dist-packages/sim_msgs/_sim_msgs_s.ep.rosidl_typesupport_c.c
-- Up-to-date symlink: /home/tong/Projects/SwarmCombat/install/sim_msgs/local/lib/python3.10/dist-packages/sim_msgs/_sim_msgs_s.ep.rosidl_typesupport_fastrtps_c.c
-- Up-to-date symlink: /home/tong/Projects/SwarmCombat/install/sim_msgs/local/lib/python3.10/dist-packages/sim_msgs/_sim_msgs_s.ep.rosidl_typesupport_introspection_c.c
-- Up-to-date symlink: /home/tong/Projects/SwarmCombat/install/sim_msgs/local/lib/python3.10/dist-packages/sim_msgs/libsim_msgs__rosidl_generator_py.so
-- Up-to-date symlink: /home/tong/Projects/SwarmCombat/install/sim_msgs/local/lib/python3.10/dist-packages/sim_msgs/msg/__init__.py
-- Up-to-date symlink: /home/tong/Projects/SwarmCombat/install/sim_msgs/local/lib/python3.10/dist-packages/sim_msgs/msg/_death_notice.py
-- Up-to-date symlink: /home/tong/Projects/SwarmCombat/install/sim_msgs/local/lib/python3.10/dist-packages/sim_msgs/msg/_death_notice_s.c
-- Up-to-date symlink: /home/tong/Projects/SwarmCombat/install/sim_msgs/local/lib/python3.10/dist-packages/sim_msgs/msg/_explosion_report.py
-- Up-to-date symlink: /home/tong/Projects/SwarmCombat/install/sim_msgs/local/lib/python3.10/dist-packages/sim_msgs/msg/_explosion_report_s.c
-- Up-to-date symlink: /home/tong/Projects/SwarmCombat/install/sim_msgs/local/lib/python3.10/dist-packages/sim_msgs/msg/_fw_control.py
-- Up-to-date symlink: /home/tong/Projects/SwarmCombat/install/sim_msgs/local/lib/python3.10/dist-packages/sim_msgs/msg/_fw_control_s.c
-- Up-to-date symlink: /home/tong/Projects/SwarmCombat/install/sim_msgs/local/lib/python3.10/dist-packages/sim_msgs/msg/_perceived_state.py
-- Up-to-date symlink: /home/tong/Projects/SwarmCombat/install/sim_msgs/local/lib/python3.10/dist-packages/sim_msgs/msg/_perceived_state_s.c
-- Up-to-date symlink: /home/tong/Projects/SwarmCombat/install/sim_msgs/local/lib/python3.10/dist-packages/sim_msgs/sim_msgs_s__rosidl_typesupport_c.cpython-310-x86_64-linux-gnu.so
-- Up-to-date symlink: /home/tong/Projects/SwarmCombat/install/sim_msgs/local/lib/python3.10/dist-packages/sim_msgs/sim_msgs_s__rosidl_typesupport_fastrtps_c.cpython-310-x86_64-linux-gnu.so
-- Up-to-date symlink: /home/tong/Projects/SwarmCombat/install/sim_msgs/local/lib/python3.10/dist-packages/sim_msgs/sim_msgs_s__rosidl_typesupport_introspection_c.cpython-310-x86_64-linux-gnu.so
-- Up-to-date symlink: /home/tong/Projects/SwarmCombat/install/sim_msgs/local/lib/python3.10/dist-packages/sim_msgs/sim_msgs_s__rosidl_typesupport_fastrtps_c.cpython-310-x86_64-linux-gnu.so
-- Up-to-date symlink: /home/tong/Projects/SwarmCombat/install/sim_msgs/local/lib/python3.10/dist-packages/sim_msgs/sim_msgs_s__rosidl_typesupport_introspection_c.cpython-310-x86_64-linux-gnu.so
-- Up-to-date symlink: /home/tong/Projects/SwarmCombat/install/sim_msgs/local/lib/python3.10/dist-packages/sim_msgs/sim_msgs_s__rosidl_typesupport_c.cpython-310-x86_64-linux-gnu.so
-- Up-to-date symlink: /home/tong/Projects/SwarmCombat/install/sim_msgs/share/sim_msgs/msg/DeathNotice.idl
-- Up-to-date symlink: /home/tong/Projects/SwarmCombat/install/sim_msgs/share/sim_msgs/msg/ExplosionReport.idl
-- Up-to-date symlink: /home/tong/Projects/SwarmCombat/install/sim_msgs/share/sim_msgs/msg/PerceivedState.idl
-- Up-to-date symlink: /home/tong/Projects/SwarmCombat/install/sim_msgs/share/sim_msgs/msg/FwControl.idl
-- Up-to-date symlink: /home/tong/Projects/SwarmCombat/install/sim_msgs/share/sim_msgs/msg/DeathNotice.msg
-- Up-to-date symlink: /home/tong/Projects/SwarmCombat/install/sim_msgs/share/sim_msgs/msg/ExplosionReport.msg
-- Up-to-date symlink: /home/tong/Projects/SwarmCombat/install/sim_msgs/share/sim_msgs/msg/PerceivedState.msg
-- Up-to-date symlink: /home/tong/Projects/SwarmCombat/install/sim_msgs/share/sim_msgs/msg/FwControl.msg
-- Up-to-date symlink: /home/tong/Projects/SwarmCombat/install/sim_msgs/share/ament_index/resource_index/package_run_dependencies/sim_msgs
-- Up-to-date symlink: /home/tong/Projects/SwarmCombat/install/sim_msgs/share/ament_index/resource_index/parent_prefix_path/sim_msgs
-- Up-to-date symlink: /home/tong/Projects/SwarmCombat/install/sim_msgs/share/sim_msgs/environment/ament_prefix_path.sh
-- Up-to-date symlink: /home/tong/Projects/SwarmCombat/install/sim_msgs/share/sim_msgs/environment/ament_prefix_path.dsv
-- Up-to-date symlink: /home/tong/Projects/SwarmCombat/install/sim_msgs/share/sim_msgs/environment/path.sh
-- Up-to-date symlink: /home/tong/Projects/SwarmCombat/install/sim_msgs/share/sim_msgs/environment/path.dsv
-- Up-to-date symlink: /home/tong/Projects/SwarmCombat/install/sim_msgs/share/sim_msgs/local_setup.bash
-- Up-to-date symlink: /home/tong/Projects/SwarmCombat/install/sim_msgs/share/sim_msgs/local_setup.sh
-- Up-to-date symlink: /home/tong/Projects/SwarmCombat/install/sim_msgs/share/sim_msgs/local_setup.zsh
-- Up-to-date symlink: /home/tong/Projects/SwarmCombat/install/sim_msgs/share/sim_msgs/local_setup.dsv
-- Symlinking: /home/tong/Projects/SwarmCombat/install/sim_msgs/share/sim_msgs/package.dsv
-- Up-to-date symlink: /home/tong/Projects/SwarmCombat/install/sim_msgs/share/ament_index/resource_index/packages/sim_msgs
-- Up-to-date symlink: /home/tong/Projects/SwarmCombat/install/sim_msgs/share/sim_msgs/cmake/rosidl_cmake-extras.cmake
-- Up-to-date symlink: /home/tong/Projects/SwarmCombat/install/sim_msgs/share/sim_msgs/cmake/ament_cmake_export_dependencies-extras.cmake
-- Up-to-date symlink: /home/tong/Projects/SwarmCombat/install/sim_msgs/share/sim_msgs/cmake/ament_cmake_export_include_directories-extras.cmake
-- Up-to-date symlink: /home/tong/Projects/SwarmCombat/install/sim_msgs/share/sim_msgs/cmake/ament_cmake_export_libraries-extras.cmake
-- Up-to-date symlink: /home/tong/Projects/SwarmCombat/install/sim_msgs/share/sim_msgs/cmake/ament_cmake_export_targets-extras.cmake
-- Up-to-date symlink: /home/tong/Projects/SwarmCombat/install/sim_msgs/share/sim_msgs/cmake/rosidl_cmake_export_typesupport_targets-extras.cmake
-- Up-to-date symlink: /home/tong/Projects/SwarmCombat/install/sim_msgs/share/sim_msgs/cmake/rosidl_cmake_export_typesupport_libraries-extras.cmake
-- Up-to-date symlink: /home/tong/Projects/SwarmCombat/install/sim_msgs/share/sim_msgs/cmake/sim_msgsConfig.cmake
-- Up-to-date symlink: /home/tong/Projects/SwarmCombat/install/sim_msgs/share/sim_msgs/cmake/sim_msgsConfig-version.cmake
-- Up-to-date symlink: /home/tong/Projects/SwarmCombat/install/sim_msgs/share/sim_msgs/package.xml
-- Up-to-date: /home/tong/Projects/SwarmCombat/install/sim_msgs/lib/libsim_msgs__rosidl_generator_c.so
-- Up-to-date: /home/tong/Projects/SwarmCombat/install/sim_msgs/lib/libsim_msgs__rosidl_typesupport_fastrtps_c.so
-- Up-to-date: /home/tong/Projects/SwarmCombat/install/sim_msgs/lib/libsim_msgs__rosidl_typesupport_introspection_c.so
-- Up-to-date: /home/tong/Projects/SwarmCombat/install/sim_msgs/lib/libsim_msgs__rosidl_typesupport_c.so
-- Up-to-date: /home/tong/Projects/SwarmCombat/install/sim_msgs/lib/libsim_msgs__rosidl_typesupport_fastrtps_cpp.so
-- Up-to-date: /home/tong/Projects/SwarmCombat/install/sim_msgs/lib/libsim_msgs__rosidl_typesupport_introspection_cpp.so
-- Up-to-date: /home/tong/Projects/SwarmCombat/install/sim_msgs/lib/libsim_msgs__rosidl_typesupport_cpp.so
Listing '/home/tong/Projects/SwarmCombat/install/sim_msgs/local/lib/python3.10/dist-packages/sim_msgs'...
Listing '/home/tong/Projects/SwarmCombat/install/sim_msgs/local/lib/python3.10/dist-packages/sim_msgs/msg'...
-- Up-to-date: /home/tong/Projects/SwarmCombat/install/sim_msgs/lib/libsim_msgs__rosidl_generator_py.so
-- Up-to-date: /home/tong/Projects/SwarmCombat/install/sim_msgs/share/sim_msgs/cmake/export_sim_msgs__rosidl_generator_cExport.cmake
-- Up-to-date: /home/tong/Projects/SwarmCombat/install/sim_msgs/share/sim_msgs/cmake/export_sim_msgs__rosidl_generator_cExport-noconfig.cmake
-- Up-to-date: /home/tong/Projects/SwarmCombat/install/sim_msgs/share/sim_msgs/cmake/export_sim_msgs__rosidl_typesupport_fastrtps_cExport.cmake
-- Up-to-date: /home/tong/Projects/SwarmCombat/install/sim_msgs/share/sim_msgs/cmake/export_sim_msgs__rosidl_typesupport_fastrtps_cExport-noconfig.cmake
-- Up-to-date: /home/tong/Projects/SwarmCombat/install/sim_msgs/share/sim_msgs/cmake/sim_msgs__rosidl_typesupport_introspection_cExport.cmake
-- Up-to-date: /home/tong/Projects/SwarmCombat/install/sim_msgs/share/sim_msgs/cmake/sim_msgs__rosidl_typesupport_introspection_cExport-noconfig.cmake
-- Up-to-date: /home/tong/Projects/SwarmCombat/install/sim_msgs/share/sim_msgs/cmake/sim_msgs__rosidl_typesupport_cExport.cmake
-- Up-to-date: /home/tong/Projects/SwarmCombat/install/sim_msgs/share/sim_msgs/cmake/sim_msgs__rosidl_typesupport_cExport-noconfig.cmake
-- Up-to-date: /home/tong/Projects/SwarmCombat/install/sim_msgs/share/sim_msgs/cmake/export_sim_msgs__rosidl_generator_cppExport.cmake
-- Up-to-date: /home/tong/Projects/SwarmCombat/install/sim_msgs/share/sim_msgs/cmake/export_sim_msgs__rosidl_typesupport_fastrtps_cppExport.cmake
-- Up-to-date: /home/tong/Projects/SwarmCombat/install/sim_msgs/share/sim_msgs/cmake/export_sim_msgs__rosidl_typesupport_fastrtps_cppExport-noconfig.cmake
-- Up-to-date: /home/tong/Projects/SwarmCombat/install/sim_msgs/share/sim_msgs/cmake/sim_msgs__rosidl_typesupport_introspection_cppExport.cmake
-- Up-to-date: /home/tong/Projects/SwarmCombat/install/sim_msgs/share/sim_msgs/cmake/sim_msgs__rosidl_typesupport_introspection_cppExport-noconfig.cmake
-- Up-to-date: /home/tong/Projects/SwarmCombat/install/sim_msgs/share/sim_msgs/cmake/sim_msgs__rosidl_typesupport_cppExport.cmake
-- Up-to-date: /home/tong/Projects/SwarmCombat/install/sim_msgs/share/sim_msgs/cmake/sim_msgs__rosidl_typesupport_cppExport-noconfig.cmake
-- Up-to-date: /home/tong/Projects/SwarmCombat/install/sim_msgs/share/sim_msgs/cmake/export_sim_msgs__rosidl_generator_pyExport.cmake
-- Up-to-date: /home/tong/Projects/SwarmCombat/install/sim_msgs/share/sim_msgs/cmake/export_sim_msgs__rosidl_generator_pyExport-noconfig.cmake
