-- The C compiler identification is GNU 11.4.0
-- The CXX compiler identification is GNU 11.4.0
-- Detecting C compiler ABI info
-- Detecting C compiler ABI info - done
-- Check for working C compiler: /usr/bin/cc - skipped
-- Detecting C compile features
-- Detecting C compile features - done
-- Detecting CXX compiler ABI info
-- Detecting CXX compiler ABI info - done
-- Check for working CXX compiler: /usr/bin/c++ - skipped
-- Detecting CXX compile features
-- Detecting CXX compile features - done
-- Found ament_cmake: 1.3.12 (/opt/ros/humble/share/ament_cmake/cmake)
-- Found Python3: /usr/bin/python3 (found version "3.10.12") found components: Interpreter 
-- Override CMake install command with custom implementation using symlinks instead of copying resources
-- Found rosidl_default_generators: 1.2.0 (/opt/ros/humble/share/rosidl_default_generators/cmake)
-- Using all available rosidl_typesupport_c: rosidl_typesupport_fastrtps_c;rosidl_typesupport_introspection_c
-- Found rosidl_adapter: 3.1.7 (/opt/ros/humble/share/rosidl_adapter/cmake)
-- Using all available rosidl_typesupport_cpp: rosidl_typesupport_fastrtps_cpp;rosidl_typesupport_introspection_cpp
-- Found std_msgs: 4.9.0 (/opt/ros/humble/share/std_msgs/cmake)
-- Found geometry_msgs: 4.9.0 (/opt/ros/humble/share/geometry_msgs/cmake)
-- Found ament_cmake_ros: 0.10.0 (/opt/ros/humble/share/ament_cmake_ros/cmake)
-- Using all available rosidl_typesupport_c: rosidl_typesupport_fastrtps_c;rosidl_typesupport_introspection_c
-- Using all available rosidl_typesupport_cpp: rosidl_typesupport_fastrtps_cpp;rosidl_typesupport_introspection_cpp
-- Found PythonInterp: /usr/bin/python3 (found suitable version "3.10.12", minimum required is "3.6") 
-- Found python_cmake_module: 0.10.0 (/opt/ros/humble/share/python_cmake_module/cmake)
-- Found PythonLibs: /usr/lib/x86_64-linux-gnu/libpython3.10.so (found suitable version "3.10.12", minimum required is "3.5") 
-- Using PYTHON_EXECUTABLE: /usr/bin/python3
-- Using PYTHON_INCLUDE_DIRS: /usr/include/python3.10
-- Using PYTHON_LIBRARIES: /usr/lib/x86_64-linux-gnu/libpython3.10.so
-- Found PythonExtra: .so  
-- Configuring done
-- Generating done
-- Build files have been written to: /home/tong/Projects/SwarmCombat/build/sim_msgs
[  1%] [34m[1mGenerating C code for ROS interfaces[0m
[  3%] [34m[1mGenerating C++ code for ROS interfaces[0m
[  3%] Built target ament_cmake_python_symlink_sim_msgs
running egg_info
creating sim_msgs.egg-info
writing sim_msgs.egg-info/PKG-INFO
writing dependency_links to sim_msgs.egg-info/dependency_links.txt
writing top-level names to sim_msgs.egg-info/top_level.txt
writing manifest file 'sim_msgs.egg-info/SOURCES.txt'
reading manifest file 'sim_msgs.egg-info/SOURCES.txt'
writing manifest file 'sim_msgs.egg-info/SOURCES.txt'
[  3%] Built target ament_cmake_python_build_sim_msgs_egg
[  3%] Built target sim_msgs__cpp
[  5%] [34m[1mGenerating C++ type support dispatch for ROS interfaces[0m
[  7%] [34m[1mGenerating C++ type support for eProsima Fast-RTPS[0m
[  9%] [34m[1mGenerating C++ introspection for ROS interfaces[0m
[ 10%] [32mBuilding C object CMakeFiles/sim_msgs__rosidl_generator_c.dir/rosidl_generator_c/sim_msgs/msg/detail/death_notice__functions.c.o[0m
[ 12%] [32mBuilding C object CMakeFiles/sim_msgs__rosidl_generator_c.dir/rosidl_generator_c/sim_msgs/msg/detail/perceived_state__functions.c.o[0m
[ 14%] [32mBuilding C object CMakeFiles/sim_msgs__rosidl_generator_c.dir/rosidl_generator_c/sim_msgs/msg/detail/fw_control__functions.c.o[0m
[ 16%] [32mBuilding C object CMakeFiles/sim_msgs__rosidl_generator_c.dir/rosidl_generator_c/sim_msgs/msg/detail/explosion_report__functions.c.o[0m
[ 18%] [32m[1mLinking C shared library libsim_msgs__rosidl_generator_c.so[0m
[ 18%] Built target sim_msgs__rosidl_generator_c
[ 21%] [34m[1mGenerating C introspection for ROS interfaces[0m
[ 21%] [34m[1mGenerating C type support for eProsima Fast-RTPS[0m
[ 23%] [34m[1mGenerating C type support dispatch for ROS interfaces[0m
[ 25%] [32mBuilding CXX object CMakeFiles/sim_msgs__rosidl_typesupport_cpp.dir/rosidl_typesupport_cpp/sim_msgs/msg/explosion_report__type_support.cpp.o[0m
[ 27%] [32mBuilding CXX object CMakeFiles/sim_msgs__rosidl_typesupport_cpp.dir/rosidl_typesupport_cpp/sim_msgs/msg/perceived_state__type_support.cpp.o[0m
[ 29%] [32mBuilding CXX object CMakeFiles/sim_msgs__rosidl_typesupport_cpp.dir/rosidl_typesupport_cpp/sim_msgs/msg/death_notice__type_support.cpp.o[0m
[ 30%] [32mBuilding CXX object CMakeFiles/sim_msgs__rosidl_typesupport_cpp.dir/rosidl_typesupport_cpp/sim_msgs/msg/fw_control__type_support.cpp.o[0m
[ 32%] [32mBuilding CXX object CMakeFiles/sim_msgs__rosidl_typesupport_introspection_cpp.dir/rosidl_typesupport_introspection_cpp/sim_msgs/msg/detail/death_notice__type_support.cpp.o[0m
[ 36%] [32mBuilding CXX object CMakeFiles/sim_msgs__rosidl_typesupport_introspection_cpp.dir/rosidl_typesupport_introspection_cpp/sim_msgs/msg/detail/explosion_report__type_support.cpp.o[0m
[ 36%] [32mBuilding CXX object CMakeFiles/sim_msgs__rosidl_typesupport_introspection_cpp.dir/rosidl_typesupport_introspection_cpp/sim_msgs/msg/detail/perceived_state__type_support.cpp.o[0m
[ 38%] [32mBuilding CXX object CMakeFiles/sim_msgs__rosidl_typesupport_introspection_cpp.dir/rosidl_typesupport_introspection_cpp/sim_msgs/msg/detail/fw_control__type_support.cpp.o[0m
[ 40%] [32mBuilding CXX object CMakeFiles/sim_msgs__rosidl_typesupport_fastrtps_cpp.dir/rosidl_typesupport_fastrtps_cpp/sim_msgs/msg/detail/dds_fastrtps/death_notice__type_support.cpp.o[0m
[ 41%] [32mBuilding CXX object CMakeFiles/sim_msgs__rosidl_typesupport_fastrtps_cpp.dir/rosidl_typesupport_fastrtps_cpp/sim_msgs/msg/detail/dds_fastrtps/perceived_state__type_support.cpp.o[0m
[ 43%] [32mBuilding CXX object CMakeFiles/sim_msgs__rosidl_typesupport_fastrtps_cpp.dir/rosidl_typesupport_fastrtps_cpp/sim_msgs/msg/detail/dds_fastrtps/explosion_report__type_support.cpp.o[0m
[ 45%] [32mBuilding CXX object CMakeFiles/sim_msgs__rosidl_typesupport_fastrtps_cpp.dir/rosidl_typesupport_fastrtps_cpp/sim_msgs/msg/detail/dds_fastrtps/fw_control__type_support.cpp.o[0m
[ 47%] [32mBuilding CXX object CMakeFiles/sim_msgs__rosidl_typesupport_c.dir/rosidl_typesupport_c/sim_msgs/msg/death_notice__type_support.cpp.o[0m
[ 49%] [32mBuilding CXX object CMakeFiles/sim_msgs__rosidl_typesupport_c.dir/rosidl_typesupport_c/sim_msgs/msg/perceived_state__type_support.cpp.o[0m
[ 50%] [32mBuilding CXX object CMakeFiles/sim_msgs__rosidl_typesupport_c.dir/rosidl_typesupport_c/sim_msgs/msg/fw_control__type_support.cpp.o[0m
[ 52%] [32mBuilding CXX object CMakeFiles/sim_msgs__rosidl_typesupport_c.dir/rosidl_typesupport_c/sim_msgs/msg/explosion_report__type_support.cpp.o[0m
[ 54%] [32mBuilding C object CMakeFiles/sim_msgs__rosidl_typesupport_introspection_c.dir/rosidl_typesupport_introspection_c/sim_msgs/msg/detail/death_notice__type_support.c.o[0m
[ 56%] [32mBuilding C object CMakeFiles/sim_msgs__rosidl_typesupport_introspection_c.dir/rosidl_typesupport_introspection_c/sim_msgs/msg/detail/perceived_state__type_support.c.o[0m
[ 58%] [32mBuilding C object CMakeFiles/sim_msgs__rosidl_typesupport_introspection_c.dir/rosidl_typesupport_introspection_c/sim_msgs/msg/detail/explosion_report__type_support.c.o[0m
[ 60%] [32mBuilding C object CMakeFiles/sim_msgs__rosidl_typesupport_introspection_c.dir/rosidl_typesupport_introspection_c/sim_msgs/msg/detail/fw_control__type_support.c.o[0m
[ 61%] [32m[1mLinking CXX shared library libsim_msgs__rosidl_typesupport_c.so[0m
[ 63%] [32mBuilding CXX object CMakeFiles/sim_msgs__rosidl_typesupport_fastrtps_c.dir/rosidl_typesupport_fastrtps_c/sim_msgs/msg/detail/perceived_state__type_support_c.cpp.o[0m
[ 65%] [32mBuilding CXX object CMakeFiles/sim_msgs__rosidl_typesupport_fastrtps_c.dir/rosidl_typesupport_fastrtps_c/sim_msgs/msg/detail/death_notice__type_support_c.cpp.o[0m
[ 69%] [32mBuilding CXX object CMakeFiles/sim_msgs__rosidl_typesupport_fastrtps_c.dir/rosidl_typesupport_fastrtps_c/sim_msgs/msg/detail/explosion_report__type_support_c.cpp.o[0m
[ 67%] [32mBuilding CXX object CMakeFiles/sim_msgs__rosidl_typesupport_fastrtps_c.dir/rosidl_typesupport_fastrtps_c/sim_msgs/msg/detail/fw_control__type_support_c.cpp.o[0m
[ 70%] [32m[1mLinking C shared library libsim_msgs__rosidl_typesupport_introspection_c.so[0m
[ 72%] [32m[1mLinking CXX shared library libsim_msgs__rosidl_typesupport_cpp.so[0m
[ 72%] Built target sim_msgs__rosidl_typesupport_c
[ 72%] Built target sim_msgs__rosidl_typesupport_introspection_c
[ 72%] Built target sim_msgs__rosidl_typesupport_cpp
[ 74%] [32m[1mLinking CXX shared library libsim_msgs__rosidl_typesupport_introspection_cpp.so[0m
[ 76%] [32m[1mLinking CXX shared library libsim_msgs__rosidl_typesupport_fastrtps_cpp.so[0m
[ 76%] Built target sim_msgs__rosidl_typesupport_introspection_cpp
[ 78%] [32m[1mLinking CXX shared library libsim_msgs__rosidl_typesupport_fastrtps_c.so[0m
[ 78%] Built target sim_msgs__rosidl_typesupport_fastrtps_cpp
[ 78%] Built target sim_msgs__rosidl_typesupport_fastrtps_c
[ 78%] Built target sim_msgs
[ 80%] [34m[1mGenerating Python code for ROS interfaces[0m
[ 80%] Built target sim_msgs__py
[ 81%] [32mBuilding C object CMakeFiles/sim_msgs__rosidl_generator_py.dir/rosidl_generator_py/sim_msgs/msg/_death_notice_s.c.o[0m
[ 85%] [32mBuilding C object CMakeFiles/sim_msgs__rosidl_generator_py.dir/rosidl_generator_py/sim_msgs/msg/_perceived_state_s.c.o[0m
[ 85%] [32mBuilding C object CMakeFiles/sim_msgs__rosidl_generator_py.dir/rosidl_generator_py/sim_msgs/msg/_explosion_report_s.c.o[0m
[ 87%] [32mBuilding C object CMakeFiles/sim_msgs__rosidl_generator_py.dir/rosidl_generator_py/sim_msgs/msg/_fw_control_s.c.o[0m
[ 89%] [32m[1mLinking C shared library rosidl_generator_py/sim_msgs/libsim_msgs__rosidl_generator_py.so[0m
[ 89%] Built target sim_msgs__rosidl_generator_py
[ 90%] [32mBuilding C object CMakeFiles/sim_msgs__rosidl_typesupport_introspection_c__pyext.dir/rosidl_generator_py/sim_msgs/_sim_msgs_s.ep.rosidl_typesupport_introspection_c.c.o[0m
[ 92%] [32mBuilding C object CMakeFiles/sim_msgs__rosidl_typesupport_fastrtps_c__pyext.dir/rosidl_generator_py/sim_msgs/_sim_msgs_s.ep.rosidl_typesupport_fastrtps_c.c.o[0m
[ 94%] [32mBuilding C object CMakeFiles/sim_msgs__rosidl_typesupport_c__pyext.dir/rosidl_generator_py/sim_msgs/_sim_msgs_s.ep.rosidl_typesupport_c.c.o[0m
[100%] [32m[1mLinking C shared library rosidl_generator_py/sim_msgs/sim_msgs_s__rosidl_typesupport_fastrtps_c.cpython-310-x86_64-linux-gnu.so[0m
[100%] [32m[1mLinking C shared library rosidl_generator_py/sim_msgs/sim_msgs_s__rosidl_typesupport_introspection_c.cpython-310-x86_64-linux-gnu.so[0m
[100%] [32m[1mLinking C shared library rosidl_generator_py/sim_msgs/sim_msgs_s__rosidl_typesupport_c.cpython-310-x86_64-linux-gnu.so[0m
[100%] Built target sim_msgs__rosidl_typesupport_fastrtps_c__pyext
[100%] Built target sim_msgs__rosidl_typesupport_c__pyext
[100%] Built target sim_msgs__rosidl_typesupport_introspection_c__pyext
-- Install configuration: ""
-- Execute custom install script
-- Symlinking: /home/tong/Projects/SwarmCombat/install/sim_msgs/share/ament_index/resource_index/rosidl_interfaces/sim_msgs
-- Symlinking: /home/tong/Projects/SwarmCombat/install/sim_msgs/include/sim_msgs/sim_msgs/msg/death_notice.h
-- Symlinking: /home/tong/Projects/SwarmCombat/install/sim_msgs/include/sim_msgs/sim_msgs/msg/detail/death_notice__functions.h
-- Symlinking: /home/tong/Projects/SwarmCombat/install/sim_msgs/include/sim_msgs/sim_msgs/msg/detail/death_notice__struct.h
-- Symlinking: /home/tong/Projects/SwarmCombat/install/sim_msgs/include/sim_msgs/sim_msgs/msg/detail/death_notice__type_support.h
-- Symlinking: /home/tong/Projects/SwarmCombat/install/sim_msgs/include/sim_msgs/sim_msgs/msg/detail/explosion_report__functions.h
-- Symlinking: /home/tong/Projects/SwarmCombat/install/sim_msgs/include/sim_msgs/sim_msgs/msg/detail/explosion_report__struct.h
-- Symlinking: /home/tong/Projects/SwarmCombat/install/sim_msgs/include/sim_msgs/sim_msgs/msg/detail/explosion_report__type_support.h
-- Symlinking: /home/tong/Projects/SwarmCombat/install/sim_msgs/include/sim_msgs/sim_msgs/msg/detail/fw_control__functions.h
-- Symlinking: /home/tong/Projects/SwarmCombat/install/sim_msgs/include/sim_msgs/sim_msgs/msg/detail/fw_control__struct.h
-- Symlinking: /home/tong/Projects/SwarmCombat/install/sim_msgs/include/sim_msgs/sim_msgs/msg/detail/fw_control__type_support.h
-- Symlinking: /home/tong/Projects/SwarmCombat/install/sim_msgs/include/sim_msgs/sim_msgs/msg/detail/perceived_state__functions.h
-- Symlinking: /home/tong/Projects/SwarmCombat/install/sim_msgs/include/sim_msgs/sim_msgs/msg/detail/perceived_state__struct.h
-- Symlinking: /home/tong/Projects/SwarmCombat/install/sim_msgs/include/sim_msgs/sim_msgs/msg/detail/perceived_state__type_support.h
-- Symlinking: /home/tong/Projects/SwarmCombat/install/sim_msgs/include/sim_msgs/sim_msgs/msg/explosion_report.h
-- Symlinking: /home/tong/Projects/SwarmCombat/install/sim_msgs/include/sim_msgs/sim_msgs/msg/fw_control.h
-- Symlinking: /home/tong/Projects/SwarmCombat/install/sim_msgs/include/sim_msgs/sim_msgs/msg/perceived_state.h
-- Symlinking: /home/tong/Projects/SwarmCombat/install/sim_msgs/include/sim_msgs/sim_msgs/msg/rosidl_generator_c__visibility_control.h
-- Symlinking: /home/tong/Projects/SwarmCombat/install/sim_msgs/share/sim_msgs/environment/library_path.sh
-- Symlinking: /home/tong/Projects/SwarmCombat/install/sim_msgs/share/sim_msgs/environment/library_path.dsv
-- Symlinking: /home/tong/Projects/SwarmCombat/install/sim_msgs/include/sim_msgs/sim_msgs/msg/detail/death_notice__rosidl_typesupport_fastrtps_c.h
-- Symlinking: /home/tong/Projects/SwarmCombat/install/sim_msgs/include/sim_msgs/sim_msgs/msg/detail/explosion_report__rosidl_typesupport_fastrtps_c.h
-- Symlinking: /home/tong/Projects/SwarmCombat/install/sim_msgs/include/sim_msgs/sim_msgs/msg/detail/fw_control__rosidl_typesupport_fastrtps_c.h
-- Symlinking: /home/tong/Projects/SwarmCombat/install/sim_msgs/include/sim_msgs/sim_msgs/msg/detail/perceived_state__rosidl_typesupport_fastrtps_c.h
-- Symlinking: /home/tong/Projects/SwarmCombat/install/sim_msgs/include/sim_msgs/sim_msgs/msg/rosidl_typesupport_fastrtps_c__visibility_control.h
-- Symlinking: /home/tong/Projects/SwarmCombat/install/sim_msgs/include/sim_msgs/sim_msgs/msg/detail/death_notice__rosidl_typesupport_introspection_c.h
-- Symlinking: /home/tong/Projects/SwarmCombat/install/sim_msgs/include/sim_msgs/sim_msgs/msg/detail/explosion_report__rosidl_typesupport_introspection_c.h
-- Symlinking: /home/tong/Projects/SwarmCombat/install/sim_msgs/include/sim_msgs/sim_msgs/msg/detail/fw_control__rosidl_typesupport_introspection_c.h
-- Symlinking: /home/tong/Projects/SwarmCombat/install/sim_msgs/include/sim_msgs/sim_msgs/msg/detail/perceived_state__rosidl_typesupport_introspection_c.h
-- Symlinking: /home/tong/Projects/SwarmCombat/install/sim_msgs/include/sim_msgs/sim_msgs/msg/rosidl_typesupport_introspection_c__visibility_control.h
-- Symlinking: /home/tong/Projects/SwarmCombat/install/sim_msgs/include/sim_msgs/sim_msgs/msg/death_notice.hpp
-- Symlinking: /home/tong/Projects/SwarmCombat/install/sim_msgs/include/sim_msgs/sim_msgs/msg/detail/death_notice__builder.hpp
-- Symlinking: /home/tong/Projects/SwarmCombat/install/sim_msgs/include/sim_msgs/sim_msgs/msg/detail/death_notice__struct.hpp
-- Symlinking: /home/tong/Projects/SwarmCombat/install/sim_msgs/include/sim_msgs/sim_msgs/msg/detail/death_notice__traits.hpp
-- Symlinking: /home/tong/Projects/SwarmCombat/install/sim_msgs/include/sim_msgs/sim_msgs/msg/detail/death_notice__type_support.hpp
-- Symlinking: /home/tong/Projects/SwarmCombat/install/sim_msgs/include/sim_msgs/sim_msgs/msg/detail/explosion_report__builder.hpp
-- Symlinking: /home/tong/Projects/SwarmCombat/install/sim_msgs/include/sim_msgs/sim_msgs/msg/detail/explosion_report__struct.hpp
-- Symlinking: /home/tong/Projects/SwarmCombat/install/sim_msgs/include/sim_msgs/sim_msgs/msg/detail/explosion_report__traits.hpp
-- Symlinking: /home/tong/Projects/SwarmCombat/install/sim_msgs/include/sim_msgs/sim_msgs/msg/detail/explosion_report__type_support.hpp
-- Symlinking: /home/tong/Projects/SwarmCombat/install/sim_msgs/include/sim_msgs/sim_msgs/msg/detail/fw_control__builder.hpp
-- Symlinking: /home/tong/Projects/SwarmCombat/install/sim_msgs/include/sim_msgs/sim_msgs/msg/detail/fw_control__struct.hpp
-- Symlinking: /home/tong/Projects/SwarmCombat/install/sim_msgs/include/sim_msgs/sim_msgs/msg/detail/fw_control__traits.hpp
-- Symlinking: /home/tong/Projects/SwarmCombat/install/sim_msgs/include/sim_msgs/sim_msgs/msg/detail/fw_control__type_support.hpp
-- Symlinking: /home/tong/Projects/SwarmCombat/install/sim_msgs/include/sim_msgs/sim_msgs/msg/detail/perceived_state__builder.hpp
-- Symlinking: /home/tong/Projects/SwarmCombat/install/sim_msgs/include/sim_msgs/sim_msgs/msg/detail/perceived_state__struct.hpp
-- Symlinking: /home/tong/Projects/SwarmCombat/install/sim_msgs/include/sim_msgs/sim_msgs/msg/detail/perceived_state__traits.hpp
-- Symlinking: /home/tong/Projects/SwarmCombat/install/sim_msgs/include/sim_msgs/sim_msgs/msg/detail/perceived_state__type_support.hpp
-- Symlinking: /home/tong/Projects/SwarmCombat/install/sim_msgs/include/sim_msgs/sim_msgs/msg/explosion_report.hpp
-- Symlinking: /home/tong/Projects/SwarmCombat/install/sim_msgs/include/sim_msgs/sim_msgs/msg/fw_control.hpp
-- Symlinking: /home/tong/Projects/SwarmCombat/install/sim_msgs/include/sim_msgs/sim_msgs/msg/perceived_state.hpp
-- Symlinking: /home/tong/Projects/SwarmCombat/install/sim_msgs/include/sim_msgs/sim_msgs/msg/rosidl_generator_cpp__visibility_control.hpp
-- Symlinking: /home/tong/Projects/SwarmCombat/install/sim_msgs/include/sim_msgs/sim_msgs/msg/detail/death_notice__rosidl_typesupport_fastrtps_cpp.hpp
-- Symlinking: /home/tong/Projects/SwarmCombat/install/sim_msgs/include/sim_msgs/sim_msgs/msg/detail/explosion_report__rosidl_typesupport_fastrtps_cpp.hpp
-- Symlinking: /home/tong/Projects/SwarmCombat/install/sim_msgs/include/sim_msgs/sim_msgs/msg/detail/fw_control__rosidl_typesupport_fastrtps_cpp.hpp
-- Symlinking: /home/tong/Projects/SwarmCombat/install/sim_msgs/include/sim_msgs/sim_msgs/msg/detail/perceived_state__rosidl_typesupport_fastrtps_cpp.hpp
-- Symlinking: /home/tong/Projects/SwarmCombat/install/sim_msgs/include/sim_msgs/sim_msgs/msg/rosidl_typesupport_fastrtps_cpp__visibility_control.h
-- Symlinking: /home/tong/Projects/SwarmCombat/install/sim_msgs/include/sim_msgs/sim_msgs/msg/detail/death_notice__rosidl_typesupport_introspection_cpp.hpp
-- Symlinking: /home/tong/Projects/SwarmCombat/install/sim_msgs/include/sim_msgs/sim_msgs/msg/detail/explosion_report__rosidl_typesupport_introspection_cpp.hpp
-- Symlinking: /home/tong/Projects/SwarmCombat/install/sim_msgs/include/sim_msgs/sim_msgs/msg/detail/fw_control__rosidl_typesupport_introspection_cpp.hpp
-- Symlinking: /home/tong/Projects/SwarmCombat/install/sim_msgs/include/sim_msgs/sim_msgs/msg/detail/perceived_state__rosidl_typesupport_introspection_cpp.hpp
-- Symlinking: /home/tong/Projects/SwarmCombat/install/sim_msgs/share/sim_msgs/environment/pythonpath.sh
-- Symlinking: /home/tong/Projects/SwarmCombat/install/sim_msgs/share/sim_msgs/environment/pythonpath.dsv
-- Symlinking: /home/tong/Projects/SwarmCombat/install/sim_msgs/local/lib/python3.10/dist-packages/sim_msgs-0.1.0-py3.10.egg-info/PKG-INFO
-- Symlinking: /home/tong/Projects/SwarmCombat/install/sim_msgs/local/lib/python3.10/dist-packages/sim_msgs-0.1.0-py3.10.egg-info/SOURCES.txt
-- Symlinking: /home/tong/Projects/SwarmCombat/install/sim_msgs/local/lib/python3.10/dist-packages/sim_msgs-0.1.0-py3.10.egg-info/dependency_links.txt
-- Symlinking: /home/tong/Projects/SwarmCombat/install/sim_msgs/local/lib/python3.10/dist-packages/sim_msgs-0.1.0-py3.10.egg-info/top_level.txt
-- Symlinking: /home/tong/Projects/SwarmCombat/install/sim_msgs/local/lib/python3.10/dist-packages/sim_msgs/__init__.py
-- Symlinking: /home/tong/Projects/SwarmCombat/install/sim_msgs/local/lib/python3.10/dist-packages/sim_msgs/_sim_msgs_s.ep.rosidl_typesupport_c.c
-- Symlinking: /home/tong/Projects/SwarmCombat/install/sim_msgs/local/lib/python3.10/dist-packages/sim_msgs/_sim_msgs_s.ep.rosidl_typesupport_fastrtps_c.c
-- Symlinking: /home/tong/Projects/SwarmCombat/install/sim_msgs/local/lib/python3.10/dist-packages/sim_msgs/_sim_msgs_s.ep.rosidl_typesupport_introspection_c.c
-- Symlinking: /home/tong/Projects/SwarmCombat/install/sim_msgs/local/lib/python3.10/dist-packages/sim_msgs/libsim_msgs__rosidl_generator_py.so
-- Symlinking: /home/tong/Projects/SwarmCombat/install/sim_msgs/local/lib/python3.10/dist-packages/sim_msgs/msg/__init__.py
-- Symlinking: /home/tong/Projects/SwarmCombat/install/sim_msgs/local/lib/python3.10/dist-packages/sim_msgs/msg/_death_notice.py
-- Symlinking: /home/tong/Projects/SwarmCombat/install/sim_msgs/local/lib/python3.10/dist-packages/sim_msgs/msg/_death_notice_s.c
-- Symlinking: /home/tong/Projects/SwarmCombat/install/sim_msgs/local/lib/python3.10/dist-packages/sim_msgs/msg/_explosion_report.py
-- Symlinking: /home/tong/Projects/SwarmCombat/install/sim_msgs/local/lib/python3.10/dist-packages/sim_msgs/msg/_explosion_report_s.c
-- Symlinking: /home/tong/Projects/SwarmCombat/install/sim_msgs/local/lib/python3.10/dist-packages/sim_msgs/msg/_fw_control.py
-- Symlinking: /home/tong/Projects/SwarmCombat/install/sim_msgs/local/lib/python3.10/dist-packages/sim_msgs/msg/_fw_control_s.c
-- Symlinking: /home/tong/Projects/SwarmCombat/install/sim_msgs/local/lib/python3.10/dist-packages/sim_msgs/msg/_perceived_state.py
-- Symlinking: /home/tong/Projects/SwarmCombat/install/sim_msgs/local/lib/python3.10/dist-packages/sim_msgs/msg/_perceived_state_s.c
-- Symlinking: /home/tong/Projects/SwarmCombat/install/sim_msgs/local/lib/python3.10/dist-packages/sim_msgs/sim_msgs_s__rosidl_typesupport_c.cpython-310-x86_64-linux-gnu.so
-- Symlinking: /home/tong/Projects/SwarmCombat/install/sim_msgs/local/lib/python3.10/dist-packages/sim_msgs/sim_msgs_s__rosidl_typesupport_fastrtps_c.cpython-310-x86_64-linux-gnu.so
-- Symlinking: /home/tong/Projects/SwarmCombat/install/sim_msgs/local/lib/python3.10/dist-packages/sim_msgs/sim_msgs_s__rosidl_typesupport_introspection_c.cpython-310-x86_64-linux-gnu.so
-- Up-to-date symlink: /home/tong/Projects/SwarmCombat/install/sim_msgs/local/lib/python3.10/dist-packages/sim_msgs/sim_msgs_s__rosidl_typesupport_fastrtps_c.cpython-310-x86_64-linux-gnu.so
-- Up-to-date symlink: /home/tong/Projects/SwarmCombat/install/sim_msgs/local/lib/python3.10/dist-packages/sim_msgs/sim_msgs_s__rosidl_typesupport_introspection_c.cpython-310-x86_64-linux-gnu.so
-- Up-to-date symlink: /home/tong/Projects/SwarmCombat/install/sim_msgs/local/lib/python3.10/dist-packages/sim_msgs/sim_msgs_s__rosidl_typesupport_c.cpython-310-x86_64-linux-gnu.so
-- Symlinking: /home/tong/Projects/SwarmCombat/install/sim_msgs/share/sim_msgs/msg/DeathNotice.idl
-- Symlinking: /home/tong/Projects/SwarmCombat/install/sim_msgs/share/sim_msgs/msg/ExplosionReport.idl
-- Symlinking: /home/tong/Projects/SwarmCombat/install/sim_msgs/share/sim_msgs/msg/PerceivedState.idl
-- Symlinking: /home/tong/Projects/SwarmCombat/install/sim_msgs/share/sim_msgs/msg/FwControl.idl
-- Symlinking: /home/tong/Projects/SwarmCombat/install/sim_msgs/share/sim_msgs/msg/DeathNotice.msg
-- Symlinking: /home/tong/Projects/SwarmCombat/install/sim_msgs/share/sim_msgs/msg/ExplosionReport.msg
-- Symlinking: /home/tong/Projects/SwarmCombat/install/sim_msgs/share/sim_msgs/msg/PerceivedState.msg
-- Symlinking: /home/tong/Projects/SwarmCombat/install/sim_msgs/share/sim_msgs/msg/FwControl.msg
-- Symlinking: /home/tong/Projects/SwarmCombat/install/sim_msgs/share/ament_index/resource_index/package_run_dependencies/sim_msgs
-- Symlinking: /home/tong/Projects/SwarmCombat/install/sim_msgs/share/ament_index/resource_index/parent_prefix_path/sim_msgs
-- Symlinking: /home/tong/Projects/SwarmCombat/install/sim_msgs/share/sim_msgs/environment/ament_prefix_path.sh
-- Symlinking: /home/tong/Projects/SwarmCombat/install/sim_msgs/share/sim_msgs/environment/ament_prefix_path.dsv
-- Symlinking: /home/tong/Projects/SwarmCombat/install/sim_msgs/share/sim_msgs/environment/path.sh
-- Symlinking: /home/tong/Projects/SwarmCombat/install/sim_msgs/share/sim_msgs/environment/path.dsv
-- Symlinking: /home/tong/Projects/SwarmCombat/install/sim_msgs/share/sim_msgs/local_setup.bash
-- Symlinking: /home/tong/Projects/SwarmCombat/install/sim_msgs/share/sim_msgs/local_setup.sh
-- Symlinking: /home/tong/Projects/SwarmCombat/install/sim_msgs/share/sim_msgs/local_setup.zsh
-- Symlinking: /home/tong/Projects/SwarmCombat/install/sim_msgs/share/sim_msgs/local_setup.dsv
-- Symlinking: /home/tong/Projects/SwarmCombat/install/sim_msgs/share/sim_msgs/package.dsv
-- Symlinking: /home/tong/Projects/SwarmCombat/install/sim_msgs/share/ament_index/resource_index/packages/sim_msgs
-- Symlinking: /home/tong/Projects/SwarmCombat/install/sim_msgs/share/sim_msgs/cmake/rosidl_cmake-extras.cmake
-- Symlinking: /home/tong/Projects/SwarmCombat/install/sim_msgs/share/sim_msgs/cmake/ament_cmake_export_dependencies-extras.cmake
-- Symlinking: /home/tong/Projects/SwarmCombat/install/sim_msgs/share/sim_msgs/cmake/ament_cmake_export_include_directories-extras.cmake
-- Symlinking: /home/tong/Projects/SwarmCombat/install/sim_msgs/share/sim_msgs/cmake/ament_cmake_export_libraries-extras.cmake
-- Symlinking: /home/tong/Projects/SwarmCombat/install/sim_msgs/share/sim_msgs/cmake/ament_cmake_export_targets-extras.cmake
-- Symlinking: /home/tong/Projects/SwarmCombat/install/sim_msgs/share/sim_msgs/cmake/rosidl_cmake_export_typesupport_targets-extras.cmake
-- Symlinking: /home/tong/Projects/SwarmCombat/install/sim_msgs/share/sim_msgs/cmake/rosidl_cmake_export_typesupport_libraries-extras.cmake
-- Symlinking: /home/tong/Projects/SwarmCombat/install/sim_msgs/share/sim_msgs/cmake/sim_msgsConfig.cmake
-- Symlinking: /home/tong/Projects/SwarmCombat/install/sim_msgs/share/sim_msgs/cmake/sim_msgsConfig-version.cmake
-- Symlinking: /home/tong/Projects/SwarmCombat/install/sim_msgs/share/sim_msgs/package.xml
-- Installing: /home/tong/Projects/SwarmCombat/install/sim_msgs/lib/libsim_msgs__rosidl_generator_c.so
-- Set runtime path of "/home/tong/Projects/SwarmCombat/install/sim_msgs/lib/libsim_msgs__rosidl_generator_c.so" to ""
-- Installing: /home/tong/Projects/SwarmCombat/install/sim_msgs/lib/libsim_msgs__rosidl_typesupport_fastrtps_c.so
-- Set runtime path of "/home/tong/Projects/SwarmCombat/install/sim_msgs/lib/libsim_msgs__rosidl_typesupport_fastrtps_c.so" to ""
-- Installing: /home/tong/Projects/SwarmCombat/install/sim_msgs/lib/libsim_msgs__rosidl_typesupport_introspection_c.so
-- Set runtime path of "/home/tong/Projects/SwarmCombat/install/sim_msgs/lib/libsim_msgs__rosidl_typesupport_introspection_c.so" to ""
-- Installing: /home/tong/Projects/SwarmCombat/install/sim_msgs/lib/libsim_msgs__rosidl_typesupport_c.so
-- Set runtime path of "/home/tong/Projects/SwarmCombat/install/sim_msgs/lib/libsim_msgs__rosidl_typesupport_c.so" to ""
-- Installing: /home/tong/Projects/SwarmCombat/install/sim_msgs/lib/libsim_msgs__rosidl_typesupport_fastrtps_cpp.so
-- Set runtime path of "/home/tong/Projects/SwarmCombat/install/sim_msgs/lib/libsim_msgs__rosidl_typesupport_fastrtps_cpp.so" to ""
-- Installing: /home/tong/Projects/SwarmCombat/install/sim_msgs/lib/libsim_msgs__rosidl_typesupport_introspection_cpp.so
-- Set runtime path of "/home/tong/Projects/SwarmCombat/install/sim_msgs/lib/libsim_msgs__rosidl_typesupport_introspection_cpp.so" to ""
-- Installing: /home/tong/Projects/SwarmCombat/install/sim_msgs/lib/libsim_msgs__rosidl_typesupport_cpp.so
-- Set runtime path of "/home/tong/Projects/SwarmCombat/install/sim_msgs/lib/libsim_msgs__rosidl_typesupport_cpp.so" to ""
Listing '/home/tong/Projects/SwarmCombat/install/sim_msgs/local/lib/python3.10/dist-packages/sim_msgs'...
Compiling '/home/tong/Projects/SwarmCombat/install/sim_msgs/local/lib/python3.10/dist-packages/sim_msgs/__init__.py'...
Listing '/home/tong/Projects/SwarmCombat/install/sim_msgs/local/lib/python3.10/dist-packages/sim_msgs/msg'...
Compiling '/home/tong/Projects/SwarmCombat/install/sim_msgs/local/lib/python3.10/dist-packages/sim_msgs/msg/__init__.py'...
Compiling '/home/tong/Projects/SwarmCombat/install/sim_msgs/local/lib/python3.10/dist-packages/sim_msgs/msg/_death_notice.py'...
Compiling '/home/tong/Projects/SwarmCombat/install/sim_msgs/local/lib/python3.10/dist-packages/sim_msgs/msg/_explosion_report.py'...
Compiling '/home/tong/Projects/SwarmCombat/install/sim_msgs/local/lib/python3.10/dist-packages/sim_msgs/msg/_fw_control.py'...
Compiling '/home/tong/Projects/SwarmCombat/install/sim_msgs/local/lib/python3.10/dist-packages/sim_msgs/msg/_perceived_state.py'...
-- Installing: /home/tong/Projects/SwarmCombat/install/sim_msgs/lib/libsim_msgs__rosidl_generator_py.so
-- Set runtime path of "/home/tong/Projects/SwarmCombat/install/sim_msgs/lib/libsim_msgs__rosidl_generator_py.so" to ""
-- Installing: /home/tong/Projects/SwarmCombat/install/sim_msgs/share/sim_msgs/cmake/export_sim_msgs__rosidl_generator_cExport.cmake
-- Installing: /home/tong/Projects/SwarmCombat/install/sim_msgs/share/sim_msgs/cmake/export_sim_msgs__rosidl_generator_cExport-noconfig.cmake
-- Installing: /home/tong/Projects/SwarmCombat/install/sim_msgs/share/sim_msgs/cmake/export_sim_msgs__rosidl_typesupport_fastrtps_cExport.cmake
-- Installing: /home/tong/Projects/SwarmCombat/install/sim_msgs/share/sim_msgs/cmake/export_sim_msgs__rosidl_typesupport_fastrtps_cExport-noconfig.cmake
-- Installing: /home/tong/Projects/SwarmCombat/install/sim_msgs/share/sim_msgs/cmake/sim_msgs__rosidl_typesupport_introspection_cExport.cmake
-- Installing: /home/tong/Projects/SwarmCombat/install/sim_msgs/share/sim_msgs/cmake/sim_msgs__rosidl_typesupport_introspection_cExport-noconfig.cmake
-- Installing: /home/tong/Projects/SwarmCombat/install/sim_msgs/share/sim_msgs/cmake/sim_msgs__rosidl_typesupport_cExport.cmake
-- Installing: /home/tong/Projects/SwarmCombat/install/sim_msgs/share/sim_msgs/cmake/sim_msgs__rosidl_typesupport_cExport-noconfig.cmake
-- Installing: /home/tong/Projects/SwarmCombat/install/sim_msgs/share/sim_msgs/cmake/export_sim_msgs__rosidl_generator_cppExport.cmake
-- Installing: /home/tong/Projects/SwarmCombat/install/sim_msgs/share/sim_msgs/cmake/export_sim_msgs__rosidl_typesupport_fastrtps_cppExport.cmake
-- Installing: /home/tong/Projects/SwarmCombat/install/sim_msgs/share/sim_msgs/cmake/export_sim_msgs__rosidl_typesupport_fastrtps_cppExport-noconfig.cmake
-- Installing: /home/tong/Projects/SwarmCombat/install/sim_msgs/share/sim_msgs/cmake/sim_msgs__rosidl_typesupport_introspection_cppExport.cmake
-- Installing: /home/tong/Projects/SwarmCombat/install/sim_msgs/share/sim_msgs/cmake/sim_msgs__rosidl_typesupport_introspection_cppExport-noconfig.cmake
-- Installing: /home/tong/Projects/SwarmCombat/install/sim_msgs/share/sim_msgs/cmake/sim_msgs__rosidl_typesupport_cppExport.cmake
-- Installing: /home/tong/Projects/SwarmCombat/install/sim_msgs/share/sim_msgs/cmake/sim_msgs__rosidl_typesupport_cppExport-noconfig.cmake
-- Installing: /home/tong/Projects/SwarmCombat/install/sim_msgs/share/sim_msgs/cmake/export_sim_msgs__rosidl_generator_pyExport.cmake
-- Installing: /home/tong/Projects/SwarmCombat/install/sim_msgs/share/sim_msgs/cmake/export_sim_msgs__rosidl_generator_pyExport-noconfig.cmake
