[0.035s] Invoking command in '/home/tong/Projects/SwarmCombat/build/sim_msgs': CMAKE_PREFIX_PATH=${CMAKE_PREFIX_PATH}:/home/tong/Projects/SwarmCombat/install/scripts:/opt/ros/humble /usr/bin/cmake /home/tong/Projects/SwarmCombat/src/simulator/sim_msgs -DAMENT_CMAKE_SYMLINK_INSTALL=1 -DCMAKE_INSTALL_PREFIX=/home/tong/Projects/SwarmCombat/install/sim_msgs
[0.247s] -- The C compiler identification is GNU 11.4.0
[0.456s] -- The CXX compiler identification is GNU 11.4.0
[0.580s] -- Detecting C compiler ABI info
[0.662s] -- Detecting C compiler ABI info - done
[0.668s] -- Check for working C compiler: /usr/bin/cc - skipped
[0.668s] -- Detecting C compile features
[0.669s] -- Detecting C compile features - done
[0.674s] -- Detecting CXX compiler ABI info
[0.764s] -- Detecting CXX compiler ABI info - done
[0.770s] -- Check for working CXX compiler: /usr/bin/c++ - skipped
[0.770s] -- Detecting CXX compile features
[0.771s] -- Detecting CXX compile features - done
[0.782s] -- Found ament_cmake: 1.3.12 (/opt/ros/humble/share/ament_cmake/cmake)
[0.917s] -- Found Python3: /usr/bin/python3 (found version "3.10.12") found components: Interpreter 
[0.987s] -- Override CMake install command with custom implementation using symlinks instead of copying resources
[1.031s] -- Found rosidl_default_generators: 1.2.0 (/opt/ros/humble/share/rosidl_default_generators/cmake)
[1.037s] -- Using all available rosidl_typesupport_c: rosidl_typesupport_fastrtps_c;rosidl_typesupport_introspection_c
[1.047s] -- Found rosidl_adapter: 3.1.7 (/opt/ros/humble/share/rosidl_adapter/cmake)
[1.236s] -- Using all available rosidl_typesupport_cpp: rosidl_typesupport_fastrtps_cpp;rosidl_typesupport_introspection_cpp
[1.282s] -- Found std_msgs: 4.9.0 (/opt/ros/humble/share/std_msgs/cmake)
[1.314s] -- Found geometry_msgs: 4.9.0 (/opt/ros/humble/share/geometry_msgs/cmake)
[1.599s] -- Found ament_cmake_ros: 0.10.0 (/opt/ros/humble/share/ament_cmake_ros/cmake)
[1.822s] -- Using all available rosidl_typesupport_c: rosidl_typesupport_fastrtps_c;rosidl_typesupport_introspection_c
[2.108s] -- Using all available rosidl_typesupport_cpp: rosidl_typesupport_fastrtps_cpp;rosidl_typesupport_introspection_cpp
[2.159s] -- Found PythonInterp: /usr/bin/python3 (found suitable version "3.10.12", minimum required is "3.6") 
[2.161s] -- Found python_cmake_module: 0.10.0 (/opt/ros/humble/share/python_cmake_module/cmake)
[2.359s] -- Found PythonLibs: /usr/lib/x86_64-linux-gnu/libpython3.10.so (found suitable version "3.10.12", minimum required is "3.5") 
[2.359s] -- Using PYTHON_EXECUTABLE: /usr/bin/python3
[2.359s] -- Using PYTHON_INCLUDE_DIRS: /usr/include/python3.10
[2.359s] -- Using PYTHON_LIBRARIES: /usr/lib/x86_64-linux-gnu/libpython3.10.so
[2.377s] -- Found PythonExtra: .so  
[2.463s] -- Configuring done
[2.508s] -- Generating done
[2.519s] -- Build files have been written to: /home/tong/Projects/SwarmCombat/build/sim_msgs
[2.526s] Invoked command in '/home/tong/Projects/SwarmCombat/build/sim_msgs' returned '0': CMAKE_PREFIX_PATH=${CMAKE_PREFIX_PATH}:/home/tong/Projects/SwarmCombat/install/scripts:/opt/ros/humble /usr/bin/cmake /home/tong/Projects/SwarmCombat/src/simulator/sim_msgs -DAMENT_CMAKE_SYMLINK_INSTALL=1 -DCMAKE_INSTALL_PREFIX=/home/tong/Projects/SwarmCombat/install/sim_msgs
[2.527s] Invoking command in '/home/tong/Projects/SwarmCombat/build/sim_msgs': CMAKE_PREFIX_PATH=${CMAKE_PREFIX_PATH}:/home/tong/Projects/SwarmCombat/install/scripts:/opt/ros/humble /usr/bin/cmake --build /home/tong/Projects/SwarmCombat/build/sim_msgs -- -j32 -l32
[2.559s] [  1%] [34m[1mGenerating C code for ROS interfaces[0m
[2.569s] [  3%] [34m[1mGenerating C++ code for ROS interfaces[0m
[2.575s] [  3%] Built target ament_cmake_python_symlink_sim_msgs
[2.761s] running egg_info
[2.762s] creating sim_msgs.egg-info
[2.762s] writing sim_msgs.egg-info/PKG-INFO
[2.763s] writing dependency_links to sim_msgs.egg-info/dependency_links.txt
[2.763s] writing top-level names to sim_msgs.egg-info/top_level.txt
[2.763s] writing manifest file 'sim_msgs.egg-info/SOURCES.txt'
[2.765s] reading manifest file 'sim_msgs.egg-info/SOURCES.txt'
[2.765s] writing manifest file 'sim_msgs.egg-info/SOURCES.txt'
[2.786s] [  3%] Built target ament_cmake_python_build_sim_msgs_egg
[2.974s] [  3%] Built target sim_msgs__cpp
[2.982s] [  5%] [34m[1mGenerating C++ type support dispatch for ROS interfaces[0m
[2.982s] [  7%] [34m[1mGenerating C++ type support for eProsima Fast-RTPS[0m
[2.983s] [  9%] [34m[1mGenerating C++ introspection for ROS interfaces[0m
[2.989s] [ 10%] [32mBuilding C object CMakeFiles/sim_msgs__rosidl_generator_c.dir/rosidl_generator_c/sim_msgs/msg/detail/death_notice__functions.c.o[0m
[2.989s] [ 12%] [32mBuilding C object CMakeFiles/sim_msgs__rosidl_generator_c.dir/rosidl_generator_c/sim_msgs/msg/detail/perceived_state__functions.c.o[0m
[2.990s] [ 14%] [32mBuilding C object CMakeFiles/sim_msgs__rosidl_generator_c.dir/rosidl_generator_c/sim_msgs/msg/detail/fw_control__functions.c.o[0m
[2.992s] [ 16%] [32mBuilding C object CMakeFiles/sim_msgs__rosidl_generator_c.dir/rosidl_generator_c/sim_msgs/msg/detail/explosion_report__functions.c.o[0m
[3.059s] [ 18%] [32m[1mLinking C shared library libsim_msgs__rosidl_generator_c.so[0m
[3.146s] [ 18%] Built target sim_msgs__rosidl_generator_c
[3.154s] [ 21%] [34m[1mGenerating C introspection for ROS interfaces[0m
[3.154s] [ 21%] [34m[1mGenerating C type support for eProsima Fast-RTPS[0m
[3.155s] [ 23%] [34m[1mGenerating C type support dispatch for ROS interfaces[0m
[3.315s] [ 25%] [32mBuilding CXX object CMakeFiles/sim_msgs__rosidl_typesupport_cpp.dir/rosidl_typesupport_cpp/sim_msgs/msg/explosion_report__type_support.cpp.o[0m
[3.316s] [ 27%] [32mBuilding CXX object CMakeFiles/sim_msgs__rosidl_typesupport_cpp.dir/rosidl_typesupport_cpp/sim_msgs/msg/perceived_state__type_support.cpp.o[0m
[3.318s] [ 29%] [32mBuilding CXX object CMakeFiles/sim_msgs__rosidl_typesupport_cpp.dir/rosidl_typesupport_cpp/sim_msgs/msg/death_notice__type_support.cpp.o[0m
[3.318s] [ 30%] [32mBuilding CXX object CMakeFiles/sim_msgs__rosidl_typesupport_cpp.dir/rosidl_typesupport_cpp/sim_msgs/msg/fw_control__type_support.cpp.o[0m
[3.332s] [ 32%] [32mBuilding CXX object CMakeFiles/sim_msgs__rosidl_typesupport_introspection_cpp.dir/rosidl_typesupport_introspection_cpp/sim_msgs/msg/detail/death_notice__type_support.cpp.o[0m
[3.332s] [ 36%] [32mBuilding CXX object CMakeFiles/sim_msgs__rosidl_typesupport_introspection_cpp.dir/rosidl_typesupport_introspection_cpp/sim_msgs/msg/detail/explosion_report__type_support.cpp.o[0m
[3.332s] [ 36%] [32mBuilding CXX object CMakeFiles/sim_msgs__rosidl_typesupport_introspection_cpp.dir/rosidl_typesupport_introspection_cpp/sim_msgs/msg/detail/perceived_state__type_support.cpp.o[0m
[3.332s] [ 38%] [32mBuilding CXX object CMakeFiles/sim_msgs__rosidl_typesupport_introspection_cpp.dir/rosidl_typesupport_introspection_cpp/sim_msgs/msg/detail/fw_control__type_support.cpp.o[0m
[3.384s] [ 40%] [32mBuilding CXX object CMakeFiles/sim_msgs__rosidl_typesupport_fastrtps_cpp.dir/rosidl_typesupport_fastrtps_cpp/sim_msgs/msg/detail/dds_fastrtps/death_notice__type_support.cpp.o[0m
[3.385s] [ 41%] [32mBuilding CXX object CMakeFiles/sim_msgs__rosidl_typesupport_fastrtps_cpp.dir/rosidl_typesupport_fastrtps_cpp/sim_msgs/msg/detail/dds_fastrtps/perceived_state__type_support.cpp.o[0m
[3.388s] [ 43%] [32mBuilding CXX object CMakeFiles/sim_msgs__rosidl_typesupport_fastrtps_cpp.dir/rosidl_typesupport_fastrtps_cpp/sim_msgs/msg/detail/dds_fastrtps/explosion_report__type_support.cpp.o[0m
[3.389s] [ 45%] [32mBuilding CXX object CMakeFiles/sim_msgs__rosidl_typesupport_fastrtps_cpp.dir/rosidl_typesupport_fastrtps_cpp/sim_msgs/msg/detail/dds_fastrtps/fw_control__type_support.cpp.o[0m
[3.596s] [ 47%] [32mBuilding CXX object CMakeFiles/sim_msgs__rosidl_typesupport_c.dir/rosidl_typesupport_c/sim_msgs/msg/death_notice__type_support.cpp.o[0m
[3.596s] [ 49%] [32mBuilding CXX object CMakeFiles/sim_msgs__rosidl_typesupport_c.dir/rosidl_typesupport_c/sim_msgs/msg/perceived_state__type_support.cpp.o[0m
[3.597s] [ 50%] [32mBuilding CXX object CMakeFiles/sim_msgs__rosidl_typesupport_c.dir/rosidl_typesupport_c/sim_msgs/msg/fw_control__type_support.cpp.o[0m
[3.598s] [ 52%] [32mBuilding CXX object CMakeFiles/sim_msgs__rosidl_typesupport_c.dir/rosidl_typesupport_c/sim_msgs/msg/explosion_report__type_support.cpp.o[0m
[3.606s] [ 54%] [32mBuilding C object CMakeFiles/sim_msgs__rosidl_typesupport_introspection_c.dir/rosidl_typesupport_introspection_c/sim_msgs/msg/detail/death_notice__type_support.c.o[0m
[3.609s] [ 56%] [32mBuilding C object CMakeFiles/sim_msgs__rosidl_typesupport_introspection_c.dir/rosidl_typesupport_introspection_c/sim_msgs/msg/detail/perceived_state__type_support.c.o[0m
[3.610s] [ 58%] [32mBuilding C object CMakeFiles/sim_msgs__rosidl_typesupport_introspection_c.dir/rosidl_typesupport_introspection_c/sim_msgs/msg/detail/explosion_report__type_support.c.o[0m
[3.611s] [ 60%] [32mBuilding C object CMakeFiles/sim_msgs__rosidl_typesupport_introspection_c.dir/rosidl_typesupport_introspection_c/sim_msgs/msg/detail/fw_control__type_support.c.o[0m
[3.648s] [ 61%] [32m[1mLinking CXX shared library libsim_msgs__rosidl_typesupport_c.so[0m
[3.659s] [ 63%] [32mBuilding CXX object CMakeFiles/sim_msgs__rosidl_typesupport_fastrtps_c.dir/rosidl_typesupport_fastrtps_c/sim_msgs/msg/detail/perceived_state__type_support_c.cpp.o[0m
[3.659s] [ 65%] [32mBuilding CXX object CMakeFiles/sim_msgs__rosidl_typesupport_fastrtps_c.dir/rosidl_typesupport_fastrtps_c/sim_msgs/msg/detail/death_notice__type_support_c.cpp.o[0m
[3.663s] [ 69%] [32mBuilding CXX object CMakeFiles/sim_msgs__rosidl_typesupport_fastrtps_c.dir/rosidl_typesupport_fastrtps_c/sim_msgs/msg/detail/explosion_report__type_support_c.cpp.o[0m
[3.663s] [ 67%] [32mBuilding CXX object CMakeFiles/sim_msgs__rosidl_typesupport_fastrtps_c.dir/rosidl_typesupport_fastrtps_c/sim_msgs/msg/detail/fw_control__type_support_c.cpp.o[0m
[3.667s] [ 70%] [32m[1mLinking C shared library libsim_msgs__rosidl_typesupport_introspection_c.so[0m
[3.711s] [ 72%] [32m[1mLinking CXX shared library libsim_msgs__rosidl_typesupport_cpp.so[0m
[3.745s] [ 72%] Built target sim_msgs__rosidl_typesupport_c
[3.748s] [ 72%] Built target sim_msgs__rosidl_typesupport_introspection_c
[3.813s] [ 72%] Built target sim_msgs__rosidl_typesupport_cpp
[3.844s] [ 74%] [32m[1mLinking CXX shared library libsim_msgs__rosidl_typesupport_introspection_cpp.so[0m
[3.909s] [ 76%] [32m[1mLinking CXX shared library libsim_msgs__rosidl_typesupport_fastrtps_cpp.so[0m
[3.959s] [ 76%] Built target sim_msgs__rosidl_typesupport_introspection_cpp
[4.005s] [ 78%] [32m[1mLinking CXX shared library libsim_msgs__rosidl_typesupport_fastrtps_c.so[0m
[4.034s] [ 78%] Built target sim_msgs__rosidl_typesupport_fastrtps_cpp
[4.117s] [ 78%] Built target sim_msgs__rosidl_typesupport_fastrtps_c
[4.134s] [ 78%] Built target sim_msgs
[4.150s] [ 80%] [34m[1mGenerating Python code for ROS interfaces[0m
[4.818s] [ 80%] Built target sim_msgs__py
[4.835s] [ 81%] [32mBuilding C object CMakeFiles/sim_msgs__rosidl_generator_py.dir/rosidl_generator_py/sim_msgs/msg/_death_notice_s.c.o[0m
[4.835s] [ 85%] [32mBuilding C object CMakeFiles/sim_msgs__rosidl_generator_py.dir/rosidl_generator_py/sim_msgs/msg/_perceived_state_s.c.o[0m
[4.835s] [ 85%] [32mBuilding C object CMakeFiles/sim_msgs__rosidl_generator_py.dir/rosidl_generator_py/sim_msgs/msg/_explosion_report_s.c.o[0m
[4.835s] [ 87%] [32mBuilding C object CMakeFiles/sim_msgs__rosidl_generator_py.dir/rosidl_generator_py/sim_msgs/msg/_fw_control_s.c.o[0m
[4.968s] [ 89%] [32m[1mLinking C shared library rosidl_generator_py/sim_msgs/libsim_msgs__rosidl_generator_py.so[0m
[5.037s] [ 89%] Built target sim_msgs__rosidl_generator_py
[5.054s] [ 90%] [32mBuilding C object CMakeFiles/sim_msgs__rosidl_typesupport_introspection_c__pyext.dir/rosidl_generator_py/sim_msgs/_sim_msgs_s.ep.rosidl_typesupport_introspection_c.c.o[0m
[5.054s] [ 92%] [32mBuilding C object CMakeFiles/sim_msgs__rosidl_typesupport_fastrtps_c__pyext.dir/rosidl_generator_py/sim_msgs/_sim_msgs_s.ep.rosidl_typesupport_fastrtps_c.c.o[0m
[5.054s] [ 94%] [32mBuilding C object CMakeFiles/sim_msgs__rosidl_typesupport_c__pyext.dir/rosidl_generator_py/sim_msgs/_sim_msgs_s.ep.rosidl_typesupport_c.c.o[0m
[5.137s] [100%] [32m[1mLinking C shared library rosidl_generator_py/sim_msgs/sim_msgs_s__rosidl_typesupport_fastrtps_c.cpython-310-x86_64-linux-gnu.so[0m
[5.137s] [100%] [32m[1mLinking C shared library rosidl_generator_py/sim_msgs/sim_msgs_s__rosidl_typesupport_introspection_c.cpython-310-x86_64-linux-gnu.so[0m
[5.137s] [100%] [32m[1mLinking C shared library rosidl_generator_py/sim_msgs/sim_msgs_s__rosidl_typesupport_c.cpython-310-x86_64-linux-gnu.so[0m
[5.189s] [100%] Built target sim_msgs__rosidl_typesupport_fastrtps_c__pyext
[5.189s] [100%] Built target sim_msgs__rosidl_typesupport_c__pyext
[5.189s] [100%] Built target sim_msgs__rosidl_typesupport_introspection_c__pyext
[5.199s] Invoked command in '/home/tong/Projects/SwarmCombat/build/sim_msgs' returned '0': CMAKE_PREFIX_PATH=${CMAKE_PREFIX_PATH}:/home/tong/Projects/SwarmCombat/install/scripts:/opt/ros/humble /usr/bin/cmake --build /home/tong/Projects/SwarmCombat/build/sim_msgs -- -j32 -l32
[5.206s] Invoking command in '/home/tong/Projects/SwarmCombat/build/sim_msgs': CMAKE_PREFIX_PATH=${CMAKE_PREFIX_PATH}:/home/tong/Projects/SwarmCombat/install/scripts:/opt/ros/humble /usr/bin/cmake --install /home/tong/Projects/SwarmCombat/build/sim_msgs
[5.213s] -- Install configuration: ""
[5.214s] -- Execute custom install script
[5.215s] -- Symlinking: /home/tong/Projects/SwarmCombat/install/sim_msgs/share/ament_index/resource_index/rosidl_interfaces/sim_msgs
[5.223s] -- Symlinking: /home/tong/Projects/SwarmCombat/install/sim_msgs/include/sim_msgs/sim_msgs/msg/death_notice.h
[5.230s] -- Symlinking: /home/tong/Projects/SwarmCombat/install/sim_msgs/include/sim_msgs/sim_msgs/msg/detail/death_notice__functions.h
[5.237s] -- Symlinking: /home/tong/Projects/SwarmCombat/install/sim_msgs/include/sim_msgs/sim_msgs/msg/detail/death_notice__struct.h
[5.244s] -- Symlinking: /home/tong/Projects/SwarmCombat/install/sim_msgs/include/sim_msgs/sim_msgs/msg/detail/death_notice__type_support.h
[5.251s] -- Symlinking: /home/tong/Projects/SwarmCombat/install/sim_msgs/include/sim_msgs/sim_msgs/msg/detail/explosion_report__functions.h
[5.258s] -- Symlinking: /home/tong/Projects/SwarmCombat/install/sim_msgs/include/sim_msgs/sim_msgs/msg/detail/explosion_report__struct.h
[5.265s] -- Symlinking: /home/tong/Projects/SwarmCombat/install/sim_msgs/include/sim_msgs/sim_msgs/msg/detail/explosion_report__type_support.h
[5.272s] -- Symlinking: /home/tong/Projects/SwarmCombat/install/sim_msgs/include/sim_msgs/sim_msgs/msg/detail/fw_control__functions.h
[5.278s] -- Symlinking: /home/tong/Projects/SwarmCombat/install/sim_msgs/include/sim_msgs/sim_msgs/msg/detail/fw_control__struct.h
[5.285s] -- Symlinking: /home/tong/Projects/SwarmCombat/install/sim_msgs/include/sim_msgs/sim_msgs/msg/detail/fw_control__type_support.h
[5.292s] -- Symlinking: /home/tong/Projects/SwarmCombat/install/sim_msgs/include/sim_msgs/sim_msgs/msg/detail/perceived_state__functions.h
[5.299s] -- Symlinking: /home/tong/Projects/SwarmCombat/install/sim_msgs/include/sim_msgs/sim_msgs/msg/detail/perceived_state__struct.h
[5.306s] -- Symlinking: /home/tong/Projects/SwarmCombat/install/sim_msgs/include/sim_msgs/sim_msgs/msg/detail/perceived_state__type_support.h
[5.312s] -- Symlinking: /home/tong/Projects/SwarmCombat/install/sim_msgs/include/sim_msgs/sim_msgs/msg/explosion_report.h
[5.319s] -- Symlinking: /home/tong/Projects/SwarmCombat/install/sim_msgs/include/sim_msgs/sim_msgs/msg/fw_control.h
[5.325s] -- Symlinking: /home/tong/Projects/SwarmCombat/install/sim_msgs/include/sim_msgs/sim_msgs/msg/perceived_state.h
[5.333s] -- Symlinking: /home/tong/Projects/SwarmCombat/install/sim_msgs/include/sim_msgs/sim_msgs/msg/rosidl_generator_c__visibility_control.h
[5.341s] -- Symlinking: /home/tong/Projects/SwarmCombat/install/sim_msgs/share/sim_msgs/environment/library_path.sh
[5.348s] -- Symlinking: /home/tong/Projects/SwarmCombat/install/sim_msgs/share/sim_msgs/environment/library_path.dsv
[5.356s] -- Symlinking: /home/tong/Projects/SwarmCombat/install/sim_msgs/include/sim_msgs/sim_msgs/msg/detail/death_notice__rosidl_typesupport_fastrtps_c.h
[5.364s] -- Symlinking: /home/tong/Projects/SwarmCombat/install/sim_msgs/include/sim_msgs/sim_msgs/msg/detail/explosion_report__rosidl_typesupport_fastrtps_c.h
[5.370s] -- Symlinking: /home/tong/Projects/SwarmCombat/install/sim_msgs/include/sim_msgs/sim_msgs/msg/detail/fw_control__rosidl_typesupport_fastrtps_c.h
[5.378s] -- Symlinking: /home/tong/Projects/SwarmCombat/install/sim_msgs/include/sim_msgs/sim_msgs/msg/detail/perceived_state__rosidl_typesupport_fastrtps_c.h
[5.385s] -- Symlinking: /home/tong/Projects/SwarmCombat/install/sim_msgs/include/sim_msgs/sim_msgs/msg/rosidl_typesupport_fastrtps_c__visibility_control.h
[5.392s] -- Symlinking: /home/tong/Projects/SwarmCombat/install/sim_msgs/include/sim_msgs/sim_msgs/msg/detail/death_notice__rosidl_typesupport_introspection_c.h
[5.400s] -- Symlinking: /home/tong/Projects/SwarmCombat/install/sim_msgs/include/sim_msgs/sim_msgs/msg/detail/explosion_report__rosidl_typesupport_introspection_c.h
[5.407s] -- Symlinking: /home/tong/Projects/SwarmCombat/install/sim_msgs/include/sim_msgs/sim_msgs/msg/detail/fw_control__rosidl_typesupport_introspection_c.h
[5.414s] -- Symlinking: /home/tong/Projects/SwarmCombat/install/sim_msgs/include/sim_msgs/sim_msgs/msg/detail/perceived_state__rosidl_typesupport_introspection_c.h
[5.422s] -- Symlinking: /home/tong/Projects/SwarmCombat/install/sim_msgs/include/sim_msgs/sim_msgs/msg/rosidl_typesupport_introspection_c__visibility_control.h
[5.430s] -- Symlinking: /home/tong/Projects/SwarmCombat/install/sim_msgs/include/sim_msgs/sim_msgs/msg/death_notice.hpp
[5.436s] -- Symlinking: /home/tong/Projects/SwarmCombat/install/sim_msgs/include/sim_msgs/sim_msgs/msg/detail/death_notice__builder.hpp
[5.444s] -- Symlinking: /home/tong/Projects/SwarmCombat/install/sim_msgs/include/sim_msgs/sim_msgs/msg/detail/death_notice__struct.hpp
[5.452s] -- Symlinking: /home/tong/Projects/SwarmCombat/install/sim_msgs/include/sim_msgs/sim_msgs/msg/detail/death_notice__traits.hpp
[5.459s] -- Symlinking: /home/tong/Projects/SwarmCombat/install/sim_msgs/include/sim_msgs/sim_msgs/msg/detail/death_notice__type_support.hpp
[5.466s] -- Symlinking: /home/tong/Projects/SwarmCombat/install/sim_msgs/include/sim_msgs/sim_msgs/msg/detail/explosion_report__builder.hpp
[5.474s] -- Symlinking: /home/tong/Projects/SwarmCombat/install/sim_msgs/include/sim_msgs/sim_msgs/msg/detail/explosion_report__struct.hpp
[5.481s] -- Symlinking: /home/tong/Projects/SwarmCombat/install/sim_msgs/include/sim_msgs/sim_msgs/msg/detail/explosion_report__traits.hpp
[5.488s] -- Symlinking: /home/tong/Projects/SwarmCombat/install/sim_msgs/include/sim_msgs/sim_msgs/msg/detail/explosion_report__type_support.hpp
[5.496s] -- Symlinking: /home/tong/Projects/SwarmCombat/install/sim_msgs/include/sim_msgs/sim_msgs/msg/detail/fw_control__builder.hpp
[5.504s] -- Symlinking: /home/tong/Projects/SwarmCombat/install/sim_msgs/include/sim_msgs/sim_msgs/msg/detail/fw_control__struct.hpp
[5.511s] -- Symlinking: /home/tong/Projects/SwarmCombat/install/sim_msgs/include/sim_msgs/sim_msgs/msg/detail/fw_control__traits.hpp
[5.519s] -- Symlinking: /home/tong/Projects/SwarmCombat/install/sim_msgs/include/sim_msgs/sim_msgs/msg/detail/fw_control__type_support.hpp
[5.526s] -- Symlinking: /home/tong/Projects/SwarmCombat/install/sim_msgs/include/sim_msgs/sim_msgs/msg/detail/perceived_state__builder.hpp
[5.533s] -- Symlinking: /home/tong/Projects/SwarmCombat/install/sim_msgs/include/sim_msgs/sim_msgs/msg/detail/perceived_state__struct.hpp
[5.540s] -- Symlinking: /home/tong/Projects/SwarmCombat/install/sim_msgs/include/sim_msgs/sim_msgs/msg/detail/perceived_state__traits.hpp
[5.547s] -- Symlinking: /home/tong/Projects/SwarmCombat/install/sim_msgs/include/sim_msgs/sim_msgs/msg/detail/perceived_state__type_support.hpp
[5.554s] -- Symlinking: /home/tong/Projects/SwarmCombat/install/sim_msgs/include/sim_msgs/sim_msgs/msg/explosion_report.hpp
[5.561s] -- Symlinking: /home/tong/Projects/SwarmCombat/install/sim_msgs/include/sim_msgs/sim_msgs/msg/fw_control.hpp
[5.568s] -- Symlinking: /home/tong/Projects/SwarmCombat/install/sim_msgs/include/sim_msgs/sim_msgs/msg/perceived_state.hpp
[5.575s] -- Symlinking: /home/tong/Projects/SwarmCombat/install/sim_msgs/include/sim_msgs/sim_msgs/msg/rosidl_generator_cpp__visibility_control.hpp
[5.582s] -- Symlinking: /home/tong/Projects/SwarmCombat/install/sim_msgs/include/sim_msgs/sim_msgs/msg/detail/death_notice__rosidl_typesupport_fastrtps_cpp.hpp
[5.589s] -- Symlinking: /home/tong/Projects/SwarmCombat/install/sim_msgs/include/sim_msgs/sim_msgs/msg/detail/explosion_report__rosidl_typesupport_fastrtps_cpp.hpp
[5.596s] -- Symlinking: /home/tong/Projects/SwarmCombat/install/sim_msgs/include/sim_msgs/sim_msgs/msg/detail/fw_control__rosidl_typesupport_fastrtps_cpp.hpp
[5.603s] -- Symlinking: /home/tong/Projects/SwarmCombat/install/sim_msgs/include/sim_msgs/sim_msgs/msg/detail/perceived_state__rosidl_typesupport_fastrtps_cpp.hpp
[5.611s] -- Symlinking: /home/tong/Projects/SwarmCombat/install/sim_msgs/include/sim_msgs/sim_msgs/msg/rosidl_typesupport_fastrtps_cpp__visibility_control.h
[5.618s] -- Symlinking: /home/tong/Projects/SwarmCombat/install/sim_msgs/include/sim_msgs/sim_msgs/msg/detail/death_notice__rosidl_typesupport_introspection_cpp.hpp
[5.626s] -- Symlinking: /home/tong/Projects/SwarmCombat/install/sim_msgs/include/sim_msgs/sim_msgs/msg/detail/explosion_report__rosidl_typesupport_introspection_cpp.hpp
[5.632s] -- Symlinking: /home/tong/Projects/SwarmCombat/install/sim_msgs/include/sim_msgs/sim_msgs/msg/detail/fw_control__rosidl_typesupport_introspection_cpp.hpp
[5.639s] -- Symlinking: /home/tong/Projects/SwarmCombat/install/sim_msgs/include/sim_msgs/sim_msgs/msg/detail/perceived_state__rosidl_typesupport_introspection_cpp.hpp
[5.646s] -- Symlinking: /home/tong/Projects/SwarmCombat/install/sim_msgs/share/sim_msgs/environment/pythonpath.sh
[5.652s] -- Symlinking: /home/tong/Projects/SwarmCombat/install/sim_msgs/share/sim_msgs/environment/pythonpath.dsv
[5.660s] -- Symlinking: /home/tong/Projects/SwarmCombat/install/sim_msgs/local/lib/python3.10/dist-packages/sim_msgs-0.1.0-py3.10.egg-info/PKG-INFO
[5.667s] -- Symlinking: /home/tong/Projects/SwarmCombat/install/sim_msgs/local/lib/python3.10/dist-packages/sim_msgs-0.1.0-py3.10.egg-info/SOURCES.txt
[5.673s] -- Symlinking: /home/tong/Projects/SwarmCombat/install/sim_msgs/local/lib/python3.10/dist-packages/sim_msgs-0.1.0-py3.10.egg-info/dependency_links.txt
[5.680s] -- Symlinking: /home/tong/Projects/SwarmCombat/install/sim_msgs/local/lib/python3.10/dist-packages/sim_msgs-0.1.0-py3.10.egg-info/top_level.txt
[5.687s] -- Symlinking: /home/tong/Projects/SwarmCombat/install/sim_msgs/local/lib/python3.10/dist-packages/sim_msgs/__init__.py
[5.694s] -- Symlinking: /home/tong/Projects/SwarmCombat/install/sim_msgs/local/lib/python3.10/dist-packages/sim_msgs/_sim_msgs_s.ep.rosidl_typesupport_c.c
[5.702s] -- Symlinking: /home/tong/Projects/SwarmCombat/install/sim_msgs/local/lib/python3.10/dist-packages/sim_msgs/_sim_msgs_s.ep.rosidl_typesupport_fastrtps_c.c
[5.708s] -- Symlinking: /home/tong/Projects/SwarmCombat/install/sim_msgs/local/lib/python3.10/dist-packages/sim_msgs/_sim_msgs_s.ep.rosidl_typesupport_introspection_c.c
[5.715s] -- Symlinking: /home/tong/Projects/SwarmCombat/install/sim_msgs/local/lib/python3.10/dist-packages/sim_msgs/libsim_msgs__rosidl_generator_py.so
[5.722s] -- Symlinking: /home/tong/Projects/SwarmCombat/install/sim_msgs/local/lib/python3.10/dist-packages/sim_msgs/msg/__init__.py
[5.729s] -- Symlinking: /home/tong/Projects/SwarmCombat/install/sim_msgs/local/lib/python3.10/dist-packages/sim_msgs/msg/_death_notice.py
[5.735s] -- Symlinking: /home/tong/Projects/SwarmCombat/install/sim_msgs/local/lib/python3.10/dist-packages/sim_msgs/msg/_death_notice_s.c
[5.742s] -- Symlinking: /home/tong/Projects/SwarmCombat/install/sim_msgs/local/lib/python3.10/dist-packages/sim_msgs/msg/_explosion_report.py
[5.749s] -- Symlinking: /home/tong/Projects/SwarmCombat/install/sim_msgs/local/lib/python3.10/dist-packages/sim_msgs/msg/_explosion_report_s.c
[5.755s] -- Symlinking: /home/tong/Projects/SwarmCombat/install/sim_msgs/local/lib/python3.10/dist-packages/sim_msgs/msg/_fw_control.py
[5.762s] -- Symlinking: /home/tong/Projects/SwarmCombat/install/sim_msgs/local/lib/python3.10/dist-packages/sim_msgs/msg/_fw_control_s.c
[5.769s] -- Symlinking: /home/tong/Projects/SwarmCombat/install/sim_msgs/local/lib/python3.10/dist-packages/sim_msgs/msg/_perceived_state.py
[5.775s] -- Symlinking: /home/tong/Projects/SwarmCombat/install/sim_msgs/local/lib/python3.10/dist-packages/sim_msgs/msg/_perceived_state_s.c
[5.783s] -- Symlinking: /home/tong/Projects/SwarmCombat/install/sim_msgs/local/lib/python3.10/dist-packages/sim_msgs/sim_msgs_s__rosidl_typesupport_c.cpython-310-x86_64-linux-gnu.so
[5.790s] -- Symlinking: /home/tong/Projects/SwarmCombat/install/sim_msgs/local/lib/python3.10/dist-packages/sim_msgs/sim_msgs_s__rosidl_typesupport_fastrtps_c.cpython-310-x86_64-linux-gnu.so
[5.797s] -- Symlinking: /home/tong/Projects/SwarmCombat/install/sim_msgs/local/lib/python3.10/dist-packages/sim_msgs/sim_msgs_s__rosidl_typesupport_introspection_c.cpython-310-x86_64-linux-gnu.so
[5.804s] -- Up-to-date symlink: /home/tong/Projects/SwarmCombat/install/sim_msgs/local/lib/python3.10/dist-packages/sim_msgs/sim_msgs_s__rosidl_typesupport_fastrtps_c.cpython-310-x86_64-linux-gnu.so
[5.804s] -- Up-to-date symlink: /home/tong/Projects/SwarmCombat/install/sim_msgs/local/lib/python3.10/dist-packages/sim_msgs/sim_msgs_s__rosidl_typesupport_introspection_c.cpython-310-x86_64-linux-gnu.so
[5.805s] -- Up-to-date symlink: /home/tong/Projects/SwarmCombat/install/sim_msgs/local/lib/python3.10/dist-packages/sim_msgs/sim_msgs_s__rosidl_typesupport_c.cpython-310-x86_64-linux-gnu.so
[5.805s] -- Symlinking: /home/tong/Projects/SwarmCombat/install/sim_msgs/share/sim_msgs/msg/DeathNotice.idl
[5.812s] -- Symlinking: /home/tong/Projects/SwarmCombat/install/sim_msgs/share/sim_msgs/msg/ExplosionReport.idl
[5.819s] -- Symlinking: /home/tong/Projects/SwarmCombat/install/sim_msgs/share/sim_msgs/msg/PerceivedState.idl
[5.826s] -- Symlinking: /home/tong/Projects/SwarmCombat/install/sim_msgs/share/sim_msgs/msg/FwControl.idl
[5.833s] -- Symlinking: /home/tong/Projects/SwarmCombat/install/sim_msgs/share/sim_msgs/msg/DeathNotice.msg
[5.839s] -- Symlinking: /home/tong/Projects/SwarmCombat/install/sim_msgs/share/sim_msgs/msg/ExplosionReport.msg
[5.848s] -- Symlinking: /home/tong/Projects/SwarmCombat/install/sim_msgs/share/sim_msgs/msg/PerceivedState.msg
[5.858s] -- Symlinking: /home/tong/Projects/SwarmCombat/install/sim_msgs/share/sim_msgs/msg/FwControl.msg
[5.868s] -- Symlinking: /home/tong/Projects/SwarmCombat/install/sim_msgs/share/ament_index/resource_index/package_run_dependencies/sim_msgs
[5.877s] -- Symlinking: /home/tong/Projects/SwarmCombat/install/sim_msgs/share/ament_index/resource_index/parent_prefix_path/sim_msgs
[5.885s] -- Symlinking: /home/tong/Projects/SwarmCombat/install/sim_msgs/share/sim_msgs/environment/ament_prefix_path.sh
[5.893s] -- Symlinking: /home/tong/Projects/SwarmCombat/install/sim_msgs/share/sim_msgs/environment/ament_prefix_path.dsv
[5.900s] -- Symlinking: /home/tong/Projects/SwarmCombat/install/sim_msgs/share/sim_msgs/environment/path.sh
[5.907s] -- Symlinking: /home/tong/Projects/SwarmCombat/install/sim_msgs/share/sim_msgs/environment/path.dsv
[5.914s] -- Symlinking: /home/tong/Projects/SwarmCombat/install/sim_msgs/share/sim_msgs/local_setup.bash
[5.921s] -- Symlinking: /home/tong/Projects/SwarmCombat/install/sim_msgs/share/sim_msgs/local_setup.sh
[5.928s] -- Symlinking: /home/tong/Projects/SwarmCombat/install/sim_msgs/share/sim_msgs/local_setup.zsh
[5.935s] -- Symlinking: /home/tong/Projects/SwarmCombat/install/sim_msgs/share/sim_msgs/local_setup.dsv
[5.942s] -- Symlinking: /home/tong/Projects/SwarmCombat/install/sim_msgs/share/sim_msgs/package.dsv
[5.950s] -- Symlinking: /home/tong/Projects/SwarmCombat/install/sim_msgs/share/ament_index/resource_index/packages/sim_msgs
[5.959s] -- Symlinking: /home/tong/Projects/SwarmCombat/install/sim_msgs/share/sim_msgs/cmake/rosidl_cmake-extras.cmake
[5.967s] -- Symlinking: /home/tong/Projects/SwarmCombat/install/sim_msgs/share/sim_msgs/cmake/ament_cmake_export_dependencies-extras.cmake
[5.974s] -- Symlinking: /home/tong/Projects/SwarmCombat/install/sim_msgs/share/sim_msgs/cmake/ament_cmake_export_include_directories-extras.cmake
[5.980s] -- Symlinking: /home/tong/Projects/SwarmCombat/install/sim_msgs/share/sim_msgs/cmake/ament_cmake_export_libraries-extras.cmake
[5.987s] -- Symlinking: /home/tong/Projects/SwarmCombat/install/sim_msgs/share/sim_msgs/cmake/ament_cmake_export_targets-extras.cmake
[5.995s] -- Symlinking: /home/tong/Projects/SwarmCombat/install/sim_msgs/share/sim_msgs/cmake/rosidl_cmake_export_typesupport_targets-extras.cmake
[6.002s] -- Symlinking: /home/tong/Projects/SwarmCombat/install/sim_msgs/share/sim_msgs/cmake/rosidl_cmake_export_typesupport_libraries-extras.cmake
[6.008s] -- Symlinking: /home/tong/Projects/SwarmCombat/install/sim_msgs/share/sim_msgs/cmake/sim_msgsConfig.cmake
[6.015s] -- Symlinking: /home/tong/Projects/SwarmCombat/install/sim_msgs/share/sim_msgs/cmake/sim_msgsConfig-version.cmake
[6.022s] -- Symlinking: /home/tong/Projects/SwarmCombat/install/sim_msgs/share/sim_msgs/package.xml
[6.029s] -- Installing: /home/tong/Projects/SwarmCombat/install/sim_msgs/lib/libsim_msgs__rosidl_generator_c.so
[6.030s] -- Set runtime path of "/home/tong/Projects/SwarmCombat/install/sim_msgs/lib/libsim_msgs__rosidl_generator_c.so" to ""
[6.030s] -- Installing: /home/tong/Projects/SwarmCombat/install/sim_msgs/lib/libsim_msgs__rosidl_typesupport_fastrtps_c.so
[6.030s] -- Set runtime path of "/home/tong/Projects/SwarmCombat/install/sim_msgs/lib/libsim_msgs__rosidl_typesupport_fastrtps_c.so" to ""
[6.030s] -- Installing: /home/tong/Projects/SwarmCombat/install/sim_msgs/lib/libsim_msgs__rosidl_typesupport_introspection_c.so
[6.031s] -- Set runtime path of "/home/tong/Projects/SwarmCombat/install/sim_msgs/lib/libsim_msgs__rosidl_typesupport_introspection_c.so" to ""
[6.031s] -- Installing: /home/tong/Projects/SwarmCombat/install/sim_msgs/lib/libsim_msgs__rosidl_typesupport_c.so
[6.031s] -- Set runtime path of "/home/tong/Projects/SwarmCombat/install/sim_msgs/lib/libsim_msgs__rosidl_typesupport_c.so" to ""
[6.031s] -- Installing: /home/tong/Projects/SwarmCombat/install/sim_msgs/lib/libsim_msgs__rosidl_typesupport_fastrtps_cpp.so
[6.031s] -- Set runtime path of "/home/tong/Projects/SwarmCombat/install/sim_msgs/lib/libsim_msgs__rosidl_typesupport_fastrtps_cpp.so" to ""
[6.031s] -- Installing: /home/tong/Projects/SwarmCombat/install/sim_msgs/lib/libsim_msgs__rosidl_typesupport_introspection_cpp.so
[6.032s] -- Set runtime path of "/home/tong/Projects/SwarmCombat/install/sim_msgs/lib/libsim_msgs__rosidl_typesupport_introspection_cpp.so" to ""
[6.032s] -- Installing: /home/tong/Projects/SwarmCombat/install/sim_msgs/lib/libsim_msgs__rosidl_typesupport_cpp.so
[6.032s] -- Set runtime path of "/home/tong/Projects/SwarmCombat/install/sim_msgs/lib/libsim_msgs__rosidl_typesupport_cpp.so" to ""
[6.077s] Listing '/home/tong/Projects/SwarmCombat/install/sim_msgs/local/lib/python3.10/dist-packages/sim_msgs'...
[6.077s] Compiling '/home/tong/Projects/SwarmCombat/install/sim_msgs/local/lib/python3.10/dist-packages/sim_msgs/__init__.py'...
[6.077s] Listing '/home/tong/Projects/SwarmCombat/install/sim_msgs/local/lib/python3.10/dist-packages/sim_msgs/msg'...
[6.077s] Compiling '/home/tong/Projects/SwarmCombat/install/sim_msgs/local/lib/python3.10/dist-packages/sim_msgs/msg/__init__.py'...
[6.077s] Compiling '/home/tong/Projects/SwarmCombat/install/sim_msgs/local/lib/python3.10/dist-packages/sim_msgs/msg/_death_notice.py'...
[6.077s] Compiling '/home/tong/Projects/SwarmCombat/install/sim_msgs/local/lib/python3.10/dist-packages/sim_msgs/msg/_explosion_report.py'...
[6.077s] Compiling '/home/tong/Projects/SwarmCombat/install/sim_msgs/local/lib/python3.10/dist-packages/sim_msgs/msg/_fw_control.py'...
[6.077s] Compiling '/home/tong/Projects/SwarmCombat/install/sim_msgs/local/lib/python3.10/dist-packages/sim_msgs/msg/_perceived_state.py'...
[6.081s] -- Installing: /home/tong/Projects/SwarmCombat/install/sim_msgs/lib/libsim_msgs__rosidl_generator_py.so
[6.081s] -- Set runtime path of "/home/tong/Projects/SwarmCombat/install/sim_msgs/lib/libsim_msgs__rosidl_generator_py.so" to ""
[6.081s] -- Installing: /home/tong/Projects/SwarmCombat/install/sim_msgs/share/sim_msgs/cmake/export_sim_msgs__rosidl_generator_cExport.cmake
[6.081s] -- Installing: /home/tong/Projects/SwarmCombat/install/sim_msgs/share/sim_msgs/cmake/export_sim_msgs__rosidl_generator_cExport-noconfig.cmake
[6.081s] -- Installing: /home/tong/Projects/SwarmCombat/install/sim_msgs/share/sim_msgs/cmake/export_sim_msgs__rosidl_typesupport_fastrtps_cExport.cmake
[6.081s] -- Installing: /home/tong/Projects/SwarmCombat/install/sim_msgs/share/sim_msgs/cmake/export_sim_msgs__rosidl_typesupport_fastrtps_cExport-noconfig.cmake
[6.082s] -- Installing: /home/tong/Projects/SwarmCombat/install/sim_msgs/share/sim_msgs/cmake/sim_msgs__rosidl_typesupport_introspection_cExport.cmake
[6.082s] -- Installing: /home/tong/Projects/SwarmCombat/install/sim_msgs/share/sim_msgs/cmake/sim_msgs__rosidl_typesupport_introspection_cExport-noconfig.cmake
[6.082s] -- Installing: /home/tong/Projects/SwarmCombat/install/sim_msgs/share/sim_msgs/cmake/sim_msgs__rosidl_typesupport_cExport.cmake
[6.082s] -- Installing: /home/tong/Projects/SwarmCombat/install/sim_msgs/share/sim_msgs/cmake/sim_msgs__rosidl_typesupport_cExport-noconfig.cmake
[6.082s] -- Installing: /home/tong/Projects/SwarmCombat/install/sim_msgs/share/sim_msgs/cmake/export_sim_msgs__rosidl_generator_cppExport.cmake
[6.082s] -- Installing: /home/tong/Projects/SwarmCombat/install/sim_msgs/share/sim_msgs/cmake/export_sim_msgs__rosidl_typesupport_fastrtps_cppExport.cmake
[6.082s] -- Installing: /home/tong/Projects/SwarmCombat/install/sim_msgs/share/sim_msgs/cmake/export_sim_msgs__rosidl_typesupport_fastrtps_cppExport-noconfig.cmake
[6.082s] -- Installing: /home/tong/Projects/SwarmCombat/install/sim_msgs/share/sim_msgs/cmake/sim_msgs__rosidl_typesupport_introspection_cppExport.cmake
[6.082s] -- Installing: /home/tong/Projects/SwarmCombat/install/sim_msgs/share/sim_msgs/cmake/sim_msgs__rosidl_typesupport_introspection_cppExport-noconfig.cmake
[6.083s] -- Installing: /home/tong/Projects/SwarmCombat/install/sim_msgs/share/sim_msgs/cmake/sim_msgs__rosidl_typesupport_cppExport.cmake
[6.083s] -- Installing: /home/tong/Projects/SwarmCombat/install/sim_msgs/share/sim_msgs/cmake/sim_msgs__rosidl_typesupport_cppExport-noconfig.cmake
[6.083s] -- Installing: /home/tong/Projects/SwarmCombat/install/sim_msgs/share/sim_msgs/cmake/export_sim_msgs__rosidl_generator_pyExport.cmake
[6.083s] -- Installing: /home/tong/Projects/SwarmCombat/install/sim_msgs/share/sim_msgs/cmake/export_sim_msgs__rosidl_generator_pyExport-noconfig.cmake
[6.085s] Invoked command in '/home/tong/Projects/SwarmCombat/build/sim_msgs' returned '0': CMAKE_PREFIX_PATH=${CMAKE_PREFIX_PATH}:/home/tong/Projects/SwarmCombat/install/scripts:/opt/ros/humble /usr/bin/cmake --install /home/tong/Projects/SwarmCombat/build/sim_msgs
