[0.026s] Invoking command in '/home/tong/Projects/SwarmCombat/build/gcs_planner': /usr/bin/cmake /home/tong/Projects/SwarmCombat/src/autopilot/gcs_planner -DCMAKE_INSTALL_PREFIX=/home/tong/Projects/SwarmCombat/install/gcs_planner
[0.232s] -- The C compiler identification is GNU 11.4.0
[0.233s] [33mCMake Warning (dev) in CMakeLists.txt:
[0.233s]   No project() command is present.  The top-level CMakeLists.txt file must
[0.233s]   contain a literal, direct call to the project() command.  Add a line of
[0.233s]   code such as
[0.233s] 
[0.233s]     project(ProjectName)
[0.234s] 
[0.234s]   near the top of the file, but after cmake_minimum_required().
[0.234s] 
[0.234s]   CMake is pretending there is a "project(Project)" command on the first
[0.234s]   line.
[0.235s] This warning is for project developers.  Use -Wno-dev to suppress it.
[0.235s] [0m
[0.441s] -- The CXX compiler identification is GNU 11.4.0
[0.564s] -- Detecting C compiler ABI info
[0.646s] -- Detecting C compiler ABI info - done
[0.653s] -- Check for working C compiler: /usr/bin/cc - skipped
[0.653s] -- Detecting C compile features
[0.654s] -- Detecting C compile features - done
[0.659s] -- Detecting CXX compiler ABI info
[0.749s] -- Detecting CXX compiler ABI info - done
[0.757s] -- Check for working CXX compiler: /usr/bin/c++ - skipped
[0.757s] -- Detecting CXX compile features
[0.758s] -- Detecting CXX compile features - done
[0.758s] -- Configuring done
[0.759s] -- Generating done
[0.760s] -- Build files have been written to: /home/tong/Projects/SwarmCombat/build/gcs_planner
[0.763s] Invoked command in '/home/tong/Projects/SwarmCombat/build/gcs_planner' returned '0': /usr/bin/cmake /home/tong/Projects/SwarmCombat/src/autopilot/gcs_planner -DCMAKE_INSTALL_PREFIX=/home/tong/Projects/SwarmCombat/install/gcs_planner
[0.765s] Invoking command in '/home/tong/Projects/SwarmCombat/build/gcs_planner': /usr/bin/cmake --build /home/tong/Projects/SwarmCombat/build/gcs_planner -- -j32 -l32
[0.794s] Invoked command in '/home/tong/Projects/SwarmCombat/build/gcs_planner' returned '0': /usr/bin/cmake --build /home/tong/Projects/SwarmCombat/build/gcs_planner -- -j32 -l32
