[0.141s] DEBUG:colcon:Command line arguments: ['/usr/bin/colcon', 'build', '--symlink-install']
[0.141s] DEBUG:colcon:Parsed command line arguments: Namespace(log_base=None, log_level=None, verb_name='build', build_base='build', install_base='install', merge_install=False, symlink_install=True, test_result_base=None, continue_on_error=False, executor='parallel', parallel_workers=32, event_handlers=None, ignore_user_meta=False, metas=['./colcon.meta'], base_paths=['.'], packages_ignore=None, packages_ignore_regex=None, paths=None, packages_up_to=None, packages_up_to_regex=None, packages_above=None, packages_above_and_dependencies=None, packages_above_depth=None, packages_select_by_dep=None, packages_skip_by_dep=None, packages_skip_up_to=None, packages_select_build_failed=False, packages_skip_build_finished=False, packages_select_test_failures=False, packages_skip_test_passed=False, packages_select=None, packages_skip=None, packages_select_regex=None, packages_skip_regex=None, packages_start=None, packages_end=None, allow_overriding=[], cmake_args=None, cmake_target=None, cmake_target_skip_unavailable=False, cmake_clean_cache=False, cmake_clean_first=False, cmake_force_configure=False, ament_cmake_args=None, catkin_cmake_args=None, catkin_skip_building_tests=False, verb_parser=<colcon_defaults.argument_parser.defaults.DefaultArgumentsDecorator object at 0x7b1c73f2fbe0>, verb_extension=<colcon_core.verb.build.BuildVerb object at 0x7b1c740d8460>, main=<bound method BuildVerb.main of <colcon_core.verb.build.BuildVerb object at 0x7b1c740d8460>>)
[0.270s] Level 1:colcon.colcon_core.package_discovery:discover_packages(colcon_meta) check parameters
[0.270s] Level 1:colcon.colcon_core.package_discovery:discover_packages(recursive) check parameters
[0.270s] Level 1:colcon.colcon_core.package_discovery:discover_packages(ignore) check parameters
[0.270s] Level 1:colcon.colcon_core.package_discovery:discover_packages(path) check parameters
[0.270s] Level 1:colcon.colcon_core.package_discovery:discover_packages(colcon_meta) discover
[0.270s] Level 1:colcon.colcon_core.package_discovery:discover_packages(recursive) discover
[0.270s] INFO:colcon.colcon_core.package_discovery:Crawling recursively for packages in '/home/tong/Projects/SwarmCombat'
[0.270s] Level 1:colcon.colcon_core.package_identification:_identify(.) by extensions ['ignore', 'ignore_ament_install']
[0.271s] Level 1:colcon.colcon_core.package_identification:_identify(.) by extension 'ignore'
[0.271s] Level 1:colcon.colcon_core.package_identification:_identify(.) by extension 'ignore_ament_install'
[0.271s] Level 1:colcon.colcon_core.package_identification:_identify(.) by extensions ['colcon_pkg']
[0.271s] Level 1:colcon.colcon_core.package_identification:_identify(.) by extension 'colcon_pkg'
[0.271s] Level 1:colcon.colcon_core.package_identification:_identify(.) by extensions ['colcon_meta']
[0.271s] Level 1:colcon.colcon_core.package_identification:_identify(.) by extension 'colcon_meta'
[0.271s] Level 1:colcon.colcon_core.package_identification:_identify(.) by extensions ['ros']
[0.271s] Level 1:colcon.colcon_core.package_identification:_identify(.) by extension 'ros'
[0.281s] Level 1:colcon.colcon_core.package_identification:_identify(.) by extensions ['cmake', 'python']
[0.281s] Level 1:colcon.colcon_core.package_identification:_identify(.) by extension 'cmake'
[0.281s] Level 1:colcon.colcon_core.package_identification:_identify(.) by extension 'python'
[0.281s] Level 1:colcon.colcon_core.package_identification:_identify(.) by extensions ['python_setup_py']
[0.281s] Level 1:colcon.colcon_core.package_identification:_identify(.) by extension 'python_setup_py'
[0.281s] Level 1:colcon.colcon_core.package_identification:_identify(build) by extensions ['ignore', 'ignore_ament_install']
[0.281s] Level 1:colcon.colcon_core.package_identification:_identify(build) by extension 'ignore'
[0.281s] Level 1:colcon.colcon_core.package_identification:_identify(build) ignored
[0.281s] Level 1:colcon.colcon_core.package_identification:_identify(install) by extensions ['ignore', 'ignore_ament_install']
[0.281s] Level 1:colcon.colcon_core.package_identification:_identify(install) by extension 'ignore'
[0.281s] Level 1:colcon.colcon_core.package_identification:_identify(install) ignored
[0.281s] Level 1:colcon.colcon_core.package_identification:_identify(log) by extensions ['ignore', 'ignore_ament_install']
[0.282s] Level 1:colcon.colcon_core.package_identification:_identify(log) by extension 'ignore'
[0.282s] Level 1:colcon.colcon_core.package_identification:_identify(log) ignored
[0.282s] Level 1:colcon.colcon_core.package_identification:_identify(pictures) by extensions ['ignore', 'ignore_ament_install']
[0.282s] Level 1:colcon.colcon_core.package_identification:_identify(pictures) by extension 'ignore'
[0.282s] Level 1:colcon.colcon_core.package_identification:_identify(pictures) by extension 'ignore_ament_install'
[0.282s] Level 1:colcon.colcon_core.package_identification:_identify(pictures) by extensions ['colcon_pkg']
[0.282s] Level 1:colcon.colcon_core.package_identification:_identify(pictures) by extension 'colcon_pkg'
[0.282s] Level 1:colcon.colcon_core.package_identification:_identify(pictures) by extensions ['colcon_meta']
[0.282s] Level 1:colcon.colcon_core.package_identification:_identify(pictures) by extension 'colcon_meta'
[0.282s] Level 1:colcon.colcon_core.package_identification:_identify(pictures) by extensions ['ros']
[0.282s] Level 1:colcon.colcon_core.package_identification:_identify(pictures) by extension 'ros'
[0.282s] Level 1:colcon.colcon_core.package_identification:_identify(pictures) by extensions ['cmake', 'python']
[0.282s] Level 1:colcon.colcon_core.package_identification:_identify(pictures) by extension 'cmake'
[0.282s] Level 1:colcon.colcon_core.package_identification:_identify(pictures) by extension 'python'
[0.282s] Level 1:colcon.colcon_core.package_identification:_identify(pictures) by extensions ['python_setup_py']
[0.282s] Level 1:colcon.colcon_core.package_identification:_identify(pictures) by extension 'python_setup_py'
[0.282s] Level 1:colcon.colcon_core.package_identification:_identify(src) by extensions ['ignore', 'ignore_ament_install']
[0.282s] Level 1:colcon.colcon_core.package_identification:_identify(src) by extension 'ignore'
[0.282s] Level 1:colcon.colcon_core.package_identification:_identify(src) by extension 'ignore_ament_install'
[0.282s] Level 1:colcon.colcon_core.package_identification:_identify(src) by extensions ['colcon_pkg']
[0.282s] Level 1:colcon.colcon_core.package_identification:_identify(src) by extension 'colcon_pkg'
[0.282s] Level 1:colcon.colcon_core.package_identification:_identify(src) by extensions ['colcon_meta']
[0.282s] Level 1:colcon.colcon_core.package_identification:_identify(src) by extension 'colcon_meta'
[0.282s] Level 1:colcon.colcon_core.package_identification:_identify(src) by extensions ['ros']
[0.282s] Level 1:colcon.colcon_core.package_identification:_identify(src) by extension 'ros'
[0.282s] Level 1:colcon.colcon_core.package_identification:_identify(src) by extensions ['cmake', 'python']
[0.282s] Level 1:colcon.colcon_core.package_identification:_identify(src) by extension 'cmake'
[0.283s] Level 1:colcon.colcon_core.package_identification:_identify(src) by extension 'python'
[0.283s] Level 1:colcon.colcon_core.package_identification:_identify(src) by extensions ['python_setup_py']
[0.283s] Level 1:colcon.colcon_core.package_identification:_identify(src) by extension 'python_setup_py'
[0.283s] Level 1:colcon.colcon_core.package_identification:_identify(src/autopilot) by extensions ['ignore', 'ignore_ament_install']
[0.283s] Level 1:colcon.colcon_core.package_identification:_identify(src/autopilot) by extension 'ignore'
[0.283s] Level 1:colcon.colcon_core.package_identification:_identify(src/autopilot) by extension 'ignore_ament_install'
[0.283s] Level 1:colcon.colcon_core.package_identification:_identify(src/autopilot) by extensions ['colcon_pkg']
[0.283s] Level 1:colcon.colcon_core.package_identification:_identify(src/autopilot) by extension 'colcon_pkg'
[0.283s] Level 1:colcon.colcon_core.package_identification:_identify(src/autopilot) by extensions ['colcon_meta']
[0.283s] Level 1:colcon.colcon_core.package_identification:_identify(src/autopilot) by extension 'colcon_meta'
[0.283s] Level 1:colcon.colcon_core.package_identification:_identify(src/autopilot) by extensions ['ros']
[0.283s] Level 1:colcon.colcon_core.package_identification:_identify(src/autopilot) by extension 'ros'
[0.283s] Level 1:colcon.colcon_core.package_identification:_identify(src/autopilot) by extensions ['cmake', 'python']
[0.283s] Level 1:colcon.colcon_core.package_identification:_identify(src/autopilot) by extension 'cmake'
[0.283s] Level 1:colcon.colcon_core.package_identification:_identify(src/autopilot) by extension 'python'
[0.283s] Level 1:colcon.colcon_core.package_identification:_identify(src/autopilot) by extensions ['python_setup_py']
[0.283s] Level 1:colcon.colcon_core.package_identification:_identify(src/autopilot) by extension 'python_setup_py'
[0.283s] Level 1:colcon.colcon_core.package_identification:_identify(src/autopilot/fwp_planner) by extensions ['ignore', 'ignore_ament_install']
[0.283s] Level 1:colcon.colcon_core.package_identification:_identify(src/autopilot/fwp_planner) by extension 'ignore'
[0.283s] Level 1:colcon.colcon_core.package_identification:_identify(src/autopilot/fwp_planner) by extension 'ignore_ament_install'
[0.283s] Level 1:colcon.colcon_core.package_identification:_identify(src/autopilot/fwp_planner) by extensions ['colcon_pkg']
[0.283s] Level 1:colcon.colcon_core.package_identification:_identify(src/autopilot/fwp_planner) by extension 'colcon_pkg'
[0.283s] Level 1:colcon.colcon_core.package_identification:_identify(src/autopilot/fwp_planner) by extensions ['colcon_meta']
[0.283s] Level 1:colcon.colcon_core.package_identification:_identify(src/autopilot/fwp_planner) by extension 'colcon_meta'
[0.284s] Level 1:colcon.colcon_core.package_identification:_identify(src/autopilot/fwp_planner) by extensions ['ros']
[0.284s] Level 1:colcon.colcon_core.package_identification:_identify(src/autopilot/fwp_planner) by extension 'ros'
[0.286s] DEBUG:colcon.colcon_core.package_identification:Package 'src/autopilot/fwp_planner' with type 'ros.ament_cmake' and name 'fwp_planner'
[0.286s] Level 1:colcon.colcon_core.package_identification:_identify(src/autopilot/gcs_planner) by extensions ['ignore', 'ignore_ament_install']
[0.286s] Level 1:colcon.colcon_core.package_identification:_identify(src/autopilot/gcs_planner) by extension 'ignore'
[0.286s] Level 1:colcon.colcon_core.package_identification:_identify(src/autopilot/gcs_planner) by extension 'ignore_ament_install'
[0.286s] Level 1:colcon.colcon_core.package_identification:_identify(src/autopilot/gcs_planner) by extensions ['colcon_pkg']
[0.286s] Level 1:colcon.colcon_core.package_identification:_identify(src/autopilot/gcs_planner) by extension 'colcon_pkg'
[0.286s] Level 1:colcon.colcon_core.package_identification:_identify(src/autopilot/gcs_planner) by extensions ['colcon_meta']
[0.286s] Level 1:colcon.colcon_core.package_identification:_identify(src/autopilot/gcs_planner) by extension 'colcon_meta'
[0.286s] Level 1:colcon.colcon_core.package_identification:_identify(src/autopilot/gcs_planner) by extensions ['ros']
[0.286s] Level 1:colcon.colcon_core.package_identification:_identify(src/autopilot/gcs_planner) by extension 'ros'
[0.287s] DEBUG:colcon.colcon_core.package_identification:Failed to parse potential ROS package manifest in'src/autopilot/gcs_planner': Error(s) in package 'src/autopilot/gcs_planner/package.xml':
The manifest contains invalid XML:
no element found: line 1, column 0
[0.287s] Level 1:colcon.colcon_core.package_identification:_identify(src/autopilot/gcs_planner) by extensions ['cmake', 'python']
[0.287s] Level 1:colcon.colcon_core.package_identification:_identify(src/autopilot/gcs_planner) by extension 'cmake'
[0.287s] Level 1:colcon.colcon_core.package_identification:_identify(src/autopilot/gcs_planner) by extension 'python'
[0.288s] DEBUG:colcon.colcon_core.package_identification:Package 'src/autopilot/gcs_planner' with type 'cmake' and name 'gcs_planner'
[0.288s] Level 1:colcon.colcon_core.package_identification:_identify(src/scripts) by extensions ['ignore', 'ignore_ament_install']
[0.288s] Level 1:colcon.colcon_core.package_identification:_identify(src/scripts) by extension 'ignore'
[0.288s] Level 1:colcon.colcon_core.package_identification:_identify(src/scripts) by extension 'ignore_ament_install'
[0.288s] Level 1:colcon.colcon_core.package_identification:_identify(src/scripts) by extensions ['colcon_pkg']
[0.288s] Level 1:colcon.colcon_core.package_identification:_identify(src/scripts) by extension 'colcon_pkg'
[0.288s] Level 1:colcon.colcon_core.package_identification:_identify(src/scripts) by extensions ['colcon_meta']
[0.288s] Level 1:colcon.colcon_core.package_identification:_identify(src/scripts) by extension 'colcon_meta'
[0.288s] Level 1:colcon.colcon_core.package_identification:_identify(src/scripts) by extensions ['ros']
[0.288s] Level 1:colcon.colcon_core.package_identification:_identify(src/scripts) by extension 'ros'
[0.288s] DEBUG:colcon.colcon_core.package_identification:Package 'src/scripts' with type 'ros.ament_python' and name 'scripts'
[0.288s] Level 1:colcon.colcon_core.package_identification:_identify(src/simulator) by extensions ['ignore', 'ignore_ament_install']
[0.289s] Level 1:colcon.colcon_core.package_identification:_identify(src/simulator) by extension 'ignore'
[0.289s] Level 1:colcon.colcon_core.package_identification:_identify(src/simulator) by extension 'ignore_ament_install'
[0.289s] Level 1:colcon.colcon_core.package_identification:_identify(src/simulator) by extensions ['colcon_pkg']
[0.289s] Level 1:colcon.colcon_core.package_identification:_identify(src/simulator) by extension 'colcon_pkg'
[0.289s] Level 1:colcon.colcon_core.package_identification:_identify(src/simulator) by extensions ['colcon_meta']
[0.289s] Level 1:colcon.colcon_core.package_identification:_identify(src/simulator) by extension 'colcon_meta'
[0.289s] Level 1:colcon.colcon_core.package_identification:_identify(src/simulator) by extensions ['ros']
[0.289s] Level 1:colcon.colcon_core.package_identification:_identify(src/simulator) by extension 'ros'
[0.289s] Level 1:colcon.colcon_core.package_identification:_identify(src/simulator) by extensions ['cmake', 'python']
[0.289s] Level 1:colcon.colcon_core.package_identification:_identify(src/simulator) by extension 'cmake'
[0.289s] Level 1:colcon.colcon_core.package_identification:_identify(src/simulator) by extension 'python'
[0.289s] Level 1:colcon.colcon_core.package_identification:_identify(src/simulator) by extensions ['python_setup_py']
[0.289s] Level 1:colcon.colcon_core.package_identification:_identify(src/simulator) by extension 'python_setup_py'
[0.289s] Level 1:colcon.colcon_core.package_identification:_identify(src/simulator/fw_plane) by extensions ['ignore', 'ignore_ament_install']
[0.289s] Level 1:colcon.colcon_core.package_identification:_identify(src/simulator/fw_plane) by extension 'ignore'
[0.289s] Level 1:colcon.colcon_core.package_identification:_identify(src/simulator/fw_plane) by extension 'ignore_ament_install'
[0.289s] Level 1:colcon.colcon_core.package_identification:_identify(src/simulator/fw_plane) by extensions ['colcon_pkg']
[0.289s] Level 1:colcon.colcon_core.package_identification:_identify(src/simulator/fw_plane) by extension 'colcon_pkg'
[0.289s] Level 1:colcon.colcon_core.package_identification:_identify(src/simulator/fw_plane) by extensions ['colcon_meta']
[0.289s] Level 1:colcon.colcon_core.package_identification:_identify(src/simulator/fw_plane) by extension 'colcon_meta'
[0.289s] Level 1:colcon.colcon_core.package_identification:_identify(src/simulator/fw_plane) by extensions ['ros']
[0.289s] Level 1:colcon.colcon_core.package_identification:_identify(src/simulator/fw_plane) by extension 'ros'
[0.290s] DEBUG:colcon.colcon_core.package_identification:Package 'src/simulator/fw_plane' with type 'ros.ament_cmake' and name 'fw_plane'
[0.290s] Level 1:colcon.colcon_core.package_identification:_identify(src/simulator/sim_msgs) by extensions ['ignore', 'ignore_ament_install']
[0.290s] Level 1:colcon.colcon_core.package_identification:_identify(src/simulator/sim_msgs) by extension 'ignore'
[0.290s] Level 1:colcon.colcon_core.package_identification:_identify(src/simulator/sim_msgs) by extension 'ignore_ament_install'
[0.291s] Level 1:colcon.colcon_core.package_identification:_identify(src/simulator/sim_msgs) by extensions ['colcon_pkg']
[0.291s] Level 1:colcon.colcon_core.package_identification:_identify(src/simulator/sim_msgs) by extension 'colcon_pkg'
[0.291s] Level 1:colcon.colcon_core.package_identification:_identify(src/simulator/sim_msgs) by extensions ['colcon_meta']
[0.291s] Level 1:colcon.colcon_core.package_identification:_identify(src/simulator/sim_msgs) by extension 'colcon_meta'
[0.291s] Level 1:colcon.colcon_core.package_identification:_identify(src/simulator/sim_msgs) by extensions ['ros']
[0.291s] Level 1:colcon.colcon_core.package_identification:_identify(src/simulator/sim_msgs) by extension 'ros'
[0.291s] DEBUG:colcon.colcon_core.package_identification:Package 'src/simulator/sim_msgs' with type 'ros.ament_cmake' and name 'sim_msgs'
[0.291s] Level 1:colcon.colcon_core.package_identification:_identify(src/utils) by extensions ['ignore', 'ignore_ament_install']
[0.291s] Level 1:colcon.colcon_core.package_identification:_identify(src/utils) by extension 'ignore'
[0.291s] Level 1:colcon.colcon_core.package_identification:_identify(src/utils) by extension 'ignore_ament_install'
[0.291s] Level 1:colcon.colcon_core.package_identification:_identify(src/utils) by extensions ['colcon_pkg']
[0.291s] Level 1:colcon.colcon_core.package_identification:_identify(src/utils) by extension 'colcon_pkg'
[0.291s] Level 1:colcon.colcon_core.package_identification:_identify(src/utils) by extensions ['colcon_meta']
[0.291s] Level 1:colcon.colcon_core.package_identification:_identify(src/utils) by extension 'colcon_meta'
[0.291s] Level 1:colcon.colcon_core.package_identification:_identify(src/utils) by extensions ['ros']
[0.292s] Level 1:colcon.colcon_core.package_identification:_identify(src/utils) by extension 'ros'
[0.292s] Level 1:colcon.colcon_core.package_identification:_identify(src/utils) by extensions ['cmake', 'python']
[0.292s] Level 1:colcon.colcon_core.package_identification:_identify(src/utils) by extension 'cmake'
[0.292s] Level 1:colcon.colcon_core.package_identification:_identify(src/utils) by extension 'python'
[0.292s] Level 1:colcon.colcon_core.package_identification:_identify(src/utils) by extensions ['python_setup_py']
[0.292s] Level 1:colcon.colcon_core.package_identification:_identify(src/utils) by extension 'python_setup_py'
[0.292s] Level 1:colcon.colcon_core.package_identification:_identify(src/utils/sim_clock) by extensions ['ignore', 'ignore_ament_install']
[0.292s] Level 1:colcon.colcon_core.package_identification:_identify(src/utils/sim_clock) by extension 'ignore'
[0.292s] Level 1:colcon.colcon_core.package_identification:_identify(src/utils/sim_clock) by extension 'ignore_ament_install'
[0.292s] Level 1:colcon.colcon_core.package_identification:_identify(src/utils/sim_clock) by extensions ['colcon_pkg']
[0.292s] Level 1:colcon.colcon_core.package_identification:_identify(src/utils/sim_clock) by extension 'colcon_pkg'
[0.292s] Level 1:colcon.colcon_core.package_identification:_identify(src/utils/sim_clock) by extensions ['colcon_meta']
[0.292s] Level 1:colcon.colcon_core.package_identification:_identify(src/utils/sim_clock) by extension 'colcon_meta'
[0.292s] Level 1:colcon.colcon_core.package_identification:_identify(src/utils/sim_clock) by extensions ['ros']
[0.292s] Level 1:colcon.colcon_core.package_identification:_identify(src/utils/sim_clock) by extension 'ros'
[0.293s] DEBUG:colcon.colcon_core.package_identification:Package 'src/utils/sim_clock' with type 'ros.ament_cmake' and name 'sim_clock'
[0.293s] Level 1:colcon.colcon_core.package_identification:_identify(src/utils/util_msgs) by extensions ['ignore', 'ignore_ament_install']
[0.293s] Level 1:colcon.colcon_core.package_identification:_identify(src/utils/util_msgs) by extension 'ignore'
[0.293s] Level 1:colcon.colcon_core.package_identification:_identify(src/utils/util_msgs) by extension 'ignore_ament_install'
[0.293s] Level 1:colcon.colcon_core.package_identification:_identify(src/utils/util_msgs) by extensions ['colcon_pkg']
[0.293s] Level 1:colcon.colcon_core.package_identification:_identify(src/utils/util_msgs) by extension 'colcon_pkg'
[0.293s] Level 1:colcon.colcon_core.package_identification:_identify(src/utils/util_msgs) by extensions ['colcon_meta']
[0.293s] Level 1:colcon.colcon_core.package_identification:_identify(src/utils/util_msgs) by extension 'colcon_meta'
[0.293s] Level 1:colcon.colcon_core.package_identification:_identify(src/utils/util_msgs) by extensions ['ros']
[0.293s] Level 1:colcon.colcon_core.package_identification:_identify(src/utils/util_msgs) by extension 'ros'
[0.293s] Level 1:colcon.colcon_core.package_identification:_identify(src/utils/util_msgs) by extensions ['cmake', 'python']
[0.293s] Level 1:colcon.colcon_core.package_identification:_identify(src/utils/util_msgs) by extension 'cmake'
[0.293s] Level 1:colcon.colcon_core.package_identification:_identify(src/utils/util_msgs) by extension 'python'
[0.293s] Level 1:colcon.colcon_core.package_identification:_identify(src/utils/util_msgs) by extensions ['python_setup_py']
[0.293s] Level 1:colcon.colcon_core.package_identification:_identify(src/utils/util_msgs) by extension 'python_setup_py'
[0.293s] Level 1:colcon.colcon_core.package_identification:_identify(src/utils/util_msgs/include) by extensions ['ignore', 'ignore_ament_install']
[0.293s] Level 1:colcon.colcon_core.package_identification:_identify(src/utils/util_msgs/include) by extension 'ignore'
[0.293s] Level 1:colcon.colcon_core.package_identification:_identify(src/utils/util_msgs/include) by extension 'ignore_ament_install'
[0.293s] Level 1:colcon.colcon_core.package_identification:_identify(src/utils/util_msgs/include) by extensions ['colcon_pkg']
[0.294s] Level 1:colcon.colcon_core.package_identification:_identify(src/utils/util_msgs/include) by extension 'colcon_pkg'
[0.294s] Level 1:colcon.colcon_core.package_identification:_identify(src/utils/util_msgs/include) by extensions ['colcon_meta']
[0.294s] Level 1:colcon.colcon_core.package_identification:_identify(src/utils/util_msgs/include) by extension 'colcon_meta'
[0.294s] Level 1:colcon.colcon_core.package_identification:_identify(src/utils/util_msgs/include) by extensions ['ros']
[0.294s] Level 1:colcon.colcon_core.package_identification:_identify(src/utils/util_msgs/include) by extension 'ros'
[0.294s] Level 1:colcon.colcon_core.package_identification:_identify(src/utils/util_msgs/include) by extensions ['cmake', 'python']
[0.294s] Level 1:colcon.colcon_core.package_identification:_identify(src/utils/util_msgs/include) by extension 'cmake'
[0.294s] Level 1:colcon.colcon_core.package_identification:_identify(src/utils/util_msgs/include) by extension 'python'
[0.294s] Level 1:colcon.colcon_core.package_identification:_identify(src/utils/util_msgs/include) by extensions ['python_setup_py']
[0.294s] Level 1:colcon.colcon_core.package_identification:_identify(src/utils/util_msgs/include) by extension 'python_setup_py'
[0.294s] Level 1:colcon.colcon_core.package_identification:_identify(src/utils/util_msgs/msg) by extensions ['ignore', 'ignore_ament_install']
[0.294s] Level 1:colcon.colcon_core.package_identification:_identify(src/utils/util_msgs/msg) by extension 'ignore'
[0.294s] Level 1:colcon.colcon_core.package_identification:_identify(src/utils/util_msgs/msg) by extension 'ignore_ament_install'
[0.294s] Level 1:colcon.colcon_core.package_identification:_identify(src/utils/util_msgs/msg) by extensions ['colcon_pkg']
[0.294s] Level 1:colcon.colcon_core.package_identification:_identify(src/utils/util_msgs/msg) by extension 'colcon_pkg'
[0.294s] Level 1:colcon.colcon_core.package_identification:_identify(src/utils/util_msgs/msg) by extensions ['colcon_meta']
[0.294s] Level 1:colcon.colcon_core.package_identification:_identify(src/utils/util_msgs/msg) by extension 'colcon_meta'
[0.294s] Level 1:colcon.colcon_core.package_identification:_identify(src/utils/util_msgs/msg) by extensions ['ros']
[0.294s] Level 1:colcon.colcon_core.package_identification:_identify(src/utils/util_msgs/msg) by extension 'ros'
[0.294s] Level 1:colcon.colcon_core.package_identification:_identify(src/utils/util_msgs/msg) by extensions ['cmake', 'python']
[0.294s] Level 1:colcon.colcon_core.package_identification:_identify(src/utils/util_msgs/msg) by extension 'cmake'
[0.294s] Level 1:colcon.colcon_core.package_identification:_identify(src/utils/util_msgs/msg) by extension 'python'
[0.294s] Level 1:colcon.colcon_core.package_identification:_identify(src/utils/util_msgs/msg) by extensions ['python_setup_py']
[0.294s] Level 1:colcon.colcon_core.package_identification:_identify(src/utils/util_msgs/msg) by extension 'python_setup_py'
[0.294s] Level 1:colcon.colcon_core.package_identification:_identify(src/utils/util_msgs/src) by extensions ['ignore', 'ignore_ament_install']
[0.295s] Level 1:colcon.colcon_core.package_identification:_identify(src/utils/util_msgs/src) by extension 'ignore'
[0.295s] Level 1:colcon.colcon_core.package_identification:_identify(src/utils/util_msgs/src) by extension 'ignore_ament_install'
[0.295s] Level 1:colcon.colcon_core.package_identification:_identify(src/utils/util_msgs/src) by extensions ['colcon_pkg']
[0.295s] Level 1:colcon.colcon_core.package_identification:_identify(src/utils/util_msgs/src) by extension 'colcon_pkg'
[0.295s] Level 1:colcon.colcon_core.package_identification:_identify(src/utils/util_msgs/src) by extensions ['colcon_meta']
[0.295s] Level 1:colcon.colcon_core.package_identification:_identify(src/utils/util_msgs/src) by extension 'colcon_meta'
[0.295s] Level 1:colcon.colcon_core.package_identification:_identify(src/utils/util_msgs/src) by extensions ['ros']
[0.295s] Level 1:colcon.colcon_core.package_identification:_identify(src/utils/util_msgs/src) by extension 'ros'
[0.295s] Level 1:colcon.colcon_core.package_identification:_identify(src/utils/util_msgs/src) by extensions ['cmake', 'python']
[0.295s] Level 1:colcon.colcon_core.package_identification:_identify(src/utils/util_msgs/src) by extension 'cmake'
[0.295s] Level 1:colcon.colcon_core.package_identification:_identify(src/utils/util_msgs/src) by extension 'python'
[0.295s] Level 1:colcon.colcon_core.package_identification:_identify(src/utils/util_msgs/src) by extensions ['python_setup_py']
[0.295s] Level 1:colcon.colcon_core.package_identification:_identify(src/utils/util_msgs/src) by extension 'python_setup_py'
[0.295s] Level 1:colcon.colcon_core.package_discovery:discover_packages(recursive) using defaults
[0.295s] Level 1:colcon.colcon_core.package_discovery:discover_packages(ignore) discover
[0.295s] Level 1:colcon.colcon_core.package_discovery:discover_packages(ignore) using defaults
[0.295s] Level 1:colcon.colcon_core.package_discovery:discover_packages(path) discover
[0.295s] Level 1:colcon.colcon_core.package_discovery:discover_packages(path) using defaults
[0.314s] Level 1:colcon.colcon_core.package_discovery:discover_packages(prefix_path) check parameters
[0.314s] Level 1:colcon.colcon_core.package_discovery:discover_packages(prefix_path) discover
[0.315s] DEBUG:colcon.colcon_installed_package_information.package_discovery:Found 6 installed packages in /home/tong/Projects/SwarmCombat/install
[0.316s] DEBUG:colcon.colcon_installed_package_information.package_discovery:Found 316 installed packages in /opt/ros/humble
[0.325s] Level 1:colcon.colcon_core.package_discovery:discover_packages(prefix_path) using defaults
[0.359s] Level 5:colcon.colcon_core.verb:set package 'gcs_planner' build argument 'cmake_args' from command line to 'None'
[0.359s] Level 5:colcon.colcon_core.verb:set package 'gcs_planner' build argument 'cmake_target' from command line to 'None'
[0.359s] Level 5:colcon.colcon_core.verb:set package 'gcs_planner' build argument 'cmake_target_skip_unavailable' from command line to 'False'
[0.359s] Level 5:colcon.colcon_core.verb:set package 'gcs_planner' build argument 'cmake_clean_cache' from command line to 'False'
[0.359s] Level 5:colcon.colcon_core.verb:set package 'gcs_planner' build argument 'cmake_clean_first' from command line to 'False'
[0.359s] Level 5:colcon.colcon_core.verb:set package 'gcs_planner' build argument 'cmake_force_configure' from command line to 'False'
[0.359s] Level 5:colcon.colcon_core.verb:set package 'gcs_planner' build argument 'ament_cmake_args' from command line to 'None'
[0.359s] Level 5:colcon.colcon_core.verb:set package 'gcs_planner' build argument 'catkin_cmake_args' from command line to 'None'
[0.359s] Level 5:colcon.colcon_core.verb:set package 'gcs_planner' build argument 'catkin_skip_building_tests' from command line to 'False'
[0.359s] DEBUG:colcon.colcon_core.verb:Building package 'gcs_planner' with the following arguments: {'ament_cmake_args': None, 'build_base': '/home/tong/Projects/SwarmCombat/build/gcs_planner', 'catkin_cmake_args': None, 'catkin_skip_building_tests': False, 'cmake_args': None, 'cmake_clean_cache': False, 'cmake_clean_first': False, 'cmake_force_configure': False, 'cmake_target': None, 'cmake_target_skip_unavailable': False, 'install_base': '/home/tong/Projects/SwarmCombat/install/gcs_planner', 'merge_install': False, 'path': '/home/tong/Projects/SwarmCombat/src/autopilot/gcs_planner', 'symlink_install': True, 'test_result_base': None}
[0.359s] Level 5:colcon.colcon_core.verb:set package 'scripts' build argument 'cmake_args' from command line to 'None'
[0.359s] Level 5:colcon.colcon_core.verb:set package 'scripts' build argument 'cmake_target' from command line to 'None'
[0.359s] Level 5:colcon.colcon_core.verb:set package 'scripts' build argument 'cmake_target_skip_unavailable' from command line to 'False'
[0.359s] Level 5:colcon.colcon_core.verb:set package 'scripts' build argument 'cmake_clean_cache' from command line to 'False'
[0.360s] Level 5:colcon.colcon_core.verb:set package 'scripts' build argument 'cmake_clean_first' from command line to 'False'
[0.360s] Level 5:colcon.colcon_core.verb:set package 'scripts' build argument 'cmake_force_configure' from command line to 'False'
[0.360s] Level 5:colcon.colcon_core.verb:set package 'scripts' build argument 'ament_cmake_args' from command line to 'None'
[0.360s] Level 5:colcon.colcon_core.verb:set package 'scripts' build argument 'catkin_cmake_args' from command line to 'None'
[0.360s] Level 5:colcon.colcon_core.verb:set package 'scripts' build argument 'catkin_skip_building_tests' from command line to 'False'
[0.360s] DEBUG:colcon.colcon_core.verb:Building package 'scripts' with the following arguments: {'ament_cmake_args': None, 'build_base': '/home/tong/Projects/SwarmCombat/build/scripts', 'catkin_cmake_args': None, 'catkin_skip_building_tests': False, 'cmake_args': None, 'cmake_clean_cache': False, 'cmake_clean_first': False, 'cmake_force_configure': False, 'cmake_target': None, 'cmake_target_skip_unavailable': False, 'install_base': '/home/tong/Projects/SwarmCombat/install/scripts', 'merge_install': False, 'path': '/home/tong/Projects/SwarmCombat/src/scripts', 'symlink_install': True, 'test_result_base': None}
[0.360s] Level 5:colcon.colcon_core.verb:set package 'sim_clock' build argument 'cmake_args' from command line to 'None'
[0.360s] Level 5:colcon.colcon_core.verb:set package 'sim_clock' build argument 'cmake_target' from command line to 'None'
[0.360s] Level 5:colcon.colcon_core.verb:set package 'sim_clock' build argument 'cmake_target_skip_unavailable' from command line to 'False'
[0.360s] Level 5:colcon.colcon_core.verb:set package 'sim_clock' build argument 'cmake_clean_cache' from command line to 'False'
[0.360s] Level 5:colcon.colcon_core.verb:set package 'sim_clock' build argument 'cmake_clean_first' from command line to 'False'
[0.360s] Level 5:colcon.colcon_core.verb:set package 'sim_clock' build argument 'cmake_force_configure' from command line to 'False'
[0.360s] Level 5:colcon.colcon_core.verb:set package 'sim_clock' build argument 'ament_cmake_args' from command line to 'None'
[0.360s] Level 5:colcon.colcon_core.verb:set package 'sim_clock' build argument 'catkin_cmake_args' from command line to 'None'
[0.360s] Level 5:colcon.colcon_core.verb:set package 'sim_clock' build argument 'catkin_skip_building_tests' from command line to 'False'
[0.360s] DEBUG:colcon.colcon_core.verb:Building package 'sim_clock' with the following arguments: {'ament_cmake_args': None, 'build_base': '/home/tong/Projects/SwarmCombat/build/sim_clock', 'catkin_cmake_args': None, 'catkin_skip_building_tests': False, 'cmake_args': None, 'cmake_clean_cache': False, 'cmake_clean_first': False, 'cmake_force_configure': False, 'cmake_target': None, 'cmake_target_skip_unavailable': False, 'install_base': '/home/tong/Projects/SwarmCombat/install/sim_clock', 'merge_install': False, 'path': '/home/tong/Projects/SwarmCombat/src/utils/sim_clock', 'symlink_install': True, 'test_result_base': None}
[0.361s] Level 5:colcon.colcon_core.verb:set package 'sim_msgs' build argument 'cmake_args' from command line to 'None'
[0.361s] Level 5:colcon.colcon_core.verb:set package 'sim_msgs' build argument 'cmake_target' from command line to 'None'
[0.361s] Level 5:colcon.colcon_core.verb:set package 'sim_msgs' build argument 'cmake_target_skip_unavailable' from command line to 'False'
[0.361s] Level 5:colcon.colcon_core.verb:set package 'sim_msgs' build argument 'cmake_clean_cache' from command line to 'False'
[0.361s] Level 5:colcon.colcon_core.verb:set package 'sim_msgs' build argument 'cmake_clean_first' from command line to 'False'
[0.361s] Level 5:colcon.colcon_core.verb:set package 'sim_msgs' build argument 'cmake_force_configure' from command line to 'False'
[0.361s] Level 5:colcon.colcon_core.verb:set package 'sim_msgs' build argument 'ament_cmake_args' from command line to 'None'
[0.361s] Level 5:colcon.colcon_core.verb:set package 'sim_msgs' build argument 'catkin_cmake_args' from command line to 'None'
[0.361s] Level 5:colcon.colcon_core.verb:set package 'sim_msgs' build argument 'catkin_skip_building_tests' from command line to 'False'
[0.361s] DEBUG:colcon.colcon_core.verb:Building package 'sim_msgs' with the following arguments: {'ament_cmake_args': None, 'build_base': '/home/tong/Projects/SwarmCombat/build/sim_msgs', 'catkin_cmake_args': None, 'catkin_skip_building_tests': False, 'cmake_args': None, 'cmake_clean_cache': False, 'cmake_clean_first': False, 'cmake_force_configure': False, 'cmake_target': None, 'cmake_target_skip_unavailable': False, 'install_base': '/home/tong/Projects/SwarmCombat/install/sim_msgs', 'merge_install': False, 'path': '/home/tong/Projects/SwarmCombat/src/simulator/sim_msgs', 'symlink_install': True, 'test_result_base': None}
[0.361s] Level 5:colcon.colcon_core.verb:set package 'fw_plane' build argument 'cmake_args' from command line to 'None'
[0.361s] Level 5:colcon.colcon_core.verb:set package 'fw_plane' build argument 'cmake_target' from command line to 'None'
[0.361s] Level 5:colcon.colcon_core.verb:set package 'fw_plane' build argument 'cmake_target_skip_unavailable' from command line to 'False'
[0.361s] Level 5:colcon.colcon_core.verb:set package 'fw_plane' build argument 'cmake_clean_cache' from command line to 'False'
[0.361s] Level 5:colcon.colcon_core.verb:set package 'fw_plane' build argument 'cmake_clean_first' from command line to 'False'
[0.361s] Level 5:colcon.colcon_core.verb:set package 'fw_plane' build argument 'cmake_force_configure' from command line to 'False'
[0.361s] Level 5:colcon.colcon_core.verb:set package 'fw_plane' build argument 'ament_cmake_args' from command line to 'None'
[0.361s] Level 5:colcon.colcon_core.verb:set package 'fw_plane' build argument 'catkin_cmake_args' from command line to 'None'
[0.361s] Level 5:colcon.colcon_core.verb:set package 'fw_plane' build argument 'catkin_skip_building_tests' from command line to 'False'
[0.361s] DEBUG:colcon.colcon_core.verb:Building package 'fw_plane' with the following arguments: {'ament_cmake_args': None, 'build_base': '/home/tong/Projects/SwarmCombat/build/fw_plane', 'catkin_cmake_args': None, 'catkin_skip_building_tests': False, 'cmake_args': None, 'cmake_clean_cache': False, 'cmake_clean_first': False, 'cmake_force_configure': False, 'cmake_target': None, 'cmake_target_skip_unavailable': False, 'install_base': '/home/tong/Projects/SwarmCombat/install/fw_plane', 'merge_install': False, 'path': '/home/tong/Projects/SwarmCombat/src/simulator/fw_plane', 'symlink_install': True, 'test_result_base': None}
[0.361s] Level 5:colcon.colcon_core.verb:set package 'fwp_planner' build argument 'cmake_args' from command line to 'None'
[0.361s] Level 5:colcon.colcon_core.verb:set package 'fwp_planner' build argument 'cmake_target' from command line to 'None'
[0.362s] Level 5:colcon.colcon_core.verb:set package 'fwp_planner' build argument 'cmake_target_skip_unavailable' from command line to 'False'
[0.362s] Level 5:colcon.colcon_core.verb:set package 'fwp_planner' build argument 'cmake_clean_cache' from command line to 'False'
[0.362s] Level 5:colcon.colcon_core.verb:set package 'fwp_planner' build argument 'cmake_clean_first' from command line to 'False'
[0.362s] Level 5:colcon.colcon_core.verb:set package 'fwp_planner' build argument 'cmake_force_configure' from command line to 'False'
[0.362s] Level 5:colcon.colcon_core.verb:set package 'fwp_planner' build argument 'ament_cmake_args' from command line to 'None'
[0.362s] Level 5:colcon.colcon_core.verb:set package 'fwp_planner' build argument 'catkin_cmake_args' from command line to 'None'
[0.362s] Level 5:colcon.colcon_core.verb:set package 'fwp_planner' build argument 'catkin_skip_building_tests' from command line to 'False'
[0.362s] DEBUG:colcon.colcon_core.verb:Building package 'fwp_planner' with the following arguments: {'ament_cmake_args': None, 'build_base': '/home/tong/Projects/SwarmCombat/build/fwp_planner', 'catkin_cmake_args': None, 'catkin_skip_building_tests': False, 'cmake_args': None, 'cmake_clean_cache': False, 'cmake_clean_first': False, 'cmake_force_configure': False, 'cmake_target': None, 'cmake_target_skip_unavailable': False, 'install_base': '/home/tong/Projects/SwarmCombat/install/fwp_planner', 'merge_install': False, 'path': '/home/tong/Projects/SwarmCombat/src/autopilot/fwp_planner', 'symlink_install': True, 'test_result_base': None}
[0.362s] INFO:colcon.colcon_core.executor:Executing jobs using 'parallel' executor
[0.363s] DEBUG:colcon.colcon_parallel_executor.executor.parallel:run_until_complete
[0.363s] INFO:colcon.colcon_ros.task.ament_cmake.build:Building ROS package in '/home/tong/Projects/SwarmCombat/src/simulator/sim_msgs' with build type 'ament_cmake'
[0.363s] INFO:colcon.colcon_cmake.task.cmake.build:Building CMake package in '/home/tong/Projects/SwarmCombat/src/simulator/sim_msgs'
[0.366s] INFO:colcon.colcon_core.plugin_system:Skipping extension 'colcon_core.shell.bat': Not used on non-Windows systems
[0.366s] INFO:colcon.colcon_core.shell:Skip shell extension 'powershell' for command environment: Not usable outside of PowerShell
[0.366s] DEBUG:colcon.colcon_core.shell:Skip shell extension 'dsv' for command environment
[0.369s] INFO:colcon.colcon_cmake.task.cmake.build:Building CMake package in '/home/tong/Projects/SwarmCombat/src/autopilot/gcs_planner'
[0.369s] INFO:colcon.colcon_core.shell:Skip shell extension 'powershell' for command environment: Not usable outside of PowerShell
[0.370s] DEBUG:colcon.colcon_core.shell:Skip shell extension 'dsv' for command environment
[0.372s] INFO:colcon.colcon_ros.task.ament_python.build:Building ROS package in '/home/tong/Projects/SwarmCombat/src/scripts' with build type 'ament_python'
[0.372s] Level 1:colcon.colcon_core.shell:create_environment_hook('scripts', 'ament_prefix_path')
[0.373s] INFO:colcon.colcon_core.shell:Creating environment hook '/home/tong/Projects/SwarmCombat/install/scripts/share/scripts/hook/ament_prefix_path.ps1'
[0.373s] INFO:colcon.colcon_core.shell:Creating environment descriptor '/home/tong/Projects/SwarmCombat/install/scripts/share/scripts/hook/ament_prefix_path.dsv'
[0.374s] INFO:colcon.colcon_core.shell:Creating environment hook '/home/tong/Projects/SwarmCombat/install/scripts/share/scripts/hook/ament_prefix_path.sh'
[0.374s] INFO:colcon.colcon_core.shell:Skip shell extension 'powershell' for command environment: Not usable outside of PowerShell
[0.374s] DEBUG:colcon.colcon_core.shell:Skip shell extension 'dsv' for command environment
[0.377s] INFO:colcon.colcon_ros.task.ament_cmake.build:Building ROS package in '/home/tong/Projects/SwarmCombat/src/utils/sim_clock' with build type 'ament_cmake'
[0.378s] INFO:colcon.colcon_cmake.task.cmake.build:Building CMake package in '/home/tong/Projects/SwarmCombat/src/utils/sim_clock'
[0.378s] INFO:colcon.colcon_core.shell:Skip shell extension 'powershell' for command environment: Not usable outside of PowerShell
[0.378s] DEBUG:colcon.colcon_core.shell:Skip shell extension 'dsv' for command environment
[0.389s] DEBUG:colcon.colcon_core.event_handler.log_command:Invoking command in '/home/tong/Projects/SwarmCombat/build/sim_msgs': CMAKE_PREFIX_PATH=${CMAKE_PREFIX_PATH}:/home/tong/Projects/SwarmCombat/install/scripts:/opt/ros/humble /usr/bin/cmake --build /home/tong/Projects/SwarmCombat/build/sim_msgs -- -j32 -l32
[0.392s] DEBUG:colcon.colcon_core.event_handler.log_command:Invoking command in '/home/tong/Projects/SwarmCombat/build/gcs_planner': /usr/bin/cmake --build /home/tong/Projects/SwarmCombat/build/gcs_planner -- -j32 -l32
[0.591s] INFO:colcon.colcon_core.task.python.build:Building Python package in '/home/tong/Projects/SwarmCombat/src/scripts'
[0.591s] INFO:colcon.colcon_core.shell:Skip shell extension 'powershell' for command environment: Not usable outside of PowerShell
[0.591s] DEBUG:colcon.colcon_core.shell:Skip shell extension 'dsv' for command environment
[0.605s] DEBUG:colcon.colcon_core.event_handler.log_command:Invoking command in '/home/tong/Projects/SwarmCombat/build/sim_clock': CMAKE_PREFIX_PATH=${CMAKE_PREFIX_PATH}:/home/tong/Projects/SwarmCombat/install/scripts:/opt/ros/humble /usr/bin/cmake --build /home/tong/Projects/SwarmCombat/build/sim_clock -- -j32 -l32
[0.605s] DEBUG:colcon.colcon_core.event_handler.log_command:Invoked command in '/home/tong/Projects/SwarmCombat/build/gcs_planner' returned '0': /usr/bin/cmake --build /home/tong/Projects/SwarmCombat/build/gcs_planner -- -j32 -l32
[0.604s] WARNING:colcon.colcon_cmake.task.cmake.build:Could not run installation step for package 'gcs_planner' because it has no 'install' target
[0.605s] Level 1:colcon.colcon_core.environment:create_environment_scripts_only(gcs_planner)
[0.607s] Level 1:colcon.colcon_core.environment:checking '/home/tong/Projects/SwarmCombat/install/gcs_planner' for CMake module files
[0.607s] Level 1:colcon.colcon_core.environment:checking '/home/tong/Projects/SwarmCombat/install/gcs_planner' for CMake config files
[0.607s] Level 1:colcon.colcon_core.environment:checking '/home/tong/Projects/SwarmCombat/install/gcs_planner/bin'
[0.607s] Level 1:colcon.colcon_core.environment:checking '/home/tong/Projects/SwarmCombat/install/gcs_planner/lib/pkgconfig/gcs_planner.pc'
[0.607s] Level 1:colcon.colcon_core.environment:checking '/home/tong/Projects/SwarmCombat/install/gcs_planner/lib/python3.10/site-packages'
[0.608s] Level 1:colcon.colcon_core.environment:checking '/home/tong/Projects/SwarmCombat/install/gcs_planner/bin'
[0.608s] INFO:colcon.colcon_core.shell:Creating package script '/home/tong/Projects/SwarmCombat/install/gcs_planner/share/gcs_planner/package.ps1'
[0.608s] INFO:colcon.colcon_core.shell:Creating package descriptor '/home/tong/Projects/SwarmCombat/install/gcs_planner/share/gcs_planner/package.dsv'
[0.609s] INFO:colcon.colcon_core.shell:Creating package script '/home/tong/Projects/SwarmCombat/install/gcs_planner/share/gcs_planner/package.sh'
[0.609s] INFO:colcon.colcon_core.shell:Creating package script '/home/tong/Projects/SwarmCombat/install/gcs_planner/share/gcs_planner/package.bash'
[0.610s] INFO:colcon.colcon_core.shell:Creating package script '/home/tong/Projects/SwarmCombat/install/gcs_planner/share/gcs_planner/package.zsh'
[0.610s] Level 1:colcon.colcon_core.environment:create_file_with_runtime_dependencies(/home/tong/Projects/SwarmCombat/install/gcs_planner/share/colcon-core/packages/gcs_planner)
[0.688s] DEBUG:colcon.colcon_core.event_handler.log_command:Invoked command in '/home/tong/Projects/SwarmCombat/build/sim_msgs' returned '0': CMAKE_PREFIX_PATH=${CMAKE_PREFIX_PATH}:/home/tong/Projects/SwarmCombat/install/scripts:/opt/ros/humble /usr/bin/cmake --build /home/tong/Projects/SwarmCombat/build/sim_msgs -- -j32 -l32
[0.697s] DEBUG:colcon.colcon_core.event_handler.log_command:Invoking command in '/home/tong/Projects/SwarmCombat/build/sim_msgs': CMAKE_PREFIX_PATH=${CMAKE_PREFIX_PATH}:/home/tong/Projects/SwarmCombat/install/scripts:/opt/ros/humble /usr/bin/cmake --install /home/tong/Projects/SwarmCombat/build/sim_msgs
[0.763s] Level 1:colcon.colcon_core.environment:create_environment_scripts_only(sim_msgs)
[0.763s] Level 1:colcon.colcon_core.environment:checking '/home/tong/Projects/SwarmCombat/install/sim_msgs' for CMake module files
[0.764s] DEBUG:colcon.colcon_core.event_handler.log_command:Invoked command in '/home/tong/Projects/SwarmCombat/build/sim_msgs' returned '0': CMAKE_PREFIX_PATH=${CMAKE_PREFIX_PATH}:/home/tong/Projects/SwarmCombat/install/scripts:/opt/ros/humble /usr/bin/cmake --install /home/tong/Projects/SwarmCombat/build/sim_msgs
[0.764s] Level 1:colcon.colcon_core.environment:checking '/home/tong/Projects/SwarmCombat/install/sim_msgs' for CMake config files
[0.765s] Level 1:colcon.colcon_core.shell:create_environment_hook('sim_msgs', 'cmake_prefix_path')
[0.765s] INFO:colcon.colcon_core.shell:Creating environment hook '/home/tong/Projects/SwarmCombat/install/sim_msgs/share/sim_msgs/hook/cmake_prefix_path.ps1'
[0.765s] INFO:colcon.colcon_core.shell:Creating environment descriptor '/home/tong/Projects/SwarmCombat/install/sim_msgs/share/sim_msgs/hook/cmake_prefix_path.dsv'
[0.766s] INFO:colcon.colcon_core.shell:Creating environment hook '/home/tong/Projects/SwarmCombat/install/sim_msgs/share/sim_msgs/hook/cmake_prefix_path.sh'
[0.766s] Level 1:colcon.colcon_core.environment:checking '/home/tong/Projects/SwarmCombat/install/sim_msgs/lib'
[0.766s] Level 1:colcon.colcon_core.shell:create_environment_hook('sim_msgs', 'ld_library_path_lib')
[0.767s] INFO:colcon.colcon_core.shell:Creating environment hook '/home/tong/Projects/SwarmCombat/install/sim_msgs/share/sim_msgs/hook/ld_library_path_lib.ps1'
[0.767s] INFO:colcon.colcon_core.shell:Creating environment descriptor '/home/tong/Projects/SwarmCombat/install/sim_msgs/share/sim_msgs/hook/ld_library_path_lib.dsv'
[0.767s] INFO:colcon.colcon_core.shell:Creating environment hook '/home/tong/Projects/SwarmCombat/install/sim_msgs/share/sim_msgs/hook/ld_library_path_lib.sh'
[0.767s] Level 1:colcon.colcon_core.environment:checking '/home/tong/Projects/SwarmCombat/install/sim_msgs/bin'
[0.768s] Level 1:colcon.colcon_core.environment:checking '/home/tong/Projects/SwarmCombat/install/sim_msgs/lib/pkgconfig/sim_msgs.pc'
[0.768s] Level 1:colcon.colcon_core.environment:checking '/home/tong/Projects/SwarmCombat/install/sim_msgs/lib/python3.10/site-packages'
[0.768s] Level 1:colcon.colcon_core.environment:checking '/home/tong/Projects/SwarmCombat/install/sim_msgs/bin'
[0.768s] INFO:colcon.colcon_core.shell:Creating package script '/home/tong/Projects/SwarmCombat/install/sim_msgs/share/sim_msgs/package.ps1'
[0.769s] INFO:colcon.colcon_core.shell:Creating package descriptor '/home/tong/Projects/SwarmCombat/install/sim_msgs/share/sim_msgs/package.dsv'
[0.769s] INFO:colcon.colcon_core.shell:Creating package script '/home/tong/Projects/SwarmCombat/install/sim_msgs/share/sim_msgs/package.sh'
[0.769s] INFO:colcon.colcon_core.shell:Creating package script '/home/tong/Projects/SwarmCombat/install/sim_msgs/share/sim_msgs/package.bash'
[0.769s] INFO:colcon.colcon_core.shell:Creating package script '/home/tong/Projects/SwarmCombat/install/sim_msgs/share/sim_msgs/package.zsh'
[0.770s] Level 1:colcon.colcon_core.environment:create_file_with_runtime_dependencies(/home/tong/Projects/SwarmCombat/install/sim_msgs/share/colcon-core/packages/sim_msgs)
[0.770s] Level 1:colcon.colcon_core.environment:create_environment_scripts_only(sim_msgs)
[0.770s] Level 1:colcon.colcon_core.environment:checking '/home/tong/Projects/SwarmCombat/install/sim_msgs' for CMake module files
[0.771s] Level 1:colcon.colcon_core.environment:checking '/home/tong/Projects/SwarmCombat/install/sim_msgs' for CMake config files
[0.771s] Level 1:colcon.colcon_core.shell:create_environment_hook('sim_msgs', 'cmake_prefix_path')
[0.772s] INFO:colcon.colcon_core.shell:Creating environment hook '/home/tong/Projects/SwarmCombat/install/sim_msgs/share/sim_msgs/hook/cmake_prefix_path.ps1'
[0.772s] INFO:colcon.colcon_core.shell:Creating environment descriptor '/home/tong/Projects/SwarmCombat/install/sim_msgs/share/sim_msgs/hook/cmake_prefix_path.dsv'
[0.772s] INFO:colcon.colcon_core.shell:Creating environment hook '/home/tong/Projects/SwarmCombat/install/sim_msgs/share/sim_msgs/hook/cmake_prefix_path.sh'
[0.773s] Level 1:colcon.colcon_core.environment:checking '/home/tong/Projects/SwarmCombat/install/sim_msgs/lib'
[0.773s] Level 1:colcon.colcon_core.shell:create_environment_hook('sim_msgs', 'ld_library_path_lib')
[0.773s] INFO:colcon.colcon_core.shell:Creating environment hook '/home/tong/Projects/SwarmCombat/install/sim_msgs/share/sim_msgs/hook/ld_library_path_lib.ps1'
[0.773s] INFO:colcon.colcon_core.shell:Creating environment descriptor '/home/tong/Projects/SwarmCombat/install/sim_msgs/share/sim_msgs/hook/ld_library_path_lib.dsv'
[0.774s] INFO:colcon.colcon_core.shell:Creating environment hook '/home/tong/Projects/SwarmCombat/install/sim_msgs/share/sim_msgs/hook/ld_library_path_lib.sh'
[0.774s] Level 1:colcon.colcon_core.environment:checking '/home/tong/Projects/SwarmCombat/install/sim_msgs/bin'
[0.774s] Level 1:colcon.colcon_core.environment:checking '/home/tong/Projects/SwarmCombat/install/sim_msgs/lib/pkgconfig/sim_msgs.pc'
[0.774s] Level 1:colcon.colcon_core.environment:checking '/home/tong/Projects/SwarmCombat/install/sim_msgs/lib/python3.10/site-packages'
[0.775s] Level 1:colcon.colcon_core.environment:checking '/home/tong/Projects/SwarmCombat/install/sim_msgs/bin'
[0.775s] INFO:colcon.colcon_core.shell:Creating package script '/home/tong/Projects/SwarmCombat/install/sim_msgs/share/sim_msgs/package.ps1'
[0.775s] INFO:colcon.colcon_core.shell:Creating package descriptor '/home/tong/Projects/SwarmCombat/install/sim_msgs/share/sim_msgs/package.dsv'
[0.776s] INFO:colcon.colcon_core.shell:Creating package script '/home/tong/Projects/SwarmCombat/install/sim_msgs/share/sim_msgs/package.sh'
[0.776s] INFO:colcon.colcon_core.shell:Creating package script '/home/tong/Projects/SwarmCombat/install/sim_msgs/share/sim_msgs/package.bash'
[0.777s] INFO:colcon.colcon_core.shell:Creating package script '/home/tong/Projects/SwarmCombat/install/sim_msgs/share/sim_msgs/package.zsh'
[0.777s] Level 1:colcon.colcon_core.environment:create_file_with_runtime_dependencies(/home/tong/Projects/SwarmCombat/install/sim_msgs/share/colcon-core/packages/sim_msgs)
[0.777s] INFO:colcon.colcon_ros.task.ament_cmake.build:Building ROS package in '/home/tong/Projects/SwarmCombat/src/simulator/fw_plane' with build type 'ament_cmake'
[0.778s] INFO:colcon.colcon_cmake.task.cmake.build:Building CMake package in '/home/tong/Projects/SwarmCombat/src/simulator/fw_plane'
[0.778s] INFO:colcon.colcon_core.shell:Skip shell extension 'powershell' for command environment: Not usable outside of PowerShell
[0.778s] DEBUG:colcon.colcon_core.shell:Skip shell extension 'dsv' for command environment
[0.782s] INFO:colcon.colcon_ros.task.ament_cmake.build:Building ROS package in '/home/tong/Projects/SwarmCombat/src/autopilot/fwp_planner' with build type 'ament_cmake'
[0.782s] INFO:colcon.colcon_cmake.task.cmake.build:Building CMake package in '/home/tong/Projects/SwarmCombat/src/autopilot/fwp_planner'
[0.782s] INFO:colcon.colcon_core.shell:Skip shell extension 'powershell' for command environment: Not usable outside of PowerShell
[0.782s] DEBUG:colcon.colcon_core.shell:Skip shell extension 'dsv' for command environment
[0.836s] DEBUG:colcon.colcon_core.event_handler.log_command:Invoking command in '/home/tong/Projects/SwarmCombat/build/fw_plane': AMENT_PREFIX_PATH=/home/tong/Projects/SwarmCombat/install/sim_msgs:${AMENT_PREFIX_PATH} CMAKE_PREFIX_PATH=/home/tong/Projects/SwarmCombat/install/sim_msgs:/home/tong/Projects/SwarmCombat/install/fwp_planner:/home/tong/Projects/SwarmCombat/install/fw_plane:/home/tong/Projects/SwarmCombat/install/sim_clock:/home/tong/Projects/SwarmCombat/install/scripts:/opt/ros/humble LD_LIBRARY_PATH=/home/tong/Projects/SwarmCombat/install/sim_msgs/lib:/home/tong/Projects/SwarmCombat/install/fwp_planner/lib:/home/tong/Projects/SwarmCombat/install/sim_clock/lib:/usr/local/cuda/lib64:/usr/local/cuda/lib64:/opt/ros/humble/opt/rviz_ogre_vendor/lib:/opt/ros/humble/lib/x86_64-linux-gnu:/opt/ros/humble/lib PYTHONPATH=/home/tong/Projects/SwarmCombat/install/sim_msgs/local/lib/python3.10/dist-packages:${PYTHONPATH} /usr/bin/cmake --build /home/tong/Projects/SwarmCombat/build/fw_plane -- -j32 -l32
[0.839s] DEBUG:colcon.colcon_core.event_handler.log_command:Invoking command in '/home/tong/Projects/SwarmCombat/build/fwp_planner': AMENT_PREFIX_PATH=/home/tong/Projects/SwarmCombat/install/sim_msgs:${AMENT_PREFIX_PATH} CMAKE_PREFIX_PATH=/home/tong/Projects/SwarmCombat/install/sim_msgs:/home/tong/Projects/SwarmCombat/install/fwp_planner:/home/tong/Projects/SwarmCombat/install/fw_plane:/home/tong/Projects/SwarmCombat/install/sim_clock:/home/tong/Projects/SwarmCombat/install/scripts:/opt/ros/humble LD_LIBRARY_PATH=/home/tong/Projects/SwarmCombat/install/sim_msgs/lib:/home/tong/Projects/SwarmCombat/install/fwp_planner/lib:/home/tong/Projects/SwarmCombat/install/sim_clock/lib:/usr/local/cuda/lib64:/usr/local/cuda/lib64:/opt/ros/humble/opt/rviz_ogre_vendor/lib:/opt/ros/humble/lib/x86_64-linux-gnu:/opt/ros/humble/lib PYTHONPATH=/home/tong/Projects/SwarmCombat/install/sim_msgs/local/lib/python3.10/dist-packages:${PYTHONPATH} /usr/bin/cmake --build /home/tong/Projects/SwarmCombat/build/fwp_planner -- -j32 -l32
[0.887s] DEBUG:colcon.colcon_core.event_handler.log_command:Invoked command in '/home/tong/Projects/SwarmCombat/build/sim_clock' returned '0': CMAKE_PREFIX_PATH=${CMAKE_PREFIX_PATH}:/home/tong/Projects/SwarmCombat/install/scripts:/opt/ros/humble /usr/bin/cmake --build /home/tong/Projects/SwarmCombat/build/sim_clock -- -j32 -l32
[0.890s] DEBUG:colcon.colcon_core.event_handler.log_command:Invoking command in '/home/tong/Projects/SwarmCombat/build/sim_clock': CMAKE_PREFIX_PATH=${CMAKE_PREFIX_PATH}:/home/tong/Projects/SwarmCombat/install/scripts:/opt/ros/humble /usr/bin/cmake --install /home/tong/Projects/SwarmCombat/build/sim_clock
[0.912s] DEBUG:colcon.colcon_core.event_handler.log_command:Invoking command in '/home/tong/Projects/SwarmCombat/build/scripts': PYTHONPATH=/home/tong/Projects/SwarmCombat/build/scripts/prefix_override:/usr/lib/python3/dist-packages/colcon_core/task/python/colcon_distutils_commands:/home/tong/Projects/SwarmCombat/install/scripts/lib/python3.10/site-packages:${PYTHONPATH} /usr/bin/python3 -W ignore:setup.py install is deprecated -W ignore:easy_install command is deprecated setup.py develop --editable --build-directory /home/tong/Projects/SwarmCombat/build/scripts/build --no-deps symlink_data
[0.922s] DEBUG:colcon.colcon_core.event_handler.log_command:Invoked command in '/home/tong/Projects/SwarmCombat/build/fw_plane' returned '0': AMENT_PREFIX_PATH=/home/tong/Projects/SwarmCombat/install/sim_msgs:${AMENT_PREFIX_PATH} CMAKE_PREFIX_PATH=/home/tong/Projects/SwarmCombat/install/sim_msgs:/home/tong/Projects/SwarmCombat/install/fwp_planner:/home/tong/Projects/SwarmCombat/install/fw_plane:/home/tong/Projects/SwarmCombat/install/sim_clock:/home/tong/Projects/SwarmCombat/install/scripts:/opt/ros/humble LD_LIBRARY_PATH=/home/tong/Projects/SwarmCombat/install/sim_msgs/lib:/home/tong/Projects/SwarmCombat/install/fwp_planner/lib:/home/tong/Projects/SwarmCombat/install/sim_clock/lib:/usr/local/cuda/lib64:/usr/local/cuda/lib64:/opt/ros/humble/opt/rviz_ogre_vendor/lib:/opt/ros/humble/lib/x86_64-linux-gnu:/opt/ros/humble/lib PYTHONPATH=/home/tong/Projects/SwarmCombat/install/sim_msgs/local/lib/python3.10/dist-packages:${PYTHONPATH} /usr/bin/cmake --build /home/tong/Projects/SwarmCombat/build/fw_plane -- -j32 -l32
[0.926s] DEBUG:colcon.colcon_core.event_handler.log_command:Invoking command in '/home/tong/Projects/SwarmCombat/build/fw_plane': AMENT_PREFIX_PATH=/home/tong/Projects/SwarmCombat/install/sim_msgs:${AMENT_PREFIX_PATH} CMAKE_PREFIX_PATH=/home/tong/Projects/SwarmCombat/install/sim_msgs:/home/tong/Projects/SwarmCombat/install/fwp_planner:/home/tong/Projects/SwarmCombat/install/fw_plane:/home/tong/Projects/SwarmCombat/install/sim_clock:/home/tong/Projects/SwarmCombat/install/scripts:/opt/ros/humble LD_LIBRARY_PATH=/home/tong/Projects/SwarmCombat/install/sim_msgs/lib:/home/tong/Projects/SwarmCombat/install/fwp_planner/lib:/home/tong/Projects/SwarmCombat/install/sim_clock/lib:/usr/local/cuda/lib64:/usr/local/cuda/lib64:/opt/ros/humble/opt/rviz_ogre_vendor/lib:/opt/ros/humble/lib/x86_64-linux-gnu:/opt/ros/humble/lib PYTHONPATH=/home/tong/Projects/SwarmCombat/install/sim_msgs/local/lib/python3.10/dist-packages:${PYTHONPATH} /usr/bin/cmake --install /home/tong/Projects/SwarmCombat/build/fw_plane
[0.951s] Level 1:colcon.colcon_core.environment:create_environment_scripts_only(fw_plane)
[0.951s] Level 1:colcon.colcon_core.environment:checking '/home/tong/Projects/SwarmCombat/install/fw_plane' for CMake module files
[0.952s] DEBUG:colcon.colcon_core.event_handler.log_command:Invoked command in '/home/tong/Projects/SwarmCombat/build/fw_plane' returned '0': AMENT_PREFIX_PATH=/home/tong/Projects/SwarmCombat/install/sim_msgs:${AMENT_PREFIX_PATH} CMAKE_PREFIX_PATH=/home/tong/Projects/SwarmCombat/install/sim_msgs:/home/tong/Projects/SwarmCombat/install/fwp_planner:/home/tong/Projects/SwarmCombat/install/fw_plane:/home/tong/Projects/SwarmCombat/install/sim_clock:/home/tong/Projects/SwarmCombat/install/scripts:/opt/ros/humble LD_LIBRARY_PATH=/home/tong/Projects/SwarmCombat/install/sim_msgs/lib:/home/tong/Projects/SwarmCombat/install/fwp_planner/lib:/home/tong/Projects/SwarmCombat/install/sim_clock/lib:/usr/local/cuda/lib64:/usr/local/cuda/lib64:/opt/ros/humble/opt/rviz_ogre_vendor/lib:/opt/ros/humble/lib/x86_64-linux-gnu:/opt/ros/humble/lib PYTHONPATH=/home/tong/Projects/SwarmCombat/install/sim_msgs/local/lib/python3.10/dist-packages:${PYTHONPATH} /usr/bin/cmake --install /home/tong/Projects/SwarmCombat/build/fw_plane
[0.952s] Level 1:colcon.colcon_core.environment:checking '/home/tong/Projects/SwarmCombat/install/fw_plane' for CMake config files
[0.953s] Level 1:colcon.colcon_core.shell:create_environment_hook('fw_plane', 'cmake_prefix_path')
[0.953s] INFO:colcon.colcon_core.shell:Creating environment hook '/home/tong/Projects/SwarmCombat/install/fw_plane/share/fw_plane/hook/cmake_prefix_path.ps1'
[0.953s] INFO:colcon.colcon_core.shell:Creating environment descriptor '/home/tong/Projects/SwarmCombat/install/fw_plane/share/fw_plane/hook/cmake_prefix_path.dsv'
[0.953s] INFO:colcon.colcon_core.shell:Creating environment hook '/home/tong/Projects/SwarmCombat/install/fw_plane/share/fw_plane/hook/cmake_prefix_path.sh'
[0.954s] Level 1:colcon.colcon_core.environment:checking '/home/tong/Projects/SwarmCombat/install/fw_plane/lib'
[0.954s] Level 1:colcon.colcon_core.environment:checking '/home/tong/Projects/SwarmCombat/install/fw_plane/bin'
[0.954s] Level 1:colcon.colcon_core.environment:checking '/home/tong/Projects/SwarmCombat/install/fw_plane/lib/pkgconfig/fw_plane.pc'
[0.954s] Level 1:colcon.colcon_core.environment:checking '/home/tong/Projects/SwarmCombat/install/fw_plane/lib/python3.10/site-packages'
[0.954s] Level 1:colcon.colcon_core.environment:checking '/home/tong/Projects/SwarmCombat/install/fw_plane/bin'
[0.955s] INFO:colcon.colcon_core.shell:Creating package script '/home/tong/Projects/SwarmCombat/install/fw_plane/share/fw_plane/package.ps1'
[0.956s] INFO:colcon.colcon_core.shell:Creating package descriptor '/home/tong/Projects/SwarmCombat/install/fw_plane/share/fw_plane/package.dsv'
[0.956s] INFO:colcon.colcon_core.shell:Creating package script '/home/tong/Projects/SwarmCombat/install/fw_plane/share/fw_plane/package.sh'
[0.956s] INFO:colcon.colcon_core.shell:Creating package script '/home/tong/Projects/SwarmCombat/install/fw_plane/share/fw_plane/package.bash'
[0.956s] INFO:colcon.colcon_core.shell:Creating package script '/home/tong/Projects/SwarmCombat/install/fw_plane/share/fw_plane/package.zsh'
[0.957s] Level 1:colcon.colcon_core.environment:create_file_with_runtime_dependencies(/home/tong/Projects/SwarmCombat/install/fw_plane/share/colcon-core/packages/fw_plane)
[0.957s] Level 1:colcon.colcon_core.environment:create_environment_scripts_only(fw_plane)
[0.957s] Level 1:colcon.colcon_core.environment:checking '/home/tong/Projects/SwarmCombat/install/fw_plane' for CMake module files
[0.958s] Level 1:colcon.colcon_core.environment:checking '/home/tong/Projects/SwarmCombat/install/fw_plane' for CMake config files
[0.958s] Level 1:colcon.colcon_core.shell:create_environment_hook('fw_plane', 'cmake_prefix_path')
[0.958s] INFO:colcon.colcon_core.shell:Creating environment hook '/home/tong/Projects/SwarmCombat/install/fw_plane/share/fw_plane/hook/cmake_prefix_path.ps1'
[0.958s] INFO:colcon.colcon_core.shell:Creating environment descriptor '/home/tong/Projects/SwarmCombat/install/fw_plane/share/fw_plane/hook/cmake_prefix_path.dsv'
[0.959s] INFO:colcon.colcon_core.shell:Creating environment hook '/home/tong/Projects/SwarmCombat/install/fw_plane/share/fw_plane/hook/cmake_prefix_path.sh'
[0.960s] Level 1:colcon.colcon_core.environment:checking '/home/tong/Projects/SwarmCombat/install/fw_plane/lib'
[0.960s] Level 1:colcon.colcon_core.environment:checking '/home/tong/Projects/SwarmCombat/install/fw_plane/bin'
[0.960s] Level 1:colcon.colcon_core.environment:checking '/home/tong/Projects/SwarmCombat/install/fw_plane/lib/pkgconfig/fw_plane.pc'
[0.961s] Level 1:colcon.colcon_core.environment:checking '/home/tong/Projects/SwarmCombat/install/fw_plane/lib/python3.10/site-packages'
[0.961s] Level 1:colcon.colcon_core.environment:checking '/home/tong/Projects/SwarmCombat/install/fw_plane/bin'
[0.961s] INFO:colcon.colcon_core.shell:Creating package script '/home/tong/Projects/SwarmCombat/install/fw_plane/share/fw_plane/package.ps1'
[0.963s] INFO:colcon.colcon_core.shell:Creating package descriptor '/home/tong/Projects/SwarmCombat/install/fw_plane/share/fw_plane/package.dsv'
[0.965s] INFO:colcon.colcon_core.shell:Creating package script '/home/tong/Projects/SwarmCombat/install/fw_plane/share/fw_plane/package.sh'
[0.965s] INFO:colcon.colcon_core.shell:Creating package script '/home/tong/Projects/SwarmCombat/install/fw_plane/share/fw_plane/package.bash'
[0.966s] INFO:colcon.colcon_core.shell:Creating package script '/home/tong/Projects/SwarmCombat/install/fw_plane/share/fw_plane/package.zsh'
[0.966s] Level 1:colcon.colcon_core.environment:create_file_with_runtime_dependencies(/home/tong/Projects/SwarmCombat/install/fw_plane/share/colcon-core/packages/fw_plane)
[0.968s] Level 1:colcon.colcon_core.environment:create_environment_scripts_only(sim_clock)
[0.968s] Level 1:colcon.colcon_core.environment:checking '/home/tong/Projects/SwarmCombat/install/sim_clock' for CMake module files
[0.969s] DEBUG:colcon.colcon_core.event_handler.log_command:Invoked command in '/home/tong/Projects/SwarmCombat/build/sim_clock' returned '0': CMAKE_PREFIX_PATH=${CMAKE_PREFIX_PATH}:/home/tong/Projects/SwarmCombat/install/scripts:/opt/ros/humble /usr/bin/cmake --install /home/tong/Projects/SwarmCombat/build/sim_clock
[0.969s] Level 1:colcon.colcon_core.environment:checking '/home/tong/Projects/SwarmCombat/install/sim_clock' for CMake config files
[0.970s] Level 1:colcon.colcon_core.shell:create_environment_hook('sim_clock', 'cmake_prefix_path')
[0.970s] INFO:colcon.colcon_core.shell:Creating environment hook '/home/tong/Projects/SwarmCombat/install/sim_clock/share/sim_clock/hook/cmake_prefix_path.ps1'
[0.970s] INFO:colcon.colcon_core.shell:Creating environment descriptor '/home/tong/Projects/SwarmCombat/install/sim_clock/share/sim_clock/hook/cmake_prefix_path.dsv'
[0.970s] INFO:colcon.colcon_core.shell:Creating environment hook '/home/tong/Projects/SwarmCombat/install/sim_clock/share/sim_clock/hook/cmake_prefix_path.sh'
[0.971s] Level 1:colcon.colcon_core.environment:checking '/home/tong/Projects/SwarmCombat/install/sim_clock/lib'
[0.971s] Level 1:colcon.colcon_core.shell:create_environment_hook('sim_clock', 'ld_library_path_lib')
[0.971s] INFO:colcon.colcon_core.shell:Creating environment hook '/home/tong/Projects/SwarmCombat/install/sim_clock/share/sim_clock/hook/ld_library_path_lib.ps1'
[0.971s] INFO:colcon.colcon_core.shell:Creating environment descriptor '/home/tong/Projects/SwarmCombat/install/sim_clock/share/sim_clock/hook/ld_library_path_lib.dsv'
[0.972s] INFO:colcon.colcon_core.shell:Creating environment hook '/home/tong/Projects/SwarmCombat/install/sim_clock/share/sim_clock/hook/ld_library_path_lib.sh'
[0.972s] Level 1:colcon.colcon_core.environment:checking '/home/tong/Projects/SwarmCombat/install/sim_clock/bin'
[0.972s] Level 1:colcon.colcon_core.environment:checking '/home/tong/Projects/SwarmCombat/install/sim_clock/lib/pkgconfig/sim_clock.pc'
[0.972s] Level 1:colcon.colcon_core.environment:checking '/home/tong/Projects/SwarmCombat/install/sim_clock/lib/python3.10/site-packages'
[0.972s] Level 1:colcon.colcon_core.environment:checking '/home/tong/Projects/SwarmCombat/install/sim_clock/bin'
[0.973s] INFO:colcon.colcon_core.shell:Creating package script '/home/tong/Projects/SwarmCombat/install/sim_clock/share/sim_clock/package.ps1'
[0.973s] INFO:colcon.colcon_core.shell:Creating package descriptor '/home/tong/Projects/SwarmCombat/install/sim_clock/share/sim_clock/package.dsv'
[0.974s] INFO:colcon.colcon_core.shell:Creating package script '/home/tong/Projects/SwarmCombat/install/sim_clock/share/sim_clock/package.sh'
[0.974s] INFO:colcon.colcon_core.shell:Creating package script '/home/tong/Projects/SwarmCombat/install/sim_clock/share/sim_clock/package.bash'
[0.974s] INFO:colcon.colcon_core.shell:Creating package script '/home/tong/Projects/SwarmCombat/install/sim_clock/share/sim_clock/package.zsh'
[0.975s] Level 1:colcon.colcon_core.environment:create_file_with_runtime_dependencies(/home/tong/Projects/SwarmCombat/install/sim_clock/share/colcon-core/packages/sim_clock)
[0.975s] Level 1:colcon.colcon_core.environment:create_environment_scripts_only(sim_clock)
[0.975s] Level 1:colcon.colcon_core.environment:checking '/home/tong/Projects/SwarmCombat/install/sim_clock' for CMake module files
[0.976s] Level 1:colcon.colcon_core.environment:checking '/home/tong/Projects/SwarmCombat/install/sim_clock' for CMake config files
[0.976s] Level 1:colcon.colcon_core.shell:create_environment_hook('sim_clock', 'cmake_prefix_path')
[0.976s] INFO:colcon.colcon_core.shell:Creating environment hook '/home/tong/Projects/SwarmCombat/install/sim_clock/share/sim_clock/hook/cmake_prefix_path.ps1'
[0.977s] INFO:colcon.colcon_core.shell:Creating environment descriptor '/home/tong/Projects/SwarmCombat/install/sim_clock/share/sim_clock/hook/cmake_prefix_path.dsv'
[0.977s] INFO:colcon.colcon_core.shell:Creating environment hook '/home/tong/Projects/SwarmCombat/install/sim_clock/share/sim_clock/hook/cmake_prefix_path.sh'
[0.977s] Level 1:colcon.colcon_core.environment:checking '/home/tong/Projects/SwarmCombat/install/sim_clock/lib'
[0.978s] Level 1:colcon.colcon_core.shell:create_environment_hook('sim_clock', 'ld_library_path_lib')
[0.978s] INFO:colcon.colcon_core.shell:Creating environment hook '/home/tong/Projects/SwarmCombat/install/sim_clock/share/sim_clock/hook/ld_library_path_lib.ps1'
[0.978s] INFO:colcon.colcon_core.shell:Creating environment descriptor '/home/tong/Projects/SwarmCombat/install/sim_clock/share/sim_clock/hook/ld_library_path_lib.dsv'
[0.978s] INFO:colcon.colcon_core.shell:Creating environment hook '/home/tong/Projects/SwarmCombat/install/sim_clock/share/sim_clock/hook/ld_library_path_lib.sh'
[0.978s] Level 1:colcon.colcon_core.environment:checking '/home/tong/Projects/SwarmCombat/install/sim_clock/bin'
[0.979s] Level 1:colcon.colcon_core.environment:checking '/home/tong/Projects/SwarmCombat/install/sim_clock/lib/pkgconfig/sim_clock.pc'
[0.979s] Level 1:colcon.colcon_core.environment:checking '/home/tong/Projects/SwarmCombat/install/sim_clock/lib/python3.10/site-packages'
[0.979s] Level 1:colcon.colcon_core.environment:checking '/home/tong/Projects/SwarmCombat/install/sim_clock/bin'
[0.979s] INFO:colcon.colcon_core.shell:Creating package script '/home/tong/Projects/SwarmCombat/install/sim_clock/share/sim_clock/package.ps1'
[0.980s] INFO:colcon.colcon_core.shell:Creating package descriptor '/home/tong/Projects/SwarmCombat/install/sim_clock/share/sim_clock/package.dsv'
[0.980s] INFO:colcon.colcon_core.shell:Creating package script '/home/tong/Projects/SwarmCombat/install/sim_clock/share/sim_clock/package.sh'
[0.981s] INFO:colcon.colcon_core.shell:Creating package script '/home/tong/Projects/SwarmCombat/install/sim_clock/share/sim_clock/package.bash'
[0.981s] INFO:colcon.colcon_core.shell:Creating package script '/home/tong/Projects/SwarmCombat/install/sim_clock/share/sim_clock/package.zsh'
[0.981s] Level 1:colcon.colcon_core.environment:create_file_with_runtime_dependencies(/home/tong/Projects/SwarmCombat/install/sim_clock/share/colcon-core/packages/sim_clock)
[1.131s] DEBUG:colcon.colcon_core.event_handler.log_command:Invoked command in '/home/tong/Projects/SwarmCombat/build/fwp_planner' returned '0': AMENT_PREFIX_PATH=/home/tong/Projects/SwarmCombat/install/sim_msgs:${AMENT_PREFIX_PATH} CMAKE_PREFIX_PATH=/home/tong/Projects/SwarmCombat/install/sim_msgs:/home/tong/Projects/SwarmCombat/install/fwp_planner:/home/tong/Projects/SwarmCombat/install/fw_plane:/home/tong/Projects/SwarmCombat/install/sim_clock:/home/tong/Projects/SwarmCombat/install/scripts:/opt/ros/humble LD_LIBRARY_PATH=/home/tong/Projects/SwarmCombat/install/sim_msgs/lib:/home/tong/Projects/SwarmCombat/install/fwp_planner/lib:/home/tong/Projects/SwarmCombat/install/sim_clock/lib:/usr/local/cuda/lib64:/usr/local/cuda/lib64:/opt/ros/humble/opt/rviz_ogre_vendor/lib:/opt/ros/humble/lib/x86_64-linux-gnu:/opt/ros/humble/lib PYTHONPATH=/home/tong/Projects/SwarmCombat/install/sim_msgs/local/lib/python3.10/dist-packages:${PYTHONPATH} /usr/bin/cmake --build /home/tong/Projects/SwarmCombat/build/fwp_planner -- -j32 -l32
[1.133s] DEBUG:colcon.colcon_core.event_handler.log_command:Invoking command in '/home/tong/Projects/SwarmCombat/build/fwp_planner': AMENT_PREFIX_PATH=/home/tong/Projects/SwarmCombat/install/sim_msgs:${AMENT_PREFIX_PATH} CMAKE_PREFIX_PATH=/home/tong/Projects/SwarmCombat/install/sim_msgs:/home/tong/Projects/SwarmCombat/install/fwp_planner:/home/tong/Projects/SwarmCombat/install/fw_plane:/home/tong/Projects/SwarmCombat/install/sim_clock:/home/tong/Projects/SwarmCombat/install/scripts:/opt/ros/humble LD_LIBRARY_PATH=/home/tong/Projects/SwarmCombat/install/sim_msgs/lib:/home/tong/Projects/SwarmCombat/install/fwp_planner/lib:/home/tong/Projects/SwarmCombat/install/sim_clock/lib:/usr/local/cuda/lib64:/usr/local/cuda/lib64:/opt/ros/humble/opt/rviz_ogre_vendor/lib:/opt/ros/humble/lib/x86_64-linux-gnu:/opt/ros/humble/lib PYTHONPATH=/home/tong/Projects/SwarmCombat/install/sim_msgs/local/lib/python3.10/dist-packages:${PYTHONPATH} /usr/bin/cmake --install /home/tong/Projects/SwarmCombat/build/fwp_planner
[1.201s] Level 1:colcon.colcon_core.environment:create_environment_scripts_only(fwp_planner)
[1.201s] DEBUG:colcon.colcon_core.event_handler.log_command:Invoked command in '/home/tong/Projects/SwarmCombat/build/fwp_planner' returned '0': AMENT_PREFIX_PATH=/home/tong/Projects/SwarmCombat/install/sim_msgs:${AMENT_PREFIX_PATH} CMAKE_PREFIX_PATH=/home/tong/Projects/SwarmCombat/install/sim_msgs:/home/tong/Projects/SwarmCombat/install/fwp_planner:/home/tong/Projects/SwarmCombat/install/fw_plane:/home/tong/Projects/SwarmCombat/install/sim_clock:/home/tong/Projects/SwarmCombat/install/scripts:/opt/ros/humble LD_LIBRARY_PATH=/home/tong/Projects/SwarmCombat/install/sim_msgs/lib:/home/tong/Projects/SwarmCombat/install/fwp_planner/lib:/home/tong/Projects/SwarmCombat/install/sim_clock/lib:/usr/local/cuda/lib64:/usr/local/cuda/lib64:/opt/ros/humble/opt/rviz_ogre_vendor/lib:/opt/ros/humble/lib/x86_64-linux-gnu:/opt/ros/humble/lib PYTHONPATH=/home/tong/Projects/SwarmCombat/install/sim_msgs/local/lib/python3.10/dist-packages:${PYTHONPATH} /usr/bin/cmake --install /home/tong/Projects/SwarmCombat/build/fwp_planner
[1.202s] Level 1:colcon.colcon_core.environment:checking '/home/tong/Projects/SwarmCombat/install/fwp_planner' for CMake module files
[1.202s] Level 1:colcon.colcon_core.environment:checking '/home/tong/Projects/SwarmCombat/install/fwp_planner' for CMake config files
[1.203s] Level 1:colcon.colcon_core.shell:create_environment_hook('fwp_planner', 'cmake_prefix_path')
[1.203s] INFO:colcon.colcon_core.shell:Creating environment hook '/home/tong/Projects/SwarmCombat/install/fwp_planner/share/fwp_planner/hook/cmake_prefix_path.ps1'
[1.204s] INFO:colcon.colcon_core.shell:Creating environment descriptor '/home/tong/Projects/SwarmCombat/install/fwp_planner/share/fwp_planner/hook/cmake_prefix_path.dsv'
[1.204s] INFO:colcon.colcon_core.shell:Creating environment hook '/home/tong/Projects/SwarmCombat/install/fwp_planner/share/fwp_planner/hook/cmake_prefix_path.sh'
[1.205s] Level 1:colcon.colcon_core.environment:checking '/home/tong/Projects/SwarmCombat/install/fwp_planner/lib'
[1.205s] Level 1:colcon.colcon_core.shell:create_environment_hook('fwp_planner', 'ld_library_path_lib')
[1.205s] INFO:colcon.colcon_core.shell:Creating environment hook '/home/tong/Projects/SwarmCombat/install/fwp_planner/share/fwp_planner/hook/ld_library_path_lib.ps1'
[1.205s] INFO:colcon.colcon_core.shell:Creating environment descriptor '/home/tong/Projects/SwarmCombat/install/fwp_planner/share/fwp_planner/hook/ld_library_path_lib.dsv'
[1.205s] INFO:colcon.colcon_core.shell:Creating environment hook '/home/tong/Projects/SwarmCombat/install/fwp_planner/share/fwp_planner/hook/ld_library_path_lib.sh'
[1.205s] Level 1:colcon.colcon_core.environment:checking '/home/tong/Projects/SwarmCombat/install/fwp_planner/bin'
[1.206s] Level 1:colcon.colcon_core.environment:checking '/home/tong/Projects/SwarmCombat/install/fwp_planner/lib/pkgconfig/fwp_planner.pc'
[1.206s] Level 1:colcon.colcon_core.environment:checking '/home/tong/Projects/SwarmCombat/install/fwp_planner/lib/python3.10/site-packages'
[1.206s] Level 1:colcon.colcon_core.environment:checking '/home/tong/Projects/SwarmCombat/install/fwp_planner/bin'
[1.206s] INFO:colcon.colcon_core.shell:Creating package script '/home/tong/Projects/SwarmCombat/install/fwp_planner/share/fwp_planner/package.ps1'
[1.207s] INFO:colcon.colcon_core.shell:Creating package descriptor '/home/tong/Projects/SwarmCombat/install/fwp_planner/share/fwp_planner/package.dsv'
[1.207s] INFO:colcon.colcon_core.shell:Creating package script '/home/tong/Projects/SwarmCombat/install/fwp_planner/share/fwp_planner/package.sh'
[1.207s] INFO:colcon.colcon_core.shell:Creating package script '/home/tong/Projects/SwarmCombat/install/fwp_planner/share/fwp_planner/package.bash'
[1.208s] INFO:colcon.colcon_core.shell:Creating package script '/home/tong/Projects/SwarmCombat/install/fwp_planner/share/fwp_planner/package.zsh'
[1.208s] Level 1:colcon.colcon_core.environment:create_file_with_runtime_dependencies(/home/tong/Projects/SwarmCombat/install/fwp_planner/share/colcon-core/packages/fwp_planner)
[1.209s] Level 1:colcon.colcon_core.environment:create_environment_scripts_only(fwp_planner)
[1.209s] Level 1:colcon.colcon_core.environment:checking '/home/tong/Projects/SwarmCombat/install/fwp_planner' for CMake module files
[1.209s] Level 1:colcon.colcon_core.environment:checking '/home/tong/Projects/SwarmCombat/install/fwp_planner' for CMake config files
[1.210s] Level 1:colcon.colcon_core.shell:create_environment_hook('fwp_planner', 'cmake_prefix_path')
[1.210s] INFO:colcon.colcon_core.shell:Creating environment hook '/home/tong/Projects/SwarmCombat/install/fwp_planner/share/fwp_planner/hook/cmake_prefix_path.ps1'
[1.211s] INFO:colcon.colcon_core.shell:Creating environment descriptor '/home/tong/Projects/SwarmCombat/install/fwp_planner/share/fwp_planner/hook/cmake_prefix_path.dsv'
[1.211s] INFO:colcon.colcon_core.shell:Creating environment hook '/home/tong/Projects/SwarmCombat/install/fwp_planner/share/fwp_planner/hook/cmake_prefix_path.sh'
[1.211s] Level 1:colcon.colcon_core.environment:checking '/home/tong/Projects/SwarmCombat/install/fwp_planner/lib'
[1.211s] Level 1:colcon.colcon_core.shell:create_environment_hook('fwp_planner', 'ld_library_path_lib')
[1.212s] INFO:colcon.colcon_core.shell:Creating environment hook '/home/tong/Projects/SwarmCombat/install/fwp_planner/share/fwp_planner/hook/ld_library_path_lib.ps1'
[1.212s] INFO:colcon.colcon_core.shell:Creating environment descriptor '/home/tong/Projects/SwarmCombat/install/fwp_planner/share/fwp_planner/hook/ld_library_path_lib.dsv'
[1.213s] INFO:colcon.colcon_core.shell:Creating environment hook '/home/tong/Projects/SwarmCombat/install/fwp_planner/share/fwp_planner/hook/ld_library_path_lib.sh'
[1.213s] Level 1:colcon.colcon_core.environment:checking '/home/tong/Projects/SwarmCombat/install/fwp_planner/bin'
[1.213s] Level 1:colcon.colcon_core.environment:checking '/home/tong/Projects/SwarmCombat/install/fwp_planner/lib/pkgconfig/fwp_planner.pc'
[1.213s] Level 1:colcon.colcon_core.environment:checking '/home/tong/Projects/SwarmCombat/install/fwp_planner/lib/python3.10/site-packages'
[1.213s] Level 1:colcon.colcon_core.environment:checking '/home/tong/Projects/SwarmCombat/install/fwp_planner/bin'
[1.214s] INFO:colcon.colcon_core.shell:Creating package script '/home/tong/Projects/SwarmCombat/install/fwp_planner/share/fwp_planner/package.ps1'
[1.214s] INFO:colcon.colcon_core.shell:Creating package descriptor '/home/tong/Projects/SwarmCombat/install/fwp_planner/share/fwp_planner/package.dsv'
[1.214s] INFO:colcon.colcon_core.shell:Creating package script '/home/tong/Projects/SwarmCombat/install/fwp_planner/share/fwp_planner/package.sh'
[1.215s] INFO:colcon.colcon_core.shell:Creating package script '/home/tong/Projects/SwarmCombat/install/fwp_planner/share/fwp_planner/package.bash'
[1.215s] INFO:colcon.colcon_core.shell:Creating package script '/home/tong/Projects/SwarmCombat/install/fwp_planner/share/fwp_planner/package.zsh'
[1.215s] Level 1:colcon.colcon_core.environment:create_file_with_runtime_dependencies(/home/tong/Projects/SwarmCombat/install/fwp_planner/share/colcon-core/packages/fwp_planner)
[1.253s] Level 1:colcon.colcon_core.shell:create_environment_hook('scripts', 'pythonpath_develop')
[1.253s] INFO:colcon.colcon_core.shell:Creating environment hook '/home/tong/Projects/SwarmCombat/build/scripts/share/scripts/hook/pythonpath_develop.ps1'
[1.254s] DEBUG:colcon.colcon_core.event_handler.log_command:Invoked command in '/home/tong/Projects/SwarmCombat/build/scripts' returned '0': PYTHONPATH=/home/tong/Projects/SwarmCombat/build/scripts/prefix_override:/usr/lib/python3/dist-packages/colcon_core/task/python/colcon_distutils_commands:/home/tong/Projects/SwarmCombat/install/scripts/lib/python3.10/site-packages:${PYTHONPATH} /usr/bin/python3 -W ignore:setup.py install is deprecated -W ignore:easy_install command is deprecated setup.py develop --editable --build-directory /home/tong/Projects/SwarmCombat/build/scripts/build --no-deps symlink_data
[1.254s] INFO:colcon.colcon_core.shell:Creating environment descriptor '/home/tong/Projects/SwarmCombat/build/scripts/share/scripts/hook/pythonpath_develop.dsv'
[1.254s] INFO:colcon.colcon_core.shell:Creating environment hook '/home/tong/Projects/SwarmCombat/build/scripts/share/scripts/hook/pythonpath_develop.sh'
[1.255s] Level 1:colcon.colcon_core.environment:checking '/home/tong/Projects/SwarmCombat/install/scripts' for CMake module files
[1.255s] Level 1:colcon.colcon_core.environment:checking '/home/tong/Projects/SwarmCombat/install/scripts' for CMake config files
[1.256s] Level 1:colcon.colcon_core.environment:checking '/home/tong/Projects/SwarmCombat/install/scripts/lib'
[1.256s] Level 1:colcon.colcon_core.environment:checking '/home/tong/Projects/SwarmCombat/install/scripts/bin'
[1.256s] Level 1:colcon.colcon_core.environment:checking '/home/tong/Projects/SwarmCombat/install/scripts/lib/pkgconfig/scripts.pc'
[1.256s] Level 1:colcon.colcon_core.environment:checking '/home/tong/Projects/SwarmCombat/install/scripts/lib/python3.10/site-packages'
[1.256s] Level 1:colcon.colcon_core.shell:create_environment_hook('scripts', 'pythonpath')
[1.256s] INFO:colcon.colcon_core.shell:Creating environment hook '/home/tong/Projects/SwarmCombat/install/scripts/share/scripts/hook/pythonpath.ps1'
[1.257s] INFO:colcon.colcon_core.shell:Creating environment descriptor '/home/tong/Projects/SwarmCombat/install/scripts/share/scripts/hook/pythonpath.dsv'
[1.257s] INFO:colcon.colcon_core.shell:Creating environment hook '/home/tong/Projects/SwarmCombat/install/scripts/share/scripts/hook/pythonpath.sh'
[1.257s] Level 1:colcon.colcon_core.environment:checking '/home/tong/Projects/SwarmCombat/install/scripts/bin'
[1.258s] Level 1:colcon.colcon_core.environment:create_environment_scripts_only(scripts)
[1.258s] INFO:colcon.colcon_core.shell:Creating package script '/home/tong/Projects/SwarmCombat/install/scripts/share/scripts/package.ps1'
[1.258s] INFO:colcon.colcon_core.shell:Creating package descriptor '/home/tong/Projects/SwarmCombat/install/scripts/share/scripts/package.dsv'
[1.259s] INFO:colcon.colcon_core.shell:Creating package script '/home/tong/Projects/SwarmCombat/install/scripts/share/scripts/package.sh'
[1.259s] INFO:colcon.colcon_core.shell:Creating package script '/home/tong/Projects/SwarmCombat/install/scripts/share/scripts/package.bash'
[1.259s] INFO:colcon.colcon_core.shell:Creating package script '/home/tong/Projects/SwarmCombat/install/scripts/share/scripts/package.zsh'
[1.260s] Level 1:colcon.colcon_core.environment:create_file_with_runtime_dependencies(/home/tong/Projects/SwarmCombat/install/scripts/share/colcon-core/packages/scripts)
[1.260s] DEBUG:colcon.colcon_parallel_executor.executor.parallel:closing loop
[1.260s] DEBUG:colcon.colcon_parallel_executor.executor.parallel:loop closed
[1.261s] DEBUG:colcon.colcon_parallel_executor.executor.parallel:run_until_complete finished with '0'
[1.261s] DEBUG:colcon.colcon_core.event_reactor:joining thread
[1.289s] INFO:colcon.colcon_core.plugin_system:Skipping extension 'colcon_notification.desktop_notification.notify_send': Could not find 'notify-send'
[1.289s] INFO:colcon.colcon_core.plugin_system:Skipping extension 'colcon_notification.desktop_notification.terminal_notifier': Not used on non-Darwin systems
[1.289s] INFO:colcon.colcon_core.plugin_system:Skipping extension 'colcon_notification.desktop_notification.win32': Not used on non-Windows systems
[1.289s] INFO:colcon.colcon_notification.desktop_notification:Sending desktop notification using 'notify2'
[1.289s] DEBUG:colcon.colcon_notification.desktop_notification.notify2:Failed to initialize notify2: org.freedesktop.DBus.Error.FileNotFound: Failed to connect to socket /run/user/1000/bus: No such file or directory
[1.289s] DEBUG:colcon.colcon_core.event_reactor:joined thread
[1.290s] INFO:colcon.colcon_core.shell:Creating prefix script '/home/tong/Projects/SwarmCombat/install/local_setup.ps1'
[1.291s] INFO:colcon.colcon_core.shell:Creating prefix util module '/home/tong/Projects/SwarmCombat/install/_local_setup_util_ps1.py'
[1.292s] INFO:colcon.colcon_core.shell:Creating prefix chain script '/home/tong/Projects/SwarmCombat/install/setup.ps1'
[1.293s] INFO:colcon.colcon_core.shell:Creating prefix script '/home/tong/Projects/SwarmCombat/install/local_setup.sh'
[1.294s] INFO:colcon.colcon_core.shell:Creating prefix util module '/home/tong/Projects/SwarmCombat/install/_local_setup_util_sh.py'
[1.294s] INFO:colcon.colcon_core.shell:Creating prefix chain script '/home/tong/Projects/SwarmCombat/install/setup.sh'
[1.296s] INFO:colcon.colcon_core.shell:Creating prefix script '/home/tong/Projects/SwarmCombat/install/local_setup.bash'
[1.296s] INFO:colcon.colcon_core.shell:Creating prefix chain script '/home/tong/Projects/SwarmCombat/install/setup.bash'
[1.297s] INFO:colcon.colcon_core.shell:Creating prefix script '/home/tong/Projects/SwarmCombat/install/local_setup.zsh'
[1.298s] INFO:colcon.colcon_core.shell:Creating prefix chain script '/home/tong/Projects/SwarmCombat/install/setup.zsh'
